2022/08/03 14:55:40 AABAB381A5
2022/08/03 14:55:40 效验成功
2022/08/03 14:55:40 00BAB381
2022/08/03 14:55:40 00BAB381
2022/08/03 14:56:00 AAB77640A5
2022/08/03 14:56:00 效验成功
2022/08/03 14:56:00 00B77640
2022/08/03 14:56:00 语音检测
2022/08/03 14:56:01 语音检测
2022/08/03 14:56:08 AAB213526F626F74
2022/08/03 14:56:08 506F72743B696C6F
2022/08/03 14:56:08 7665646F74615F7C
2022/08/03 14:56:08 A5
2022/08/03 14:56:08 效验成功
2022/08/03 14:56:08 00B213526F626F74506F72743B696C6F7665646F74615F7C
2022/08/03 14:56:08 wifi账号 = RobotPort 
2022/08/03 14:56:27 ctrl_interface=/var/run/wpa_supplicant 

ap_scan=1 
network={ 
         ssid="RobotPort" 
         psk="ilovedota" 
} 
2022/08/03 14:56:28 AAB30B6D6374626C
2022/08/03 14:56:28 756574657374557D
2022/08/03 14:56:28 A5
2022/08/03 14:56:28 效验成功
2022/08/03 14:56:28 00B30B6D6374626C756574657374557D
2022/08/03 14:56:57 蓝牙信息 = mctbluetest 
