2022/08/09 16:37:40 AAB0A5
2022/08/09 16:37:40 00B0
2022/08/09 16:37:40 屏幕检测
2022/08/09 16:38:06 AAB1A5
2022/08/09 16:38:06 00B1
2022/08/09 16:38:06 触摸检测
2022/08/09 16:42:28 AAB0A5
2022/08/09 16:42:28 00B0
2022/08/09 16:42:28 屏幕检测
2022/08/09 16:42:33 AAB1A5
2022/08/09 16:42:33 00B1
2022/08/09 16:42:33 触摸检测
2022/08/09 16:42:43 AAB213526F626F74
2022/08/09 16:42:43 00B10000000000
2022/08/09 16:42:43 触摸检测
2022/08/09 16:42:43 506F72743B696C6F
2022/08/09 16:42:43 00B100000000000000000000000000
2022/08/09 16:42:43 触摸检测
2022/08/09 16:42:43 7665646F74615F7C
2022/08/09 16:42:43 00B1000000000000000000000000000000000000000000
2022/08/09 16:42:43 触摸检测
2022/08/09 16:42:43 A5
2022/08/09 16:42:43 00B213526F626F74506F72743B696C6F7665646F74615F7C
2022/08/09 16:42:43 wifi账号 = RobotPort 
2022/08/09 16:42:51 ctrl_interface=/var/run/wpa_supplicant 

ap_scan=1 
network={ 
         ssid="RobotPort" 
         psk="ilovedota" 
} 
2022/08/09 16:46:13 AAB0A5
2022/08/09 16:46:13 00B0
2022/08/09 16:46:14 屏幕检测
2022/08/09 16:46:16 AAB1A5
2022/08/09 16:46:16 00B1
2022/08/09 16:46:16 触摸检测
2022/08/09 16:46:26 AAB1A5
2022/08/09 16:46:26 00B1
2022/08/09 16:46:26 触摸检测
2022/08/09 16:49:18 AAB1A5
2022/08/09 16:49:18 00B1
2022/08/09 16:49:18 触摸检测
2022/08/09 16:51:02 AAB1A5
2022/08/09 16:51:02 00B1
2022/08/09 16:51:02 触摸检测
2022/08/09 16:51:08 AAB1A5
2022/08/09 16:51:08 00B1
2022/08/09 16:51:08 触摸检测
2022/08/09 16:52:15 AAB1A5
2022/08/09 16:52:15 00B1
2022/08/09 16:52:15 触摸检测
2022/08/09 16:52:22 AAB1A5
2022/08/09 16:52:22 00B1
2022/08/09 16:52:22 触摸检测
2022/08/09 16:52:33 AAB213526F626F74
2022/08/09 16:52:33 00B10000000000
2022/08/09 16:52:33 触摸检测
2022/08/09 16:52:33 506F72743B696C6F
2022/08/09 16:52:33 00B100000000000000000000000000
2022/08/09 16:52:33 触摸检测
2022/08/09 16:52:33 7665646F74615F7C
2022/08/09 16:52:33 00B1000000000000000000000000000000000000000000
2022/08/09 16:52:33 触摸检测
2022/08/09 16:52:33 A5
2022/08/09 16:52:33 00B213526F626F74506F72743B696C6F7665646F74615F7C
2022/08/09 16:52:33 wifi账号 = RobotPort 
2022/08/09 16:52:40 ctrl_interface=/var/run/wpa_supplicant 

ap_scan=1 
network={ 
         ssid="RobotPort" 
         psk="ilovedota" 
} 
2022/08/09 16:58:18 AAB213526F626F74
2022/08/09 16:58:18 00000000000000
2022/08/09 16:58:18 00000000000000
2022/08/09 16:58:18 506F72743B696C6F
2022/08/09 16:58:18 000000000000000000000000000000
2022/08/09 16:58:18 000000000000000000000000000000
2022/08/09 16:58:18 7665646F74615F7C
2022/08/09 16:58:19 0000000000000000000000000000000000000000000000
2022/08/09 16:58:19 0000000000000000000000000000000000000000000000
2022/08/09 16:58:19 A5
2022/08/09 16:58:19 00B213526F626F74506F72743B696C6F7665646F74615F7C
2022/08/09 16:58:19 wifi账号 = RobotPort 
2022/08/09 16:58:28 ctrl_interface=/var/run/wpa_supplicant 

ap_scan=1 
network={ 
         ssid="RobotPort" 
         psk="ilovedota" 
} 
2022/08/09 17:02:23 AAB213526F626F74
2022/08/09 17:02:23 00B213526F626F
2022/08/09 17:02:23 wifi账号 = RobotPort 
2022/08/09 17:02:31 ctrl_interface=/var/run/wpa_supplicant 

ap_scan=1 
network={ 
         ssid="RobotPort" 
         psk="ilovedota" 
} 
2022/08/09 17:02:31 506F72743B696C6F
2022/08/09 17:02:31 00B213526F626F74
2022/08/09 17:02:31 wifi账号 = RobotPort 
2022/08/09 17:02:38 ctrl_interface=/var/run/wpa_supplicant 

ap_scan=1 
network={ 
         ssid="RobotPort" 
         psk="ilovedota" 
} 
2022/08/09 17:02:38 7665646F74615F7C
2022/08/09 17:02:38 00B213526F626F74
2022/08/09 17:02:38 wifi账号 = RobotPort 
2022/08/09 17:02:45 ctrl_interface=/var/run/wpa_supplicant 

ap_scan=1 
network={ 
         ssid="RobotPort" 
         psk="ilovedota" 
} 
2022/08/09 17:02:45 A5
2022/08/09 17:02:45 00
2022/08/09 17:02:46 wifi账号 = RobotPort 
2022/08/09 17:02:53 ctrl_interface=/var/run/wpa_supplicant 

ap_scan=1 
network={ 
         ssid="RobotPort" 
         psk="ilovedota" 
} 
2022/08/09 17:07:01 AAB213526F626F74
2022/08/09 17:07:01 00000000000000
2022/08/09 17:07:01 00000000000000
2022/08/09 17:07:01 506F72743B696C6F
2022/08/09 17:07:01 000000000000000000000000000000
2022/08/09 17:07:01 000000000000000000000000000000
2022/08/09 17:07:01 7665646F74615F7C
2022/08/09 17:07:01 0000000000000000000000000000000000000000000000
2022/08/09 17:07:01 0000000000000000000000000000000000000000000000
2022/08/09 17:07:01 A5
2022/08/09 17:07:01 00B213526F626F74506F72743B696C6F7665646F74615F7C
2022/08/09 17:07:01 wifi账号 = RobotPort 
2022/08/09 17:07:09 ctrl_interface=/var/run/wpa_supplicant 

ap_scan=1 
network={ 
         ssid="RobotPort" 
         psk="ilovedota" 
} 
2022/08/09 17:11:21 AAB213526F626F74
2022/08/09 17:11:21 00B213526F626F
2022/08/09 17:11:21 wifi账号 = RobotPort 
2022/08/09 17:11:28 ctrl_interface=/var/run/wpa_supplicant 

ap_scan=1 
network={ 
         ssid="RobotPort" 
         psk="ilovedota" 
} 
2022/08/09 17:11:28 506F72743B696C6F
2022/08/09 17:11:28 00B213526F626F74
2022/08/09 17:11:28 wifi账号 = RobotPort 
2022/08/09 17:11:35 ctrl_interface=/var/run/wpa_supplicant 

ap_scan=1 
network={ 
         ssid="RobotPort" 
         psk="ilovedota" 
} 
2022/08/09 17:11:35 7665646F74615F7C
2022/08/09 17:11:35 00B213526F626F74
2022/08/09 17:11:35 wifi账号 = RobotPort 
2022/08/09 17:11:43 ctrl_interface=/var/run/wpa_supplicant 

ap_scan=1 
network={ 
         ssid="RobotPort" 
         psk="ilovedota" 
} 
2022/08/09 17:11:43 A5
2022/08/09 17:11:43 00
2022/08/09 17:11:43 wifi账号 = RobotPort 
2022/08/09 17:11:51 ctrl_interface=/var/run/wpa_supplicant 

ap_scan=1 
network={ 
         ssid="RobotPort" 
         psk="ilovedota" 
} 
2022/08/09 17:12:08 AAB213526F626F74
2022/08/09 17:12:08 00B213526F626F
2022/08/09 17:12:08 wifi账号 = RobotPort 
2022/08/09 17:12:15 ctrl_interface=/var/run/wpa_supplicant 

ap_scan=1 
network={ 
         ssid="RobotPort" 
         psk="ilovedota" 
} 
2022/08/09 17:12:15 506F72743B696C6F
2022/08/09 17:12:15 00B213526F626F74
2022/08/09 17:12:15 wifi账号 = RobotPort 
2022/08/09 17:12:23 ctrl_interface=/var/run/wpa_supplicant 

ap_scan=1 
network={ 
         ssid="RobotPort" 
         psk="ilovedota" 
} 
2022/08/09 17:12:23 7665646F74615F7C
2022/08/09 17:12:23 00B213526F626F74
2022/08/09 17:12:23 wifi账号 = RobotPort 
2022/08/09 17:12:31 ctrl_interface=/var/run/wpa_supplicant 

ap_scan=1 
network={ 
         ssid="RobotPort" 
         psk="ilovedota" 
} 
2022/08/09 17:12:31 A5
2022/08/09 17:12:31 00
2022/08/09 17:12:31 wifi账号 = RobotPort 
2022/08/09 17:12:38 ctrl_interface=/var/run/wpa_supplicant 

ap_scan=1 
network={ 
         ssid="RobotPort" 
         psk="ilovedota" 
} 
2022/08/09 17:13:09 AAB3066D794D4958
2022/08/09 17:13:09 00B213526F626F
2022/08/09 17:13:09 wifi账号 = RobotPort 
2022/08/09 17:13:16 ctrl_interface=/var/run/wpa_supplicant 

ap_scan=1 
network={ 
         ssid="RobotPort" 
         psk="ilovedota" 
} 
2022/08/09 17:13:16 327AE4A5
2022/08/09 17:13:16 00327AE4
2022/08/09 17:13:16 00327AE4
2022/08/09 17:14:03 AAB3066D794D4958
2022/08/09 17:14:03 00327AE46F626F
2022/08/09 17:14:03 00327AE46F626F
2022/08/09 17:14:03 327AE4A5
2022/08/09 17:14:03 00B3066D794D4958327AE4
2022/08/09 17:15:03 蓝牙信息 = myMIX2 
2022/08/09 17:15:12 AAB4A5
2022/08/09 17:15:12 00B4
2022/08/09 17:15:12 蜂鸣器检测
2022/08/09 17:15:18 AAB5A5
2022/08/09 17:15:18 00B5
2022/08/09 17:15:18 读盘检测
2022/08/09 17:17:23 AAB6A5
2022/08/09 17:17:23 00B6
2022/08/09 17:17:24 震动检测
2022/08/09 17:17:34 AAB4A5
2022/08/09 17:17:34 00B4
2022/08/09 17:17:34 蜂鸣器检测
2022/08/09 17:17:37 AAB5A5
2022/08/09 17:17:37 00B5
2022/08/09 17:17:37 读盘检测
2022/08/09 17:19:08 AAB5A5
2022/08/09 17:19:08 00B5
2022/08/09 17:19:08 读盘检测
2022/08/09 17:19:18 AAB7A5
2022/08/09 17:19:18 00B7
2022/08/09 17:19:18 语音检测
2022/08/09 17:19:18 语音检测
2022/08/09 17:22:09 AAB7A5
2022/08/09 17:22:09 00B7
2022/08/09 17:22:09 语音检测
2022/08/09 17:22:28 语音检测
2022/08/09 17:30:21 AABAA5
2022/08/09 17:30:21 0000
2022/08/09 17:30:21 0000
2022/08/09 17:31:33 AABAA5
2022/08/09 17:31:33 0000
2022/08/09 17:31:33 0000
2022/08/09 17:42:39 AABAA5
2022/08/09 17:42:39 00BA
2022/08/09 17:42:49 AAB0A5
2022/08/09 17:42:49 00B0
2022/08/09 17:42:49 屏幕检测
2022/08/09 17:42:52 AAB1A5
2022/08/09 17:42:52 00B1
2022/08/09 17:42:52 触摸检测
2022/08/09 17:42:58 AAB213526F626F74
2022/08/09 17:42:58 00B10000000000
2022/08/09 17:42:58 触摸检测
2022/08/09 17:42:58 506F72743B696C6F
2022/08/09 17:42:58 00B100000000000000000000000000
2022/08/09 17:42:58 触摸检测
2022/08/09 17:42:58 7665646F74615F7C
2022/08/09 17:42:58 00B1000000000000000000000000000000000000000000
2022/08/09 17:42:58 触摸检测
2022/08/09 17:42:58 A5
2022/08/09 17:42:58 00B213526F626F74506F72743B696C6F7665646F74615F7C
2022/08/09 17:42:58 wifi账号 = RobotPort 
2022/08/09 17:43:05 ctrl_interface=/var/run/wpa_supplicant 

ap_scan=1 
network={ 
         ssid="RobotPort" 
         psk="ilovedota" 
} 
2022/08/09 17:43:12 AAB3066D794D4958
2022/08/09 17:43:12 00B213526F626F
2022/08/09 17:43:12 wifi账号 = RobotPort 
2022/08/09 17:43:19 ctrl_interface=/var/run/wpa_supplicant 

ap_scan=1 
network={ 
         ssid="RobotPort" 
         psk="ilovedota" 
} 
2022/08/09 17:43:19 327AE4A5
2022/08/09 17:43:19 00327AE4
2022/08/09 17:43:19 00327AE4
2022/08/09 17:43:23 AAB3066D794D4958
2022/08/09 17:43:23 00327AE46F626F
2022/08/09 17:43:23 00327AE46F626F
2022/08/09 17:43:23 327AE4A5
2022/08/09 17:43:23 00B3066D794D4958327AE4
2022/08/09 17:44:26 蓝牙信息 = myMIX2 
2022/08/09 17:44:33 AAB4A5
2022/08/09 17:44:33 00B4
2022/08/09 17:44:33 蜂鸣器检测
2022/08/09 17:44:35 AAB5A5
2022/08/09 17:44:35 00B5
2022/08/09 17:44:35 读盘检测
2022/08/09 17:45:20 AAB5A5
2022/08/09 17:45:20 00B5
2022/08/09 17:45:20 读盘检测
2022/08/09 17:49:57 AAB7A5
2022/08/09 17:49:57 00B7
2022/08/09 17:49:57 语音检测
2022/08/09 17:49:57 语音检测
2022/08/09 17:52:20 AAB0A5
2022/08/09 17:52:20 00B0
2022/08/09 17:52:20 00B0
2022/08/09 17:52:25 AABAA5
2022/08/09 17:52:25 00BA
2022/08/09 17:52:31 AAB0A5
2022/08/09 17:52:31 00B0
2022/08/09 17:52:31 屏幕检测
2022/08/09 17:52:34 AAB1A5
2022/08/09 17:52:34 00B1
2022/08/09 17:52:34 触摸检测
2022/08/09 17:52:42 AAB213526F626F74
2022/08/09 17:52:42 00B10000000000
2022/08/09 17:52:42 触摸检测
2022/08/09 17:52:42 506F72743B696C6F
2022/08/09 17:52:42 00B100000000000000000000000000
2022/08/09 17:52:42 触摸检测
2022/08/09 17:52:42 7665646F74615F7C
2022/08/09 17:52:42 00B1000000000000000000000000000000000000000000
2022/08/09 17:52:42 触摸检测
2022/08/09 17:52:42 A5
2022/08/09 17:52:42 00B213526F626F74506F72743B696C6F7665646F74615F7C
2022/08/09 17:52:42 wifi账号 = RobotPort 
2022/08/09 17:52:49 ctrl_interface=/var/run/wpa_supplicant 

ap_scan=1 
network={ 
         ssid="RobotPort" 
         psk="ilovedota" 
} 
2022/08/09 17:52:53 AAB3066D794D4958
2022/08/09 17:52:53 00B213526F626F
2022/08/09 17:52:54 wifi账号 = RobotPort 
2022/08/09 17:53:01 ctrl_interface=/var/run/wpa_supplicant 

ap_scan=1 
network={ 
         ssid="RobotPort" 
         psk="ilovedota" 
} 
2022/08/09 17:53:01 327AE4A5
2022/08/09 17:53:01 00327AE4
2022/08/09 17:53:01 00327AE4
2022/08/09 17:53:01 AAB3066D794D4958
2022/08/09 17:53:01 00327AE46F626F
2022/08/09 17:53:01 00327AE46F626F
2022/08/09 17:53:01 327AE4A5
2022/08/09 17:53:01 00B3066D794D4958327AE4
2022/08/09 17:54:06 蓝牙信息 = myMIX2 
2022/08/09 17:54:39 AAB4A5
2022/08/09 17:54:39 00B4
2022/08/09 17:54:39 蜂鸣器检测
2022/08/09 17:54:42 AAB5A5
2022/08/09 17:54:42 00B5
2022/08/09 17:54:42 读盘检测
2022/08/09 17:54:54 AAB6A5
2022/08/09 17:54:54 00B6
2022/08/09 17:54:54 震动检测
2022/08/09 17:55:05 AAB7A5
2022/08/09 17:55:05 00B7
2022/08/09 17:55:05 语音检测
2022/08/09 17:55:06 语音检测
2022/08/09 17:55:17 AAB9A5
2022/08/09 17:55:17 00B9
2022/08/09 17:55:17 00B9
2022/08/09 17:57:29 AA31D4C1A5
2022/08/09 17:57:29 0031D4C1
2022/08/09 17:57:30 0031D4C1
2022/08/09 17:57:34 AAB9A5
2022/08/09 17:57:34 00B9
2022/08/09 17:57:34 AAB9A5
2022/08/09 17:57:34 00B9
2022/08/09 17:57:34 00B9
2022/08/09 17:57:34 00B9
2022/08/09 17:57:34 AA31D4C1A5
2022/08/09 17:57:34 AA31D4C1A5
2022/08/09 17:57:34 0031D4C1
2022/08/09 17:57:34 0031D4C1
2022/08/09 17:57:34 0031D4C1
2022/08/09 17:57:34 0031D4C1
2022/08/09 17:57:37 AAB9A5
2022/08/09 17:57:37 AAB9A5
2022/08/09 17:57:37 00B9
2022/08/09 17:57:37 00B9
2022/08/09 17:57:37 00B9
2022/08/09 17:57:37 00B9
2022/08/09 17:57:37 AA31D4C1A5
2022/08/09 17:57:37 AA31D4C1A5
2022/08/09 17:57:37 0031D4C1
2022/08/09 17:57:37 0031D4C1
2022/08/09 17:57:37 0031D4C1
2022/08/09 17:57:37 0031D4C1
2022/08/09 17:57:41 AAB4A5
2022/08/09 17:57:41 AAB4A5
2022/08/09 17:57:41 00B4
2022/08/09 17:57:41 00B4
2022/08/09 17:57:42 蜂鸣器检测
2022/08/09 17:57:42 蜂鸣器检测
2022/08/09 17:57:45 AAB9A5
2022/08/09 17:57:45 00B9
2022/08/09 17:57:45 AAB9A5
2022/08/09 17:57:45 00B9
2022/08/09 17:57:45 00B9
2022/08/09 17:57:45 00B9
2022/08/09 17:57:45 AA31D4C1A5
2022/08/09 17:57:45 AA31D4C1A5
2022/08/09 17:57:45 0031D4C1
2022/08/09 17:57:45 0031D4C1
2022/08/09 17:57:46 0031D4C1
2022/08/09 17:57:46 0031D4C1
2022/08/09 17:59:03 AAB9A5
2022/08/09 17:59:03 00B9
2022/08/09 17:59:03 00B9
2022/08/09 17:59:29 AAB213526F626F74
2022/08/09 17:59:29 00000000000000
2022/08/09 17:59:29 00000000000000
2022/08/09 17:59:29 506F72743B696C6F
2022/08/09 17:59:29 000000000000000000000000000000
2022/08/09 17:59:29 000000000000000000000000000000
2022/08/09 17:59:29 7665646F74615F7C
2022/08/09 17:59:29 0000000000000000000000000000000000000000000000
2022/08/09 17:59:29 0000000000000000000000000000000000000000000000
2022/08/09 17:59:29 A5
2022/08/09 17:59:29 00B213526F626F74506F72743B696C6F7665646F74615F7C
2022/08/09 17:59:29 wifi账号 = RobotPort 
2022/08/09 17:59:37 ctrl_interface=/var/run/wpa_supplicant 

ap_scan=1 
network={ 
         ssid="RobotPort" 
         psk="ilovedota" 
} 
2022/08/09 17:59:54 AAB3066D794D4958
2022/08/09 17:59:54 00B213526F626F
2022/08/09 17:59:55 wifi账号 = RobotPort 
2022/08/09 18:00:05 ctrl_interface=/var/run/wpa_supplicant 

ap_scan=1 
network={ 
         ssid="RobotPort" 
         psk="ilovedota" 
} 
2022/08/09 18:00:05 327AE4A5
2022/08/09 18:00:05 00327AE4
2022/08/09 18:00:05 00327AE4
2022/08/09 18:00:54 AAB213526F626F74
2022/08/09 18:00:54 00327AE46F626F
2022/08/09 18:00:54 00327AE46F626F
2022/08/09 18:00:54 506F72743B696C6F
2022/08/09 18:00:54 00327AE46F626F74506F72743B696C
2022/08/09 18:00:54 00327AE46F626F74506F72743B696C
2022/08/09 18:00:54 7665646F74615F7C
2022/08/09 18:00:54 00327AE46F626F74506F72743B696C6F7665646F74615F
2022/08/09 18:00:54 00327AE46F626F74506F72743B696C6F7665646F74615F
2022/08/09 18:00:54 A5
2022/08/09 18:00:54 00B213526F626F74506F72743B696C6F7665646F74615F7C
2022/08/09 18:00:54 wifi账号 = RobotPort 
2022/08/09 18:01:02 ctrl_interface=/var/run/wpa_supplicant 

ap_scan=1 
network={ 
         ssid="RobotPort" 
         psk="ilovedota" 
} 
2022/08/09 18:01:14 AAB3066D794D4958
2022/08/09 18:01:14 00B213526F626F
2022/08/09 18:01:14 wifi账号 = RobotPort 
2022/08/09 18:08:21 AAB4A5
2022/08/09 18:08:21 00B4
2022/08/09 18:08:21 蜂鸣器检测
2022/08/09 18:08:23 AAB3066D794D4958
2022/08/09 18:08:23 00B40000000000
2022/08/09 18:08:23 蜂鸣器检测
2022/08/09 18:08:23 327AE4A5
2022/08/09 18:08:23 00B3066D794D4958327AE4
2022/08/09 18:09:14 蓝牙信息 = myMIX2 
2022/08/09 18:10:24 AAB5A5
2022/08/09 18:10:24 00B5
2022/08/09 18:10:24 读盘检测
2022/08/09 18:14:48 AAB5A5
2022/08/09 18:14:48 00B5
2022/08/09 18:14:48 读盘检测
2022/08/09 18:14:52 AAB5A5
2022/08/09 18:14:52 00B5
2022/08/09 18:14:52 读盘检测
2022/08/09 18:15:36 AABAA5
2022/08/09 18:15:36 00BA
2022/08/09 18:15:43 AAB0A5
2022/08/09 18:15:43 00B0
2022/08/09 18:15:43 屏幕检测
2022/08/09 18:15:45 AAB1A5
2022/08/09 18:15:45 00B1
2022/08/09 18:15:45 触摸检测
2022/08/09 18:15:51 AAB213526F626F74
2022/08/09 18:15:51 00B10000000000
2022/08/09 18:15:51 触摸检测
2022/08/09 18:15:51 506F72743B696C6F
2022/08/09 18:15:51 00B100000000000000000000000000
2022/08/09 18:15:51 触摸检测
2022/08/09 18:15:51 7665646F74615F7C
2022/08/09 18:15:51 00B1000000000000000000000000000000000000000000
2022/08/09 18:15:51 触摸检测
2022/08/09 18:15:51 A5
2022/08/09 18:15:51 00B213526F626F74506F72743B696C6F7665646F74615F7C
2022/08/09 18:15:51 wifi账号 = RobotPort 
2022/08/09 18:15:58 ctrl_interface=/var/run/wpa_supplicant 

ap_scan=1 
network={ 
         ssid="RobotPort" 
         psk="ilovedota" 
} 
2022/08/09 18:16:54 AAB3066D794D4958
2022/08/09 18:16:54 00B213526F626F
2022/08/09 18:16:54 wifi账号 = RobotPort 
2022/08/09 18:17:02 ctrl_interface=/var/run/wpa_supplicant 

ap_scan=1 
network={ 
         ssid="RobotPort" 
         psk="ilovedota" 
} 
2022/08/09 18:17:02 327AE4A5
2022/08/09 18:17:02 00327AE4
2022/08/09 18:17:02 00327AE4
2022/08/09 18:17:04 AAB3066D794D4958
2022/08/09 18:17:04 00327AE46F626F
2022/08/09 18:17:04 00327AE46F626F
2022/08/09 18:17:04 327AE4A5
2022/08/09 18:17:04 00B3066D794D4958327AE4
2022/08/09 18:18:04 蓝牙信息 = myMIX2 
2022/08/09 18:18:07 AAB4A5
2022/08/09 18:18:07 00B4
2022/08/09 18:18:07 蜂鸣器检测
2022/08/09 18:18:08 AAB5A5
2022/08/09 18:18:08 00B5
2022/08/09 18:18:09 读盘检测
2022/08/09 18:18:12 AAB7A5
2022/08/09 18:18:12 00B7
2022/08/09 18:18:12 语音检测
2022/08/09 18:18:12 语音检测
2022/08/09 18:18:20 AAB9A5
2022/08/09 18:18:20 00B9
2022/08/09 18:18:20 00B9
2022/08/09 18:19:24 AAB6A5
2022/08/09 18:19:24 00B6
2022/08/09 18:19:24 震动检测
2022/08/09 18:19:44 AAB4A5
2022/08/09 18:19:44 00B4
2022/08/09 18:19:44 蜂鸣器检测
2022/08/09 18:19:48 AAB6A5
2022/08/09 18:19:48 00B6
2022/08/09 18:19:48 震动检测
2022/08/09 18:20:54 AAB4A5
2022/08/09 18:20:54 00B4
2022/08/09 18:20:54 蜂鸣器检测
2022/08/09 18:21:02 AAB3066D794D4958
2022/08/09 18:21:02 00B40000000000
2022/08/09 18:21:03 蜂鸣器检测
2022/08/09 18:21:03 327AE4A5
2022/08/09 18:21:03 00B3066D794D4958327AE4
2022/08/09 18:21:54 蓝牙信息 = myMIX2 
2022/08/09 18:22:15 AAB213526F626F74
2022/08/09 18:22:15 00B3066D794D49
2022/08/09 18:22:52 蓝牙信息 = myMIX2 
2022/08/09 18:22:52 506F72743B696C6F
2022/08/09 18:22:52 00B3066D794D4958327AE400000000
2022/08/09 18:23:32 蓝牙信息 = myMIX2 
2022/08/09 18:23:32 7665646F74615F7C
2022/08/09 18:23:32 00B3066D794D4958327AE4000000000000000000000000
2022/08/09 18:24:19 蓝牙信息 = myMIX2 
2022/08/09 18:24:19 A5
2022/08/09 18:24:19 00B213526F626F74506F72743B696C6F7665646F74615F7C
2022/08/09 18:24:19 wifi账号 = RobotPort 
2022/08/09 18:24:27 ctrl_interface=/var/run/wpa_supplicant 

ap_scan=1 
network={ 
         ssid="RobotPort" 
         psk="ilovedota" 
} 
2022/08/09 18:24:27 AAB213526F626F74
2022/08/09 18:24:27 00B213526F626F
2022/08/09 18:24:27 wifi账号 = RobotPort 
2022/08/09 18:24:34 ctrl_interface=/var/run/wpa_supplicant 

ap_scan=1 
network={ 
         ssid="RobotPort" 
         psk="ilovedota" 
} 
2022/08/09 18:24:34 506F72743B696C6F
2022/08/09 18:24:34 00B213526F626F74
2022/08/09 18:24:34 wifi账号 = RobotPort 
2022/08/09 18:24:41 ctrl_interface=/var/run/wpa_supplicant 

ap_scan=1 
network={ 
         ssid="RobotPort" 
         psk="ilovedota" 
} 
2022/08/09 18:24:41 7665646F74615F7C
2022/08/09 18:24:41 00B213526F626F74
2022/08/09 18:24:41 wifi账号 = RobotPort 
2022/08/09 18:24:49 ctrl_interface=/var/run/wpa_supplicant 

ap_scan=1 
network={ 
         ssid="RobotPort" 
         psk="ilovedota" 
} 
2022/08/09 18:24:49 A5
2022/08/09 18:24:49 00
2022/08/09 18:24:49 wifi账号 = RobotPort 
2022/08/09 18:24:56 ctrl_interface=/var/run/wpa_supplicant 

ap_scan=1 
network={ 
         ssid="RobotPort" 
         psk="ilovedota" 
} 
2022/08/09 18:24:56 AAB213526F626F74
2022/08/09 18:24:56 00B213526F626F
2022/08/09 18:24:56 wifi账号 = RobotPort 
2022/08/09 18:25:04 ctrl_interface=/var/run/wpa_supplicant 

ap_scan=1 
network={ 
         ssid="RobotPort" 
         psk="ilovedota" 
} 
2022/08/09 18:25:04 506F72743B696C6F
2022/08/09 18:25:04 00B213526F626F74
2022/08/09 18:25:04 wifi账号 = RobotPort 
2022/08/09 18:25:12 ctrl_interface=/var/run/wpa_supplicant 

ap_scan=1 
network={ 
         ssid="RobotPort" 
         psk="ilovedota" 
} 
2022/08/09 18:25:12 7665646F74615F7C
2022/08/09 18:25:12 00B213526F626F74
2022/08/09 18:25:12 wifi账号 = RobotPort 
2022/08/09 18:25:19 ctrl_interface=/var/run/wpa_supplicant 

ap_scan=1 
network={ 
         ssid="RobotPort" 
         psk="ilovedota" 
} 
2022/08/09 18:25:19 A5
2022/08/09 18:25:19 00
2022/08/09 18:25:19 wifi账号 = RobotPort 
2022/08/09 18:25:27 ctrl_interface=/var/run/wpa_supplicant 

ap_scan=1 
network={ 
         ssid="RobotPort" 
         psk="ilovedota" 
} 
2022/08/09 18:25:27 AAB213526F626F74
2022/08/09 18:25:27 00B213526F626F
2022/08/09 18:25:27 wifi账号 = RobotPort 
2022/08/09 18:25:34 ctrl_interface=/var/run/wpa_supplicant 

ap_scan=1 
network={ 
         ssid="RobotPort" 
         psk="ilovedota" 
} 
2022/08/09 18:25:34 506F72743B696C6F
2022/08/09 18:25:34 00B213526F626F74
2022/08/09 18:25:34 wifi账号 = RobotPort 
2022/08/09 18:27:12 AAB213526F626F74
2022/08/09 18:27:12 00000000000000
2022/08/09 18:27:12 00000000000000
2022/08/09 18:27:12 506F72743B696C6F
2022/08/09 18:27:12 000000000000000000000000000000
2022/08/09 18:27:12 000000000000000000000000000000
2022/08/09 18:27:12 7665646F74615F7C
2022/08/09 18:27:12 0000000000000000000000000000000000000000000000
2022/08/09 18:27:12 0000000000000000000000000000000000000000000000
2022/08/09 18:27:12 A5
2022/08/09 18:27:12 00B213526F626F74506F72743B696C6F7665646F74615F7C
2022/08/09 18:27:12 wifi账号 = RobotPort 
2022/08/09 18:27:20 ctrl_interface=/var/run/wpa_supplicant 

ap_scan=1 
network={ 
         ssid="RobotPort" 
         psk="ilovedota" 
} 
