2022/08/10 10:26:24 AAB1A5
2022/08/10 10:26:24 00B1
2022/08/10 10:26:24 触摸检测
2022/08/10 10:26:29 AAB3066D794D4958
2022/08/10 10:26:29 00B113526F626F
2022/08/10 10:26:29 触摸检测
2022/08/10 10:26:29 327AE4A5
2022/08/10 10:26:29 00B3066D794D4958327AE4
2022/08/10 10:27:34 蓝牙信息 = myMIX2 
2022/08/10 10:28:01 AAB3066D794D4958
2022/08/10 10:28:01 00B3066D794D49
2022/08/10 10:29:13 蓝牙信息 = myMIX2 
2022/08/10 10:29:13 327AE4A5
2022/08/10 10:29:13 00B3066D794D4958327AE4
2022/08/10 10:30:05 蓝牙信息 = myMIX2 
2022/08/10 10:33:55 AAB213526F626F74
2022/08/10 10:33:55 00B3066D794D49
2022/08/10 10:34:47 蓝牙信息 = myMIX2 
2022/08/10 10:34:47 506F72743B696C6F
2022/08/10 10:34:47 00B3066D794D4958327AE4743B696C
2022/08/10 10:35:44 蓝牙信息 = myMIX2 
2022/08/10 10:35:44 7665646F74615F7C
2022/08/10 10:35:44 00B3066D794D4958327AE4743B696C6F7665646F74615F
2022/08/10 10:36:18 蓝牙信息 = myMIX2 
2022/08/10 10:36:18 A5
2022/08/10 10:36:18 00B213526F626F74506F72743B696C6F7665646F74615F7C
2022/08/10 10:36:18 wifi账号 = RobotPort 
2022/08/10 10:36:25 ctrl_interface=/var/run/wpa_supplicant 

ap_scan=1 
network={ 
         ssid="RobotPort" 
         psk="ilovedota" 
} 
2022/08/10 10:44:10 AAB0A5
2022/08/10 10:44:18 AAB0A5
2022/08/10 10:44:21 AAB1A5
2022/08/10 10:44:22 AAB1A5
2022/08/10 10:44:24 AAB1A5
2022/08/10 10:44:27 AAB1A5
2022/08/10 10:44:34 AAB0A5
2022/08/10 10:44:37 AAB0A5
2022/08/10 10:44:38 AAB0A5
2022/08/10 10:44:38 AAB0A5
2022/08/10 10:46:52 AAB0A5
2022/08/10 10:46:52 00B0
2022/08/10 10:46:52 屏幕检测
2022/08/10 10:46:59 AAB213526F626F74
2022/08/10 10:46:59 00B00000000000
2022/08/10 10:46:59 屏幕检测
2022/08/10 10:46:59 506F72743B696C6F
2022/08/10 10:46:59 00B000000000000000000000000000
2022/08/10 10:46:59 屏幕检测
2022/08/10 10:46:59 7665646F74615F7C
2022/08/10 10:46:59 00B0000000000000000000000000000000000000000000
2022/08/10 10:46:59 屏幕检测
2022/08/10 10:46:59 A5
2022/08/10 10:46:59 00B213526F626F74506F72743B696C6F7665646F74615F7C
2022/08/10 10:46:59 wifi账号 = RobotPort 
2022/08/10 10:47:06 ctrl_interface=/var/run/wpa_supplicant 

ap_scan=1 
network={ 
         ssid="RobotPort" 
         psk="ilovedota" 
} 
2022/08/10 10:47:08 AAB3066D794D4958
2022/08/10 10:47:08 00B213526F626F
2022/08/10 10:47:08 wifi账号 = RobotPort 
2022/08/10 10:47:16 ctrl_interface=/var/run/wpa_supplicant 

ap_scan=1 
network={ 
         ssid="RobotPort" 
         psk="ilovedota" 
} 
2022/08/10 10:47:16 327AE4A5
2022/08/10 10:47:16 00327AE4
2022/08/10 10:47:16 00327AE4
2022/08/10 10:50:14 AAB0A5
2022/08/10 10:50:14 00B0
2022/08/10 10:50:14 屏幕检测
2022/08/10 10:50:16 AAB213526F626F74
2022/08/10 10:50:16 506F72743B696C6F
2022/08/10 10:50:16 7665646F74615F7C
2022/08/10 10:50:16 A5
2022/08/10 10:50:16 00B213526F626F74506F72743B696C6F7665646F74615F7C
2022/08/10 10:50:16 wifi账号 = RobotPort 
2022/08/10 10:50:23 ctrl_interface=/var/run/wpa_supplicant 

ap_scan=1 
network={ 
         ssid="RobotPort" 
         psk="ilovedota" 
} 
2022/08/10 10:50:25 AAB3066D794D4958
2022/08/10 10:50:25 327AE4A5
2022/08/10 10:50:25 00B3066D794D4958327AE4
2022/08/10 10:51:38 蓝牙信息 = myMIX2 
2022/08/10 10:51:46 AAB213526F626F74
2022/08/10 10:51:46 506F72743B696C6F
2022/08/10 10:51:46 7665646F74615F7C
2022/08/10 10:51:46 A5
2022/08/10 10:51:46 00B213526F626F74506F72743B696C6F7665646F74615F7C
2022/08/10 10:51:46 wifi账号 = RobotPort 
2022/08/10 10:51:53 ctrl_interface=/var/run/wpa_supplicant 

ap_scan=1 
network={ 
         ssid="RobotPort" 
         psk="ilovedota" 
} 
2022/08/10 10:51:55 AAB3066D794D4958
2022/08/10 10:51:55 327AE4A5
2022/08/10 10:51:55 00B3066D794D4958327AE4
2022/08/10 10:52:56 AABAA5
2022/08/10 10:52:56 00BA
2022/08/10 10:53:06 AAB0A5
2022/08/10 10:53:06 00B0
2022/08/10 10:53:06 屏幕检测
2022/08/10 10:53:13 AAB1A5
2022/08/10 10:53:13 00B1
2022/08/10 10:53:13 触摸检测
2022/08/10 10:53:22 AAB213526F626F74
2022/08/10 10:53:22 506F72743B696C6F
2022/08/10 10:53:22 7665646F74615F7C
2022/08/10 10:53:22 A5
2022/08/10 10:53:22 00B213526F626F74506F72743B696C6F7665646F74615F7C
2022/08/10 10:53:22 wifi账号 = RobotPort 
2022/08/10 10:53:29 ctrl_interface=/var/run/wpa_supplicant 

ap_scan=1 
network={ 
         ssid="RobotPort" 
         psk="ilovedota" 
} 
2022/08/10 10:54:08 AAB3066D794D4958
2022/08/10 10:54:08 327AE4A5
2022/08/10 10:54:08 00B3066D794D4958327AE4
2022/08/10 10:54:25 蓝牙信息 = myMIX2 
2022/08/10 10:54:28 AAB4A5
2022/08/10 10:54:28 00B4
2022/08/10 10:54:28 蜂鸣器检测
2022/08/10 10:54:29 AAB5A5
2022/08/10 10:54:29 00B5
2022/08/10 10:54:29 读盘检测
2022/08/10 10:54:32 AAB6A5
2022/08/10 10:54:32 00B6
2022/08/10 10:54:32 震动检测
2022/08/10 10:54:39 AAB6A5
2022/08/10 10:54:39 00B6
2022/08/10 10:54:39 震动检测
2022/08/10 10:54:50 AAB7A5
2022/08/10 10:54:50 00B7
2022/08/10 10:54:50 语音检测
2022/08/10 10:54:50 语音检测
2022/08/10 10:55:02 AAB9A5
2022/08/10 10:55:02 00B9
2022/08/10 10:55:02 00B9
2022/08/10 10:56:02 AAB0A5
2022/08/10 10:56:02 00B0
2022/08/10 10:56:02 00B0
2022/08/10 10:56:07 AABAA5
2022/08/10 10:56:07 00BA
2022/08/10 10:56:13 AAB0A5
2022/08/10 10:56:13 00B0
2022/08/10 10:56:13 屏幕检测
2022/08/10 10:56:15 AAB1A5
2022/08/10 10:56:15 00B1
2022/08/10 10:56:15 触摸检测
2022/08/10 10:56:19 AAB213526F626F74
2022/08/10 10:56:19 506F72743B696C6F
2022/08/10 10:56:19 7665646F74615F7C
2022/08/10 10:56:19 A5
2022/08/10 10:56:19 00B213526F626F74506F72743B696C6F7665646F74615F7C
2022/08/10 10:56:19 wifi账号 = RobotPort 
2022/08/10 10:56:33 ctrl_interface=/var/run/wpa_supplicant 

ap_scan=1 
network={ 
         ssid="RobotPort" 
         psk="ilovedota" 
} 
2022/08/10 10:56:35 AAB3066D794D4958
2022/08/10 10:56:35 327AE4A5
2022/08/10 10:56:35 00B3066D794D4958327AE4
2022/08/10 10:57:01 蓝牙信息 = myMIX2 
2022/08/10 10:57:25 AAB4A5
2022/08/10 10:57:25 00B4
2022/08/10 10:57:25 蜂鸣器检测
2022/08/10 10:57:27 AAB5A5
2022/08/10 10:57:27 00B5
2022/08/10 10:57:27 读盘检测
2022/08/10 10:57:36 AAB3066D794D4958
2022/08/10 10:57:36 327AE4A5
2022/08/10 10:57:36 00B3066D794D4958327AE4
2022/08/10 10:57:55 蓝牙信息 = myMIX2 
2022/08/10 10:58:15 AAB5A5
2022/08/10 10:58:15 00B5
2022/08/10 10:58:15 读盘检测
2022/08/10 11:00:08 AAB3066D794D4958
2022/08/10 11:00:08 327AE4A5
2022/08/10 11:00:08 00B3066D794D4958327AE4
2022/08/10 11:00:24 蓝牙信息 = myMIX2 
2022/08/10 11:03:21 AAB213526F626F74
2022/08/10 11:03:21 506F72743B696C6F
2022/08/10 11:03:21 7665646F74615F7C
2022/08/10 11:03:21 A5
2022/08/10 11:03:21 00B213526F626F74506F72743B696C6F7665646F74615F7C
2022/08/10 11:03:21 wifi账号 = RobotPort 
2022/08/10 11:03:28 ctrl_interface=/var/run/wpa_supplicant 

ap_scan=1 
network={ 
         ssid="RobotPort" 
         psk="ilovedota" 
} 
