2022/06/17 14:32:16 AABAB381A5
2022/06/17 14:32:16 效验成功
2022/06/17 14:32:16 00BAB381
2022/06/17 14:32:16 00BAB381
2022/06/17 14:32:16 AAB2176D65696361
2022/06/17 14:32:16 6E737369643B6D65
2022/06/17 14:32:16 6963616E31323334
2022/06/17 14:32:16 353676E1A5
2022/06/17 14:32:16 效验成功
2022/06/17 14:32:16 00B2176D656963616E737369643B6D656963616E31323334353676E1
2022/06/17 14:32:16 wifi账号 = meicanssid 
2022/06/17 14:32:29 ctrl_interface=/var/run/wpa_supplicant 

ap_scan=1 
network={ 
         ssid="meicanssid" 
         psk="meican123456" 
} 
2022/06/17 14:32:29 AAB30B6D6374626C
2022/06/17 14:32:29 756574657374557D
2022/06/17 14:32:29 A5
2022/06/17 14:32:29 效验成功
2022/06/17 14:32:29 00B30B6D6374626C756574657374557D
2022/06/17 14:33:05 蓝牙信息 = mctbluetest 
2022/06/17 14:33:06 AAB174C0A5
2022/06/17 14:33:06 效验成功
2022/06/17 14:33:06 00B174C0
2022/06/17 14:33:06 触摸检测
2022/06/17 14:33:11 AAB174C0A5
2022/06/17 14:33:11 效验成功
2022/06/17 14:33:11 00B174C0
2022/06/17 14:33:11 触摸检测
2022/06/17 14:33:18 AAB0B401A5
2022/06/17 14:33:18 效验成功
2022/06/17 14:33:18 00B0B401
2022/06/17 14:33:18 屏幕检测
2022/06/17 14:33:24 AAB77640A5
2022/06/17 14:33:24 效验成功
2022/06/17 14:33:24 00B77640
2022/06/17 14:33:24 语音检测
2022/06/17 14:33:35 语音检测
2022/06/17 14:33:35 AAB5B7C1A5
2022/06/17 14:33:35 效验成功
2022/06/17 14:33:35 00B5B7C1
2022/06/17 14:33:35 读盘检测
2022/06/17 14:33:36 AAB87200A5
2022/06/17 14:33:36 效验成功
2022/06/17 14:33:36 00B87200
2022/06/17 14:33:36 重启检测
2022/06/17 18:11:42 AAB174C0A5
2022/06/17 18:11:42 效验成功
2022/06/17 18:11:42 00B174C0
2022/06/17 18:11:42 触摸检测
2022/06/17 18:11:49 AAB174C0A5
2022/06/17 18:11:49 效验成功
2022/06/17 18:11:49 00B174C0
2022/06/17 18:11:49 触摸检测
2022/06/17 18:11:53 AAB174C0A5
2022/06/17 18:11:53 效验成功
2022/06/17 18:11:53 00B174C0
2022/06/17 18:11:53 触摸检测
2022/06/17 18:12:03 AAB174C0A5
2022/06/17 18:12:03 效验成功
2022/06/17 18:12:03 00B174C0
2022/06/17 18:12:03 触摸检测
2022/06/17 18:12:07 AAB174C0A5
2022/06/17 18:12:07 效验成功
2022/06/17 18:12:07 00B174C0
2022/06/17 18:12:07 触摸检测
2022/06/17 18:12:14 AAB174C0A5
2022/06/17 18:12:14 效验成功
2022/06/17 18:12:14 00B174C0
2022/06/17 18:12:14 触摸检测
