2022/06/30 11:30:08 pMyThingName = Thing_cardWriterV2_1d556f0a-828c-4762-91fb-dc47119380ea
2022/06/30 11:30:14 Shadow Connect ok
2022/06/30 11:30:14 Shadow delta ok
2022/06/30 11:30:15 payload = JOB_GET_PENDING_TOPIC callback
2022/06/30 11:30:15 JOB_NOTIFY_NEXT_TOPIC / JOB_DESCRIBE_TOPIC($next) callback
2022/06/30 11:30:15 payload = {"timestamp":1656559814}ogressJobs":[],"queuedJobs":[]}
2022/06/30 11:30:18 mqttClient.clientStatus.clientState = 3
2022/06/30 11:30:19 shadow pReceivedJsonDocument 数据 = {"state":{"desired":{"sn":{"sn":"DM2A205139017","code":"476017"},"restaurantID":8757,"menuUpdateTime":1656489424000},"reported":{"menuUpdateTime":0,"romVersion":"MCT_DM2_0.0.4","sn":{"sn":"DM2A205139017","code":"476017"},"restaurantID":8757},"delta":{"menuUpdateTime":1656489424000}},"metadata":{"desired":{"sn":{"sn":{"timestamp":1655447709},"code":{"timestamp":1655447709}},"restaurantID":{"timestamp":1656038544},"menuUpdateTime":{"timestamp":1656489432}},"reported":{"menuUpdateTime":{"timestamp":1656481575},"romVersion":{"timestamp":1656481575},"sn":{"sn":{"timestamp":1655447710},"code":{"timestamp":1655447710}},"restaurantID":{"timestamp":1656038562}}},"version":21,"timestamp":1656559818,"clientToken":"1d556f0a-828c-4762-91fb-dc47119380ea-0"}
2022/06/30 11:30:21 mqttClient.clientStatus.clientState = 3
2022/06/30 11:30:22 Delta - menuUpdateTime state changed to = 1656489424000
2022/06/30 11:30:22 MenuUpdateTime Update Accepted !!
2022/06/30 11:30:22 romVersion Update Accepted !!
2022/06/30 11:30:22 Delta - menuUpdateTime state changed to = 1656489424000
2022/06/30 11:30:22 mqttClient.clientStatus.clientState = 3
2022/06/30 11:30:23 MenuUpdateTime Update Accepted !!
2022/06/30 11:30:24 mqttClient.clientStatus.clientState = 3
2022/06/30 11:30:25 mqttClient.clientStatus.clientState = 3
2022/06/30 11:30:26 mqttClient.clientStatus.clientState = 3
2022/06/30 11:30:27 MenuUpdateTime Update Accepted !!
2022/06/30 11:30:27 mqttClient.clientStatus.clientState = 3
2022/06/30 11:30:29 mqttClient.clientStatus.clientState = 3
2022/06/30 11:30:30 mqttClient.clientStatus.clientState = 3
2022/06/30 11:30:31 mqttClient.clientStatus.clientState = 3
2022/06/30 11:30:32 mqttClient.clientStatus.clientState = 3
2022/06/30 11:30:33 mqttClient.clientStatus.clientState = 3
2022/06/30 11:30:35 mqttClient.clientStatus.clientState = 3
2022/06/30 11:30:36 mqttClient.clientStatus.clientState = 3
2022/06/30 11:30:37 mqttClient.clientStatus.clientState = 3
2022/06/30 11:30:38 mqttClient.clientStatus.clientState = 3
2022/06/30 11:30:39 mqttClient.clientStatus.clientState = 3
2022/06/30 17:09:34 pMyThingName = Thing_cardWriterV2_1d556f0a-828c-4762-91fb-dc47119380ea
2022/06/30 17:09:36 Shadow Connect ok
2022/06/30 17:09:36 Shadow delta ok
2022/06/30 17:09:37 payload = JOB_GET_PENDING_TOPIC callback
2022/06/30 17:09:37 JOB_NOTIFY_NEXT_TOPIC / JOB_DESCRIBE_TOPIC($next) callback
2022/06/30 17:09:37 payload = {"timestamp":1656580177}ogressJobs":[],"queuedJobs":[]}
2022/06/30 17:09:40 mqttClient.clientStatus.clientState = 3
2022/06/30 17:09:41 shadow pReceivedJsonDocument 数据 = {"state":{"desired":{"sn":{"sn":"DM2A205139017","code":"476017"},"restaurantID":8757,"menuUpdateTime":1656573304000},"reported":{"menuUpdateTime":1656489424000,"romVersion":"MCT_DM2_0.0.4","sn":{"sn":"DM2A205139017","code":"476017"},"restaurantID":8757},"delta":{"menuUpdateTime":1656573304000}},"metadata":{"desired":{"sn":{"sn":{"timestamp":1655447709},"code":{"timestamp":1655447709}},"restaurantID":{"timestamp":1656038544},"menuUpdateTime":{"timestamp":1656573466}},"reported":{"menuUpdateTime":{"timestamp":1656559826},"romVersion":{"timestamp":1656559821},"sn":{"sn":{"timestamp":1655447710},"code":{"timestamp":1655447710}},"restaurantID":{"timestamp":1656038562}}},"version":26,"timestamp":1656580180,"clientToken":"1d556f0a-828c-4762-91fb-dc47119380ea-0"}
2022/06/30 17:09:43 mqttClient.clientStatus.clientState = 3
2022/06/30 17:09:44 Delta - menuUpdateTime state changed to = 1656573304000
2022/06/30 17:09:44 MenuUpdateTime Update Accepted !!
2022/06/30 17:09:44 romVersion Update Accepted !!
2022/06/30 17:09:44 Delta - menuUpdateTime state changed to = 1656573304000
2022/06/30 17:09:45 mqttClient.clientStatus.clientState = 3
2022/06/30 17:09:46 MenuUpdateTime Update Accepted !!
2022/06/30 17:09:46 mqttClient.clientStatus.clientState = 3
2022/06/30 17:09:47 mqttClient.clientStatus.clientState = 3
2022/06/30 17:09:48 mqttClient.clientStatus.clientState = 3
2022/06/30 17:09:49 MenuUpdateTime Update Accepted !!
2022/06/30 17:09:49 mqttClient.clientStatus.clientState = 3
2022/06/30 17:09:51 mqttClient.clientStatus.clientState = 3
2022/06/30 17:09:52 mqttClient.clientStatus.clientState = 3
2022/06/30 17:09:53 mqttClient.clientStatus.clientState = 3
2022/06/30 17:09:54 mqttClient.clientStatus.clientState = 3
2022/06/30 17:09:56 mqttClient.clientStatus.clientState = 3
2022/06/30 17:09:57 mqttClient.clientStatus.clientState = 3
