2022/06/29 10:47:38 pMyThingName = Thing_cardWriterV2_1d556f0a-828c-4762-91fb-dc47119380ea
2022/06/29 10:47:39 Shadow Connect ok
2022/06/29 10:47:40 Shadow delta ok
2022/06/29 10:47:41 payload = JOB_GET_PENDING_TOPIC callback
2022/06/29 10:47:41 JOB_NOTIFY_NEXT_TOPIC / JOB_DESCRIBE_TOPIC($next) callback
2022/06/29 10:47:41 payload = {"timestamp":1656470861}ogressJobs":[],"queuedJobs":[]}
2022/06/29 10:47:43 mqttClient.clientStatus.clientState = 3
2022/06/29 10:47:44 shadow pReceivedJsonDocument 数据 = {"state":{"desired":{"sn":{"sn":"DM2A205139017","code":"476017"},"restaurantID":8757},"reported":{"menuUpdateTime":0,"romVersion":"MCT_DM2_0.0.4","sn":{"sn":"DM2A205139017","code":"476017"},"restaurantID":8757}},"metadata":{"desired":{"sn":{"sn":{"timestamp":1655447709},"code":{"timestamp":1655447709}},"restaurantID":{"timestamp":1656038544}},"reported":{"menuUpdateTime":{"timestamp":1656297132},"romVersion":{"timestamp":1656297132},"sn":{"sn":{"timestamp":1655447710},"code":{"timestamp":1655447710}},"restaurantID":{"timestamp":1656038562}}},"version":14,"timestamp":1656470864,"clientToken":"1d556f0a-828c-4762-91fb-dc47119380ea-0"}
2022/06/29 10:47:47 mqttClient.clientStatus.clientState = 3
2022/06/29 10:47:48 MenuUpdateTime Update Accepted !!
2022/06/29 10:47:48 romVersion Update Accepted !!
2022/06/29 10:47:48 mqttClient.clientStatus.clientState = 3
2022/06/29 10:47:49 mqttClient.clientStatus.clientState = 3
2022/06/29 10:47:50 mqttClient.clientStatus.clientState = 3
2022/06/29 10:47:52 mqttClient.clientStatus.clientState = 3
2022/06/29 10:47:53 mqttClient.clientStatus.clientState = 3
2022/06/29 10:47:54 mqttClient.clientStatus.clientState = 3
2022/06/29 10:47:55 mqttClient.clientStatus.clientState = 3
2022/06/29 10:47:56 mqttClient.clientStatus.clientState = 3
2022/06/29 10:47:58 mqttClient.clientStatus.clientState = 3
2022/06/29 10:47:59 mqttClient.clientStatus.clientState = 3
2022/06/29 10:48:00 mqttClient.clientStatus.clientState = 3
2022/06/29 10:48:01 mqttClient.clientStatus.clientState = 3
2022/06/29 10:48:02 mqttClient.clientStatus.clientState = 3
2022/06/29 10:48:04 mqttClient.clientStatus.clientState = 3
2022/06/29 10:48:05 mqttClient.clientStatus.clientState = 3
2022/06/29 10:48:06 mqttClient.clientStatus.clientState = 3
2022/06/29 10:48:07 mqttClient.clientStatus.clientState = 3
2022/06/29 10:48:09 mqttClient.clientStatus.clientState = 3
2022/06/29 10:48:10 mqttClient.clientStatus.clientState = 3
2022/06/29 10:48:11 mqttClient.clientStatus.clientState = 3
2022/06/29 10:48:12 mqttClient.clientStatus.clientState = 3
2022/06/29 10:48:13 mqttClient.clientStatus.clientState = 3
2022/06/29 10:48:15 mqttClient.clientStatus.clientState = 3
2022/06/29 10:48:16 mqttClient.clientStatus.clientState = 3
2022/06/29 10:48:17 mqttClient.clientStatus.clientState = 3
2022/06/29 10:48:18 mqttClient.clientStatus.clientState = 3
2022/06/29 10:48:19 mqttClient.clientStatus.clientState = 3
2022/06/29 10:48:21 mqttClient.clientStatus.clientState = 3
2022/06/29 10:48:22 mqttClient.clientStatus.clientState = 3
2022/06/29 10:48:23 mqttClient.clientStatus.clientState = 3
2022/06/29 10:48:24 mqttClient.clientStatus.clientState = 3
2022/06/29 10:48:26 mqttClient.clientStatus.clientState = 3
2022/06/29 10:48:27 mqttClient.clientStatus.clientState = 3
2022/06/29 10:48:28 mqttClient.clientStatus.clientState = 3
2022/06/29 10:48:29 mqttClient.clientStatus.clientState = 3
2022/06/29 10:48:30 mqttClient.clientStatus.clientState = 3
2022/06/29 10:48:32 mqttClient.clientStatus.clientState = 3
2022/06/29 10:48:33 mqttClient.clientStatus.clientState = 3
2022/06/29 10:48:34 mqttClient.clientStatus.clientState = 3
2022/06/29 10:48:35 mqttClient.clientStatus.clientState = 3
2022/06/29 10:48:36 mqttClient.clientStatus.clientState = 3
2022/06/29 10:48:38 mqttClient.clientStatus.clientState = 3
2022/06/29 10:48:39 mqttClient.clientStatus.clientState = 3
2022/06/29 10:48:40 mqttClient.clientStatus.clientState = 3
2022/06/29 10:48:41 mqttClient.clientStatus.clientState = 3
2022/06/29 10:48:43 mqttClient.clientStatus.clientState = 3
2022/06/29 10:48:44 mqttClient.clientStatus.clientState = 3
2022/06/29 10:48:45 mqttClient.clientStatus.clientState = 3
2022/06/29 10:48:46 mqttClient.clientStatus.clientState = 3
2022/06/29 10:48:47 mqttClient.clientStatus.clientState = 3
2022/06/29 10:48:49 mqttClient.clientStatus.clientState = 3
2022/06/29 10:48:50 mqttClient.clientStatus.clientState = 3
2022/06/29 10:48:51 mqttClient.clientStatus.clientState = 3
2022/06/29 10:48:52 mqttClient.clientStatus.clientState = 3
2022/06/29 10:48:53 mqttClient.clientStatus.clientState = 3
2022/06/29 10:48:55 mqttClient.clientStatus.clientState = 3
2022/06/29 10:48:56 mqttClient.clientStatus.clientState = 3
2022/06/29 10:48:57 mqttClient.clientStatus.clientState = 3
2022/06/29 10:48:58 mqttClient.clientStatus.clientState = 3
2022/06/29 10:49:00 mqttClient.clientStatus.clientState = 3
2022/06/29 10:49:01 mqttClient.clientStatus.clientState = 3
2022/06/29 10:49:02 mqttClient.clientStatus.clientState = 3
2022/06/29 10:49:03 mqttClient.clientStatus.clientState = 3
2022/06/29 10:49:04 mqttClient.clientStatus.clientState = 3
2022/06/29 10:49:06 mqttClient.clientStatus.clientState = 3
2022/06/29 10:49:07 mqttClient.clientStatus.clientState = 3
2022/06/29 10:49:08 mqttClient.clientStatus.clientState = 3
2022/06/29 10:49:09 mqttClient.clientStatus.clientState = 3
2022/06/29 10:49:10 mqttClient.clientStatus.clientState = 3
2022/06/29 10:49:12 mqttClient.clientStatus.clientState = 3
2022/06/29 10:49:13 mqttClient.clientStatus.clientState = 3
2022/06/29 10:49:14 mqttClient.clientStatus.clientState = 3
2022/06/29 10:49:15 mqttClient.clientStatus.clientState = 3
2022/06/29 10:49:17 mqttClient.clientStatus.clientState = 3
2022/06/29 10:49:18 mqttClient.clientStatus.clientState = 3
2022/06/29 10:49:19 mqttClient.clientStatus.clientState = 3
2022/06/29 10:49:20 mqttClient.clientStatus.clientState = 3
2022/06/29 10:49:21 mqttClient.clientStatus.clientState = 3
2022/06/29 10:49:23 mqttClient.clientStatus.clientState = 3
2022/06/29 10:49:24 mqttClient.clientStatus.clientState = 3
2022/06/29 10:49:25 mqttClient.clientStatus.clientState = 3
2022/06/29 10:49:26 mqttClient.clientStatus.clientState = 3
2022/06/29 10:49:27 mqttClient.clientStatus.clientState = 3
2022/06/29 10:49:29 mqttClient.clientStatus.clientState = 3
2022/06/29 10:49:30 mqttClient.clientStatus.clientState = 3
2022/06/29 10:49:31 mqttClient.clientStatus.clientState = 3
2022/06/29 10:49:32 mqttClient.clientStatus.clientState = 3
2022/06/29 10:49:34 mqttClient.clientStatus.clientState = 3
2022/06/29 10:49:35 mqttClient.clientStatus.clientState = 3
2022/06/29 10:49:36 mqttClient.clientStatus.clientState = 3
2022/06/29 10:49:37 mqttClient.clientStatus.clientState = 3
2022/06/29 10:49:38 mqttClient.clientStatus.clientState = 3
2022/06/29 10:49:40 mqttClient.clientStatus.clientState = 3
2022/06/29 10:49:41 mqttClient.clientStatus.clientState = 3
2022/06/29 10:49:42 mqttClient.clientStatus.clientState = 3
2022/06/29 10:49:43 mqttClient.clientStatus.clientState = 3
2022/06/29 10:49:44 mqttClient.clientStatus.clientState = 3
2022/06/29 10:49:46 mqttClient.clientStatus.clientState = 3
2022/06/29 10:49:47 mqttClient.clientStatus.clientState = 3
2022/06/29 10:49:48 mqttClient.clientStatus.clientState = 3
2022/06/29 10:49:49 mqttClient.clientStatus.clientState = 3
2022/06/29 10:49:51 mqttClient.clientStatus.clientState = 3
2022/06/29 10:49:52 mqttClient.clientStatus.clientState = 3
2022/06/29 10:49:53 mqttClient.clientStatus.clientState = 3
2022/06/29 10:49:54 mqttClient.clientStatus.clientState = 3
2022/06/29 10:49:55 mqttClient.clientStatus.clientState = 3
2022/06/29 10:49:57 mqttClient.clientStatus.clientState = 3
2022/06/29 10:49:58 mqttClient.clientStatus.clientState = 3
2022/06/29 10:49:59 mqttClient.clientStatus.clientState = 3
2022/06/29 10:50:00 mqttClient.clientStatus.clientState = 3
2022/06/29 10:50:01 mqttClient.clientStatus.clientState = 3
2022/06/29 10:50:03 mqttClient.clientStatus.clientState = 3
2022/06/29 10:50:04 mqttClient.clientStatus.clientState = 3
2022/06/29 10:50:05 mqttClient.clientStatus.clientState = 3
2022/06/29 10:50:06 mqttClient.clientStatus.clientState = 3
2022/06/29 10:50:07 mqttClient.clientStatus.clientState = 3
2022/06/29 10:50:09 mqttClient.clientStatus.clientState = 3
2022/06/29 10:50:10 mqttClient.clientStatus.clientState = 3
2022/06/29 10:50:11 mqttClient.clientStatus.clientState = 3
2022/06/29 10:50:12 mqttClient.clientStatus.clientState = 3
2022/06/29 10:50:14 mqttClient.clientStatus.clientState = 3
2022/06/29 10:50:15 mqttClient.clientStatus.clientState = 3
2022/06/29 10:50:16 mqttClient.clientStatus.clientState = 3
2022/06/29 10:50:17 mqttClient.clientStatus.clientState = 3
2022/06/29 10:50:18 mqttClient.clientStatus.clientState = 3
2022/06/29 10:50:20 mqttClient.clientStatus.clientState = 3
2022/06/29 10:50:21 mqttClient.clientStatus.clientState = 3
2022/06/29 10:50:22 mqttClient.clientStatus.clientState = 3
2022/06/29 10:50:23 mqttClient.clientStatus.clientState = 3
2022/06/29 10:50:24 mqttClient.clientStatus.clientState = 3
2022/06/29 10:50:26 mqttClient.clientStatus.clientState = 3
2022/06/29 10:50:27 mqttClient.clientStatus.clientState = 3
2022/06/29 10:50:28 mqttClient.clientStatus.clientState = 3
2022/06/29 10:50:29 mqttClient.clientStatus.clientState = 3
2022/06/29 10:50:31 mqttClient.clientStatus.clientState = 3
2022/06/29 10:50:32 mqttClient.clientStatus.clientState = 3
2022/06/29 10:50:33 mqttClient.clientStatus.clientState = 3
2022/06/29 10:50:34 mqttClient.clientStatus.clientState = 3
2022/06/29 10:50:35 mqttClient.clientStatus.clientState = 3
2022/06/29 10:50:37 mqttClient.clientStatus.clientState = 3
2022/06/29 10:50:38 mqttClient.clientStatus.clientState = 3
2022/06/29 10:50:39 mqttClient.clientStatus.clientState = 3
2022/06/29 10:50:40 mqttClient.clientStatus.clientState = 3
2022/06/29 10:50:41 mqttClient.clientStatus.clientState = 3
2022/06/29 10:50:43 mqttClient.clientStatus.clientState = 3
2022/06/29 10:50:44 mqttClient.clientStatus.clientState = 3
2022/06/29 10:50:45 mqttClient.clientStatus.clientState = 3
2022/06/29 10:50:46 mqttClient.clientStatus.clientState = 3
2022/06/29 10:50:48 mqttClient.clientStatus.clientState = 3
2022/06/29 10:50:49 mqttClient.clientStatus.clientState = 3
2022/06/29 10:50:50 mqttClient.clientStatus.clientState = 3
2022/06/29 10:50:51 mqttClient.clientStatus.clientState = 3
2022/06/29 10:50:52 mqttClient.clientStatus.clientState = 3
2022/06/29 10:50:54 mqttClient.clientStatus.clientState = 3
2022/06/29 10:50:55 mqttClient.clientStatus.clientState = 3
2022/06/29 10:50:56 mqttClient.clientStatus.clientState = 3
2022/06/29 10:50:57 mqttClient.clientStatus.clientState = 3
2022/06/29 10:50:58 mqttClient.clientStatus.clientState = 3
2022/06/29 10:51:00 mqttClient.clientStatus.clientState = 3
2022/06/29 10:51:01 mqttClient.clientStatus.clientState = 3
2022/06/29 10:51:02 mqttClient.clientStatus.clientState = 3
2022/06/29 10:51:03 mqttClient.clientStatus.clientState = 3
2022/06/29 10:51:05 mqttClient.clientStatus.clientState = 3
2022/06/29 10:51:06 mqttClient.clientStatus.clientState = 3
2022/06/29 10:51:07 mqttClient.clientStatus.clientState = 3
2022/06/29 10:51:08 mqttClient.clientStatus.clientState = 3
2022/06/29 10:51:09 mqttClient.clientStatus.clientState = 3
2022/06/29 10:51:11 mqttClient.clientStatus.clientState = 3
2022/06/29 10:51:12 mqttClient.clientStatus.clientState = 3
2022/06/29 10:51:13 mqttClient.clientStatus.clientState = 3
2022/06/29 10:51:14 mqttClient.clientStatus.clientState = 3
2022/06/29 10:51:15 mqttClient.clientStatus.clientState = 3
2022/06/29 10:51:17 mqttClient.clientStatus.clientState = 3
2022/06/29 10:51:18 mqttClient.clientStatus.clientState = 3
2022/06/29 10:51:19 mqttClient.clientStatus.clientState = 3
2022/06/29 10:51:20 mqttClient.clientStatus.clientState = 3
2022/06/29 10:51:22 mqttClient.clientStatus.clientState = 3
2022/06/29 10:51:23 mqttClient.clientStatus.clientState = 3
2022/06/29 10:51:24 mqttClient.clientStatus.clientState = 3
2022/06/29 10:51:25 mqttClient.clientStatus.clientState = 3
2022/06/29 10:51:26 mqttClient.clientStatus.clientState = 3
2022/06/29 10:51:28 mqttClient.clientStatus.clientState = 3
2022/06/29 10:51:29 mqttClient.clientStatus.clientState = 3
2022/06/29 10:51:30 mqttClient.clientStatus.clientState = 3
2022/06/29 10:51:31 mqttClient.clientStatus.clientState = 3
2022/06/29 10:51:32 mqttClient.clientStatus.clientState = 3
2022/06/29 10:51:34 mqttClient.clientStatus.clientState = 3
2022/06/29 10:51:35 mqttClient.clientStatus.clientState = 3
2022/06/29 10:51:36 mqttClient.clientStatus.clientState = 3
2022/06/29 10:51:37 mqttClient.clientStatus.clientState = 3
2022/06/29 10:51:39 mqttClient.clientStatus.clientState = 3
2022/06/29 10:51:40 mqttClient.clientStatus.clientState = 3
2022/06/29 10:51:41 mqttClient.clientStatus.clientState = 3
2022/06/29 10:51:42 mqttClient.clientStatus.clientState = 3
2022/06/29 10:51:43 mqttClient.clientStatus.clientState = 3
2022/06/29 10:51:45 mqttClient.clientStatus.clientState = 3
2022/06/29 10:51:46 mqttClient.clientStatus.clientState = 3
2022/06/29 10:51:47 mqttClient.clientStatus.clientState = 3
2022/06/29 10:51:48 mqttClient.clientStatus.clientState = 3
2022/06/29 10:51:49 mqttClient.clientStatus.clientState = 3
2022/06/29 10:51:51 mqttClient.clientStatus.clientState = 3
2022/06/29 10:51:52 mqttClient.clientStatus.clientState = 3
2022/06/29 10:51:53 mqttClient.clientStatus.clientState = 3
2022/06/29 10:51:54 mqttClient.clientStatus.clientState = 3
2022/06/29 10:51:56 mqttClient.clientStatus.clientState = 3
2022/06/29 10:51:57 mqttClient.clientStatus.clientState = 3
2022/06/29 10:51:58 mqttClient.clientStatus.clientState = 3
2022/06/29 10:51:59 mqttClient.clientStatus.clientState = 3
2022/06/29 10:52:00 mqttClient.clientStatus.clientState = 3
2022/06/29 10:52:02 mqttClient.clientStatus.clientState = 3
2022/06/29 10:52:03 mqttClient.clientStatus.clientState = 3
2022/06/29 10:52:04 mqttClient.clientStatus.clientState = 3
2022/06/29 10:52:05 mqttClient.clientStatus.clientState = 3
2022/06/29 10:52:06 mqttClient.clientStatus.clientState = 3
2022/06/29 10:52:08 mqttClient.clientStatus.clientState = 3
2022/06/29 10:52:09 mqttClient.clientStatus.clientState = 3
2022/06/29 10:52:10 mqttClient.clientStatus.clientState = 3
2022/06/29 10:52:11 mqttClient.clientStatus.clientState = 3
2022/06/29 10:52:13 mqttClient.clientStatus.clientState = 3
2022/06/29 10:52:14 mqttClient.clientStatus.clientState = 3
2022/06/29 10:52:15 mqttClient.clientStatus.clientState = 3
2022/06/29 10:52:16 mqttClient.clientStatus.clientState = 3
2022/06/29 10:52:17 mqttClient.clientStatus.clientState = 3
2022/06/29 10:52:19 mqttClient.clientStatus.clientState = 3
2022/06/29 10:52:20 mqttClient.clientStatus.clientState = 3
2022/06/29 10:52:21 mqttClient.clientStatus.clientState = 3
2022/06/29 10:52:22 mqttClient.clientStatus.clientState = 3
2022/06/29 10:52:23 mqttClient.clientStatus.clientState = 3
2022/06/29 10:52:25 mqttClient.clientStatus.clientState = 3
2022/06/29 10:52:26 mqttClient.clientStatus.clientState = 3
2022/06/29 10:52:27 mqttClient.clientStatus.clientState = 3
2022/06/29 10:52:28 mqttClient.clientStatus.clientState = 3
2022/06/29 10:52:30 mqttClient.clientStatus.clientState = 3
2022/06/29 10:52:31 mqttClient.clientStatus.clientState = 3
2022/06/29 10:52:32 mqttClient.clientStatus.clientState = 3
2022/06/29 10:52:33 mqttClient.clientStatus.clientState = 3
2022/06/29 10:52:34 mqttClient.clientStatus.clientState = 3
2022/06/29 10:52:36 mqttClient.clientStatus.clientState = 3
2022/06/29 10:52:37 mqttClient.clientStatus.clientState = 3
2022/06/29 10:52:38 mqttClient.clientStatus.clientState = 3
2022/06/29 10:52:39 mqttClient.clientStatus.clientState = 3
2022/06/29 10:52:40 mqttClient.clientStatus.clientState = 3
2022/06/29 10:52:42 mqttClient.clientStatus.clientState = 3
2022/06/29 10:52:43 mqttClient.clientStatus.clientState = 3
2022/06/29 10:52:44 mqttClient.clientStatus.clientState = 3
2022/06/29 10:52:45 mqttClient.clientStatus.clientState = 3
2022/06/29 10:52:47 mqttClient.clientStatus.clientState = 3
2022/06/29 10:52:48 mqttClient.clientStatus.clientState = 3
2022/06/29 10:52:49 mqttClient.clientStatus.clientState = 3
2022/06/29 10:52:50 mqttClient.clientStatus.clientState = 3
2022/06/29 10:52:51 mqttClient.clientStatus.clientState = 3
2022/06/29 10:52:53 mqttClient.clientStatus.clientState = 3
2022/06/29 10:52:54 mqttClient.clientStatus.clientState = 3
2022/06/29 10:52:55 mqttClient.clientStatus.clientState = 3
2022/06/29 10:52:56 mqttClient.clientStatus.clientState = 3
2022/06/29 10:52:57 mqttClient.clientStatus.clientState = 3
2022/06/29 10:52:59 mqttClient.clientStatus.clientState = 3
2022/06/29 10:53:00 mqttClient.clientStatus.clientState = 3
2022/06/29 10:53:01 mqttClient.clientStatus.clientState = 3
2022/06/29 10:53:02 mqttClient.clientStatus.clientState = 3
2022/06/29 10:53:04 mqttClient.clientStatus.clientState = 3
2022/06/29 10:53:05 mqttClient.clientStatus.clientState = 3
2022/06/29 10:53:06 mqttClient.clientStatus.clientState = 3
2022/06/29 10:53:07 mqttClient.clientStatus.clientState = 3
2022/06/29 10:53:08 mqttClient.clientStatus.clientState = 3
2022/06/29 10:53:10 mqttClient.clientStatus.clientState = 3
2022/06/29 10:53:11 mqttClient.clientStatus.clientState = 3
2022/06/29 10:53:12 mqttClient.clientStatus.clientState = 3
2022/06/29 10:53:13 mqttClient.clientStatus.clientState = 3
2022/06/29 10:53:14 mqttClient.clientStatus.clientState = 3
2022/06/29 10:53:16 mqttClient.clientStatus.clientState = 3
2022/06/29 10:53:17 mqttClient.clientStatus.clientState = 3
2022/06/29 10:53:18 mqttClient.clientStatus.clientState = 3
2022/06/29 10:53:19 mqttClient.clientStatus.clientState = 3
2022/06/29 10:53:21 mqttClient.clientStatus.clientState = 3
2022/06/29 10:53:22 mqttClient.clientStatus.clientState = 3
2022/06/29 10:53:23 mqttClient.clientStatus.clientState = 3
2022/06/29 10:53:24 mqttClient.clientStatus.clientState = 3
2022/06/29 10:53:25 mqttClient.clientStatus.clientState = 3
2022/06/29 10:53:27 mqttClient.clientStatus.clientState = 3
2022/06/29 10:53:28 mqttClient.clientStatus.clientState = 3
2022/06/29 10:53:29 mqttClient.clientStatus.clientState = 3
2022/06/29 10:53:30 mqttClient.clientStatus.clientState = 3
2022/06/29 10:53:31 mqttClient.clientStatus.clientState = 3
2022/06/29 10:53:33 mqttClient.clientStatus.clientState = 3
2022/06/29 10:53:34 mqttClient.clientStatus.clientState = 3
2022/06/29 10:53:35 mqttClient.clientStatus.clientState = 3
2022/06/29 10:53:36 mqttClient.clientStatus.clientState = 3
2022/06/29 10:53:38 mqttClient.clientStatus.clientState = 3
2022/06/29 10:53:39 mqttClient.clientStatus.clientState = 3
2022/06/29 10:53:40 mqttClient.clientStatus.clientState = 3
2022/06/29 10:53:41 mqttClient.clientStatus.clientState = 3
2022/06/29 10:53:42 mqttClient.clientStatus.clientState = 3
2022/06/29 10:53:44 mqttClient.clientStatus.clientState = 3
2022/06/29 10:53:45 mqttClient.clientStatus.clientState = 3
2022/06/29 10:53:46 mqttClient.clientStatus.clientState = 3
2022/06/29 10:53:47 mqttClient.clientStatus.clientState = 3
2022/06/29 10:53:48 mqttClient.clientStatus.clientState = 3
2022/06/29 10:53:50 mqttClient.clientStatus.clientState = 3
2022/06/29 10:53:51 mqttClient.clientStatus.clientState = 3
2022/06/29 10:53:52 mqttClient.clientStatus.clientState = 3
2022/06/29 10:53:53 mqttClient.clientStatus.clientState = 3
2022/06/29 10:53:55 mqttClient.clientStatus.clientState = 3
2022/06/29 10:53:56 mqttClient.clientStatus.clientState = 3
2022/06/29 10:53:57 mqttClient.clientStatus.clientState = 3
2022/06/29 10:53:58 mqttClient.clientStatus.clientState = 3
2022/06/29 10:53:59 mqttClient.clientStatus.clientState = 3
2022/06/29 10:54:01 mqttClient.clientStatus.clientState = 3
2022/06/29 10:54:02 mqttClient.clientStatus.clientState = 3
2022/06/29 10:54:03 mqttClient.clientStatus.clientState = 3
2022/06/29 10:54:04 mqttClient.clientStatus.clientState = 3
2022/06/29 10:54:05 mqttClient.clientStatus.clientState = 3
2022/06/29 10:54:07 mqttClient.clientStatus.clientState = 3
2022/06/29 10:54:08 mqttClient.clientStatus.clientState = 3
2022/06/29 10:54:09 mqttClient.clientStatus.clientState = 3
2022/06/29 10:54:10 mqttClient.clientStatus.clientState = 3
2022/06/29 10:54:12 mqttClient.clientStatus.clientState = 3
2022/06/29 10:54:13 mqttClient.clientStatus.clientState = 3
2022/06/29 10:54:14 mqttClient.clientStatus.clientState = 3
2022/06/29 10:54:15 mqttClient.clientStatus.clientState = 3
2022/06/29 10:54:16 mqttClient.clientStatus.clientState = 3
2022/06/29 10:54:18 mqttClient.clientStatus.clientState = 3
2022/06/29 10:54:19 mqttClient.clientStatus.clientState = 3
2022/06/29 10:54:20 mqttClient.clientStatus.clientState = 3
2022/06/29 10:54:21 mqttClient.clientStatus.clientState = 3
2022/06/29 10:54:22 mqttClient.clientStatus.clientState = 3
2022/06/29 10:54:24 mqttClient.clientStatus.clientState = 3
2022/06/29 10:54:25 mqttClient.clientStatus.clientState = 3
2022/06/29 10:54:26 mqttClient.clientStatus.clientState = 3
2022/06/29 10:54:27 mqttClient.clientStatus.clientState = 3
2022/06/29 10:54:29 mqttClient.clientStatus.clientState = 3
2022/06/29 10:54:30 mqttClient.clientStatus.clientState = 3
2022/06/29 10:54:31 mqttClient.clientStatus.clientState = 3
2022/06/29 10:54:32 mqttClient.clientStatus.clientState = 3
2022/06/29 10:54:33 mqttClient.clientStatus.clientState = 3
2022/06/29 10:54:35 mqttClient.clientStatus.clientState = 3
2022/06/29 10:54:36 mqttClient.clientStatus.clientState = 3
2022/06/29 10:54:37 mqttClient.clientStatus.clientState = 3
2022/06/29 10:54:38 mqttClient.clientStatus.clientState = 3
2022/06/29 10:54:39 mqttClient.clientStatus.clientState = 3
2022/06/29 10:54:41 mqttClient.clientStatus.clientState = 3
2022/06/29 10:54:42 mqttClient.clientStatus.clientState = 3
2022/06/29 10:54:43 mqttClient.clientStatus.clientState = 3
2022/06/29 10:54:44 mqttClient.clientStatus.clientState = 3
2022/06/29 10:54:46 mqttClient.clientStatus.clientState = 3
2022/06/29 10:54:47 mqttClient.clientStatus.clientState = 3
2022/06/29 10:54:48 mqttClient.clientStatus.clientState = 3
2022/06/29 10:54:49 mqttClient.clientStatus.clientState = 3
2022/06/29 10:54:50 mqttClient.clientStatus.clientState = 3
2022/06/29 10:54:52 mqttClient.clientStatus.clientState = 3
2022/06/29 10:54:53 mqttClient.clientStatus.clientState = 3
2022/06/29 10:54:54 mqttClient.clientStatus.clientState = 3
2022/06/29 10:54:55 mqttClient.clientStatus.clientState = 3
2022/06/29 10:54:56 mqttClient.clientStatus.clientState = 3
2022/06/29 10:54:58 mqttClient.clientStatus.clientState = 3
2022/06/29 10:54:59 mqttClient.clientStatus.clientState = 3
2022/06/29 10:55:00 mqttClient.clientStatus.clientState = 3
2022/06/29 10:55:01 mqttClient.clientStatus.clientState = 3
2022/06/29 10:55:03 mqttClient.clientStatus.clientState = 3
2022/06/29 10:55:04 mqttClient.clientStatus.clientState = 3
2022/06/29 10:55:05 mqttClient.clientStatus.clientState = 3
2022/06/29 10:55:06 mqttClient.clientStatus.clientState = 3
2022/06/29 10:55:07 mqttClient.clientStatus.clientState = 3
2022/06/29 10:55:09 mqttClient.clientStatus.clientState = 3
2022/06/29 10:55:10 mqttClient.clientStatus.clientState = 3
2022/06/29 10:55:11 mqttClient.clientStatus.clientState = 3
2022/06/29 10:55:12 mqttClient.clientStatus.clientState = 3
2022/06/29 10:55:13 mqttClient.clientStatus.clientState = 3
2022/06/29 10:55:15 mqttClient.clientStatus.clientState = 3
2022/06/29 10:55:16 mqttClient.clientStatus.clientState = 3
2022/06/29 10:55:17 mqttClient.clientStatus.clientState = 3
2022/06/29 10:55:18 mqttClient.clientStatus.clientState = 3
2022/06/29 10:55:20 mqttClient.clientStatus.clientState = 3
2022/06/29 10:55:21 mqttClient.clientStatus.clientState = 3
2022/06/29 10:55:22 mqttClient.clientStatus.clientState = 3
2022/06/29 10:55:23 mqttClient.clientStatus.clientState = 3
2022/06/29 10:55:24 mqttClient.clientStatus.clientState = 3
2022/06/29 10:55:26 mqttClient.clientStatus.clientState = 3
2022/06/29 10:55:27 mqttClient.clientStatus.clientState = 3
2022/06/29 10:55:28 mqttClient.clientStatus.clientState = 3
2022/06/29 10:55:29 mqttClient.clientStatus.clientState = 3
2022/06/29 10:55:30 mqttClient.clientStatus.clientState = 3
2022/06/29 10:55:32 mqttClient.clientStatus.clientState = 3
2022/06/29 10:55:33 mqttClient.clientStatus.clientState = 3
2022/06/29 10:55:34 mqttClient.clientStatus.clientState = 3
2022/06/29 10:55:35 mqttClient.clientStatus.clientState = 3
2022/06/29 10:55:37 mqttClient.clientStatus.clientState = 3
2022/06/29 10:55:38 mqttClient.clientStatus.clientState = 3
2022/06/29 10:55:39 mqttClient.clientStatus.clientState = 3
2022/06/29 10:55:40 mqttClient.clientStatus.clientState = 3
2022/06/29 10:55:41 mqttClient.clientStatus.clientState = 3
2022/06/29 10:55:43 mqttClient.clientStatus.clientState = 3
2022/06/29 10:55:44 mqttClient.clientStatus.clientState = 3
2022/06/29 10:55:45 mqttClient.clientStatus.clientState = 3
2022/06/29 10:55:46 mqttClient.clientStatus.clientState = 3
2022/06/29 10:55:47 mqttClient.clientStatus.clientState = 3
2022/06/29 10:55:49 mqttClient.clientStatus.clientState = 3
2022/06/29 10:55:50 mqttClient.clientStatus.clientState = 3
2022/06/29 10:55:51 mqttClient.clientStatus.clientState = 3
2022/06/29 10:55:52 mqttClient.clientStatus.clientState = 3
2022/06/29 10:55:54 mqttClient.clientStatus.clientState = 3
2022/06/29 10:55:55 mqttClient.clientStatus.clientState = 3
2022/06/29 10:55:56 mqttClient.clientStatus.clientState = 3
2022/06/29 10:55:57 mqttClient.clientStatus.clientState = 3
2022/06/29 10:55:58 mqttClient.clientStatus.clientState = 3
2022/06/29 10:56:00 mqttClient.clientStatus.clientState = 3
2022/06/29 10:56:01 mqttClient.clientStatus.clientState = 3
2022/06/29 10:56:02 mqttClient.clientStatus.clientState = 3
2022/06/29 10:56:03 mqttClient.clientStatus.clientState = 3
2022/06/29 10:56:04 mqttClient.clientStatus.clientState = 3
2022/06/29 10:56:06 mqttClient.clientStatus.clientState = 3
2022/06/29 10:56:07 mqttClient.clientStatus.clientState = 3
2022/06/29 10:56:08 mqttClient.clientStatus.clientState = 3
2022/06/29 10:56:09 mqttClient.clientStatus.clientState = 3
2022/06/29 10:56:11 mqttClient.clientStatus.clientState = 3
2022/06/29 10:56:12 mqttClient.clientStatus.clientState = 3
2022/06/29 10:56:13 mqttClient.clientStatus.clientState = 3
2022/06/29 10:56:14 mqttClient.clientStatus.clientState = 3
2022/06/29 10:56:15 mqttClient.clientStatus.clientState = 3
2022/06/29 10:56:17 mqttClient.clientStatus.clientState = 3
2022/06/29 10:56:18 mqttClient.clientStatus.clientState = 3
2022/06/29 10:56:19 mqttClient.clientStatus.clientState = 3
2022/06/29 10:56:20 mqttClient.clientStatus.clientState = 3
2022/06/29 10:56:21 mqttClient.clientStatus.clientState = 3
2022/06/29 10:56:23 mqttClient.clientStatus.clientState = 3
2022/06/29 10:56:24 mqttClient.clientStatus.clientState = 3
2022/06/29 10:56:25 mqttClient.clientStatus.clientState = 3
2022/06/29 10:56:26 mqttClient.clientStatus.clientState = 3
2022/06/29 10:56:27 mqttClient.clientStatus.clientState = 3
2022/06/29 10:56:29 mqttClient.clientStatus.clientState = 3
2022/06/29 10:56:30 mqttClient.clientStatus.clientState = 3
2022/06/29 10:56:31 mqttClient.clientStatus.clientState = 3
2022/06/29 10:56:32 mqttClient.clientStatus.clientState = 3
2022/06/29 10:56:34 mqttClient.clientStatus.clientState = 3
2022/06/29 10:56:35 mqttClient.clientStatus.clientState = 3
2022/06/29 10:56:36 mqttClient.clientStatus.clientState = 3
2022/06/29 10:56:37 mqttClient.clientStatus.clientState = 3
2022/06/29 10:56:38 mqttClient.clientStatus.clientState = 3
2022/06/29 10:56:40 mqttClient.clientStatus.clientState = 3
2022/06/29 10:56:41 mqttClient.clientStatus.clientState = 3
2022/06/29 10:56:42 mqttClient.clientStatus.clientState = 3
2022/06/29 10:56:43 mqttClient.clientStatus.clientState = 3
2022/06/29 10:56:44 mqttClient.clientStatus.clientState = 3
2022/06/29 10:56:46 mqttClient.clientStatus.clientState = 3
2022/06/29 10:56:47 mqttClient.clientStatus.clientState = 3
2022/06/29 10:56:48 mqttClient.clientStatus.clientState = 3
2022/06/29 10:56:49 mqttClient.clientStatus.clientState = 3
2022/06/29 10:56:51 mqttClient.clientStatus.clientState = 3
2022/06/29 10:56:52 mqttClient.clientStatus.clientState = 3
2022/06/29 10:56:53 mqttClient.clientStatus.clientState = 3
2022/06/29 10:56:54 mqttClient.clientStatus.clientState = 3
2022/06/29 10:56:55 mqttClient.clientStatus.clientState = 3
2022/06/29 10:56:57 mqttClient.clientStatus.clientState = 3
2022/06/29 10:56:58 mqttClient.clientStatus.clientState = 3
2022/06/29 10:56:59 mqttClient.clientStatus.clientState = 3
2022/06/29 10:57:00 mqttClient.clientStatus.clientState = 3
2022/06/29 10:57:01 mqttClient.clientStatus.clientState = 3
2022/06/29 10:57:03 mqttClient.clientStatus.clientState = 3
2022/06/29 10:57:04 mqttClient.clientStatus.clientState = 3
2022/06/29 10:57:05 mqttClient.clientStatus.clientState = 3
2022/06/29 10:57:06 mqttClient.clientStatus.clientState = 3
2022/06/29 10:57:08 mqttClient.clientStatus.clientState = 3
2022/06/29 10:57:09 mqttClient.clientStatus.clientState = 3
2022/06/29 10:57:10 mqttClient.clientStatus.clientState = 3
2022/06/29 10:57:11 mqttClient.clientStatus.clientState = 3
2022/06/29 10:57:12 mqttClient.clientStatus.clientState = 3
2022/06/29 10:57:14 mqttClient.clientStatus.clientState = 3
2022/06/29 10:57:15 mqttClient.clientStatus.clientState = 3
2022/06/29 10:57:16 mqttClient.clientStatus.clientState = 3
2022/06/29 10:57:17 mqttClient.clientStatus.clientState = 3
2022/06/29 10:57:18 mqttClient.clientStatus.clientState = 3
2022/06/29 10:57:20 mqttClient.clientStatus.clientState = 3
2022/06/29 10:57:21 mqttClient.clientStatus.clientState = 3
2022/06/29 10:57:22 mqttClient.clientStatus.clientState = 3
2022/06/29 10:57:23 mqttClient.clientStatus.clientState = 3
2022/06/29 10:57:25 mqttClient.clientStatus.clientState = 3
2022/06/29 10:57:26 mqttClient.clientStatus.clientState = 3
2022/06/29 10:57:27 mqttClient.clientStatus.clientState = 3
2022/06/29 10:57:28 mqttClient.clientStatus.clientState = 3
2022/06/29 10:57:29 mqttClient.clientStatus.clientState = 3
2022/06/29 10:57:31 mqttClient.clientStatus.clientState = 3
2022/06/29 10:57:32 mqttClient.clientStatus.clientState = 3
2022/06/29 10:57:33 mqttClient.clientStatus.clientState = 3
2022/06/29 10:57:34 mqttClient.clientStatus.clientState = 3
2022/06/29 10:57:35 mqttClient.clientStatus.clientState = 3
2022/06/29 10:57:37 mqttClient.clientStatus.clientState = 3
2022/06/29 10:57:38 mqttClient.clientStatus.clientState = 3
2022/06/29 10:57:39 mqttClient.clientStatus.clientState = 3
2022/06/29 10:57:40 mqttClient.clientStatus.clientState = 3
2022/06/29 10:57:42 mqttClient.clientStatus.clientState = 3
2022/06/29 10:57:43 mqttClient.clientStatus.clientState = 3
2022/06/29 10:57:44 mqttClient.clientStatus.clientState = 3
2022/06/29 10:57:45 mqttClient.clientStatus.clientState = 3
2022/06/29 10:57:46 mqttClient.clientStatus.clientState = 3
2022/06/29 10:57:48 mqttClient.clientStatus.clientState = 3
2022/06/29 10:57:49 mqttClient.clientStatus.clientState = 3
2022/06/29 10:57:50 mqttClient.clientStatus.clientState = 3
2022/06/29 10:57:51 mqttClient.clientStatus.clientState = 3
2022/06/29 10:57:52 mqttClient.clientStatus.clientState = 3
2022/06/29 10:57:54 mqttClient.clientStatus.clientState = 3
2022/06/29 10:57:55 mqttClient.clientStatus.clientState = 3
2022/06/29 10:57:56 mqttClient.clientStatus.clientState = 3
2022/06/29 10:57:57 mqttClient.clientStatus.clientState = 3
2022/06/29 10:57:59 mqttClient.clientStatus.clientState = 3
2022/06/29 10:58:00 mqttClient.clientStatus.clientState = 3
2022/06/29 10:58:01 mqttClient.clientStatus.clientState = 3
2022/06/29 10:58:02 mqttClient.clientStatus.clientState = 3
2022/06/29 10:58:03 mqttClient.clientStatus.clientState = 3
2022/06/29 10:58:05 mqttClient.clientStatus.clientState = 3
2022/06/29 10:58:06 mqttClient.clientStatus.clientState = 3
2022/06/29 10:58:07 mqttClient.clientStatus.clientState = 3
2022/06/29 10:58:08 mqttClient.clientStatus.clientState = 3
2022/06/29 10:58:09 mqttClient.clientStatus.clientState = 3
2022/06/29 10:58:11 mqttClient.clientStatus.clientState = 3
2022/06/29 10:58:12 mqttClient.clientStatus.clientState = 3
2022/06/29 10:58:13 mqttClient.clientStatus.clientState = 3
2022/06/29 10:58:14 mqttClient.clientStatus.clientState = 3
2022/06/29 10:58:16 mqttClient.clientStatus.clientState = 3
2022/06/29 10:58:17 mqttClient.clientStatus.clientState = 3
2022/06/29 10:58:18 mqttClient.clientStatus.clientState = 3
2022/06/29 10:58:19 mqttClient.clientStatus.clientState = 3
2022/06/29 10:58:20 mqttClient.clientStatus.clientState = 3
2022/06/29 10:58:22 mqttClient.clientStatus.clientState = 3
2022/06/29 10:58:23 mqttClient.clientStatus.clientState = 3
2022/06/29 10:58:24 mqttClient.clientStatus.clientState = 3
2022/06/29 10:58:25 mqttClient.clientStatus.clientState = 3
2022/06/29 10:58:26 mqttClient.clientStatus.clientState = 3
2022/06/29 10:58:28 mqttClient.clientStatus.clientState = 3
2022/06/29 10:58:29 mqttClient.clientStatus.clientState = 3
2022/06/29 10:58:30 mqttClient.clientStatus.clientState = 3
2022/06/29 10:58:31 mqttClient.clientStatus.clientState = 3
2022/06/29 10:58:33 mqttClient.clientStatus.clientState = 3
2022/06/29 10:58:34 mqttClient.clientStatus.clientState = 3
2022/06/29 10:58:35 mqttClient.clientStatus.clientState = 3
2022/06/29 10:58:36 mqttClient.clientStatus.clientState = 3
2022/06/29 10:58:37 mqttClient.clientStatus.clientState = 3
2022/06/29 10:58:39 mqttClient.clientStatus.clientState = 3
2022/06/29 10:58:40 mqttClient.clientStatus.clientState = 3
2022/06/29 10:58:41 mqttClient.clientStatus.clientState = 3
2022/06/29 10:58:42 mqttClient.clientStatus.clientState = 3
2022/06/29 10:58:43 mqttClient.clientStatus.clientState = 3
2022/06/29 10:58:45 mqttClient.clientStatus.clientState = 3
2022/06/29 10:58:46 mqttClient.clientStatus.clientState = 3
2022/06/29 10:58:47 mqttClient.clientStatus.clientState = 3
2022/06/29 10:58:48 mqttClient.clientStatus.clientState = 3
2022/06/29 10:58:50 mqttClient.clientStatus.clientState = 3
2022/06/29 10:58:51 mqttClient.clientStatus.clientState = 3
2022/06/29 10:58:52 mqttClient.clientStatus.clientState = 3
2022/06/29 10:58:53 mqttClient.clientStatus.clientState = 3
2022/06/29 10:58:54 mqttClient.clientStatus.clientState = 3
2022/06/29 10:58:56 mqttClient.clientStatus.clientState = 3
2022/06/29 10:58:57 mqttClient.clientStatus.clientState = 3
2022/06/29 10:58:58 mqttClient.clientStatus.clientState = 3
2022/06/29 10:58:59 mqttClient.clientStatus.clientState = 3
2022/06/29 10:59:00 mqttClient.clientStatus.clientState = 3
2022/06/29 10:59:02 mqttClient.clientStatus.clientState = 3
2022/06/29 10:59:03 mqttClient.clientStatus.clientState = 3
2022/06/29 10:59:04 mqttClient.clientStatus.clientState = 3
2022/06/29 10:59:05 mqttClient.clientStatus.clientState = 3
2022/06/29 10:59:07 mqttClient.clientStatus.clientState = 3
2022/06/29 10:59:08 mqttClient.clientStatus.clientState = 3
2022/06/29 10:59:09 mqttClient.clientStatus.clientState = 3
2022/06/29 10:59:10 mqttClient.clientStatus.clientState = 3
2022/06/29 10:59:11 mqttClient.clientStatus.clientState = 3
2022/06/29 10:59:13 mqttClient.clientStatus.clientState = 3
2022/06/29 10:59:14 mqttClient.clientStatus.clientState = 3
2022/06/29 10:59:15 mqttClient.clientStatus.clientState = 3
2022/06/29 10:59:16 mqttClient.clientStatus.clientState = 3
2022/06/29 10:59:17 mqttClient.clientStatus.clientState = 3
2022/06/29 10:59:19 mqttClient.clientStatus.clientState = 3
2022/06/29 10:59:20 mqttClient.clientStatus.clientState = 3
2022/06/29 10:59:21 mqttClient.clientStatus.clientState = 3
2022/06/29 10:59:22 mqttClient.clientStatus.clientState = 3
2022/06/29 10:59:24 mqttClient.clientStatus.clientState = 3
2022/06/29 10:59:25 mqttClient.clientStatus.clientState = 3
2022/06/29 10:59:26 mqttClient.clientStatus.clientState = 3
2022/06/29 10:59:27 mqttClient.clientStatus.clientState = 3
2022/06/29 10:59:28 mqttClient.clientStatus.clientState = 3
2022/06/29 10:59:30 mqttClient.clientStatus.clientState = 3
2022/06/29 10:59:31 mqttClient.clientStatus.clientState = 3
2022/06/29 10:59:32 mqttClient.clientStatus.clientState = 3
2022/06/29 10:59:33 mqttClient.clientStatus.clientState = 3
2022/06/29 10:59:34 mqttClient.clientStatus.clientState = 3
2022/06/29 10:59:36 mqttClient.clientStatus.clientState = 3
2022/06/29 10:59:37 mqttClient.clientStatus.clientState = 3
2022/06/29 10:59:38 mqttClient.clientStatus.clientState = 3
2022/06/29 10:59:39 mqttClient.clientStatus.clientState = 3
2022/06/29 10:59:41 mqttClient.clientStatus.clientState = 3
2022/06/29 10:59:42 mqttClient.clientStatus.clientState = 3
2022/06/29 10:59:43 mqttClient.clientStatus.clientState = 3
2022/06/29 10:59:44 mqttClient.clientStatus.clientState = 3
2022/06/29 10:59:45 mqttClient.clientStatus.clientState = 3
2022/06/29 10:59:47 mqttClient.clientStatus.clientState = 3
2022/06/29 10:59:48 mqttClient.clientStatus.clientState = 3
2022/06/29 10:59:49 mqttClient.clientStatus.clientState = 3
2022/06/29 10:59:50 mqttClient.clientStatus.clientState = 3
2022/06/29 10:59:51 mqttClient.clientStatus.clientState = 3
2022/06/29 10:59:53 mqttClient.clientStatus.clientState = 3
2022/06/29 10:59:54 mqttClient.clientStatus.clientState = 3
2022/06/29 10:59:55 mqttClient.clientStatus.clientState = 3
2022/06/29 10:59:56 mqttClient.clientStatus.clientState = 3
2022/06/29 10:59:58 mqttClient.clientStatus.clientState = 3
2022/06/29 10:59:59 mqttClient.clientStatus.clientState = 3
2022/06/29 11:00:00 mqttClient.clientStatus.clientState = 3
2022/06/29 11:00:01 mqttClient.clientStatus.clientState = 3
2022/06/29 11:00:02 mqttClient.clientStatus.clientState = 3
2022/06/29 11:00:04 mqttClient.clientStatus.clientState = 3
2022/06/29 11:00:05 mqttClient.clientStatus.clientState = 3
2022/06/29 11:00:06 mqttClient.clientStatus.clientState = 3
2022/06/29 11:00:07 mqttClient.clientStatus.clientState = 3
2022/06/29 11:00:08 mqttClient.clientStatus.clientState = 3
2022/06/29 11:00:10 mqttClient.clientStatus.clientState = 3
2022/06/29 11:00:11 mqttClient.clientStatus.clientState = 3
2022/06/29 11:00:12 mqttClient.clientStatus.clientState = 3
2022/06/29 11:00:13 mqttClient.clientStatus.clientState = 3
2022/06/29 11:00:15 mqttClient.clientStatus.clientState = 3
2022/06/29 11:00:16 mqttClient.clientStatus.clientState = 3
2022/06/29 11:00:17 mqttClient.clientStatus.clientState = 3
2022/06/29 11:00:18 mqttClient.clientStatus.clientState = 3
2022/06/29 11:00:19 mqttClient.clientStatus.clientState = 3
2022/06/29 11:00:21 mqttClient.clientStatus.clientState = 3
2022/06/29 11:00:22 mqttClient.clientStatus.clientState = 3
2022/06/29 11:00:23 mqttClient.clientStatus.clientState = 3
2022/06/29 11:00:24 mqttClient.clientStatus.clientState = 3
2022/06/29 11:00:25 mqttClient.clientStatus.clientState = 3
2022/06/29 11:00:27 mqttClient.clientStatus.clientState = 3
2022/06/29 11:00:28 mqttClient.clientStatus.clientState = 3
2022/06/29 11:00:29 mqttClient.clientStatus.clientState = 3
2022/06/29 11:00:30 mqttClient.clientStatus.clientState = 3
2022/06/29 11:00:32 mqttClient.clientStatus.clientState = 3
2022/06/29 11:00:33 mqttClient.clientStatus.clientState = 3
2022/06/29 11:00:34 mqttClient.clientStatus.clientState = 3
2022/06/29 11:00:35 mqttClient.clientStatus.clientState = 3
2022/06/29 11:00:36 mqttClient.clientStatus.clientState = 3
2022/06/29 11:00:38 mqttClient.clientStatus.clientState = 3
2022/06/29 11:00:39 mqttClient.clientStatus.clientState = 3
2022/06/29 11:00:40 mqttClient.clientStatus.clientState = 3
2022/06/29 11:00:41 mqttClient.clientStatus.clientState = 3
2022/06/29 11:00:42 mqttClient.clientStatus.clientState = 3
2022/06/29 11:00:44 mqttClient.clientStatus.clientState = 3
2022/06/29 11:00:45 mqttClient.clientStatus.clientState = 3
2022/06/29 11:00:46 mqttClient.clientStatus.clientState = 3
2022/06/29 11:00:47 mqttClient.clientStatus.clientState = 3
2022/06/29 11:00:49 mqttClient.clientStatus.clientState = 3
2022/06/29 11:00:50 mqttClient.clientStatus.clientState = 3
2022/06/29 11:00:51 mqttClient.clientStatus.clientState = 3
2022/06/29 11:00:52 mqttClient.clientStatus.clientState = 3
2022/06/29 11:00:53 mqttClient.clientStatus.clientState = 3
2022/06/29 11:00:55 mqttClient.clientStatus.clientState = 3
2022/06/29 11:00:56 mqttClient.clientStatus.clientState = 3
2022/06/29 11:00:57 mqttClient.clientStatus.clientState = 3
2022/06/29 11:00:58 mqttClient.clientStatus.clientState = 3
2022/06/29 11:00:59 mqttClient.clientStatus.clientState = 3
2022/06/29 11:01:01 mqttClient.clientStatus.clientState = 3
2022/06/29 11:01:02 mqttClient.clientStatus.clientState = 3
2022/06/29 11:01:03 mqttClient.clientStatus.clientState = 3
2022/06/29 11:01:04 mqttClient.clientStatus.clientState = 3
2022/06/29 11:01:06 mqttClient.clientStatus.clientState = 3
2022/06/29 11:01:07 mqttClient.clientStatus.clientState = 3
2022/06/29 11:01:08 mqttClient.clientStatus.clientState = 3
2022/06/29 11:01:09 mqttClient.clientStatus.clientState = 3
2022/06/29 11:01:10 mqttClient.clientStatus.clientState = 3
2022/06/29 11:01:12 mqttClient.clientStatus.clientState = 3
2022/06/29 11:01:13 mqttClient.clientStatus.clientState = 3
2022/06/29 11:01:14 mqttClient.clientStatus.clientState = 3
2022/06/29 11:01:15 mqttClient.clientStatus.clientState = 3
2022/06/29 11:01:16 mqttClient.clientStatus.clientState = 3
2022/06/29 11:01:18 mqttClient.clientStatus.clientState = 3
2022/06/29 11:01:19 mqttClient.clientStatus.clientState = 3
2022/06/29 11:01:20 mqttClient.clientStatus.clientState = 3
2022/06/29 11:01:21 mqttClient.clientStatus.clientState = 3
2022/06/29 11:01:23 mqttClient.clientStatus.clientState = 3
2022/06/29 11:01:24 mqttClient.clientStatus.clientState = 3
2022/06/29 11:01:25 mqttClient.clientStatus.clientState = 3
2022/06/29 11:01:26 mqttClient.clientStatus.clientState = 3
2022/06/29 11:01:27 mqttClient.clientStatus.clientState = 3
2022/06/29 11:01:29 mqttClient.clientStatus.clientState = 3
2022/06/29 11:01:30 mqttClient.clientStatus.clientState = 3
2022/06/29 11:01:31 mqttClient.clientStatus.clientState = 3
2022/06/29 11:01:32 mqttClient.clientStatus.clientState = 3
2022/06/29 11:01:33 mqttClient.clientStatus.clientState = 3
2022/06/29 11:01:35 mqttClient.clientStatus.clientState = 3
2022/06/29 11:01:36 mqttClient.clientStatus.clientState = 3
2022/06/29 11:01:37 mqttClient.clientStatus.clientState = 3
2022/06/29 11:01:38 mqttClient.clientStatus.clientState = 3
2022/06/29 11:01:40 mqttClient.clientStatus.clientState = 3
2022/06/29 11:01:41 mqttClient.clientStatus.clientState = 3
2022/06/29 11:01:42 mqttClient.clientStatus.clientState = 3
2022/06/29 11:01:43 mqttClient.clientStatus.clientState = 3
2022/06/29 11:01:44 mqttClient.clientStatus.clientState = 3
2022/06/29 11:01:46 mqttClient.clientStatus.clientState = 3
2022/06/29 11:01:47 mqttClient.clientStatus.clientState = 3
2022/06/29 11:01:48 mqttClient.clientStatus.clientState = 3
2022/06/29 11:01:49 mqttClient.clientStatus.clientState = 3
2022/06/29 11:01:50 mqttClient.clientStatus.clientState = 3
2022/06/29 11:01:52 mqttClient.clientStatus.clientState = 3
2022/06/29 11:01:53 mqttClient.clientStatus.clientState = 3
2022/06/29 11:01:54 mqttClient.clientStatus.clientState = 3
2022/06/29 11:01:55 mqttClient.clientStatus.clientState = 3
2022/06/29 11:01:57 mqttClient.clientStatus.clientState = 3
2022/06/29 11:01:58 mqttClient.clientStatus.clientState = 3
2022/06/29 11:01:59 mqttClient.clientStatus.clientState = 3
2022/06/29 11:02:00 mqttClient.clientStatus.clientState = 3
2022/06/29 11:02:01 mqttClient.clientStatus.clientState = 3
2022/06/29 11:02:03 mqttClient.clientStatus.clientState = 3
2022/06/29 11:02:04 mqttClient.clientStatus.clientState = 3
2022/06/29 11:02:05 mqttClient.clientStatus.clientState = 3
2022/06/29 11:02:06 mqttClient.clientStatus.clientState = 3
2022/06/29 11:02:07 mqttClient.clientStatus.clientState = 3
2022/06/29 11:02:09 mqttClient.clientStatus.clientState = 3
2022/06/29 11:02:10 mqttClient.clientStatus.clientState = 3
2022/06/29 11:02:11 mqttClient.clientStatus.clientState = 3
2022/06/29 11:02:12 mqttClient.clientStatus.clientState = 3
2022/06/29 11:02:13 mqttClient.clientStatus.clientState = 3
2022/06/29 11:02:15 mqttClient.clientStatus.clientState = 3
2022/06/29 11:02:16 mqttClient.clientStatus.clientState = 3
2022/06/29 11:02:17 mqttClient.clientStatus.clientState = 3
2022/06/29 11:02:18 mqttClient.clientStatus.clientState = 3
2022/06/29 11:02:20 mqttClient.clientStatus.clientState = 3
2022/06/29 11:02:21 mqttClient.clientStatus.clientState = 3
2022/06/29 11:02:22 mqttClient.clientStatus.clientState = 3
2022/06/29 11:02:23 mqttClient.clientStatus.clientState = 3
2022/06/29 11:02:24 mqttClient.clientStatus.clientState = 3
2022/06/29 11:02:26 mqttClient.clientStatus.clientState = 3
2022/06/29 11:02:27 mqttClient.clientStatus.clientState = 3
2022/06/29 11:02:28 mqttClient.clientStatus.clientState = 3
2022/06/29 11:02:29 mqttClient.clientStatus.clientState = 3
2022/06/29 11:02:30 mqttClient.clientStatus.clientState = 3
2022/06/29 11:02:32 mqttClient.clientStatus.clientState = 3
2022/06/29 11:02:33 mqttClient.clientStatus.clientState = 3
2022/06/29 11:02:34 mqttClient.clientStatus.clientState = 3
2022/06/29 11:02:35 mqttClient.clientStatus.clientState = 3
2022/06/29 11:02:37 mqttClient.clientStatus.clientState = 3
2022/06/29 11:02:38 mqttClient.clientStatus.clientState = 3
2022/06/29 11:02:39 mqttClient.clientStatus.clientState = 3
2022/06/29 11:02:40 mqttClient.clientStatus.clientState = 3
2022/06/29 11:02:41 mqttClient.clientStatus.clientState = 3
2022/06/29 11:02:43 mqttClient.clientStatus.clientState = 3
2022/06/29 11:02:44 mqttClient.clientStatus.clientState = 3
2022/06/29 11:02:45 mqttClient.clientStatus.clientState = 3
2022/06/29 11:02:46 mqttClient.clientStatus.clientState = 3
2022/06/29 11:02:47 mqttClient.clientStatus.clientState = 3
2022/06/29 11:02:49 mqttClient.clientStatus.clientState = 3
2022/06/29 11:02:50 mqttClient.clientStatus.clientState = 3
2022/06/29 11:02:51 mqttClient.clientStatus.clientState = 3
2022/06/29 11:02:52 mqttClient.clientStatus.clientState = 3
2022/06/29 11:02:54 mqttClient.clientStatus.clientState = 3
2022/06/29 11:02:55 mqttClient.clientStatus.clientState = 3
2022/06/29 11:02:56 mqttClient.clientStatus.clientState = 3
2022/06/29 11:02:57 mqttClient.clientStatus.clientState = 3
2022/06/29 11:02:58 mqttClient.clientStatus.clientState = 3
2022/06/29 11:03:00 mqttClient.clientStatus.clientState = 3
2022/06/29 11:03:01 mqttClient.clientStatus.clientState = 3
2022/06/29 11:03:02 mqttClient.clientStatus.clientState = 3
2022/06/29 11:03:03 mqttClient.clientStatus.clientState = 3
2022/06/29 11:03:04 mqttClient.clientStatus.clientState = 3
2022/06/29 11:03:06 mqttClient.clientStatus.clientState = 3
2022/06/29 11:03:07 mqttClient.clientStatus.clientState = 3
2022/06/29 11:03:08 mqttClient.clientStatus.clientState = 3
2022/06/29 11:03:09 mqttClient.clientStatus.clientState = 3
2022/06/29 11:03:11 mqttClient.clientStatus.clientState = 3
2022/06/29 11:03:12 mqttClient.clientStatus.clientState = 3
2022/06/29 11:03:13 mqttClient.clientStatus.clientState = 3
2022/06/29 11:03:14 mqttClient.clientStatus.clientState = 3
2022/06/29 11:03:15 mqttClient.clientStatus.clientState = 3
2022/06/29 11:03:17 mqttClient.clientStatus.clientState = 3
2022/06/29 11:03:18 mqttClient.clientStatus.clientState = 3
2022/06/29 11:03:19 mqttClient.clientStatus.clientState = 3
2022/06/29 11:03:20 mqttClient.clientStatus.clientState = 3
2022/06/29 11:03:21 mqttClient.clientStatus.clientState = 3
2022/06/29 11:03:23 mqttClient.clientStatus.clientState = 3
2022/06/29 11:03:24 mqttClient.clientStatus.clientState = 3
2022/06/29 11:03:25 mqttClient.clientStatus.clientState = 3
2022/06/29 11:03:26 mqttClient.clientStatus.clientState = 3
2022/06/29 11:03:28 mqttClient.clientStatus.clientState = 3
2022/06/29 11:03:29 mqttClient.clientStatus.clientState = 3
2022/06/29 11:03:30 mqttClient.clientStatus.clientState = 3
2022/06/29 11:03:31 mqttClient.clientStatus.clientState = 3
2022/06/29 11:03:32 mqttClient.clientStatus.clientState = 3
2022/06/29 11:03:34 mqttClient.clientStatus.clientState = 3
2022/06/29 11:03:35 mqttClient.clientStatus.clientState = 3
2022/06/29 11:03:36 mqttClient.clientStatus.clientState = 3
2022/06/29 11:03:37 mqttClient.clientStatus.clientState = 3
2022/06/29 11:03:38 mqttClient.clientStatus.clientState = 3
2022/06/29 11:03:40 mqttClient.clientStatus.clientState = 3
2022/06/29 11:03:41 mqttClient.clientStatus.clientState = 3
2022/06/29 11:03:42 mqttClient.clientStatus.clientState = 3
2022/06/29 11:03:43 mqttClient.clientStatus.clientState = 3
2022/06/29 11:03:45 mqttClient.clientStatus.clientState = 3
2022/06/29 11:03:46 mqttClient.clientStatus.clientState = 3
2022/06/29 11:03:47 mqttClient.clientStatus.clientState = 3
2022/06/29 11:03:48 mqttClient.clientStatus.clientState = 3
2022/06/29 11:03:49 mqttClient.clientStatus.clientState = 3
2022/06/29 11:03:51 mqttClient.clientStatus.clientState = 3
2022/06/29 11:03:52 mqttClient.clientStatus.clientState = 3
2022/06/29 11:03:53 mqttClient.clientStatus.clientState = 3
2022/06/29 11:03:54 mqttClient.clientStatus.clientState = 3
2022/06/29 11:03:55 mqttClient.clientStatus.clientState = 3
2022/06/29 11:03:57 mqttClient.clientStatus.clientState = 3
2022/06/29 11:03:58 mqttClient.clientStatus.clientState = 3
2022/06/29 11:03:59 mqttClient.clientStatus.clientState = 3
2022/06/29 11:04:00 mqttClient.clientStatus.clientState = 3
2022/06/29 11:04:02 mqttClient.clientStatus.clientState = 3
2022/06/29 11:04:03 mqttClient.clientStatus.clientState = 3
2022/06/29 11:04:04 mqttClient.clientStatus.clientState = 3
2022/06/29 11:04:05 mqttClient.clientStatus.clientState = 3
2022/06/29 11:04:06 mqttClient.clientStatus.clientState = 3
2022/06/29 11:04:08 mqttClient.clientStatus.clientState = 3
2022/06/29 11:04:09 mqttClient.clientStatus.clientState = 3
2022/06/29 11:04:10 mqttClient.clientStatus.clientState = 3
2022/06/29 11:04:11 mqttClient.clientStatus.clientState = 3
2022/06/29 11:04:12 mqttClient.clientStatus.clientState = 3
2022/06/29 11:04:14 mqttClient.clientStatus.clientState = 3
2022/06/29 11:04:15 mqttClient.clientStatus.clientState = 3
2022/06/29 11:04:16 mqttClient.clientStatus.clientState = 3
2022/06/29 11:04:17 mqttClient.clientStatus.clientState = 3
2022/06/29 11:04:19 mqttClient.clientStatus.clientState = 3
2022/06/29 11:04:20 mqttClient.clientStatus.clientState = 3
2022/06/29 11:04:21 mqttClient.clientStatus.clientState = 3
2022/06/29 11:04:22 mqttClient.clientStatus.clientState = 3
2022/06/29 11:04:23 mqttClient.clientStatus.clientState = 3
2022/06/29 11:04:25 mqttClient.clientStatus.clientState = 3
2022/06/29 11:04:26 mqttClient.clientStatus.clientState = 3
2022/06/29 11:04:27 mqttClient.clientStatus.clientState = 3
2022/06/29 11:04:28 mqttClient.clientStatus.clientState = 3
2022/06/29 11:04:29 mqttClient.clientStatus.clientState = 3
2022/06/29 11:04:31 mqttClient.clientStatus.clientState = 3
2022/06/29 11:04:32 mqttClient.clientStatus.clientState = 3
2022/06/29 11:04:33 mqttClient.clientStatus.clientState = 3
2022/06/29 11:04:34 mqttClient.clientStatus.clientState = 3
2022/06/29 11:04:36 mqttClient.clientStatus.clientState = 3
2022/06/29 11:04:37 mqttClient.clientStatus.clientState = 3
2022/06/29 11:04:38 mqttClient.clientStatus.clientState = 3
2022/06/29 11:04:39 mqttClient.clientStatus.clientState = 3
2022/06/29 11:04:40 mqttClient.clientStatus.clientState = 3
2022/06/29 11:04:42 mqttClient.clientStatus.clientState = 3
2022/06/29 11:04:43 mqttClient.clientStatus.clientState = 3
2022/06/29 11:04:44 mqttClient.clientStatus.clientState = 3
2022/06/29 11:04:45 mqttClient.clientStatus.clientState = 3
2022/06/29 11:04:46 mqttClient.clientStatus.clientState = 3
2022/06/29 11:04:48 mqttClient.clientStatus.clientState = 3
2022/06/29 11:04:49 mqttClient.clientStatus.clientState = 3
2022/06/29 11:04:50 mqttClient.clientStatus.clientState = 3
2022/06/29 11:04:51 mqttClient.clientStatus.clientState = 3
2022/06/29 11:04:53 mqttClient.clientStatus.clientState = 3
2022/06/29 11:04:54 mqttClient.clientStatus.clientState = 3
2022/06/29 11:04:55 mqttClient.clientStatus.clientState = 3
2022/06/29 11:04:56 mqttClient.clientStatus.clientState = 3
2022/06/29 11:04:57 mqttClient.clientStatus.clientState = 3
2022/06/29 11:04:59 mqttClient.clientStatus.clientState = 3
2022/06/29 11:05:00 mqttClient.clientStatus.clientState = 3
2022/06/29 11:05:01 mqttClient.clientStatus.clientState = 3
2022/06/29 11:05:02 mqttClient.clientStatus.clientState = 3
2022/06/29 11:05:03 mqttClient.clientStatus.clientState = 3
2022/06/29 11:05:05 mqttClient.clientStatus.clientState = 3
2022/06/29 11:05:06 mqttClient.clientStatus.clientState = 3
2022/06/29 11:05:07 mqttClient.clientStatus.clientState = 3
2022/06/29 11:05:08 mqttClient.clientStatus.clientState = 3
2022/06/29 11:05:10 mqttClient.clientStatus.clientState = 3
2022/06/29 11:05:11 mqttClient.clientStatus.clientState = 3
2022/06/29 11:05:12 mqttClient.clientStatus.clientState = 3
2022/06/29 11:05:13 mqttClient.clientStatus.clientState = 3
2022/06/29 11:05:14 mqttClient.clientStatus.clientState = 3
2022/06/29 11:05:16 mqttClient.clientStatus.clientState = 3
2022/06/29 11:05:17 mqttClient.clientStatus.clientState = 3
2022/06/29 11:05:18 mqttClient.clientStatus.clientState = 3
2022/06/29 11:05:19 mqttClient.clientStatus.clientState = 3
2022/06/29 11:05:20 mqttClient.clientStatus.clientState = 3
2022/06/29 11:05:22 mqttClient.clientStatus.clientState = 3
2022/06/29 11:05:23 mqttClient.clientStatus.clientState = 3
2022/06/29 11:05:24 mqttClient.clientStatus.clientState = 3
2022/06/29 11:05:25 mqttClient.clientStatus.clientState = 3
2022/06/29 11:05:27 mqttClient.clientStatus.clientState = 3
2022/06/29 11:05:28 mqttClient.clientStatus.clientState = 3
2022/06/29 11:05:29 mqttClient.clientStatus.clientState = 3
2022/06/29 11:05:30 mqttClient.clientStatus.clientState = 3
2022/06/29 11:05:31 mqttClient.clientStatus.clientState = 3
2022/06/29 11:05:33 mqttClient.clientStatus.clientState = 3
2022/06/29 11:05:34 mqttClient.clientStatus.clientState = 3
2022/06/29 11:05:35 mqttClient.clientStatus.clientState = 3
2022/06/29 11:05:36 mqttClient.clientStatus.clientState = 3
2022/06/29 11:05:37 mqttClient.clientStatus.clientState = 3
2022/06/29 11:05:39 mqttClient.clientStatus.clientState = 3
2022/06/29 11:05:40 mqttClient.clientStatus.clientState = 3
2022/06/29 11:05:41 mqttClient.clientStatus.clientState = 3
2022/06/29 11:05:42 mqttClient.clientStatus.clientState = 3
2022/06/29 11:05:44 mqttClient.clientStatus.clientState = 3
2022/06/29 11:05:45 mqttClient.clientStatus.clientState = 3
2022/06/29 11:05:46 mqttClient.clientStatus.clientState = 3
2022/06/29 11:05:47 mqttClient.clientStatus.clientState = 3
2022/06/29 11:05:48 mqttClient.clientStatus.clientState = 3
2022/06/29 11:05:50 mqttClient.clientStatus.clientState = 3
2022/06/29 11:05:51 mqttClient.clientStatus.clientState = 3
2022/06/29 11:05:52 mqttClient.clientStatus.clientState = 3
2022/06/29 11:05:53 mqttClient.clientStatus.clientState = 3
2022/06/29 11:05:54 mqttClient.clientStatus.clientState = 3
2022/06/29 11:05:56 mqttClient.clientStatus.clientState = 3
2022/06/29 11:05:57 mqttClient.clientStatus.clientState = 3
2022/06/29 11:05:58 mqttClient.clientStatus.clientState = 3
2022/06/29 11:05:59 mqttClient.clientStatus.clientState = 3
2022/06/29 11:06:01 mqttClient.clientStatus.clientState = 3
2022/06/29 11:06:02 mqttClient.clientStatus.clientState = 3
2022/06/29 11:06:03 mqttClient.clientStatus.clientState = 3
2022/06/29 11:06:04 mqttClient.clientStatus.clientState = 3
2022/06/29 11:06:05 mqttClient.clientStatus.clientState = 3
2022/06/29 11:06:07 mqttClient.clientStatus.clientState = 3
2022/06/29 11:06:08 mqttClient.clientStatus.clientState = 3
2022/06/29 11:06:09 mqttClient.clientStatus.clientState = 3
2022/06/29 11:06:10 mqttClient.clientStatus.clientState = 3
2022/06/29 11:06:11 mqttClient.clientStatus.clientState = 3
2022/06/29 11:06:13 mqttClient.clientStatus.clientState = 3
2022/06/29 11:06:14 mqttClient.clientStatus.clientState = 3
2022/06/29 11:06:15 mqttClient.clientStatus.clientState = 3
2022/06/29 11:06:16 mqttClient.clientStatus.clientState = 3
2022/06/29 11:06:18 mqttClient.clientStatus.clientState = 3
2022/06/29 11:06:19 mqttClient.clientStatus.clientState = 3
2022/06/29 11:06:20 mqttClient.clientStatus.clientState = 3
2022/06/29 11:06:21 mqttClient.clientStatus.clientState = 3
2022/06/29 11:06:22 mqttClient.clientStatus.clientState = 3
2022/06/29 11:06:24 mqttClient.clientStatus.clientState = 3
2022/06/29 11:06:25 mqttClient.clientStatus.clientState = 3
2022/06/29 11:06:26 mqttClient.clientStatus.clientState = 3
2022/06/29 11:06:27 mqttClient.clientStatus.clientState = 3
2022/06/29 11:06:28 mqttClient.clientStatus.clientState = 3
2022/06/29 11:06:30 mqttClient.clientStatus.clientState = 3
2022/06/29 11:06:31 mqttClient.clientStatus.clientState = 3
2022/06/29 11:06:32 mqttClient.clientStatus.clientState = 3
2022/06/29 11:06:33 mqttClient.clientStatus.clientState = 3
2022/06/29 11:06:35 mqttClient.clientStatus.clientState = 3
2022/06/29 11:06:36 mqttClient.clientStatus.clientState = 3
2022/06/29 11:06:37 mqttClient.clientStatus.clientState = 3
2022/06/29 11:06:38 mqttClient.clientStatus.clientState = 3
2022/06/29 11:06:39 mqttClient.clientStatus.clientState = 3
2022/06/29 11:06:41 mqttClient.clientStatus.clientState = 3
2022/06/29 11:06:42 mqttClient.clientStatus.clientState = 3
2022/06/29 11:06:43 mqttClient.clientStatus.clientState = 3
2022/06/29 11:06:44 mqttClient.clientStatus.clientState = 3
2022/06/29 11:06:45 mqttClient.clientStatus.clientState = 3
2022/06/29 11:06:47 mqttClient.clientStatus.clientState = 3
2022/06/29 11:06:48 mqttClient.clientStatus.clientState = 3
2022/06/29 11:06:49 mqttClient.clientStatus.clientState = 3
2022/06/29 11:06:50 mqttClient.clientStatus.clientState = 3
2022/06/29 11:06:52 mqttClient.clientStatus.clientState = 3
2022/06/29 11:06:53 mqttClient.clientStatus.clientState = 3
2022/06/29 11:06:54 mqttClient.clientStatus.clientState = 3
2022/06/29 11:06:55 mqttClient.clientStatus.clientState = 3
2022/06/29 11:06:56 mqttClient.clientStatus.clientState = 3
2022/06/29 11:06:58 mqttClient.clientStatus.clientState = 3
2022/06/29 11:06:59 mqttClient.clientStatus.clientState = 3
2022/06/29 11:07:00 mqttClient.clientStatus.clientState = 3
2022/06/29 11:07:01 mqttClient.clientStatus.clientState = 3
2022/06/29 11:07:02 mqttClient.clientStatus.clientState = 3
2022/06/29 11:07:04 mqttClient.clientStatus.clientState = 3
2022/06/29 11:07:05 mqttClient.clientStatus.clientState = 3
2022/06/29 11:07:06 mqttClient.clientStatus.clientState = 3
2022/06/29 11:07:07 mqttClient.clientStatus.clientState = 3
2022/06/29 11:07:09 mqttClient.clientStatus.clientState = 3
2022/06/29 11:07:10 mqttClient.clientStatus.clientState = 3
2022/06/29 11:07:11 mqttClient.clientStatus.clientState = 3
2022/06/29 11:07:12 mqttClient.clientStatus.clientState = 3
2022/06/29 11:07:13 mqttClient.clientStatus.clientState = 3
2022/06/29 11:07:15 mqttClient.clientStatus.clientState = 3
2022/06/29 11:07:16 mqttClient.clientStatus.clientState = 3
2022/06/29 11:07:17 mqttClient.clientStatus.clientState = 3
2022/06/29 11:07:18 mqttClient.clientStatus.clientState = 3
2022/06/29 11:07:19 mqttClient.clientStatus.clientState = 3
2022/06/29 11:07:21 mqttClient.clientStatus.clientState = 3
2022/06/29 11:07:22 mqttClient.clientStatus.clientState = 3
2022/06/29 11:07:23 mqttClient.clientStatus.clientState = 3
2022/06/29 11:07:24 mqttClient.clientStatus.clientState = 3
2022/06/29 11:07:26 mqttClient.clientStatus.clientState = 3
2022/06/29 11:07:27 mqttClient.clientStatus.clientState = 3
2022/06/29 11:07:28 mqttClient.clientStatus.clientState = 3
2022/06/29 11:07:29 mqttClient.clientStatus.clientState = 3
2022/06/29 11:07:30 mqttClient.clientStatus.clientState = 3
2022/06/29 11:07:32 mqttClient.clientStatus.clientState = 3
2022/06/29 11:07:33 mqttClient.clientStatus.clientState = 3
2022/06/29 11:07:34 mqttClient.clientStatus.clientState = 3
2022/06/29 11:07:35 mqttClient.clientStatus.clientState = 3
2022/06/29 11:07:36 mqttClient.clientStatus.clientState = 3
2022/06/29 11:07:38 mqttClient.clientStatus.clientState = 3
2022/06/29 11:07:39 mqttClient.clientStatus.clientState = 3
2022/06/29 11:07:40 mqttClient.clientStatus.clientState = 3
2022/06/29 11:07:41 mqttClient.clientStatus.clientState = 3
2022/06/29 11:07:43 mqttClient.clientStatus.clientState = 3
2022/06/29 11:07:44 mqttClient.clientStatus.clientState = 3
2022/06/29 11:07:45 mqttClient.clientStatus.clientState = 3
2022/06/29 11:07:46 mqttClient.clientStatus.clientState = 3
2022/06/29 11:07:47 mqttClient.clientStatus.clientState = 3
2022/06/29 11:07:49 mqttClient.clientStatus.clientState = 3
2022/06/29 11:07:50 mqttClient.clientStatus.clientState = 3
2022/06/29 11:07:51 mqttClient.clientStatus.clientState = 3
2022/06/29 11:07:52 mqttClient.clientStatus.clientState = 3
2022/06/29 11:07:53 mqttClient.clientStatus.clientState = 3
2022/06/29 11:07:55 mqttClient.clientStatus.clientState = 3
2022/06/29 11:07:56 mqttClient.clientStatus.clientState = 3
2022/06/29 11:07:57 mqttClient.clientStatus.clientState = 3
2022/06/29 11:07:58 mqttClient.clientStatus.clientState = 3
2022/06/29 11:07:59 mqttClient.clientStatus.clientState = 3
2022/06/29 11:08:01 mqttClient.clientStatus.clientState = 3
2022/06/29 11:08:02 mqttClient.clientStatus.clientState = 3
2022/06/29 11:08:03 mqttClient.clientStatus.clientState = 3
2022/06/29 11:08:04 mqttClient.clientStatus.clientState = 3
2022/06/29 11:08:06 mqttClient.clientStatus.clientState = 3
2022/06/29 11:08:07 mqttClient.clientStatus.clientState = 3
2022/06/29 11:08:08 mqttClient.clientStatus.clientState = 3
2022/06/29 11:08:09 mqttClient.clientStatus.clientState = 3
2022/06/29 11:08:10 mqttClient.clientStatus.clientState = 3
2022/06/29 11:08:12 mqttClient.clientStatus.clientState = 3
2022/06/29 11:08:13 mqttClient.clientStatus.clientState = 3
2022/06/29 11:08:14 mqttClient.clientStatus.clientState = 3
2022/06/29 11:08:15 mqttClient.clientStatus.clientState = 3
2022/06/29 11:08:16 mqttClient.clientStatus.clientState = 3
2022/06/29 11:08:18 mqttClient.clientStatus.clientState = 3
2022/06/29 11:08:19 mqttClient.clientStatus.clientState = 3
2022/06/29 11:08:20 mqttClient.clientStatus.clientState = 3
2022/06/29 11:08:21 mqttClient.clientStatus.clientState = 3
2022/06/29 11:08:23 mqttClient.clientStatus.clientState = 3
2022/06/29 11:08:24 mqttClient.clientStatus.clientState = 3
2022/06/29 11:08:25 mqttClient.clientStatus.clientState = 3
2022/06/29 11:08:26 mqttClient.clientStatus.clientState = 3
2022/06/29 11:08:27 mqttClient.clientStatus.clientState = 3
2022/06/29 11:08:29 mqttClient.clientStatus.clientState = 3
2022/06/29 11:08:30 mqttClient.clientStatus.clientState = 3
2022/06/29 11:08:31 mqttClient.clientStatus.clientState = 3
2022/06/29 11:08:32 mqttClient.clientStatus.clientState = 3
2022/06/29 11:08:33 mqttClient.clientStatus.clientState = 3
2022/06/29 11:08:35 mqttClient.clientStatus.clientState = 3
2022/06/29 11:08:36 mqttClient.clientStatus.clientState = 3
2022/06/29 11:08:37 mqttClient.clientStatus.clientState = 3
2022/06/29 11:08:38 mqttClient.clientStatus.clientState = 3
2022/06/29 11:08:40 mqttClient.clientStatus.clientState = 3
2022/06/29 11:08:41 mqttClient.clientStatus.clientState = 3
2022/06/29 11:08:42 mqttClient.clientStatus.clientState = 3
2022/06/29 11:08:43 mqttClient.clientStatus.clientState = 3
2022/06/29 11:08:44 mqttClient.clientStatus.clientState = 3
2022/06/29 11:08:46 mqttClient.clientStatus.clientState = 3
2022/06/29 11:08:47 mqttClient.clientStatus.clientState = 3
2022/06/29 11:08:48 mqttClient.clientStatus.clientState = 3
2022/06/29 11:08:49 mqttClient.clientStatus.clientState = 3
2022/06/29 11:08:50 mqttClient.clientStatus.clientState = 3
2022/06/29 11:08:52 mqttClient.clientStatus.clientState = 3
2022/06/29 11:08:53 mqttClient.clientStatus.clientState = 3
2022/06/29 11:08:54 mqttClient.clientStatus.clientState = 3
2022/06/29 11:08:55 mqttClient.clientStatus.clientState = 3
2022/06/29 11:08:57 mqttClient.clientStatus.clientState = 3
2022/06/29 11:08:58 mqttClient.clientStatus.clientState = 3
2022/06/29 11:08:59 mqttClient.clientStatus.clientState = 3
2022/06/29 11:09:00 mqttClient.clientStatus.clientState = 3
2022/06/29 11:09:01 mqttClient.clientStatus.clientState = 3
2022/06/29 11:09:03 mqttClient.clientStatus.clientState = 3
2022/06/29 11:09:04 mqttClient.clientStatus.clientState = 3
2022/06/29 11:09:05 mqttClient.clientStatus.clientState = 3
2022/06/29 11:09:06 mqttClient.clientStatus.clientState = 3
2022/06/29 11:09:07 mqttClient.clientStatus.clientState = 3
2022/06/29 11:09:09 mqttClient.clientStatus.clientState = 3
2022/06/29 11:09:10 mqttClient.clientStatus.clientState = 3
2022/06/29 11:09:11 mqttClient.clientStatus.clientState = 3
2022/06/29 11:09:12 mqttClient.clientStatus.clientState = 3
2022/06/29 11:09:14 mqttClient.clientStatus.clientState = 3
2022/06/29 11:09:15 mqttClient.clientStatus.clientState = 3
2022/06/29 11:09:16 mqttClient.clientStatus.clientState = 3
2022/06/29 11:09:17 mqttClient.clientStatus.clientState = 3
2022/06/29 11:09:18 mqttClient.clientStatus.clientState = 3
2022/06/29 11:09:20 mqttClient.clientStatus.clientState = 3
2022/06/29 11:09:21 mqttClient.clientStatus.clientState = 3
2022/06/29 11:09:22 mqttClient.clientStatus.clientState = 3
2022/06/29 11:09:23 mqttClient.clientStatus.clientState = 3
2022/06/29 11:09:24 mqttClient.clientStatus.clientState = 3
2022/06/29 11:09:26 mqttClient.clientStatus.clientState = 3
2022/06/29 11:09:27 mqttClient.clientStatus.clientState = 3
2022/06/29 11:09:28 mqttClient.clientStatus.clientState = 3
2022/06/29 11:09:29 mqttClient.clientStatus.clientState = 3
2022/06/29 11:09:31 mqttClient.clientStatus.clientState = 3
2022/06/29 11:09:32 mqttClient.clientStatus.clientState = 3
2022/06/29 11:09:33 mqttClient.clientStatus.clientState = 3
2022/06/29 11:09:34 mqttClient.clientStatus.clientState = 3
2022/06/29 11:09:35 mqttClient.clientStatus.clientState = 3
2022/06/29 11:09:37 mqttClient.clientStatus.clientState = 3
2022/06/29 11:09:38 mqttClient.clientStatus.clientState = 3
2022/06/29 11:09:39 mqttClient.clientStatus.clientState = 3
2022/06/29 11:09:40 mqttClient.clientStatus.clientState = 3
2022/06/29 11:09:41 mqttClient.clientStatus.clientState = 3
2022/06/29 11:09:43 mqttClient.clientStatus.clientState = 3
2022/06/29 11:09:44 mqttClient.clientStatus.clientState = 3
2022/06/29 11:09:45 mqttClient.clientStatus.clientState = 3
2022/06/29 11:09:46 mqttClient.clientStatus.clientState = 3
2022/06/29 11:09:48 mqttClient.clientStatus.clientState = 3
2022/06/29 11:09:49 mqttClient.clientStatus.clientState = 3
2022/06/29 11:09:50 mqttClient.clientStatus.clientState = 3
2022/06/29 11:09:51 mqttClient.clientStatus.clientState = 3
2022/06/29 11:09:52 mqttClient.clientStatus.clientState = 3
2022/06/29 11:09:54 mqttClient.clientStatus.clientState = 3
2022/06/29 11:09:55 mqttClient.clientStatus.clientState = 3
2022/06/29 11:09:56 mqttClient.clientStatus.clientState = 3
2022/06/29 11:09:57 mqttClient.clientStatus.clientState = 3
2022/06/29 11:09:58 mqttClient.clientStatus.clientState = 3
2022/06/29 11:10:00 mqttClient.clientStatus.clientState = 3
2022/06/29 11:10:01 mqttClient.clientStatus.clientState = 3
2022/06/29 11:10:02 mqttClient.clientStatus.clientState = 3
2022/06/29 11:10:03 mqttClient.clientStatus.clientState = 3
2022/06/29 11:10:05 mqttClient.clientStatus.clientState = 3
2022/06/29 11:10:06 mqttClient.clientStatus.clientState = 3
2022/06/29 11:10:07 mqttClient.clientStatus.clientState = 3
2022/06/29 11:10:08 mqttClient.clientStatus.clientState = 3
2022/06/29 11:10:09 mqttClient.clientStatus.clientState = 3
2022/06/29 11:10:11 mqttClient.clientStatus.clientState = 3
2022/06/29 11:10:12 mqttClient.clientStatus.clientState = 3
2022/06/29 11:10:13 mqttClient.clientStatus.clientState = 3
2022/06/29 11:10:14 mqttClient.clientStatus.clientState = 3
2022/06/29 11:10:15 mqttClient.clientStatus.clientState = 3
2022/06/29 11:10:17 mqttClient.clientStatus.clientState = 3
2022/06/29 11:10:18 mqttClient.clientStatus.clientState = 3
2022/06/29 11:10:19 mqttClient.clientStatus.clientState = 3
2022/06/29 11:10:20 mqttClient.clientStatus.clientState = 3
2022/06/29 11:10:22 mqttClient.clientStatus.clientState = 3
2022/06/29 11:10:23 mqttClient.clientStatus.clientState = 3
2022/06/29 11:10:24 mqttClient.clientStatus.clientState = 3
2022/06/29 11:10:25 mqttClient.clientStatus.clientState = 3
2022/06/29 11:10:26 mqttClient.clientStatus.clientState = 3
2022/06/29 11:10:28 mqttClient.clientStatus.clientState = 3
2022/06/29 11:10:29 mqttClient.clientStatus.clientState = 3
2022/06/29 11:10:30 mqttClient.clientStatus.clientState = 3
2022/06/29 11:10:31 mqttClient.clientStatus.clientState = 3
2022/06/29 11:10:32 mqttClient.clientStatus.clientState = 3
2022/06/29 11:10:34 mqttClient.clientStatus.clientState = 3
2022/06/29 11:10:35 mqttClient.clientStatus.clientState = 3
2022/06/29 11:10:36 mqttClient.clientStatus.clientState = 3
2022/06/29 11:10:37 mqttClient.clientStatus.clientState = 3
2022/06/29 11:10:39 mqttClient.clientStatus.clientState = 3
2022/06/29 11:10:40 mqttClient.clientStatus.clientState = 3
2022/06/29 11:10:41 mqttClient.clientStatus.clientState = 3
2022/06/29 11:10:42 mqttClient.clientStatus.clientState = 3
2022/06/29 11:10:43 mqttClient.clientStatus.clientState = 3
2022/06/29 11:10:45 mqttClient.clientStatus.clientState = 3
2022/06/29 11:10:46 mqttClient.clientStatus.clientState = 3
2022/06/29 11:10:47 mqttClient.clientStatus.clientState = 3
2022/06/29 11:10:48 mqttClient.clientStatus.clientState = 3
2022/06/29 11:10:49 mqttClient.clientStatus.clientState = 3
2022/06/29 11:10:51 mqttClient.clientStatus.clientState = 3
2022/06/29 11:10:52 mqttClient.clientStatus.clientState = 3
2022/06/29 11:10:53 mqttClient.clientStatus.clientState = 3
2022/06/29 11:10:54 mqttClient.clientStatus.clientState = 3
2022/06/29 11:10:56 mqttClient.clientStatus.clientState = 3
2022/06/29 11:10:57 mqttClient.clientStatus.clientState = 3
2022/06/29 11:10:58 mqttClient.clientStatus.clientState = 3
2022/06/29 11:10:59 mqttClient.clientStatus.clientState = 3
2022/06/29 11:11:00 mqttClient.clientStatus.clientState = 3
2022/06/29 11:11:02 mqttClient.clientStatus.clientState = 3
2022/06/29 11:11:03 mqttClient.clientStatus.clientState = 3
2022/06/29 11:11:04 mqttClient.clientStatus.clientState = 3
2022/06/29 11:11:05 mqttClient.clientStatus.clientState = 3
2022/06/29 11:11:07 mqttClient.clientStatus.clientState = 3
2022/06/29 11:11:08 mqttClient.clientStatus.clientState = 3
2022/06/29 11:11:09 mqttClient.clientStatus.clientState = 3
2022/06/29 11:11:10 mqttClient.clientStatus.clientState = 3
2022/06/29 11:11:11 mqttClient.clientStatus.clientState = 3
2022/06/29 11:11:13 mqttClient.clientStatus.clientState = 3
2022/06/29 11:11:14 mqttClient.clientStatus.clientState = 3
2022/06/29 11:11:15 mqttClient.clientStatus.clientState = 3
2022/06/29 11:11:16 mqttClient.clientStatus.clientState = 3
2022/06/29 11:11:17 mqttClient.clientStatus.clientState = 3
2022/06/29 11:11:19 mqttClient.clientStatus.clientState = 3
2022/06/29 11:11:20 mqttClient.clientStatus.clientState = 3
2022/06/29 11:11:21 mqttClient.clientStatus.clientState = 3
2022/06/29 11:11:22 mqttClient.clientStatus.clientState = 3
2022/06/29 11:11:24 mqttClient.clientStatus.clientState = 3
2022/06/29 11:11:25 mqttClient.clientStatus.clientState = 3
2022/06/29 11:11:26 mqttClient.clientStatus.clientState = 3
2022/06/29 11:11:27 mqttClient.clientStatus.clientState = 3
2022/06/29 11:11:28 mqttClient.clientStatus.clientState = 3
2022/06/29 11:11:30 mqttClient.clientStatus.clientState = 3
2022/06/29 11:11:31 mqttClient.clientStatus.clientState = 3
2022/06/29 11:11:32 mqttClient.clientStatus.clientState = 3
2022/06/29 13:46:07 pMyThingName = Thing_cardWriterV2_1d556f0a-828c-4762-91fb-dc47119380ea
2022/06/29 13:46:08 Shadow Connect ok
2022/06/29 13:46:08 Shadow delta ok
2022/06/29 13:46:09 payload = JOB_GET_PENDING_TOPIC callback
2022/06/29 13:46:09 JOB_NOTIFY_NEXT_TOPIC / JOB_DESCRIBE_TOPIC($next) callback
2022/06/29 13:46:09 payload = {"timestamp":1656481569}ogressJobs":[],"queuedJobs":[]}
2022/06/29 13:46:12 mqttClient.clientStatus.clientState = 3
2022/06/29 13:46:13 shadow pReceivedJsonDocument 数据 = {"state":{"desired":{"sn":{"sn":"DM2A205139017","code":"476017"},"restaurantID":8757},"reported":{"menuUpdateTime":0,"romVersion":"MCT_DM2_0.0.4","sn":{"sn":"DM2A205139017","code":"476017"},"restaurantID":8757}},"metadata":{"desired":{"sn":{"sn":{"timestamp":1655447709},"code":{"timestamp":1655447709}},"restaurantID":{"timestamp":1656038544}},"reported":{"menuUpdateTime":{"timestamp":1656470868},"romVersion":{"timestamp":1656470868},"sn":{"sn":{"timestamp":1655447710},"code":{"timestamp":1655447710}},"restaurantID":{"timestamp":1656038562}}},"version":16,"timestamp":1656481572,"clientToken":"1d556f0a-828c-4762-91fb-dc47119380ea-0"}
2022/06/29 13:46:15 mqttClient.clientStatus.clientState = 3
2022/06/29 13:46:16 MenuUpdateTime Update Accepted !!
2022/06/29 13:46:16 romVersion Update Accepted !!
2022/06/29 13:46:16 mqttClient.clientStatus.clientState = 3
2022/06/29 13:46:18 mqttClient.clientStatus.clientState = 3
2022/06/29 13:46:19 mqttClient.clientStatus.clientState = 3
2022/06/29 13:46:20 mqttClient.clientStatus.clientState = 3
2022/06/29 13:46:21 mqttClient.clientStatus.clientState = 3
2022/06/29 13:46:23 mqttClient.clientStatus.clientState = 3
2022/06/29 13:46:24 mqttClient.clientStatus.clientState = 3
2022/06/29 13:46:25 mqttClient.clientStatus.clientState = 3
2022/06/29 13:46:26 mqttClient.clientStatus.clientState = 3
2022/06/29 13:46:27 mqttClient.clientStatus.clientState = 3
2022/06/29 13:46:29 mqttClient.clientStatus.clientState = 3
2022/06/29 13:46:30 mqttClient.clientStatus.clientState = 3
2022/06/29 13:46:31 mqttClient.clientStatus.clientState = 3
2022/06/29 13:46:32 mqttClient.clientStatus.clientState = 3
2022/06/29 13:46:33 mqttClient.clientStatus.clientState = 3
2022/06/29 13:46:35 mqttClient.clientStatus.clientState = 3
2022/06/29 13:46:36 mqttClient.clientStatus.clientState = 3
2022/06/29 13:46:37 mqttClient.clientStatus.clientState = 3
2022/06/29 13:46:38 mqttClient.clientStatus.clientState = 3
2022/06/29 13:46:40 mqttClient.clientStatus.clientState = 3
2022/06/29 13:46:41 mqttClient.clientStatus.clientState = 3
2022/06/29 13:46:42 mqttClient.clientStatus.clientState = 3
2022/06/29 13:46:43 mqttClient.clientStatus.clientState = 3
2022/06/29 13:46:44 mqttClient.clientStatus.clientState = 3
