2022/06/17 14:32:29 pMyThingName = Thing_cardWriterV2_1d556f0a-828c-4762-91fb-dc47119380ea
2022/06/17 14:32:35 Shadow Connect ok
2022/06/17 14:32:35 Shadow delta ok
2022/06/17 14:32:36 payload = JOB_GET_PENDING_TOPIC callback
2022/06/17 14:32:36 JOB_NOTIFY_NEXT_TOPIC / JOB_DESCRIBE_TOPIC($next) callback
2022/06/17 14:32:36 payload = {"timestamp":1655447556}ogressJobs":[],"queuedJobs":[]}
2022/06/17 14:32:39 mqttClient.clientStatus.clientState = 3
2022/06/17 14:32:40 shadow pReceivedJsonDocument 数据 = {"code":404,"message":"No shadow exists with name: 'Thing_cardWriterV2_1d556f0a-828c-4762-91fb-dc47119380ea'","clientToken":"1d556f0a-828c-4762-91fb-dc47119380ea-0"}
2022/06/17 14:32:47 mqttClient.clientStatus.clientState = 3
2022/06/17 14:32:48 MenuUpdateTime Update Accepted !!
2022/06/17 14:32:48 romVersion Update Accepted !!
2022/06/17 14:32:48 mqttClient.clientStatus.clientState = 3
2022/06/17 14:32:50 mqttClient.clientStatus.clientState = 3
2022/06/17 14:32:51 mqttClient.clientStatus.clientState = 3
2022/06/17 14:32:52 mqttClient.clientStatus.clientState = 3
2022/06/17 14:32:53 mqttClient.clientStatus.clientState = 3
2022/06/17 14:32:54 mqttClient.clientStatus.clientState = 3
2022/06/17 14:32:56 mqttClient.clientStatus.clientState = 3
2022/06/17 14:32:57 mqttClient.clientStatus.clientState = 3
2022/06/17 14:32:58 mqttClient.clientStatus.clientState = 3
2022/06/17 14:32:59 mqttClient.clientStatus.clientState = 3
2022/06/17 14:33:01 mqttClient.clientStatus.clientState = 3
2022/06/17 14:33:02 mqttClient.clientStatus.clientState = 3
2022/06/17 14:33:03 mqttClient.clientStatus.clientState = 3
2022/06/17 14:33:04 mqttClient.clientStatus.clientState = 3
2022/06/17 14:33:05 mqttClient.clientStatus.clientState = 3
2022/06/17 14:33:07 mqttClient.clientStatus.clientState = 3
2022/06/17 14:33:08 mqttClient.clientStatus.clientState = 3
2022/06/17 14:33:09 mqttClient.clientStatus.clientState = 3
2022/06/17 14:33:10 mqttClient.clientStatus.clientState = 3
2022/06/17 14:33:11 mqttClient.clientStatus.clientState = 3
2022/06/17 14:33:13 mqttClient.clientStatus.clientState = 3
2022/06/17 14:33:14 mqttClient.clientStatus.clientState = 3
2022/06/17 14:33:15 mqttClient.clientStatus.clientState = 3
2022/06/17 14:33:16 mqttClient.clientStatus.clientState = 3
2022/06/17 14:33:18 mqttClient.clientStatus.clientState = 3
2022/06/17 14:33:19 mqttClient.clientStatus.clientState = 3
2022/06/17 14:33:20 mqttClient.clientStatus.clientState = 3
2022/06/17 14:33:21 mqttClient.clientStatus.clientState = 3
2022/06/17 14:33:22 mqttClient.clientStatus.clientState = 3
2022/06/17 14:33:24 mqttClient.clientStatus.clientState = 3
2022/06/17 14:33:25 mqttClient.clientStatus.clientState = 3
2022/06/17 14:33:26 mqttClient.clientStatus.clientState = 3
2022/06/17 14:33:27 mqttClient.clientStatus.clientState = 3
2022/06/17 14:33:28 mqttClient.clientStatus.clientState = 3
2022/06/17 14:33:30 mqttClient.clientStatus.clientState = 3
2022/06/17 14:33:31 mqttClient.clientStatus.clientState = 3
2022/06/17 14:33:32 mqttClient.clientStatus.clientState = 3
2022/06/17 14:33:33 mqttClient.clientStatus.clientState = 3
2022/06/17 14:33:35 mqttClient.clientStatus.clientState = 3
2022/06/17 14:33:36 mqttClient.clientStatus.clientState = 3
2022/06/17 14:33:37 mqttClient.clientStatus.clientState = 3
2022/06/17 14:33:38 mqttClient.clientStatus.clientState = 3
2022/06/17 14:33:39 mqttClient.clientStatus.clientState = 3
2022/06/17 14:33:41 mqttClient.clientStatus.clientState = 3
2022/06/17 14:33:42 mqttClient.clientStatus.clientState = 3
2022/06/17 14:33:43 mqttClient.clientStatus.clientState = 3
2022/06/17 14:33:44 mqttClient.clientStatus.clientState = 3
2022/06/17 14:33:45 mqttClient.clientStatus.clientState = 3
2022/06/17 14:33:47 mqttClient.clientStatus.clientState = 3
2022/06/17 14:33:48 mqttClient.clientStatus.clientState = 3
2022/06/17 14:33:49 mqttClient.clientStatus.clientState = 3
2022/06/17 14:33:50 mqttClient.clientStatus.clientState = 3
2022/06/17 14:34:13 pMyThingName = Thing_cardWriterV2_1d556f0a-828c-4762-91fb-dc47119380ea
2022/06/17 14:34:14 Shadow Connect ok
2022/06/17 14:34:14 Shadow delta ok
2022/06/17 14:34:15 payload = JOB_GET_PENDING_TOPIC callback
2022/06/17 14:34:15 JOB_NOTIFY_NEXT_TOPIC / JOB_DESCRIBE_TOPIC($next) callback
2022/06/17 14:34:15 payload = {"timestamp":1655447655}ogressJobs":[],"queuedJobs":[]}
2022/06/17 14:34:18 mqttClient.clientStatus.clientState = 3
2022/06/17 14:34:19 shadow pReceivedJsonDocument 数据 = {"state":{"reported":{"menuUpdateTime":0,"romVersion":"MCT_DM2_0.0.4"}},"metadata":{"reported":{"menuUpdateTime":{"timestamp":1655447568},"romVersion":{"timestamp":1655447568}}},"version":2,"timestamp":1655447658,"clientToken":"1d556f0a-828c-4762-91fb-dc47119380ea-0"}
2022/06/17 14:34:21 mqttClient.clientStatus.clientState = 3
2022/06/17 14:34:22 MenuUpdateTime Update Accepted !!
2022/06/17 14:34:22 romVersion Update Accepted !!
2022/06/17 14:34:22 mqttClient.clientStatus.clientState = 3
2022/06/17 14:34:24 mqttClient.clientStatus.clientState = 3
2022/06/17 14:34:25 mqttClient.clientStatus.clientState = 3
2022/06/17 14:34:26 mqttClient.clientStatus.clientState = 3
2022/06/17 14:34:27 mqttClient.clientStatus.clientState = 3
2022/06/17 14:34:29 mqttClient.clientStatus.clientState = 3
2022/06/17 14:34:30 mqttClient.clientStatus.clientState = 3
2022/06/17 14:34:31 mqttClient.clientStatus.clientState = 3
2022/06/17 14:34:32 mqttClient.clientStatus.clientState = 3
2022/06/17 14:34:33 mqttClient.clientStatus.clientState = 3
2022/06/17 14:34:35 mqttClient.clientStatus.clientState = 3
2022/06/17 14:34:36 mqttClient.clientStatus.clientState = 3
2022/06/17 14:34:37 mqttClient.clientStatus.clientState = 3
2022/06/17 14:34:38 mqttClient.clientStatus.clientState = 3
2022/06/17 14:34:39 mqttClient.clientStatus.clientState = 3
2022/06/17 14:34:41 mqttClient.clientStatus.clientState = 3
2022/06/17 14:34:42 mqttClient.clientStatus.clientState = 3
2022/06/17 14:34:43 mqttClient.clientStatus.clientState = 3
2022/06/17 14:34:44 mqttClient.clientStatus.clientState = 3
2022/06/17 14:34:46 mqttClient.clientStatus.clientState = 3
2022/06/17 14:34:47 mqttClient.clientStatus.clientState = 3
2022/06/17 14:34:48 mqttClient.clientStatus.clientState = 3
2022/06/17 14:34:49 mqttClient.clientStatus.clientState = 3
2022/06/17 14:34:50 mqttClient.clientStatus.clientState = 3
2022/06/17 14:34:52 mqttClient.clientStatus.clientState = 3
2022/06/17 14:34:53 mqttClient.clientStatus.clientState = 3
2022/06/17 14:34:54 mqttClient.clientStatus.clientState = 3
2022/06/17 14:34:55 mqttClient.clientStatus.clientState = 3
2022/06/17 14:34:56 mqttClient.clientStatus.clientState = 3
2022/06/17 14:34:58 mqttClient.clientStatus.clientState = 3
2022/06/17 14:34:59 mqttClient.clientStatus.clientState = 3
2022/06/17 14:35:00 mqttClient.clientStatus.clientState = 3
2022/06/17 14:35:01 mqttClient.clientStatus.clientState = 3
2022/06/17 14:35:03 mqttClient.clientStatus.clientState = 3
2022/06/17 14:35:04 mqttClient.clientStatus.clientState = 3
2022/06/17 14:35:05 mqttClient.clientStatus.clientState = 3
2022/06/17 14:35:06 mqttClient.clientStatus.clientState = 3
2022/06/17 14:35:07 mqttClient.clientStatus.clientState = 3
2022/06/17 14:35:09 mqttClient.clientStatus.clientState = 3
2022/06/17 14:35:10 mqttClient.clientStatus.clientState = 3
2022/06/17 14:35:11 sn Update Accepted !!
2022/06/17 14:35:11 mqttClient.clientStatus.clientState = 3
2022/06/17 14:35:12 mqttClient.clientStatus.clientState = 3
2022/06/17 14:35:13 mqttClient.clientStatus.clientState = 3
2022/06/17 14:35:15 mqttClient.clientStatus.clientState = 3
2022/06/17 14:35:16 mqttClient.clientStatus.clientState = 3
2022/06/17 14:35:17 mqttClient.clientStatus.clientState = 3
2022/06/17 14:35:18 mqttClient.clientStatus.clientState = 3
2022/06/17 14:35:20 mqttClient.clientStatus.clientState = 3
2022/06/17 14:35:21 mqttClient.clientStatus.clientState = 3
2022/06/17 14:35:22 mqttClient.clientStatus.clientState = 3
2022/06/17 14:35:23 mqttClient.clientStatus.clientState = 3
2022/06/17 14:35:24 mqttClient.clientStatus.clientState = 3
2022/06/17 14:35:26 mqttClient.clientStatus.clientState = 3
2022/06/17 14:35:27 mqttClient.clientStatus.clientState = 3
2022/06/17 14:35:28 mqttClient.clientStatus.clientState = 3
2022/06/17 14:35:29 mqttClient.clientStatus.clientState = 3
2022/06/17 14:35:30 mqttClient.clientStatus.clientState = 3
2022/06/17 14:35:32 mqttClient.clientStatus.clientState = 3
2022/06/17 14:35:33 mqttClient.clientStatus.clientState = 3
2022/06/17 14:35:34 mqttClient.clientStatus.clientState = 3
2022/06/17 14:35:35 mqttClient.clientStatus.clientState = 3
2022/06/17 14:35:37 mqttClient.clientStatus.clientState = 3
2022/06/17 14:35:38 mqttClient.clientStatus.clientState = 3
2022/06/17 14:35:39 mqttClient.clientStatus.clientState = 3
2022/06/17 14:35:40 mqttClient.clientStatus.clientState = 3
2022/06/17 14:35:41 mqttClient.clientStatus.clientState = 3
2022/06/17 14:35:43 mqttClient.clientStatus.clientState = 3
2022/06/17 14:35:44 mqttClient.clientStatus.clientState = 3
2022/06/17 14:35:45 mqttClient.clientStatus.clientState = 3
2022/06/17 14:35:46 mqttClient.clientStatus.clientState = 3
2022/06/17 14:35:47 mqttClient.clientStatus.clientState = 3
2022/06/17 14:35:49 mqttClient.clientStatus.clientState = 3
2022/06/17 14:35:50 mqttClient.clientStatus.clientState = 3
2022/06/17 14:35:51 mqttClient.clientStatus.clientState = 3
2022/06/17 14:35:52 mqttClient.clientStatus.clientState = 3
2022/06/17 14:35:54 mqttClient.clientStatus.clientState = 3
2022/06/17 14:35:55 mqttClient.clientStatus.clientState = 3
2022/06/17 14:35:56 mqttClient.clientStatus.clientState = 3
2022/06/17 14:35:57 mqttClient.clientStatus.clientState = 3
2022/06/17 14:35:58 mqttClient.clientStatus.clientState = 3
2022/06/17 14:36:00 mqttClient.clientStatus.clientState = 3
2022/06/17 14:36:01 mqttClient.clientStatus.clientState = 3
2022/06/17 14:36:02 mqttClient.clientStatus.clientState = 3
2022/06/17 14:36:03 mqttClient.clientStatus.clientState = 3
2022/06/17 14:36:04 mqttClient.clientStatus.clientState = 3
2022/06/17 14:36:06 mqttClient.clientStatus.clientState = 3
2022/06/17 14:36:07 mqttClient.clientStatus.clientState = 3
2022/06/17 14:36:08 mqttClient.clientStatus.clientState = 3
2022/06/17 14:36:09 mqttClient.clientStatus.clientState = 3
2022/06/17 14:36:11 mqttClient.clientStatus.clientState = 3
2022/06/17 14:36:12 mqttClient.clientStatus.clientState = 3
2022/06/17 14:36:13 mqttClient.clientStatus.clientState = 3
2022/06/17 14:36:14 mqttClient.clientStatus.clientState = 3
2022/06/17 14:36:15 mqttClient.clientStatus.clientState = 3
2022/06/17 14:36:17 mqttClient.clientStatus.clientState = 3
2022/06/17 14:36:18 mqttClient.clientStatus.clientState = 3
2022/06/17 14:36:19 mqttClient.clientStatus.clientState = 3
2022/06/17 14:36:20 mqttClient.clientStatus.clientState = 3
2022/06/17 14:36:21 mqttClient.clientStatus.clientState = 3
2022/06/17 14:36:23 mqttClient.clientStatus.clientState = 3
2022/06/17 14:36:24 mqttClient.clientStatus.clientState = 3
2022/06/17 14:36:25 mqttClient.clientStatus.clientState = 3
2022/06/17 14:36:26 mqttClient.clientStatus.clientState = 3
2022/06/17 14:36:28 mqttClient.clientStatus.clientState = 3
2022/06/17 14:36:29 mqttClient.clientStatus.clientState = 3
2022/06/17 14:36:30 mqttClient.clientStatus.clientState = 3
2022/06/17 14:36:31 mqttClient.clientStatus.clientState = 3
2022/06/17 14:36:32 mqttClient.clientStatus.clientState = 3
2022/06/17 14:36:34 mqttClient.clientStatus.clientState = 3
2022/06/17 14:36:35 mqttClient.clientStatus.clientState = 3
2022/06/17 14:36:36 mqttClient.clientStatus.clientState = 3
2022/06/17 14:36:37 mqttClient.clientStatus.clientState = 3
2022/06/17 14:36:38 mqttClient.clientStatus.clientState = 3
2022/06/17 14:36:40 mqttClient.clientStatus.clientState = 3
2022/06/17 14:36:41 mqttClient.clientStatus.clientState = 3
2022/06/17 14:36:42 mqttClient.clientStatus.clientState = 3
2022/06/17 14:36:43 mqttClient.clientStatus.clientState = 3
2022/06/17 14:36:45 mqttClient.clientStatus.clientState = 3
2022/06/17 14:36:46 mqttClient.clientStatus.clientState = 3
2022/06/17 14:36:47 mqttClient.clientStatus.clientState = 3
2022/06/17 14:36:48 mqttClient.clientStatus.clientState = 3
2022/06/17 14:36:49 mqttClient.clientStatus.clientState = 3
2022/06/17 14:36:51 mqttClient.clientStatus.clientState = 3
2022/06/17 14:36:52 mqttClient.clientStatus.clientState = 3
2022/06/17 14:36:53 mqttClient.clientStatus.clientState = 3
2022/06/17 14:36:54 mqttClient.clientStatus.clientState = 3
2022/06/17 14:36:55 mqttClient.clientStatus.clientState = 3
2022/06/17 14:36:57 mqttClient.clientStatus.clientState = 3
2022/06/17 14:36:58 mqttClient.clientStatus.clientState = 3
2022/06/17 14:36:59 mqttClient.clientStatus.clientState = 3
2022/06/17 14:37:00 mqttClient.clientStatus.clientState = 3
2022/06/17 14:37:02 mqttClient.clientStatus.clientState = 3
2022/06/17 14:37:03 mqttClient.clientStatus.clientState = 3
2022/06/17 14:37:04 mqttClient.clientStatus.clientState = 3
2022/06/17 14:37:05 mqttClient.clientStatus.clientState = 3
2022/06/17 14:37:06 mqttClient.clientStatus.clientState = 3
2022/06/17 14:37:08 mqttClient.clientStatus.clientState = 3
2022/06/17 14:37:09 mqttClient.clientStatus.clientState = 3
2022/06/17 14:37:10 mqttClient.clientStatus.clientState = 3
2022/06/17 14:37:11 mqttClient.clientStatus.clientState = 3
2022/06/17 14:37:12 mqttClient.clientStatus.clientState = 3
2022/06/17 14:37:14 mqttClient.clientStatus.clientState = 3
2022/06/17 14:37:15 mqttClient.clientStatus.clientState = 3
2022/06/17 14:37:16 mqttClient.clientStatus.clientState = 3
2022/06/17 14:37:17 mqttClient.clientStatus.clientState = 3
2022/06/17 14:37:19 mqttClient.clientStatus.clientState = 3
2022/06/17 14:37:20 mqttClient.clientStatus.clientState = 3
2022/06/17 14:37:21 mqttClient.clientStatus.clientState = 3
2022/06/17 14:37:22 mqttClient.clientStatus.clientState = 3
2022/06/17 14:37:23 mqttClient.clientStatus.clientState = 3
2022/06/17 14:37:25 mqttClient.clientStatus.clientState = 3
2022/06/17 14:37:26 mqttClient.clientStatus.clientState = 3
2022/06/17 14:37:27 mqttClient.clientStatus.clientState = 3
2022/06/17 14:37:28 mqttClient.clientStatus.clientState = 3
2022/06/17 14:37:29 mqttClient.clientStatus.clientState = 3
2022/06/17 14:37:31 mqttClient.clientStatus.clientState = 3
2022/06/17 14:37:32 mqttClient.clientStatus.clientState = 3
2022/06/17 14:37:33 mqttClient.clientStatus.clientState = 3
2022/06/17 14:37:34 mqttClient.clientStatus.clientState = 3
2022/06/17 14:37:36 mqttClient.clientStatus.clientState = 3
2022/06/17 14:37:37 mqttClient.clientStatus.clientState = 3
2022/06/17 14:37:38 mqttClient.clientStatus.clientState = 3
2022/06/17 14:37:39 mqttClient.clientStatus.clientState = 3
2022/06/17 14:37:40 mqttClient.clientStatus.clientState = 3
2022/06/17 14:37:42 mqttClient.clientStatus.clientState = 3
2022/06/17 14:37:43 mqttClient.clientStatus.clientState = 3
2022/06/17 14:37:44 mqttClient.clientStatus.clientState = 3
2022/06/17 14:37:45 mqttClient.clientStatus.clientState = 3
2022/06/17 14:37:46 mqttClient.clientStatus.clientState = 3
2022/06/17 14:37:48 mqttClient.clientStatus.clientState = 3
2022/06/17 14:37:49 mqttClient.clientStatus.clientState = 3
2022/06/17 14:37:50 mqttClient.clientStatus.clientState = 3
2022/06/17 14:37:51 mqttClient.clientStatus.clientState = 3
2022/06/17 14:37:53 mqttClient.clientStatus.clientState = 3
2022/06/17 14:37:54 mqttClient.clientStatus.clientState = 3
2022/06/17 14:37:55 mqttClient.clientStatus.clientState = 3
2022/06/17 14:37:56 mqttClient.clientStatus.clientState = 3
2022/06/17 14:37:57 mqttClient.clientStatus.clientState = 3
2022/06/17 14:37:59 mqttClient.clientStatus.clientState = 3
2022/06/17 14:38:00 mqttClient.clientStatus.clientState = 3
2022/06/17 14:38:01 mqttClient.clientStatus.clientState = 3
2022/06/17 14:38:02 mqttClient.clientStatus.clientState = 3
2022/06/17 14:38:03 mqttClient.clientStatus.clientState = 3
2022/06/17 14:38:05 mqttClient.clientStatus.clientState = 3
2022/06/17 14:38:06 mqttClient.clientStatus.clientState = 3
2022/06/17 14:38:07 mqttClient.clientStatus.clientState = 3
2022/06/17 14:38:08 mqttClient.clientStatus.clientState = 3
2022/06/17 14:38:10 mqttClient.clientStatus.clientState = 3
2022/06/17 14:38:11 mqttClient.clientStatus.clientState = 3
2022/06/17 14:38:12 mqttClient.clientStatus.clientState = 3
2022/06/17 14:38:13 mqttClient.clientStatus.clientState = 3
2022/06/17 14:38:14 mqttClient.clientStatus.clientState = 3
2022/06/17 14:38:16 mqttClient.clientStatus.clientState = 3
2022/06/17 14:38:17 mqttClient.clientStatus.clientState = 3
2022/06/17 14:38:18 mqttClient.clientStatus.clientState = 3
2022/06/17 14:38:19 mqttClient.clientStatus.clientState = 3
2022/06/17 14:38:20 mqttClient.clientStatus.clientState = 3
2022/06/17 14:38:22 mqttClient.clientStatus.clientState = 3
2022/06/17 14:38:23 mqttClient.clientStatus.clientState = 3
2022/06/17 14:38:24 mqttClient.clientStatus.clientState = 3
2022/06/17 14:38:25 mqttClient.clientStatus.clientState = 3
2022/06/17 14:38:27 mqttClient.clientStatus.clientState = 3
2022/06/17 14:38:28 mqttClient.clientStatus.clientState = 3
2022/06/17 14:38:29 mqttClient.clientStatus.clientState = 3
2022/06/17 14:38:30 mqttClient.clientStatus.clientState = 3
2022/06/17 14:38:31 mqttClient.clientStatus.clientState = 3
2022/06/17 14:38:33 mqttClient.clientStatus.clientState = 3
2022/06/17 14:38:34 mqttClient.clientStatus.clientState = 3
2022/06/17 14:38:35 mqttClient.clientStatus.clientState = 3
2022/06/17 14:38:36 mqttClient.clientStatus.clientState = 3
2022/06/17 14:38:37 mqttClient.clientStatus.clientState = 3
2022/06/17 14:38:39 mqttClient.clientStatus.clientState = 3
2022/06/17 14:38:40 mqttClient.clientStatus.clientState = 3
2022/06/17 14:38:41 mqttClient.clientStatus.clientState = 3
2022/06/17 14:38:42 mqttClient.clientStatus.clientState = 3
2022/06/17 14:38:44 mqttClient.clientStatus.clientState = 3
2022/06/17 14:38:45 mqttClient.clientStatus.clientState = 3
2022/06/17 14:38:46 mqttClient.clientStatus.clientState = 3
2022/06/17 14:38:47 mqttClient.clientStatus.clientState = 3
2022/06/17 14:38:48 mqttClient.clientStatus.clientState = 3
2022/06/17 14:38:50 mqttClient.clientStatus.clientState = 3
2022/06/17 14:38:51 mqttClient.clientStatus.clientState = 3
2022/06/17 14:38:52 mqttClient.clientStatus.clientState = 3
2022/06/17 14:38:53 mqttClient.clientStatus.clientState = 3
2022/06/17 14:38:54 mqttClient.clientStatus.clientState = 3
2022/06/17 14:38:56 mqttClient.clientStatus.clientState = 3
2022/06/17 14:38:57 mqttClient.clientStatus.clientState = 3
2022/06/17 14:38:58 mqttClient.clientStatus.clientState = 3
2022/06/17 14:38:59 mqttClient.clientStatus.clientState = 3
2022/06/17 14:39:01 mqttClient.clientStatus.clientState = 3
2022/06/17 14:39:02 mqttClient.clientStatus.clientState = 3
2022/06/17 14:39:03 mqttClient.clientStatus.clientState = 3
2022/06/17 14:39:04 mqttClient.clientStatus.clientState = 3
2022/06/17 14:39:05 mqttClient.clientStatus.clientState = 3
2022/06/17 14:39:07 mqttClient.clientStatus.clientState = 3
2022/06/17 14:39:08 mqttClient.clientStatus.clientState = 3
2022/06/17 14:39:09 mqttClient.clientStatus.clientState = 3
2022/06/17 14:39:10 mqttClient.clientStatus.clientState = 3
2022/06/17 14:39:11 mqttClient.clientStatus.clientState = 3
2022/06/17 14:39:13 mqttClient.clientStatus.clientState = 3
2022/06/17 14:39:14 mqttClient.clientStatus.clientState = 3
2022/06/17 14:39:15 mqttClient.clientStatus.clientState = 3
2022/06/17 14:39:16 mqttClient.clientStatus.clientState = 3
2022/06/17 14:39:18 mqttClient.clientStatus.clientState = 3
2022/06/17 14:39:19 mqttClient.clientStatus.clientState = 3
2022/06/17 14:39:20 mqttClient.clientStatus.clientState = 3
2022/06/17 14:39:21 mqttClient.clientStatus.clientState = 3
2022/06/17 14:39:22 mqttClient.clientStatus.clientState = 3
2022/06/17 14:39:24 mqttClient.clientStatus.clientState = 3
2022/06/17 14:39:25 mqttClient.clientStatus.clientState = 3
2022/06/17 14:39:26 mqttClient.clientStatus.clientState = 3
2022/06/17 14:39:27 mqttClient.clientStatus.clientState = 3
2022/06/17 14:39:28 mqttClient.clientStatus.clientState = 3
2022/06/17 14:39:30 mqttClient.clientStatus.clientState = 3
2022/06/17 14:39:31 mqttClient.clientStatus.clientState = 3
2022/06/17 14:39:32 mqttClient.clientStatus.clientState = 3
2022/06/17 14:39:33 mqttClient.clientStatus.clientState = 3
2022/06/17 14:39:35 mqttClient.clientStatus.clientState = 3
2022/06/17 14:39:36 mqttClient.clientStatus.clientState = 3
2022/06/17 14:39:37 mqttClient.clientStatus.clientState = 3
2022/06/17 14:39:38 mqttClient.clientStatus.clientState = 3
2022/06/17 14:39:39 mqttClient.clientStatus.clientState = 3
2022/06/17 14:39:41 mqttClient.clientStatus.clientState = 3
2022/06/17 14:39:42 mqttClient.clientStatus.clientState = 3
2022/06/17 14:39:43 mqttClient.clientStatus.clientState = 3
2022/06/17 14:39:44 mqttClient.clientStatus.clientState = 3
2022/06/17 14:39:45 mqttClient.clientStatus.clientState = 3
2022/06/17 14:39:47 mqttClient.clientStatus.clientState = 3
2022/06/17 14:39:48 mqttClient.clientStatus.clientState = 3
2022/06/17 14:39:49 mqttClient.clientStatus.clientState = 3
2022/06/17 14:39:50 mqttClient.clientStatus.clientState = 3
2022/06/17 14:39:52 mqttClient.clientStatus.clientState = 3
2022/06/17 14:39:53 mqttClient.clientStatus.clientState = 3
2022/06/17 14:39:54 mqttClient.clientStatus.clientState = 3
2022/06/17 14:39:55 mqttClient.clientStatus.clientState = 3
2022/06/17 14:39:56 mqttClient.clientStatus.clientState = 3
2022/06/17 14:39:58 mqttClient.clientStatus.clientState = 3
2022/06/17 14:39:59 mqttClient.clientStatus.clientState = 3
2022/06/17 14:40:00 mqttClient.clientStatus.clientState = 3
2022/06/17 14:40:01 mqttClient.clientStatus.clientState = 3
2022/06/17 14:40:02 mqttClient.clientStatus.clientState = 3
2022/06/17 14:40:04 mqttClient.clientStatus.clientState = 3
2022/06/17 14:40:05 mqttClient.clientStatus.clientState = 3
2022/06/17 14:40:06 mqttClient.clientStatus.clientState = 3
2022/06/17 14:40:07 mqttClient.clientStatus.clientState = 3
2022/06/17 14:40:09 mqttClient.clientStatus.clientState = 3
2022/06/17 14:40:10 mqttClient.clientStatus.clientState = 3
2022/06/17 14:40:11 mqttClient.clientStatus.clientState = 3
2022/06/17 14:40:12 mqttClient.clientStatus.clientState = 3
2022/06/17 14:40:13 mqttClient.clientStatus.clientState = 3
2022/06/17 14:40:15 mqttClient.clientStatus.clientState = 3
2022/06/17 14:40:16 mqttClient.clientStatus.clientState = 3
2022/06/17 14:40:17 mqttClient.clientStatus.clientState = 3
2022/06/17 14:40:18 mqttClient.clientStatus.clientState = 3
2022/06/17 14:40:19 mqttClient.clientStatus.clientState = 3
2022/06/17 14:40:21 mqttClient.clientStatus.clientState = 3
2022/06/17 14:40:22 mqttClient.clientStatus.clientState = 3
2022/06/17 14:40:23 mqttClient.clientStatus.clientState = 3
2022/06/17 14:40:24 mqttClient.clientStatus.clientState = 3
2022/06/17 14:40:26 mqttClient.clientStatus.clientState = 3
2022/06/17 14:40:27 mqttClient.clientStatus.clientState = 3
2022/06/17 14:40:28 mqttClient.clientStatus.clientState = 3
2022/06/17 14:40:29 mqttClient.clientStatus.clientState = 3
2022/06/17 14:40:30 mqttClient.clientStatus.clientState = 3
2022/06/17 14:40:32 mqttClient.clientStatus.clientState = 3
2022/06/17 14:40:33 mqttClient.clientStatus.clientState = 3
2022/06/17 14:40:34 mqttClient.clientStatus.clientState = 3
2022/06/17 14:40:35 mqttClient.clientStatus.clientState = 3
2022/06/17 14:40:36 mqttClient.clientStatus.clientState = 3
2022/06/17 14:40:38 mqttClient.clientStatus.clientState = 3
2022/06/17 14:40:39 mqttClient.clientStatus.clientState = 3
2022/06/17 14:40:40 mqttClient.clientStatus.clientState = 3
2022/06/17 14:40:41 mqttClient.clientStatus.clientState = 3
2022/06/17 14:40:43 mqttClient.clientStatus.clientState = 3
2022/06/17 14:40:44 mqttClient.clientStatus.clientState = 3
2022/06/17 14:40:45 mqttClient.clientStatus.clientState = 3
2022/06/17 14:40:46 mqttClient.clientStatus.clientState = 3
2022/06/17 14:40:47 mqttClient.clientStatus.clientState = 3
2022/06/17 14:40:49 mqttClient.clientStatus.clientState = 3
2022/06/17 14:40:50 mqttClient.clientStatus.clientState = 3
2022/06/17 14:40:51 mqttClient.clientStatus.clientState = 3
2022/06/17 14:40:52 mqttClient.clientStatus.clientState = 3
2022/06/17 14:40:53 mqttClient.clientStatus.clientState = 3
2022/06/17 14:40:55 mqttClient.clientStatus.clientState = 3
2022/06/17 14:40:56 mqttClient.clientStatus.clientState = 3
2022/06/17 14:40:57 mqttClient.clientStatus.clientState = 3
2022/06/17 14:40:58 mqttClient.clientStatus.clientState = 3
2022/06/17 14:41:00 mqttClient.clientStatus.clientState = 3
2022/06/17 14:41:01 mqttClient.clientStatus.clientState = 3
2022/06/17 14:41:02 mqttClient.clientStatus.clientState = 3
2022/06/17 14:41:03 mqttClient.clientStatus.clientState = 3
2022/06/17 14:41:04 mqttClient.clientStatus.clientState = 3
2022/06/17 14:41:06 mqttClient.clientStatus.clientState = 3
2022/06/17 14:41:07 mqttClient.clientStatus.clientState = 3
2022/06/17 14:41:08 mqttClient.clientStatus.clientState = 3
2022/06/17 14:41:09 mqttClient.clientStatus.clientState = 3
2022/06/17 14:41:10 mqttClient.clientStatus.clientState = 3
2022/06/17 14:41:12 mqttClient.clientStatus.clientState = 3
2022/06/17 14:41:13 mqttClient.clientStatus.clientState = 3
2022/06/17 14:41:14 mqttClient.clientStatus.clientState = 3
2022/06/17 14:41:15 mqttClient.clientStatus.clientState = 3
2022/06/17 14:41:17 mqttClient.clientStatus.clientState = 3
2022/06/17 14:41:18 mqttClient.clientStatus.clientState = 3
2022/06/17 14:41:19 mqttClient.clientStatus.clientState = 3
2022/06/17 14:41:20 mqttClient.clientStatus.clientState = 3
2022/06/17 14:41:21 mqttClient.clientStatus.clientState = 3
2022/06/17 14:41:23 mqttClient.clientStatus.clientState = 3
2022/06/17 14:41:24 mqttClient.clientStatus.clientState = 3
2022/06/17 14:41:25 mqttClient.clientStatus.clientState = 3
2022/06/17 14:41:26 mqttClient.clientStatus.clientState = 3
2022/06/17 14:41:27 mqttClient.clientStatus.clientState = 3
2022/06/17 14:41:29 mqttClient.clientStatus.clientState = 3
2022/06/17 14:41:30 mqttClient.clientStatus.clientState = 3
2022/06/17 14:41:31 mqttClient.clientStatus.clientState = 3
2022/06/17 14:41:32 mqttClient.clientStatus.clientState = 3
2022/06/17 14:41:34 mqttClient.clientStatus.clientState = 3
2022/06/17 14:41:35 mqttClient.clientStatus.clientState = 3
2022/06/17 14:41:36 mqttClient.clientStatus.clientState = 3
2022/06/17 14:41:37 mqttClient.clientStatus.clientState = 3
2022/06/17 14:41:38 mqttClient.clientStatus.clientState = 3
2022/06/17 14:41:40 mqttClient.clientStatus.clientState = 3
2022/06/17 14:41:41 mqttClient.clientStatus.clientState = 3
2022/06/17 14:41:42 mqttClient.clientStatus.clientState = 3
2022/06/17 14:41:43 mqttClient.clientStatus.clientState = 3
2022/06/17 14:41:44 mqttClient.clientStatus.clientState = 3
2022/06/17 14:41:46 mqttClient.clientStatus.clientState = 3
2022/06/17 14:41:47 mqttClient.clientStatus.clientState = 3
2022/06/17 14:41:48 mqttClient.clientStatus.clientState = 3
2022/06/17 14:41:49 mqttClient.clientStatus.clientState = 3
2022/06/17 14:41:51 mqttClient.clientStatus.clientState = 3
2022/06/17 14:41:52 mqttClient.clientStatus.clientState = 3
2022/06/17 14:41:53 mqttClient.clientStatus.clientState = 3
2022/06/17 14:41:54 mqttClient.clientStatus.clientState = 3
2022/06/17 14:41:55 mqttClient.clientStatus.clientState = 3
2022/06/17 14:41:57 mqttClient.clientStatus.clientState = 3
2022/06/17 14:41:58 mqttClient.clientStatus.clientState = 3
2022/06/17 14:41:59 mqttClient.clientStatus.clientState = 3
2022/06/17 14:42:00 mqttClient.clientStatus.clientState = 3
2022/06/17 14:42:01 mqttClient.clientStatus.clientState = 3
2022/06/17 14:42:03 mqttClient.clientStatus.clientState = 3
2022/06/17 14:42:04 mqttClient.clientStatus.clientState = 3
2022/06/17 14:42:05 mqttClient.clientStatus.clientState = 3
2022/06/17 14:42:06 mqttClient.clientStatus.clientState = 3
2022/06/17 14:42:08 mqttClient.clientStatus.clientState = 3
2022/06/17 14:42:09 mqttClient.clientStatus.clientState = 3
2022/06/17 14:42:10 mqttClient.clientStatus.clientState = 3
2022/06/17 14:42:11 mqttClient.clientStatus.clientState = 3
2022/06/17 14:42:12 mqttClient.clientStatus.clientState = 3
2022/06/17 14:42:14 mqttClient.clientStatus.clientState = 3
2022/06/17 14:42:15 mqttClient.clientStatus.clientState = 3
2022/06/17 14:42:16 mqttClient.clientStatus.clientState = 3
2022/06/17 14:42:17 mqttClient.clientStatus.clientState = 3
2022/06/17 14:42:19 mqttClient.clientStatus.clientState = 3
2022/06/17 14:42:20 mqttClient.clientStatus.clientState = 3
2022/06/17 14:42:21 mqttClient.clientStatus.clientState = 3
2022/06/17 14:42:22 mqttClient.clientStatus.clientState = 3
2022/06/17 14:42:23 mqttClient.clientStatus.clientState = 3
2022/06/17 14:42:25 mqttClient.clientStatus.clientState = 3
2022/06/17 14:42:26 mqttClient.clientStatus.clientState = 3
2022/06/17 14:42:27 mqttClient.clientStatus.clientState = 3
2022/06/17 14:42:28 mqttClient.clientStatus.clientState = 3
2022/06/17 14:42:29 mqttClient.clientStatus.clientState = 3
2022/06/17 14:42:31 mqttClient.clientStatus.clientState = 3
2022/06/17 14:42:32 mqttClient.clientStatus.clientState = 3
2022/06/17 14:42:33 mqttClient.clientStatus.clientState = 3
2022/06/17 14:42:34 mqttClient.clientStatus.clientState = 3
2022/06/17 14:42:35 mqttClient.clientStatus.clientState = 3
2022/06/17 14:42:37 mqttClient.clientStatus.clientState = 3
2022/06/17 14:42:38 mqttClient.clientStatus.clientState = 3
2022/06/17 14:42:39 mqttClient.clientStatus.clientState = 3
2022/06/17 14:42:40 mqttClient.clientStatus.clientState = 3
2022/06/17 14:42:42 mqttClient.clientStatus.clientState = 3
2022/06/17 14:42:43 mqttClient.clientStatus.clientState = 3
2022/06/17 14:42:44 mqttClient.clientStatus.clientState = 3
2022/06/17 14:42:45 mqttClient.clientStatus.clientState = 3
2022/06/17 14:42:46 mqttClient.clientStatus.clientState = 3
2022/06/17 14:42:48 mqttClient.clientStatus.clientState = 3
2022/06/17 14:42:49 mqttClient.clientStatus.clientState = 3
2022/06/17 14:42:50 mqttClient.clientStatus.clientState = 3
2022/06/17 14:42:51 mqttClient.clientStatus.clientState = 3
2022/06/17 14:42:53 mqttClient.clientStatus.clientState = 3
2022/06/17 14:42:54 mqttClient.clientStatus.clientState = 3
2022/06/17 14:42:55 mqttClient.clientStatus.clientState = 3
2022/06/17 14:42:56 mqttClient.clientStatus.clientState = 3
2022/06/17 14:42:57 mqttClient.clientStatus.clientState = 3
2022/06/17 14:42:59 mqttClient.clientStatus.clientState = 3
2022/06/17 14:43:00 mqttClient.clientStatus.clientState = 3
2022/06/17 14:43:01 mqttClient.clientStatus.clientState = 3
2022/06/17 14:43:02 mqttClient.clientStatus.clientState = 3
2022/06/17 14:43:03 mqttClient.clientStatus.clientState = 3
2022/06/17 14:43:05 mqttClient.clientStatus.clientState = 3
2022/06/17 14:43:06 mqttClient.clientStatus.clientState = 3
2022/06/17 14:43:07 mqttClient.clientStatus.clientState = 3
2022/06/17 14:43:08 mqttClient.clientStatus.clientState = 3
2022/06/17 14:43:10 mqttClient.clientStatus.clientState = 3
2022/06/17 14:43:11 mqttClient.clientStatus.clientState = 3
2022/06/17 14:43:12 mqttClient.clientStatus.clientState = 3
2022/06/17 14:43:13 mqttClient.clientStatus.clientState = 3
2022/06/17 14:43:14 mqttClient.clientStatus.clientState = 3
2022/06/17 14:43:16 mqttClient.clientStatus.clientState = 3
2022/06/17 14:43:17 mqttClient.clientStatus.clientState = 3
2022/06/17 14:43:18 mqttClient.clientStatus.clientState = 3
2022/06/17 14:43:19 mqttClient.clientStatus.clientState = 3
2022/06/17 14:43:20 mqttClient.clientStatus.clientState = 3
2022/06/17 14:43:22 mqttClient.clientStatus.clientState = 3
2022/06/17 14:43:23 mqttClient.clientStatus.clientState = 3
2022/06/17 14:43:24 mqttClient.clientStatus.clientState = 3
2022/06/17 14:43:25 mqttClient.clientStatus.clientState = 3
2022/06/17 14:43:27 mqttClient.clientStatus.clientState = 3
2022/06/17 14:43:28 mqttClient.clientStatus.clientState = 3
2022/06/17 14:43:29 mqttClient.clientStatus.clientState = 3
2022/06/17 14:43:30 mqttClient.clientStatus.clientState = 3
2022/06/17 14:43:31 mqttClient.clientStatus.clientState = 3
2022/06/17 14:43:33 mqttClient.clientStatus.clientState = 3
2022/06/17 14:43:34 mqttClient.clientStatus.clientState = 3
2022/06/17 14:43:35 mqttClient.clientStatus.clientState = 3
2022/06/17 14:43:36 mqttClient.clientStatus.clientState = 3
2022/06/17 14:43:37 mqttClient.clientStatus.clientState = 3
2022/06/17 14:43:39 mqttClient.clientStatus.clientState = 3
2022/06/17 14:43:40 mqttClient.clientStatus.clientState = 3
2022/06/17 14:43:41 mqttClient.clientStatus.clientState = 3
2022/06/17 14:43:42 mqttClient.clientStatus.clientState = 3
2022/06/17 14:43:44 mqttClient.clientStatus.clientState = 3
2022/06/17 14:43:45 mqttClient.clientStatus.clientState = 3
2022/06/17 14:43:46 mqttClient.clientStatus.clientState = 3
2022/06/17 14:43:47 mqttClient.clientStatus.clientState = 3
2022/06/17 14:43:48 mqttClient.clientStatus.clientState = 3
2022/06/17 14:43:50 mqttClient.clientStatus.clientState = 3
2022/06/17 14:43:51 mqttClient.clientStatus.clientState = 3
2022/06/17 14:43:52 mqttClient.clientStatus.clientState = 3
2022/06/17 14:43:53 mqttClient.clientStatus.clientState = 3
2022/06/17 14:43:54 mqttClient.clientStatus.clientState = 3
2022/06/17 14:43:56 mqttClient.clientStatus.clientState = 3
2022/06/17 14:43:57 mqttClient.clientStatus.clientState = 3
2022/06/17 14:43:58 mqttClient.clientStatus.clientState = 3
2022/06/17 14:43:59 mqttClient.clientStatus.clientState = 3
2022/06/17 14:44:01 mqttClient.clientStatus.clientState = 3
2022/06/17 14:44:02 mqttClient.clientStatus.clientState = 3
2022/06/17 14:44:03 mqttClient.clientStatus.clientState = 3
2022/06/17 14:44:04 mqttClient.clientStatus.clientState = 3
2022/06/17 14:44:05 mqttClient.clientStatus.clientState = 3
2022/06/17 14:44:07 mqttClient.clientStatus.clientState = 3
2022/06/17 14:44:08 mqttClient.clientStatus.clientState = 3
2022/06/17 14:44:09 mqttClient.clientStatus.clientState = 3
2022/06/17 14:44:10 mqttClient.clientStatus.clientState = 3
2022/06/17 14:44:11 mqttClient.clientStatus.clientState = 3
2022/06/17 14:44:13 mqttClient.clientStatus.clientState = 3
2022/06/17 14:44:14 mqttClient.clientStatus.clientState = 3
2022/06/17 14:44:15 mqttClient.clientStatus.clientState = 3
2022/06/17 14:44:16 mqttClient.clientStatus.clientState = 3
2022/06/17 14:44:18 mqttClient.clientStatus.clientState = 3
2022/06/17 14:44:19 mqttClient.clientStatus.clientState = 3
2022/06/17 14:44:20 mqttClient.clientStatus.clientState = 3
2022/06/17 14:44:21 mqttClient.clientStatus.clientState = 3
2022/06/17 14:44:22 mqttClient.clientStatus.clientState = 3
2022/06/17 14:44:24 mqttClient.clientStatus.clientState = 3
2022/06/17 14:44:25 mqttClient.clientStatus.clientState = 3
2022/06/17 14:44:26 mqttClient.clientStatus.clientState = 3
2022/06/17 14:44:27 mqttClient.clientStatus.clientState = 3
2022/06/17 14:44:28 mqttClient.clientStatus.clientState = 3
2022/06/17 14:44:30 mqttClient.clientStatus.clientState = 3
2022/06/17 14:44:31 mqttClient.clientStatus.clientState = 3
2022/06/17 14:44:32 mqttClient.clientStatus.clientState = 3
2022/06/17 14:44:33 mqttClient.clientStatus.clientState = 3
2022/06/17 14:44:35 mqttClient.clientStatus.clientState = 3
2022/06/17 14:44:36 mqttClient.clientStatus.clientState = 3
2022/06/17 14:44:37 mqttClient.clientStatus.clientState = 3
2022/06/17 14:44:38 mqttClient.clientStatus.clientState = 3
2022/06/17 14:44:39 mqttClient.clientStatus.clientState = 3
2022/06/17 14:44:41 mqttClient.clientStatus.clientState = 3
2022/06/17 14:44:42 mqttClient.clientStatus.clientState = 3
2022/06/17 14:44:43 mqttClient.clientStatus.clientState = 3
2022/06/17 14:44:44 mqttClient.clientStatus.clientState = 3
2022/06/17 14:44:45 mqttClient.clientStatus.clientState = 3
2022/06/17 14:44:47 mqttClient.clientStatus.clientState = 3
2022/06/17 14:44:48 mqttClient.clientStatus.clientState = 3
2022/06/17 14:44:49 mqttClient.clientStatus.clientState = 3
2022/06/17 14:44:50 mqttClient.clientStatus.clientState = 3
2022/06/17 14:44:52 mqttClient.clientStatus.clientState = 3
2022/06/17 14:44:53 mqttClient.clientStatus.clientState = 3
2022/06/17 14:44:54 mqttClient.clientStatus.clientState = 3
2022/06/17 14:44:55 mqttClient.clientStatus.clientState = 3
2022/06/17 14:44:56 mqttClient.clientStatus.clientState = 3
2022/06/17 14:44:58 mqttClient.clientStatus.clientState = 3
2022/06/17 14:44:59 mqttClient.clientStatus.clientState = 3
2022/06/17 14:45:00 mqttClient.clientStatus.clientState = 3
2022/06/17 14:45:01 mqttClient.clientStatus.clientState = 3
2022/06/17 14:45:02 mqttClient.clientStatus.clientState = 3
2022/06/17 14:45:04 mqttClient.clientStatus.clientState = 3
2022/06/17 14:45:05 mqttClient.clientStatus.clientState = 3
2022/06/17 14:45:06 mqttClient.clientStatus.clientState = 3
2022/06/17 14:45:07 mqttClient.clientStatus.clientState = 3
2022/06/17 14:45:09 mqttClient.clientStatus.clientState = 3
2022/06/17 14:45:10 mqttClient.clientStatus.clientState = 3
2022/06/17 14:45:11 mqttClient.clientStatus.clientState = 3
2022/06/17 14:45:12 mqttClient.clientStatus.clientState = 3
2022/06/17 14:45:13 mqttClient.clientStatus.clientState = 3
2022/06/17 14:45:15 mqttClient.clientStatus.clientState = 3
2022/06/17 14:45:16 mqttClient.clientStatus.clientState = 3
2022/06/17 14:45:17 mqttClient.clientStatus.clientState = 3
2022/06/17 14:45:18 mqttClient.clientStatus.clientState = 3
2022/06/17 14:45:19 mqttClient.clientStatus.clientState = 3
2022/06/17 14:45:21 mqttClient.clientStatus.clientState = 3
2022/06/17 14:45:22 mqttClient.clientStatus.clientState = 3
2022/06/17 14:45:23 mqttClient.clientStatus.clientState = 3
2022/06/17 14:45:24 mqttClient.clientStatus.clientState = 3
2022/06/17 14:45:26 mqttClient.clientStatus.clientState = 3
2022/06/17 14:45:27 mqttClient.clientStatus.clientState = 3
2022/06/17 14:45:28 mqttClient.clientStatus.clientState = 3
2022/06/17 14:45:29 mqttClient.clientStatus.clientState = 3
2022/06/17 14:45:30 mqttClient.clientStatus.clientState = 3
2022/06/17 14:45:32 mqttClient.clientStatus.clientState = 3
2022/06/17 14:45:33 mqttClient.clientStatus.clientState = 3
2022/06/17 14:45:34 mqttClient.clientStatus.clientState = 3
2022/06/17 14:45:35 mqttClient.clientStatus.clientState = 3
2022/06/17 14:45:36 mqttClient.clientStatus.clientState = 3
2022/06/17 14:45:38 mqttClient.clientStatus.clientState = 3
2022/06/17 14:45:39 mqttClient.clientStatus.clientState = 3
2022/06/17 14:45:40 mqttClient.clientStatus.clientState = 3
2022/06/17 14:45:41 mqttClient.clientStatus.clientState = 3
2022/06/17 14:45:43 mqttClient.clientStatus.clientState = 3
2022/06/17 14:45:44 mqttClient.clientStatus.clientState = 3
2022/06/17 14:45:45 mqttClient.clientStatus.clientState = 3
2022/06/17 14:45:46 mqttClient.clientStatus.clientState = 3
2022/06/17 14:45:47 mqttClient.clientStatus.clientState = 3
2022/06/17 14:45:49 mqttClient.clientStatus.clientState = 3
2022/06/17 14:45:50 mqttClient.clientStatus.clientState = 3
2022/06/17 14:45:51 mqttClient.clientStatus.clientState = 3
2022/06/17 14:45:52 mqttClient.clientStatus.clientState = 3
2022/06/17 14:45:53 mqttClient.clientStatus.clientState = 3
2022/06/17 14:45:55 mqttClient.clientStatus.clientState = 3
2022/06/17 14:45:56 mqttClient.clientStatus.clientState = 3
2022/06/17 14:45:57 mqttClient.clientStatus.clientState = 3
2022/06/17 14:45:58 mqttClient.clientStatus.clientState = 3
2022/06/17 14:46:00 mqttClient.clientStatus.clientState = 3
2022/06/17 14:46:01 mqttClient.clientStatus.clientState = 3
2022/06/17 14:46:02 mqttClient.clientStatus.clientState = 3
2022/06/17 14:46:03 mqttClient.clientStatus.clientState = 3
2022/06/17 14:46:04 mqttClient.clientStatus.clientState = 3
2022/06/17 14:46:06 mqttClient.clientStatus.clientState = 3
2022/06/17 14:46:07 mqttClient.clientStatus.clientState = 3
2022/06/17 14:46:08 mqttClient.clientStatus.clientState = 3
2022/06/17 14:46:09 mqttClient.clientStatus.clientState = 3
2022/06/17 14:46:10 mqttClient.clientStatus.clientState = 3
2022/06/17 14:46:12 mqttClient.clientStatus.clientState = 3
2022/06/17 14:46:13 mqttClient.clientStatus.clientState = 3
2022/06/17 14:46:14 mqttClient.clientStatus.clientState = 3
2022/06/17 14:46:15 mqttClient.clientStatus.clientState = 3
2022/06/17 14:46:17 mqttClient.clientStatus.clientState = 3
2022/06/17 14:46:18 mqttClient.clientStatus.clientState = 3
2022/06/17 14:46:19 mqttClient.clientStatus.clientState = 3
2022/06/17 14:46:20 mqttClient.clientStatus.clientState = 3
2022/06/17 14:46:21 mqttClient.clientStatus.clientState = 3
2022/06/17 14:46:23 mqttClient.clientStatus.clientState = 3
2022/06/17 14:46:24 mqttClient.clientStatus.clientState = 3
2022/06/17 14:46:25 mqttClient.clientStatus.clientState = 3
2022/06/17 14:46:26 mqttClient.clientStatus.clientState = 3
2022/06/17 14:46:27 mqttClient.clientStatus.clientState = 3
2022/06/17 14:46:29 mqttClient.clientStatus.clientState = 3
2022/06/17 14:46:30 mqttClient.clientStatus.clientState = 3
2022/06/17 14:46:31 mqttClient.clientStatus.clientState = 3
2022/06/17 14:46:32 mqttClient.clientStatus.clientState = 3
2022/06/17 14:46:34 mqttClient.clientStatus.clientState = 3
2022/06/17 14:46:35 mqttClient.clientStatus.clientState = 3
2022/06/17 14:46:36 mqttClient.clientStatus.clientState = 3
2022/06/17 14:46:37 mqttClient.clientStatus.clientState = 3
2022/06/17 14:46:38 mqttClient.clientStatus.clientState = 3
2022/06/17 14:46:40 mqttClient.clientStatus.clientState = 3
2022/06/17 14:46:41 mqttClient.clientStatus.clientState = 3
2022/06/17 14:46:42 mqttClient.clientStatus.clientState = 3
2022/06/17 14:46:43 mqttClient.clientStatus.clientState = 3
2022/06/17 14:46:45 mqttClient.clientStatus.clientState = 3
2022/06/17 14:46:46 mqttClient.clientStatus.clientState = 3
2022/06/17 14:46:47 mqttClient.clientStatus.clientState = 3
2022/06/17 14:46:48 mqttClient.clientStatus.clientState = 3
2022/06/17 14:46:49 mqttClient.clientStatus.clientState = 3
2022/06/17 14:46:51 mqttClient.clientStatus.clientState = 3
2022/06/17 14:46:52 mqttClient.clientStatus.clientState = 3
2022/06/17 14:46:53 mqttClient.clientStatus.clientState = 3
2022/06/17 14:46:54 mqttClient.clientStatus.clientState = 3
2022/06/17 14:46:55 mqttClient.clientStatus.clientState = 3
2022/06/17 14:46:57 mqttClient.clientStatus.clientState = 3
2022/06/17 14:46:58 mqttClient.clientStatus.clientState = 3
2022/06/17 14:46:59 mqttClient.clientStatus.clientState = 3
2022/06/17 14:47:00 mqttClient.clientStatus.clientState = 3
2022/06/17 14:47:02 mqttClient.clientStatus.clientState = 3
2022/06/17 14:47:03 mqttClient.clientStatus.clientState = 3
2022/06/17 14:47:04 mqttClient.clientStatus.clientState = 3
2022/06/17 14:47:05 mqttClient.clientStatus.clientState = 3
2022/06/17 14:47:06 mqttClient.clientStatus.clientState = 3
2022/06/17 14:47:08 mqttClient.clientStatus.clientState = 3
2022/06/17 14:47:09 mqttClient.clientStatus.clientState = 3
2022/06/17 14:47:10 mqttClient.clientStatus.clientState = 3
2022/06/17 14:47:11 mqttClient.clientStatus.clientState = 3
2022/06/17 14:47:12 mqttClient.clientStatus.clientState = 3
2022/06/17 14:47:14 mqttClient.clientStatus.clientState = 3
2022/06/17 14:47:15 mqttClient.clientStatus.clientState = 3
2022/06/17 14:47:16 mqttClient.clientStatus.clientState = 3
2022/06/17 14:47:17 mqttClient.clientStatus.clientState = 3
2022/06/17 14:47:19 mqttClient.clientStatus.clientState = 3
2022/06/17 14:47:20 mqttClient.clientStatus.clientState = 3
2022/06/17 14:47:21 mqttClient.clientStatus.clientState = 3
2022/06/17 14:47:22 mqttClient.clientStatus.clientState = 3
2022/06/17 14:47:23 mqttClient.clientStatus.clientState = 3
2022/06/17 14:47:25 mqttClient.clientStatus.clientState = 3
2022/06/17 14:47:26 mqttClient.clientStatus.clientState = 3
2022/06/17 14:47:27 mqttClient.clientStatus.clientState = 3
2022/06/17 14:47:28 mqttClient.clientStatus.clientState = 3
2022/06/17 14:47:29 mqttClient.clientStatus.clientState = 3
2022/06/17 14:47:31 mqttClient.clientStatus.clientState = 3
2022/06/17 14:47:32 mqttClient.clientStatus.clientState = 3
2022/06/17 14:47:33 mqttClient.clientStatus.clientState = 3
2022/06/17 14:47:34 mqttClient.clientStatus.clientState = 3
2022/06/17 14:47:36 mqttClient.clientStatus.clientState = 3
2022/06/17 14:47:37 mqttClient.clientStatus.clientState = 3
2022/06/17 14:47:38 mqttClient.clientStatus.clientState = 3
2022/06/17 14:47:39 mqttClient.clientStatus.clientState = 3
2022/06/17 14:47:40 mqttClient.clientStatus.clientState = 3
2022/06/17 14:47:42 mqttClient.clientStatus.clientState = 3
2022/06/17 14:47:43 mqttClient.clientStatus.clientState = 3
2022/06/17 14:47:44 mqttClient.clientStatus.clientState = 3
2022/06/17 14:47:45 mqttClient.clientStatus.clientState = 3
2022/06/17 14:47:46 mqttClient.clientStatus.clientState = 3
2022/06/17 14:47:48 mqttClient.clientStatus.clientState = 3
2022/06/17 14:47:49 mqttClient.clientStatus.clientState = 3
2022/06/17 14:47:50 mqttClient.clientStatus.clientState = 3
2022/06/17 14:47:51 mqttClient.clientStatus.clientState = 3
2022/06/17 14:47:53 mqttClient.clientStatus.clientState = 3
2022/06/17 14:47:54 mqttClient.clientStatus.clientState = 3
2022/06/17 14:47:55 mqttClient.clientStatus.clientState = 3
2022/06/17 14:47:56 mqttClient.clientStatus.clientState = 3
2022/06/17 14:47:57 mqttClient.clientStatus.clientState = 3
2022/06/17 14:47:59 mqttClient.clientStatus.clientState = 3
2022/06/17 14:48:00 mqttClient.clientStatus.clientState = 3
2022/06/17 14:48:01 mqttClient.clientStatus.clientState = 3
2022/06/17 14:48:02 mqttClient.clientStatus.clientState = 3
2022/06/17 14:48:03 mqttClient.clientStatus.clientState = 3
2022/06/17 14:48:05 mqttClient.clientStatus.clientState = 3
2022/06/17 14:48:06 mqttClient.clientStatus.clientState = 3
2022/06/17 14:48:07 mqttClient.clientStatus.clientState = 3
2022/06/17 14:48:08 mqttClient.clientStatus.clientState = 3
2022/06/17 14:48:10 mqttClient.clientStatus.clientState = 3
2022/06/17 14:48:11 mqttClient.clientStatus.clientState = 3
2022/06/17 14:48:12 mqttClient.clientStatus.clientState = 3
2022/06/17 14:48:13 mqttClient.clientStatus.clientState = 3
2022/06/17 14:48:14 mqttClient.clientStatus.clientState = 3
2022/06/17 14:48:16 mqttClient.clientStatus.clientState = 3
2022/06/17 14:48:17 mqttClient.clientStatus.clientState = 3
2022/06/17 14:48:18 mqttClient.clientStatus.clientState = 3
2022/06/17 14:48:19 mqttClient.clientStatus.clientState = 3
2022/06/17 14:48:20 mqttClient.clientStatus.clientState = 3
2022/06/17 14:48:22 mqttClient.clientStatus.clientState = 3
2022/06/17 14:48:23 mqttClient.clientStatus.clientState = 3
2022/06/17 14:48:24 mqttClient.clientStatus.clientState = 3
2022/06/17 14:48:25 mqttClient.clientStatus.clientState = 3
2022/06/17 14:48:27 mqttClient.clientStatus.clientState = 3
2022/06/17 14:48:28 mqttClient.clientStatus.clientState = 3
2022/06/17 14:48:29 mqttClient.clientStatus.clientState = 3
2022/06/17 14:48:30 mqttClient.clientStatus.clientState = 3
2022/06/17 14:48:31 mqttClient.clientStatus.clientState = 3
2022/06/17 14:48:33 mqttClient.clientStatus.clientState = 3
2022/06/17 14:48:34 mqttClient.clientStatus.clientState = 3
2022/06/17 14:48:35 mqttClient.clientStatus.clientState = 3
2022/06/17 14:48:36 mqttClient.clientStatus.clientState = 3
2022/06/17 14:48:37 mqttClient.clientStatus.clientState = 3
2022/06/17 14:48:39 mqttClient.clientStatus.clientState = 3
2022/06/17 14:48:40 mqttClient.clientStatus.clientState = 3
2022/06/17 14:48:41 mqttClient.clientStatus.clientState = 3
2022/06/17 14:48:42 mqttClient.clientStatus.clientState = 3
2022/06/17 14:48:44 mqttClient.clientStatus.clientState = 3
2022/06/17 14:48:45 mqttClient.clientStatus.clientState = 3
2022/06/17 14:48:46 mqttClient.clientStatus.clientState = 3
2022/06/17 14:48:47 mqttClient.clientStatus.clientState = 3
2022/06/17 14:48:48 mqttClient.clientStatus.clientState = 3
2022/06/17 14:48:50 mqttClient.clientStatus.clientState = 3
2022/06/17 14:48:51 mqttClient.clientStatus.clientState = 3
2022/06/17 14:48:52 mqttClient.clientStatus.clientState = 3
2022/06/17 14:48:53 mqttClient.clientStatus.clientState = 3
2022/06/17 14:48:54 mqttClient.clientStatus.clientState = 3
2022/06/17 14:48:56 mqttClient.clientStatus.clientState = 3
2022/06/17 14:48:57 mqttClient.clientStatus.clientState = 3
2022/06/17 14:48:58 mqttClient.clientStatus.clientState = 3
2022/06/17 14:48:59 mqttClient.clientStatus.clientState = 3
2022/06/17 14:49:01 mqttClient.clientStatus.clientState = 3
2022/06/17 14:49:02 mqttClient.clientStatus.clientState = 3
2022/06/17 14:49:03 mqttClient.clientStatus.clientState = 3
2022/06/17 14:49:04 mqttClient.clientStatus.clientState = 3
2022/06/17 14:49:05 mqttClient.clientStatus.clientState = 3
2022/06/17 14:49:07 mqttClient.clientStatus.clientState = 3
2022/06/17 14:49:08 mqttClient.clientStatus.clientState = 3
2022/06/17 14:49:09 mqttClient.clientStatus.clientState = 3
2022/06/17 14:49:10 mqttClient.clientStatus.clientState = 3
2022/06/17 14:49:11 mqttClient.clientStatus.clientState = 3
2022/06/17 14:49:13 mqttClient.clientStatus.clientState = 3
2022/06/17 14:49:14 mqttClient.clientStatus.clientState = 3
2022/06/17 14:49:15 mqttClient.clientStatus.clientState = 3
2022/06/17 14:49:16 mqttClient.clientStatus.clientState = 3
2022/06/17 14:49:18 mqttClient.clientStatus.clientState = 3
2022/06/17 14:49:19 mqttClient.clientStatus.clientState = 3
2022/06/17 14:49:20 mqttClient.clientStatus.clientState = 3
2022/06/17 14:49:21 mqttClient.clientStatus.clientState = 3
2022/06/17 14:49:22 mqttClient.clientStatus.clientState = 3
2022/06/17 14:49:24 mqttClient.clientStatus.clientState = 3
2022/06/17 14:49:25 mqttClient.clientStatus.clientState = 3
2022/06/17 14:49:26 mqttClient.clientStatus.clientState = 3
2022/06/17 14:49:27 mqttClient.clientStatus.clientState = 3
2022/06/17 14:49:28 mqttClient.clientStatus.clientState = 3
2022/06/17 14:49:30 mqttClient.clientStatus.clientState = 3
2022/06/17 14:49:31 mqttClient.clientStatus.clientState = 3
2022/06/17 14:49:32 mqttClient.clientStatus.clientState = 3
2022/06/17 14:49:33 mqttClient.clientStatus.clientState = 3
2022/06/17 14:49:35 mqttClient.clientStatus.clientState = 3
2022/06/17 14:49:36 mqttClient.clientStatus.clientState = 3
2022/06/17 14:49:37 mqttClient.clientStatus.clientState = 3
2022/06/17 14:49:38 mqttClient.clientStatus.clientState = 3
2022/06/17 14:49:39 mqttClient.clientStatus.clientState = 3
2022/06/17 14:49:41 mqttClient.clientStatus.clientState = 3
2022/06/17 14:49:42 mqttClient.clientStatus.clientState = 3
2022/06/17 14:49:43 mqttClient.clientStatus.clientState = 3
2022/06/17 14:49:44 mqttClient.clientStatus.clientState = 3
2022/06/17 14:49:45 mqttClient.clientStatus.clientState = 3
2022/06/17 14:49:47 mqttClient.clientStatus.clientState = 3
2022/06/17 14:49:48 mqttClient.clientStatus.clientState = 3
2022/06/17 14:49:49 mqttClient.clientStatus.clientState = 3
2022/06/17 14:49:50 mqttClient.clientStatus.clientState = 3
2022/06/17 14:49:52 mqttClient.clientStatus.clientState = 3
2022/06/17 14:49:53 mqttClient.clientStatus.clientState = 3
2022/06/17 14:49:54 mqttClient.clientStatus.clientState = 3
2022/06/17 14:49:55 mqttClient.clientStatus.clientState = 3
2022/06/17 14:49:56 mqttClient.clientStatus.clientState = 3
2022/06/17 14:49:58 mqttClient.clientStatus.clientState = 3
2022/06/17 14:49:59 mqttClient.clientStatus.clientState = 3
2022/06/17 14:50:00 mqttClient.clientStatus.clientState = 3
2022/06/17 14:50:01 mqttClient.clientStatus.clientState = 3
2022/06/17 14:50:03 mqttClient.clientStatus.clientState = 3
2022/06/17 14:50:04 mqttClient.clientStatus.clientState = 3
2022/06/17 14:50:05 mqttClient.clientStatus.clientState = 3
2022/06/17 14:50:06 mqttClient.clientStatus.clientState = 3
2022/06/17 14:50:07 mqttClient.clientStatus.clientState = 3
2022/06/17 14:50:09 mqttClient.clientStatus.clientState = 3
2022/06/17 14:50:10 mqttClient.clientStatus.clientState = 3
2022/06/17 14:50:11 mqttClient.clientStatus.clientState = 3
2022/06/17 14:50:12 mqttClient.clientStatus.clientState = 3
2022/06/17 14:50:13 mqttClient.clientStatus.clientState = 3
2022/06/17 14:50:15 mqttClient.clientStatus.clientState = 3
2022/06/17 14:50:16 mqttClient.clientStatus.clientState = 3
2022/06/17 14:50:17 mqttClient.clientStatus.clientState = 3
2022/06/17 14:50:18 mqttClient.clientStatus.clientState = 3
2022/06/17 14:50:20 mqttClient.clientStatus.clientState = 3
2022/06/17 14:50:21 mqttClient.clientStatus.clientState = 3
2022/06/17 14:50:22 mqttClient.clientStatus.clientState = 3
2022/06/17 14:50:23 mqttClient.clientStatus.clientState = 3
2022/06/17 14:50:24 mqttClient.clientStatus.clientState = 3
2022/06/17 14:50:26 mqttClient.clientStatus.clientState = 3
2022/06/17 14:50:27 mqttClient.clientStatus.clientState = 3
2022/06/17 14:50:28 mqttClient.clientStatus.clientState = 3
2022/06/17 14:50:29 mqttClient.clientStatus.clientState = 3
2022/06/17 14:50:30 mqttClient.clientStatus.clientState = 3
2022/06/17 14:50:32 mqttClient.clientStatus.clientState = 3
2022/06/17 14:50:33 mqttClient.clientStatus.clientState = 3
2022/06/17 14:50:34 mqttClient.clientStatus.clientState = 3
2022/06/17 14:50:35 mqttClient.clientStatus.clientState = 3
2022/06/17 14:50:37 mqttClient.clientStatus.clientState = 3
2022/06/17 14:50:38 mqttClient.clientStatus.clientState = 3
2022/06/17 14:50:39 mqttClient.clientStatus.clientState = 3
2022/06/17 14:50:40 mqttClient.clientStatus.clientState = 3
2022/06/17 14:50:41 mqttClient.clientStatus.clientState = 3
2022/06/17 14:50:43 mqttClient.clientStatus.clientState = 3
2022/06/17 14:50:44 mqttClient.clientStatus.clientState = 3
2022/06/17 14:50:45 mqttClient.clientStatus.clientState = 3
2022/06/17 14:50:46 mqttClient.clientStatus.clientState = 3
2022/06/17 14:50:47 mqttClient.clientStatus.clientState = 3
2022/06/17 14:50:49 mqttClient.clientStatus.clientState = 3
2022/06/17 14:50:50 mqttClient.clientStatus.clientState = 3
2022/06/17 14:50:51 mqttClient.clientStatus.clientState = 3
2022/06/17 14:50:52 mqttClient.clientStatus.clientState = 3
2022/06/17 14:50:54 mqttClient.clientStatus.clientState = 3
2022/06/17 14:50:55 mqttClient.clientStatus.clientState = 3
2022/06/17 14:50:56 mqttClient.clientStatus.clientState = 3
2022/06/17 14:50:57 mqttClient.clientStatus.clientState = 3
2022/06/17 14:50:58 mqttClient.clientStatus.clientState = 3
2022/06/17 14:51:00 mqttClient.clientStatus.clientState = 3
2022/06/17 14:51:01 mqttClient.clientStatus.clientState = 3
2022/06/17 14:51:02 mqttClient.clientStatus.clientState = 3
2022/06/17 14:51:03 mqttClient.clientStatus.clientState = 3
2022/06/17 14:51:04 mqttClient.clientStatus.clientState = 3
2022/06/17 14:51:06 mqttClient.clientStatus.clientState = 3
2022/06/17 14:51:07 mqttClient.clientStatus.clientState = 3
2022/06/17 14:51:08 mqttClient.clientStatus.clientState = 3
2022/06/17 14:51:09 mqttClient.clientStatus.clientState = 3
2022/06/17 14:51:11 mqttClient.clientStatus.clientState = 3
2022/06/17 14:51:12 mqttClient.clientStatus.clientState = 3
2022/06/17 14:51:13 mqttClient.clientStatus.clientState = 3
2022/06/17 14:51:14 mqttClient.clientStatus.clientState = 3
2022/06/17 14:51:15 mqttClient.clientStatus.clientState = 3
2022/06/17 14:51:17 mqttClient.clientStatus.clientState = 3
2022/06/17 14:51:18 mqttClient.clientStatus.clientState = 3
2022/06/17 14:51:19 mqttClient.clientStatus.clientState = 3
2022/06/17 14:51:20 mqttClient.clientStatus.clientState = 3
2022/06/17 14:51:22 mqttClient.clientStatus.clientState = 3
2022/06/17 14:51:23 mqttClient.clientStatus.clientState = 3
2022/06/17 14:51:24 mqttClient.clientStatus.clientState = 3
2022/06/17 14:51:25 mqttClient.clientStatus.clientState = 3
2022/06/17 14:51:26 mqttClient.clientStatus.clientState = 3
2022/06/17 14:51:28 mqttClient.clientStatus.clientState = 3
2022/06/17 14:51:29 mqttClient.clientStatus.clientState = 3
2022/06/17 14:51:30 mqttClient.clientStatus.clientState = 3
2022/06/17 14:51:31 mqttClient.clientStatus.clientState = 3
2022/06/17 14:51:32 mqttClient.clientStatus.clientState = 3
2022/06/17 14:51:34 mqttClient.clientStatus.clientState = 3
2022/06/17 14:51:35 mqttClient.clientStatus.clientState = 3
2022/06/17 14:51:36 mqttClient.clientStatus.clientState = 3
2022/06/17 14:51:37 mqttClient.clientStatus.clientState = 3
2022/06/17 14:51:39 mqttClient.clientStatus.clientState = 3
2022/06/17 14:51:40 mqttClient.clientStatus.clientState = 3
2022/06/17 14:51:41 mqttClient.clientStatus.clientState = 3
2022/06/17 14:51:42 mqttClient.clientStatus.clientState = 3
2022/06/17 14:51:43 mqttClient.clientStatus.clientState = 3
2022/06/17 14:51:45 mqttClient.clientStatus.clientState = 3
2022/06/17 14:51:46 mqttClient.clientStatus.clientState = 3
2022/06/17 14:51:47 mqttClient.clientStatus.clientState = 3
2022/06/17 14:51:48 mqttClient.clientStatus.clientState = 3
2022/06/17 14:51:49 mqttClient.clientStatus.clientState = 3
2022/06/17 14:51:51 mqttClient.clientStatus.clientState = 3
2022/06/17 14:51:52 mqttClient.clientStatus.clientState = 3
2022/06/17 14:51:53 mqttClient.clientStatus.clientState = 3
2022/06/17 14:51:54 mqttClient.clientStatus.clientState = 3
2022/06/17 14:51:56 mqttClient.clientStatus.clientState = 3
2022/06/17 14:51:57 mqttClient.clientStatus.clientState = 3
2022/06/17 14:51:58 mqttClient.clientStatus.clientState = 3
2022/06/17 14:51:59 mqttClient.clientStatus.clientState = 3
2022/06/17 14:52:00 mqttClient.clientStatus.clientState = 3
2022/06/17 14:52:02 mqttClient.clientStatus.clientState = 3
2022/06/17 14:52:03 mqttClient.clientStatus.clientState = 3
2022/06/17 14:52:04 mqttClient.clientStatus.clientState = 3
2022/06/17 14:52:05 mqttClient.clientStatus.clientState = 3
2022/06/17 14:52:06 mqttClient.clientStatus.clientState = 3
2022/06/17 14:52:08 mqttClient.clientStatus.clientState = 3
2022/06/17 14:52:09 mqttClient.clientStatus.clientState = 3
2022/06/17 14:52:10 mqttClient.clientStatus.clientState = 3
2022/06/17 14:52:11 mqttClient.clientStatus.clientState = 3
2022/06/17 14:52:13 mqttClient.clientStatus.clientState = 3
2022/06/17 14:52:14 mqttClient.clientStatus.clientState = 3
2022/06/17 14:52:15 mqttClient.clientStatus.clientState = 3
2022/06/17 14:52:16 mqttClient.clientStatus.clientState = 3
2022/06/17 14:52:17 mqttClient.clientStatus.clientState = 3
2022/06/17 14:52:19 mqttClient.clientStatus.clientState = 3
2022/06/17 14:52:20 mqttClient.clientStatus.clientState = 3
2022/06/17 14:52:21 mqttClient.clientStatus.clientState = 3
2022/06/17 14:52:22 mqttClient.clientStatus.clientState = 3
2022/06/17 14:52:23 mqttClient.clientStatus.clientState = 3
2022/06/17 14:52:25 mqttClient.clientStatus.clientState = 3
2022/06/17 14:52:26 mqttClient.clientStatus.clientState = 3
2022/06/17 14:52:27 mqttClient.clientStatus.clientState = 3
2022/06/17 14:52:28 mqttClient.clientStatus.clientState = 3
2022/06/17 14:52:30 mqttClient.clientStatus.clientState = 3
2022/06/17 14:52:31 mqttClient.clientStatus.clientState = 3
2022/06/17 14:52:32 mqttClient.clientStatus.clientState = 3
2022/06/17 14:52:33 mqttClient.clientStatus.clientState = 3
2022/06/17 14:52:34 mqttClient.clientStatus.clientState = 3
2022/06/17 14:52:36 mqttClient.clientStatus.clientState = 3
2022/06/17 14:52:37 mqttClient.clientStatus.clientState = 3
2022/06/17 14:52:38 mqttClient.clientStatus.clientState = 3
2022/06/17 14:52:39 mqttClient.clientStatus.clientState = 3
2022/06/17 14:52:40 mqttClient.clientStatus.clientState = 3
2022/06/17 14:52:42 mqttClient.clientStatus.clientState = 3
2022/06/17 14:52:43 mqttClient.clientStatus.clientState = 3
2022/06/17 14:52:44 mqttClient.clientStatus.clientState = 3
2022/06/17 14:52:45 mqttClient.clientStatus.clientState = 3
2022/06/17 14:52:47 mqttClient.clientStatus.clientState = 3
2022/06/17 14:52:48 mqttClient.clientStatus.clientState = 3
2022/06/17 14:52:49 mqttClient.clientStatus.clientState = 3
2022/06/17 14:52:50 mqttClient.clientStatus.clientState = 3
2022/06/17 14:52:51 mqttClient.clientStatus.clientState = 3
2022/06/17 14:52:53 mqttClient.clientStatus.clientState = 3
2022/06/17 14:52:54 mqttClient.clientStatus.clientState = 3
2022/06/17 14:52:55 mqttClient.clientStatus.clientState = 3
2022/06/17 14:52:56 mqttClient.clientStatus.clientState = 3
2022/06/17 14:52:57 mqttClient.clientStatus.clientState = 3
2022/06/17 14:52:59 mqttClient.clientStatus.clientState = 3
2022/06/17 14:53:00 mqttClient.clientStatus.clientState = 3
2022/06/17 14:53:01 mqttClient.clientStatus.clientState = 3
2022/06/17 14:53:02 mqttClient.clientStatus.clientState = 3
2022/06/17 14:53:04 mqttClient.clientStatus.clientState = 3
2022/06/17 14:53:05 mqttClient.clientStatus.clientState = 3
2022/06/17 14:53:06 mqttClient.clientStatus.clientState = 3
2022/06/17 14:53:07 mqttClient.clientStatus.clientState = 3
2022/06/17 14:53:08 mqttClient.clientStatus.clientState = 3
2022/06/17 14:53:10 mqttClient.clientStatus.clientState = 3
2022/06/17 14:53:11 mqttClient.clientStatus.clientState = 3
2022/06/17 14:53:12 mqttClient.clientStatus.clientState = 3
2022/06/17 14:53:13 mqttClient.clientStatus.clientState = 3
2022/06/17 14:53:14 mqttClient.clientStatus.clientState = 3
2022/06/17 14:53:16 mqttClient.clientStatus.clientState = 3
2022/06/17 14:53:17 mqttClient.clientStatus.clientState = 3
2022/06/17 14:53:18 mqttClient.clientStatus.clientState = 3
2022/06/17 14:53:19 mqttClient.clientStatus.clientState = 3
2022/06/17 14:53:21 mqttClient.clientStatus.clientState = 3
2022/06/17 14:53:22 mqttClient.clientStatus.clientState = 3
2022/06/17 14:53:23 mqttClient.clientStatus.clientState = 3
2022/06/17 14:53:24 mqttClient.clientStatus.clientState = 3
2022/06/17 14:53:25 mqttClient.clientStatus.clientState = 3
2022/06/17 14:53:27 mqttClient.clientStatus.clientState = 3
2022/06/17 14:53:28 mqttClient.clientStatus.clientState = 3
2022/06/17 14:53:29 mqttClient.clientStatus.clientState = 3
2022/06/17 14:53:30 mqttClient.clientStatus.clientState = 3
2022/06/17 14:53:32 mqttClient.clientStatus.clientState = 3
2022/06/17 14:53:33 mqttClient.clientStatus.clientState = 3
2022/06/17 14:53:34 mqttClient.clientStatus.clientState = 3
2022/06/17 14:53:35 mqttClient.clientStatus.clientState = 3
2022/06/17 14:53:36 mqttClient.clientStatus.clientState = 3
2022/06/17 14:53:38 mqttClient.clientStatus.clientState = 3
2022/06/17 14:53:39 mqttClient.clientStatus.clientState = 3
2022/06/17 14:53:40 mqttClient.clientStatus.clientState = 3
2022/06/17 14:53:41 mqttClient.clientStatus.clientState = 3
2022/06/17 14:53:42 mqttClient.clientStatus.clientState = 3
2022/06/17 14:53:44 mqttClient.clientStatus.clientState = 3
2022/06/17 14:53:45 mqttClient.clientStatus.clientState = 3
2022/06/17 14:53:46 mqttClient.clientStatus.clientState = 3
2022/06/17 14:53:47 mqttClient.clientStatus.clientState = 3
2022/06/17 14:53:49 mqttClient.clientStatus.clientState = 3
2022/06/17 14:53:50 mqttClient.clientStatus.clientState = 3
2022/06/17 14:53:51 mqttClient.clientStatus.clientState = 3
2022/06/17 14:53:52 mqttClient.clientStatus.clientState = 3
2022/06/17 14:53:53 mqttClient.clientStatus.clientState = 3
2022/06/17 14:53:55 mqttClient.clientStatus.clientState = 3
2022/06/17 14:53:56 mqttClient.clientStatus.clientState = 3
2022/06/17 14:53:57 mqttClient.clientStatus.clientState = 3
2022/06/17 14:53:58 mqttClient.clientStatus.clientState = 3
2022/06/17 14:53:59 mqttClient.clientStatus.clientState = 3
2022/06/17 14:54:01 mqttClient.clientStatus.clientState = 3
2022/06/17 14:54:02 mqttClient.clientStatus.clientState = 3
2022/06/17 14:54:03 mqttClient.clientStatus.clientState = 3
2022/06/17 14:54:04 mqttClient.clientStatus.clientState = 3
2022/06/17 14:54:06 mqttClient.clientStatus.clientState = 3
2022/06/17 14:54:07 mqttClient.clientStatus.clientState = 3
2022/06/17 14:54:08 mqttClient.clientStatus.clientState = 3
2022/06/17 14:54:09 mqttClient.clientStatus.clientState = 3
2022/06/17 14:54:10 mqttClient.clientStatus.clientState = 3
2022/06/17 14:54:12 mqttClient.clientStatus.clientState = 3
2022/06/17 14:54:13 mqttClient.clientStatus.clientState = 3
2022/06/17 14:54:14 mqttClient.clientStatus.clientState = 3
2022/06/17 14:54:15 mqttClient.clientStatus.clientState = 3
2022/06/17 14:54:16 mqttClient.clientStatus.clientState = 3
2022/06/17 14:54:18 mqttClient.clientStatus.clientState = 3
2022/06/17 14:54:19 mqttClient.clientStatus.clientState = 3
2022/06/17 14:54:20 mqttClient.clientStatus.clientState = 3
2022/06/17 14:54:21 mqttClient.clientStatus.clientState = 3
2022/06/17 14:54:23 mqttClient.clientStatus.clientState = 3
2022/06/17 14:54:24 mqttClient.clientStatus.clientState = 3
2022/06/17 14:54:25 mqttClient.clientStatus.clientState = 3
2022/06/17 14:54:26 mqttClient.clientStatus.clientState = 3
2022/06/17 14:54:27 mqttClient.clientStatus.clientState = 3
2022/06/17 14:54:29 mqttClient.clientStatus.clientState = 3
2022/06/17 14:54:30 mqttClient.clientStatus.clientState = 3
2022/06/17 14:54:31 mqttClient.clientStatus.clientState = 3
2022/06/17 14:54:32 mqttClient.clientStatus.clientState = 3
2022/06/17 14:54:33 mqttClient.clientStatus.clientState = 3
2022/06/17 14:54:35 mqttClient.clientStatus.clientState = 3
2022/06/17 14:54:36 mqttClient.clientStatus.clientState = 3
2022/06/17 14:54:37 mqttClient.clientStatus.clientState = 3
2022/06/17 14:54:38 mqttClient.clientStatus.clientState = 3
2022/06/17 14:54:40 mqttClient.clientStatus.clientState = 3
2022/06/17 14:54:41 mqttClient.clientStatus.clientState = 3
2022/06/17 14:54:42 mqttClient.clientStatus.clientState = 3
2022/06/17 14:54:43 mqttClient.clientStatus.clientState = 3
2022/06/17 14:54:44 mqttClient.clientStatus.clientState = 3
2022/06/17 14:54:46 mqttClient.clientStatus.clientState = 3
2022/06/17 14:54:47 mqttClient.clientStatus.clientState = 3
2022/06/17 14:54:48 mqttClient.clientStatus.clientState = 3
2022/06/17 14:54:49 mqttClient.clientStatus.clientState = 3
2022/06/17 14:54:50 mqttClient.clientStatus.clientState = 3
2022/06/17 14:54:52 mqttClient.clientStatus.clientState = 3
2022/06/17 14:54:53 mqttClient.clientStatus.clientState = 3
2022/06/17 14:54:54 mqttClient.clientStatus.clientState = 3
2022/06/17 14:54:55 mqttClient.clientStatus.clientState = 3
2022/06/17 14:54:57 mqttClient.clientStatus.clientState = 3
2022/06/17 14:54:58 mqttClient.clientStatus.clientState = 3
2022/06/17 14:54:59 mqttClient.clientStatus.clientState = 3
2022/06/17 14:55:00 mqttClient.clientStatus.clientState = 3
2022/06/17 14:55:01 mqttClient.clientStatus.clientState = 3
2022/06/17 14:55:03 mqttClient.clientStatus.clientState = 3
2022/06/17 14:55:04 mqttClient.clientStatus.clientState = 3
2022/06/17 14:55:05 mqttClient.clientStatus.clientState = 3
2022/06/17 14:55:06 mqttClient.clientStatus.clientState = 3
2022/06/17 14:55:08 mqttClient.clientStatus.clientState = 3
2022/06/17 14:55:09 mqttClient.clientStatus.clientState = 3
2022/06/17 14:55:10 mqttClient.clientStatus.clientState = 3
2022/06/17 14:55:11 mqttClient.clientStatus.clientState = 3
2022/06/17 14:55:12 mqttClient.clientStatus.clientState = 3
2022/06/17 14:55:14 mqttClient.clientStatus.clientState = 3
2022/06/17 14:55:15 mqttClient.clientStatus.clientState = 3
2022/06/17 14:55:16 mqttClient.clientStatus.clientState = 3
2022/06/17 14:55:17 mqttClient.clientStatus.clientState = 3
2022/06/17 14:55:18 mqttClient.clientStatus.clientState = 3
2022/06/17 14:55:20 mqttClient.clientStatus.clientState = 3
2022/06/17 14:55:21 mqttClient.clientStatus.clientState = 3
2022/06/17 14:55:22 mqttClient.clientStatus.clientState = 3
2022/06/17 14:55:23 mqttClient.clientStatus.clientState = 3
2022/06/17 14:55:25 mqttClient.clientStatus.clientState = 3
2022/06/17 14:55:26 mqttClient.clientStatus.clientState = 3
2022/06/17 14:55:27 mqttClient.clientStatus.clientState = 3
2022/06/17 14:55:28 mqttClient.clientStatus.clientState = 3
2022/06/17 14:55:29 mqttClient.clientStatus.clientState = 3
2022/06/17 14:55:31 mqttClient.clientStatus.clientState = 3
2022/06/17 14:55:32 mqttClient.clientStatus.clientState = 3
2022/06/17 14:55:33 mqttClient.clientStatus.clientState = 3
2022/06/17 14:55:34 mqttClient.clientStatus.clientState = 3
2022/06/17 14:55:35 mqttClient.clientStatus.clientState = 3
2022/06/17 14:55:37 mqttClient.clientStatus.clientState = 3
2022/06/17 14:55:38 mqttClient.clientStatus.clientState = 3
2022/06/17 14:55:39 mqttClient.clientStatus.clientState = 3
2022/06/17 14:55:40 mqttClient.clientStatus.clientState = 3
2022/06/17 14:55:42 mqttClient.clientStatus.clientState = 3
2022/06/17 14:55:43 mqttClient.clientStatus.clientState = 3
2022/06/17 14:55:44 mqttClient.clientStatus.clientState = 3
2022/06/17 14:55:45 mqttClient.clientStatus.clientState = 3
2022/06/17 14:55:46 mqttClient.clientStatus.clientState = 3
2022/06/17 14:55:48 mqttClient.clientStatus.clientState = 3
2022/06/17 14:55:49 mqttClient.clientStatus.clientState = 3
2022/06/17 14:55:50 mqttClient.clientStatus.clientState = 3
2022/06/17 14:55:51 mqttClient.clientStatus.clientState = 3
2022/06/17 14:55:52 mqttClient.clientStatus.clientState = 3
2022/06/17 14:55:54 mqttClient.clientStatus.clientState = 3
2022/06/17 14:55:55 mqttClient.clientStatus.clientState = 3
2022/06/17 14:55:56 mqttClient.clientStatus.clientState = 3
2022/06/17 14:55:57 mqttClient.clientStatus.clientState = 3
2022/06/17 14:55:59 mqttClient.clientStatus.clientState = 3
2022/06/17 14:56:00 mqttClient.clientStatus.clientState = 3
2022/06/17 14:56:01 mqttClient.clientStatus.clientState = 3
2022/06/17 14:56:02 mqttClient.clientStatus.clientState = 3
2022/06/17 14:56:03 mqttClient.clientStatus.clientState = 3
2022/06/17 14:56:05 mqttClient.clientStatus.clientState = 3
2022/06/17 14:56:06 mqttClient.clientStatus.clientState = 3
2022/06/17 14:56:07 mqttClient.clientStatus.clientState = 3
2022/06/17 14:56:08 mqttClient.clientStatus.clientState = 3
2022/06/17 14:56:09 mqttClient.clientStatus.clientState = 3
2022/06/17 14:56:11 mqttClient.clientStatus.clientState = 3
2022/06/17 14:56:12 mqttClient.clientStatus.clientState = 3
2022/06/17 14:56:13 mqttClient.clientStatus.clientState = 3
2022/06/17 14:56:14 mqttClient.clientStatus.clientState = 3
2022/06/17 14:56:16 mqttClient.clientStatus.clientState = 3
2022/06/17 14:56:17 mqttClient.clientStatus.clientState = 3
2022/06/17 14:56:18 mqttClient.clientStatus.clientState = 3
2022/06/17 14:56:19 mqttClient.clientStatus.clientState = 3
2022/06/17 14:56:20 mqttClient.clientStatus.clientState = 3
2022/06/17 14:56:22 mqttClient.clientStatus.clientState = 3
2022/06/17 14:56:23 mqttClient.clientStatus.clientState = 3
2022/06/17 14:56:24 mqttClient.clientStatus.clientState = 3
2022/06/17 14:56:25 mqttClient.clientStatus.clientState = 3
2022/06/17 14:56:27 mqttClient.clientStatus.clientState = 3
2022/06/17 14:56:28 mqttClient.clientStatus.clientState = 3
2022/06/17 14:56:29 mqttClient.clientStatus.clientState = 3
2022/06/17 14:56:30 mqttClient.clientStatus.clientState = 3
2022/06/17 14:56:31 mqttClient.clientStatus.clientState = 3
2022/06/17 14:56:33 mqttClient.clientStatus.clientState = 3
2022/06/17 14:56:34 mqttClient.clientStatus.clientState = 3
2022/06/17 14:56:35 mqttClient.clientStatus.clientState = 3
2022/06/17 14:56:36 mqttClient.clientStatus.clientState = 3
2022/06/17 14:56:37 mqttClient.clientStatus.clientState = 3
2022/06/17 14:56:39 mqttClient.clientStatus.clientState = 3
2022/06/17 14:56:40 mqttClient.clientStatus.clientState = 3
2022/06/17 14:56:41 mqttClient.clientStatus.clientState = 3
2022/06/17 14:56:42 mqttClient.clientStatus.clientState = 3
2022/06/17 14:56:44 mqttClient.clientStatus.clientState = 3
2022/06/17 14:56:45 mqttClient.clientStatus.clientState = 3
2022/06/17 14:56:46 mqttClient.clientStatus.clientState = 3
2022/06/17 14:56:47 mqttClient.clientStatus.clientState = 3
2022/06/17 14:56:48 mqttClient.clientStatus.clientState = 3
2022/06/17 14:56:50 mqttClient.clientStatus.clientState = 3
2022/06/17 14:56:51 mqttClient.clientStatus.clientState = 3
2022/06/17 14:56:52 mqttClient.clientStatus.clientState = 3
2022/06/17 14:56:53 mqttClient.clientStatus.clientState = 3
2022/06/17 14:56:54 mqttClient.clientStatus.clientState = 3
2022/06/17 14:56:56 mqttClient.clientStatus.clientState = 3
2022/06/17 14:56:57 mqttClient.clientStatus.clientState = 3
2022/06/17 14:56:58 mqttClient.clientStatus.clientState = 3
2022/06/17 14:56:59 mqttClient.clientStatus.clientState = 3
2022/06/17 14:57:01 mqttClient.clientStatus.clientState = 3
2022/06/17 14:57:02 mqttClient.clientStatus.clientState = 3
2022/06/17 14:57:03 mqttClient.clientStatus.clientState = 3
2022/06/17 14:57:04 mqttClient.clientStatus.clientState = 3
2022/06/17 14:57:05 mqttClient.clientStatus.clientState = 3
2022/06/17 14:57:07 mqttClient.clientStatus.clientState = 3
2022/06/17 14:57:08 mqttClient.clientStatus.clientState = 3
2022/06/17 14:57:09 mqttClient.clientStatus.clientState = 3
2022/06/17 14:57:10 mqttClient.clientStatus.clientState = 3
2022/06/17 14:57:11 mqttClient.clientStatus.clientState = 3
2022/06/17 14:57:13 mqttClient.clientStatus.clientState = 3
2022/06/17 14:57:14 mqttClient.clientStatus.clientState = 3
2022/06/17 14:57:15 mqttClient.clientStatus.clientState = 3
2022/06/17 14:57:16 mqttClient.clientStatus.clientState = 3
2022/06/17 14:57:18 mqttClient.clientStatus.clientState = 3
2022/06/17 14:57:19 mqttClient.clientStatus.clientState = 3
2022/06/17 14:57:20 mqttClient.clientStatus.clientState = 3
2022/06/17 14:57:21 mqttClient.clientStatus.clientState = 3
2022/06/17 14:57:22 mqttClient.clientStatus.clientState = 3
2022/06/17 14:57:24 mqttClient.clientStatus.clientState = 3
2022/06/17 14:57:25 mqttClient.clientStatus.clientState = 3
2022/06/17 14:57:26 mqttClient.clientStatus.clientState = 3
2022/06/17 14:57:27 mqttClient.clientStatus.clientState = 3
2022/06/17 14:57:28 mqttClient.clientStatus.clientState = 3
2022/06/17 14:57:30 mqttClient.clientStatus.clientState = 3
2022/06/17 14:57:31 mqttClient.clientStatus.clientState = 3
2022/06/17 14:57:32 mqttClient.clientStatus.clientState = 3
2022/06/17 14:57:33 mqttClient.clientStatus.clientState = 3
2022/06/17 14:57:35 mqttClient.clientStatus.clientState = 3
2022/06/17 14:57:36 mqttClient.clientStatus.clientState = 3
2022/06/17 14:57:37 mqttClient.clientStatus.clientState = 3
2022/06/17 14:57:38 mqttClient.clientStatus.clientState = 3
2022/06/17 14:57:39 mqttClient.clientStatus.clientState = 3
2022/06/17 14:57:41 mqttClient.clientStatus.clientState = 3
2022/06/17 14:57:42 mqttClient.clientStatus.clientState = 3
2022/06/17 14:57:43 mqttClient.clientStatus.clientState = 3
2022/06/17 14:57:44 mqttClient.clientStatus.clientState = 3
2022/06/17 14:57:45 mqttClient.clientStatus.clientState = 3
2022/06/17 14:57:47 mqttClient.clientStatus.clientState = 3
2022/06/17 14:57:48 mqttClient.clientStatus.clientState = 3
2022/06/17 14:57:49 mqttClient.clientStatus.clientState = 3
2022/06/17 14:57:50 mqttClient.clientStatus.clientState = 3
2022/06/17 14:57:52 mqttClient.clientStatus.clientState = 3
2022/06/17 14:57:53 mqttClient.clientStatus.clientState = 3
2022/06/17 14:57:54 mqttClient.clientStatus.clientState = 3
2022/06/17 14:57:55 mqttClient.clientStatus.clientState = 3
2022/06/17 14:57:56 mqttClient.clientStatus.clientState = 3
2022/06/17 14:57:58 mqttClient.clientStatus.clientState = 3
2022/06/17 14:57:59 mqttClient.clientStatus.clientState = 3
2022/06/17 14:58:00 mqttClient.clientStatus.clientState = 3
2022/06/17 14:58:01 mqttClient.clientStatus.clientState = 3
2022/06/17 14:58:03 mqttClient.clientStatus.clientState = 3
2022/06/17 14:58:04 mqttClient.clientStatus.clientState = 3
2022/06/17 14:58:05 mqttClient.clientStatus.clientState = 3
2022/06/17 14:58:06 mqttClient.clientStatus.clientState = 3
2022/06/17 14:58:07 mqttClient.clientStatus.clientState = 3
2022/06/17 14:58:09 mqttClient.clientStatus.clientState = 3
2022/06/17 14:58:10 mqttClient.clientStatus.clientState = 3
2022/06/17 14:58:11 mqttClient.clientStatus.clientState = 3
2022/06/17 14:58:12 mqttClient.clientStatus.clientState = 3
2022/06/17 14:58:13 mqttClient.clientStatus.clientState = 3
2022/06/17 14:58:15 mqttClient.clientStatus.clientState = 3
2022/06/17 14:58:16 mqttClient.clientStatus.clientState = 3
2022/06/17 14:58:17 mqttClient.clientStatus.clientState = 3
2022/06/17 14:58:18 mqttClient.clientStatus.clientState = 3
2022/06/17 14:58:20 mqttClient.clientStatus.clientState = 3
2022/06/17 14:58:21 mqttClient.clientStatus.clientState = 3
2022/06/17 14:58:22 mqttClient.clientStatus.clientState = 3
2022/06/17 14:58:23 mqttClient.clientStatus.clientState = 3
2022/06/17 14:58:24 mqttClient.clientStatus.clientState = 3
2022/06/17 14:58:26 mqttClient.clientStatus.clientState = 3
2022/06/17 14:58:27 mqttClient.clientStatus.clientState = 3
2022/06/17 14:58:28 mqttClient.clientStatus.clientState = 3
2022/06/17 14:58:29 mqttClient.clientStatus.clientState = 3
2022/06/17 14:58:30 mqttClient.clientStatus.clientState = 3
2022/06/17 14:58:32 mqttClient.clientStatus.clientState = 3
2022/06/17 14:58:33 mqttClient.clientStatus.clientState = 3
2022/06/17 14:58:34 mqttClient.clientStatus.clientState = 3
2022/06/17 14:58:35 mqttClient.clientStatus.clientState = 3
2022/06/17 14:58:37 mqttClient.clientStatus.clientState = 3
2022/06/17 14:58:38 mqttClient.clientStatus.clientState = 3
2022/06/17 14:58:39 mqttClient.clientStatus.clientState = 3
2022/06/17 14:58:40 mqttClient.clientStatus.clientState = 3
2022/06/17 14:58:41 mqttClient.clientStatus.clientState = 3
2022/06/17 14:58:43 mqttClient.clientStatus.clientState = 3
2022/06/17 14:58:44 mqttClient.clientStatus.clientState = 3
2022/06/17 14:58:45 mqttClient.clientStatus.clientState = 3
2022/06/17 14:58:46 mqttClient.clientStatus.clientState = 3
2022/06/17 14:58:47 mqttClient.clientStatus.clientState = 3
2022/06/17 14:58:49 mqttClient.clientStatus.clientState = 3
2022/06/17 14:58:50 mqttClient.clientStatus.clientState = 3
2022/06/17 14:58:51 mqttClient.clientStatus.clientState = 3
2022/06/17 14:58:52 mqttClient.clientStatus.clientState = 3
2022/06/17 14:58:54 mqttClient.clientStatus.clientState = 3
2022/06/17 14:58:55 mqttClient.clientStatus.clientState = 3
2022/06/17 14:58:56 mqttClient.clientStatus.clientState = 3
2022/06/17 14:58:57 mqttClient.clientStatus.clientState = 3
2022/06/17 14:58:58 mqttClient.clientStatus.clientState = 3
2022/06/17 14:59:00 mqttClient.clientStatus.clientState = 3
2022/06/17 14:59:01 mqttClient.clientStatus.clientState = 3
2022/06/17 14:59:02 mqttClient.clientStatus.clientState = 3
2022/06/17 14:59:03 mqttClient.clientStatus.clientState = 3
2022/06/17 14:59:04 mqttClient.clientStatus.clientState = 3
2022/06/17 14:59:06 mqttClient.clientStatus.clientState = 3
2022/06/17 14:59:07 mqttClient.clientStatus.clientState = 3
2022/06/17 14:59:08 mqttClient.clientStatus.clientState = 3
2022/06/17 14:59:09 mqttClient.clientStatus.clientState = 3
2022/06/17 14:59:11 mqttClient.clientStatus.clientState = 3
2022/06/17 14:59:12 mqttClient.clientStatus.clientState = 3
2022/06/17 14:59:13 mqttClient.clientStatus.clientState = 3
2022/06/17 14:59:14 mqttClient.clientStatus.clientState = 3
2022/06/17 14:59:15 mqttClient.clientStatus.clientState = 3
2022/06/17 14:59:17 mqttClient.clientStatus.clientState = 3
2022/06/17 14:59:18 mqttClient.clientStatus.clientState = 3
2022/06/17 14:59:19 mqttClient.clientStatus.clientState = 3
2022/06/17 14:59:20 mqttClient.clientStatus.clientState = 3
2022/06/17 14:59:21 mqttClient.clientStatus.clientState = 3
2022/06/17 14:59:23 mqttClient.clientStatus.clientState = 3
2022/06/17 14:59:24 mqttClient.clientStatus.clientState = 3
2022/06/17 14:59:25 mqttClient.clientStatus.clientState = 3
2022/06/17 14:59:26 mqttClient.clientStatus.clientState = 3
2022/06/17 14:59:28 mqttClient.clientStatus.clientState = 3
2022/06/17 14:59:29 mqttClient.clientStatus.clientState = 3
2022/06/17 14:59:30 mqttClient.clientStatus.clientState = 3
2022/06/17 14:59:31 mqttClient.clientStatus.clientState = 3
2022/06/17 14:59:32 mqttClient.clientStatus.clientState = 3
2022/06/17 14:59:34 mqttClient.clientStatus.clientState = 3
2022/06/17 14:59:35 mqttClient.clientStatus.clientState = 3
2022/06/17 14:59:36 mqttClient.clientStatus.clientState = 3
2022/06/17 14:59:37 mqttClient.clientStatus.clientState = 3
2022/06/17 14:59:38 mqttClient.clientStatus.clientState = 3
2022/06/17 14:59:40 mqttClient.clientStatus.clientState = 3
2022/06/17 14:59:41 mqttClient.clientStatus.clientState = 3
2022/06/17 14:59:42 mqttClient.clientStatus.clientState = 3
2022/06/17 14:59:43 mqttClient.clientStatus.clientState = 3
2022/06/17 14:59:45 mqttClient.clientStatus.clientState = 3
2022/06/17 14:59:46 mqttClient.clientStatus.clientState = 3
2022/06/17 14:59:47 mqttClient.clientStatus.clientState = 3
2022/06/17 14:59:48 mqttClient.clientStatus.clientState = 3
2022/06/17 14:59:49 mqttClient.clientStatus.clientState = 3
2022/06/17 14:59:51 mqttClient.clientStatus.clientState = 3
2022/06/17 14:59:52 mqttClient.clientStatus.clientState = 3
2022/06/17 14:59:53 mqttClient.clientStatus.clientState = 3
2022/06/17 14:59:54 mqttClient.clientStatus.clientState = 3
2022/06/17 14:59:55 mqttClient.clientStatus.clientState = 3
2022/06/17 14:59:57 mqttClient.clientStatus.clientState = 3
2022/06/17 14:59:58 mqttClient.clientStatus.clientState = 3
2022/06/17 14:59:59 mqttClient.clientStatus.clientState = 3
2022/06/17 15:00:00 mqttClient.clientStatus.clientState = 3
2022/06/17 15:00:02 mqttClient.clientStatus.clientState = 3
2022/06/17 15:00:03 mqttClient.clientStatus.clientState = 3
2022/06/17 15:00:04 mqttClient.clientStatus.clientState = 3
2022/06/17 15:00:05 mqttClient.clientStatus.clientState = 3
2022/06/17 15:00:06 mqttClient.clientStatus.clientState = 3
2022/06/17 15:00:08 mqttClient.clientStatus.clientState = 3
2022/06/17 15:00:09 mqttClient.clientStatus.clientState = 3
2022/06/17 15:00:10 mqttClient.clientStatus.clientState = 3
2022/06/17 15:00:11 mqttClient.clientStatus.clientState = 3
2022/06/17 15:00:13 mqttClient.clientStatus.clientState = 3
2022/06/17 15:00:14 mqttClient.clientStatus.clientState = 3
2022/06/17 15:00:15 mqttClient.clientStatus.clientState = 3
2022/06/17 15:00:16 mqttClient.clientStatus.clientState = 3
2022/06/17 15:00:17 mqttClient.clientStatus.clientState = 3
2022/06/17 15:00:19 mqttClient.clientStatus.clientState = 3
2022/06/17 15:00:20 mqttClient.clientStatus.clientState = 3
2022/06/17 15:00:21 mqttClient.clientStatus.clientState = 3
2022/06/17 15:00:22 mqttClient.clientStatus.clientState = 3
2022/06/17 15:00:23 mqttClient.clientStatus.clientState = 3
2022/06/17 15:00:25 mqttClient.clientStatus.clientState = 3
2022/06/17 15:00:26 mqttClient.clientStatus.clientState = 3
2022/06/17 15:00:27 mqttClient.clientStatus.clientState = 3
2022/06/17 15:00:28 mqttClient.clientStatus.clientState = 3
2022/06/17 15:00:30 mqttClient.clientStatus.clientState = 3
2022/06/17 15:00:31 mqttClient.clientStatus.clientState = 3
2022/06/17 15:00:32 mqttClient.clientStatus.clientState = 3
2022/06/17 15:00:33 mqttClient.clientStatus.clientState = 3
2022/06/17 15:00:34 mqttClient.clientStatus.clientState = 3
2022/06/17 15:00:36 mqttClient.clientStatus.clientState = 3
2022/06/17 15:00:37 mqttClient.clientStatus.clientState = 3
2022/06/17 15:00:38 mqttClient.clientStatus.clientState = 3
2022/06/17 15:00:39 mqttClient.clientStatus.clientState = 3
2022/06/17 15:00:40 mqttClient.clientStatus.clientState = 3
2022/06/17 15:00:42 mqttClient.clientStatus.clientState = 3
2022/06/17 15:00:43 mqttClient.clientStatus.clientState = 3
2022/06/17 15:00:44 mqttClient.clientStatus.clientState = 3
2022/06/17 15:00:45 mqttClient.clientStatus.clientState = 3
2022/06/17 15:00:47 mqttClient.clientStatus.clientState = 3
2022/06/17 15:00:48 mqttClient.clientStatus.clientState = 3
2022/06/17 15:00:49 mqttClient.clientStatus.clientState = 3
2022/06/17 15:00:50 mqttClient.clientStatus.clientState = 3
2022/06/17 15:00:51 mqttClient.clientStatus.clientState = 3
2022/06/17 15:00:53 mqttClient.clientStatus.clientState = 3
2022/06/17 15:00:54 mqttClient.clientStatus.clientState = 3
2022/06/17 15:00:55 mqttClient.clientStatus.clientState = 3
2022/06/17 15:00:56 mqttClient.clientStatus.clientState = 3
2022/06/17 15:00:57 mqttClient.clientStatus.clientState = 3
2022/06/17 15:00:59 mqttClient.clientStatus.clientState = 3
2022/06/17 15:01:00 mqttClient.clientStatus.clientState = 3
2022/06/17 15:01:01 mqttClient.clientStatus.clientState = 3
2022/06/17 15:01:02 mqttClient.clientStatus.clientState = 3
2022/06/17 15:01:04 mqttClient.clientStatus.clientState = 3
2022/06/17 15:01:05 mqttClient.clientStatus.clientState = 3
2022/06/17 15:01:06 mqttClient.clientStatus.clientState = 3
2022/06/17 15:01:07 mqttClient.clientStatus.clientState = 3
2022/06/17 15:01:08 mqttClient.clientStatus.clientState = 3
2022/06/17 15:01:10 mqttClient.clientStatus.clientState = 3
2022/06/17 15:01:11 mqttClient.clientStatus.clientState = 3
2022/06/17 15:01:12 mqttClient.clientStatus.clientState = 3
2022/06/17 15:01:13 mqttClient.clientStatus.clientState = 3
2022/06/17 15:01:14 mqttClient.clientStatus.clientState = 3
2022/06/17 15:01:16 mqttClient.clientStatus.clientState = 3
2022/06/17 15:01:17 mqttClient.clientStatus.clientState = 3
2022/06/17 15:01:18 mqttClient.clientStatus.clientState = 3
2022/06/17 15:01:19 mqttClient.clientStatus.clientState = 3
2022/06/17 15:01:21 mqttClient.clientStatus.clientState = 3
2022/06/17 15:01:22 mqttClient.clientStatus.clientState = 3
2022/06/17 15:01:23 mqttClient.clientStatus.clientState = 3
2022/06/17 15:01:24 mqttClient.clientStatus.clientState = 3
2022/06/17 15:01:25 mqttClient.clientStatus.clientState = 3
2022/06/17 15:01:27 mqttClient.clientStatus.clientState = 3
2022/06/17 15:01:28 mqttClient.clientStatus.clientState = 3
2022/06/17 15:01:29 mqttClient.clientStatus.clientState = 3
2022/06/17 15:01:30 mqttClient.clientStatus.clientState = 3
2022/06/17 15:01:31 mqttClient.clientStatus.clientState = 3
2022/06/17 15:01:33 mqttClient.clientStatus.clientState = 3
2022/06/17 15:01:34 mqttClient.clientStatus.clientState = 3
2022/06/17 15:01:35 mqttClient.clientStatus.clientState = 3
2022/06/17 15:01:36 mqttClient.clientStatus.clientState = 3
2022/06/17 15:01:38 mqttClient.clientStatus.clientState = 3
2022/06/17 15:01:39 mqttClient.clientStatus.clientState = 3
2022/06/17 15:01:40 mqttClient.clientStatus.clientState = 3
2022/06/17 15:01:41 mqttClient.clientStatus.clientState = 3
2022/06/17 15:01:42 mqttClient.clientStatus.clientState = 3
2022/06/17 15:01:44 mqttClient.clientStatus.clientState = 3
2022/06/17 15:01:45 mqttClient.clientStatus.clientState = 3
2022/06/17 15:01:46 mqttClient.clientStatus.clientState = 3
2022/06/17 15:01:47 mqttClient.clientStatus.clientState = 3
2022/06/17 15:01:48 mqttClient.clientStatus.clientState = 3
2022/06/17 15:01:50 mqttClient.clientStatus.clientState = 3
2022/06/17 15:01:51 mqttClient.clientStatus.clientState = 3
2022/06/17 15:01:52 mqttClient.clientStatus.clientState = 3
2022/06/17 15:01:53 mqttClient.clientStatus.clientState = 3
2022/06/17 15:01:55 mqttClient.clientStatus.clientState = 3
2022/06/17 15:01:56 mqttClient.clientStatus.clientState = 3
2022/06/17 15:01:57 mqttClient.clientStatus.clientState = 3
2022/06/17 15:01:58 mqttClient.clientStatus.clientState = 3
2022/06/17 15:01:59 mqttClient.clientStatus.clientState = 3
2022/06/17 15:02:01 mqttClient.clientStatus.clientState = 3
2022/06/17 15:02:02 mqttClient.clientStatus.clientState = 3
2022/06/17 15:02:03 mqttClient.clientStatus.clientState = 3
2022/06/17 15:02:04 mqttClient.clientStatus.clientState = 3
2022/06/17 15:02:05 mqttClient.clientStatus.clientState = 3
2022/06/17 15:02:07 mqttClient.clientStatus.clientState = 3
2022/06/17 15:02:08 mqttClient.clientStatus.clientState = 3
2022/06/17 15:02:09 mqttClient.clientStatus.clientState = 3
2022/06/17 15:02:10 mqttClient.clientStatus.clientState = 3
2022/06/17 15:02:12 mqttClient.clientStatus.clientState = 3
2022/06/17 15:02:13 mqttClient.clientStatus.clientState = 3
2022/06/17 15:02:14 mqttClient.clientStatus.clientState = 3
2022/06/17 15:02:15 mqttClient.clientStatus.clientState = 3
2022/06/17 15:02:16 mqttClient.clientStatus.clientState = 3
2022/06/17 15:02:18 mqttClient.clientStatus.clientState = 3
2022/06/17 15:02:19 mqttClient.clientStatus.clientState = 3
2022/06/17 15:02:20 mqttClient.clientStatus.clientState = 3
2022/06/17 15:02:21 mqttClient.clientStatus.clientState = 3
2022/06/17 15:02:22 mqttClient.clientStatus.clientState = 3
2022/06/17 15:02:24 mqttClient.clientStatus.clientState = 3
2022/06/17 15:02:25 mqttClient.clientStatus.clientState = 3
2022/06/17 15:02:26 mqttClient.clientStatus.clientState = 3
2022/06/17 15:02:27 mqttClient.clientStatus.clientState = 3
2022/06/17 15:02:29 mqttClient.clientStatus.clientState = 3
2022/06/17 15:02:30 mqttClient.clientStatus.clientState = 3
2022/06/17 15:02:31 mqttClient.clientStatus.clientState = 3
2022/06/17 15:02:32 mqttClient.clientStatus.clientState = 3
2022/06/17 15:02:33 mqttClient.clientStatus.clientState = 3
2022/06/17 15:02:35 mqttClient.clientStatus.clientState = 3
2022/06/17 15:02:36 mqttClient.clientStatus.clientState = 3
2022/06/17 15:02:37 mqttClient.clientStatus.clientState = 3
2022/06/17 15:02:38 mqttClient.clientStatus.clientState = 3
2022/06/17 15:02:39 mqttClient.clientStatus.clientState = 3
2022/06/17 15:02:41 mqttClient.clientStatus.clientState = 3
2022/06/17 15:02:42 mqttClient.clientStatus.clientState = 3
2022/06/17 15:02:43 mqttClient.clientStatus.clientState = 3
2022/06/17 15:02:44 mqttClient.clientStatus.clientState = 3
2022/06/17 15:02:46 mqttClient.clientStatus.clientState = 3
2022/06/17 15:02:47 mqttClient.clientStatus.clientState = 3
2022/06/17 15:02:48 mqttClient.clientStatus.clientState = 3
2022/06/17 15:02:49 mqttClient.clientStatus.clientState = 3
2022/06/17 15:02:50 mqttClient.clientStatus.clientState = 3
2022/06/17 15:02:52 mqttClient.clientStatus.clientState = 3
2022/06/17 15:02:53 mqttClient.clientStatus.clientState = 3
2022/06/17 15:02:54 mqttClient.clientStatus.clientState = 3
2022/06/17 15:02:55 mqttClient.clientStatus.clientState = 3
2022/06/17 15:02:56 mqttClient.clientStatus.clientState = 3
2022/06/17 15:02:58 mqttClient.clientStatus.clientState = 3
2022/06/17 15:02:59 mqttClient.clientStatus.clientState = 3
2022/06/17 15:02:59 mqttClient.clientStatus.clientState = 3
2022/06/17 15:03:00 mqttClient.clientStatus.clientState = 3
2022/06/17 15:03:01 mqttClient.clientStatus.clientState = 3
2022/06/17 15:03:03 mqttClient.clientStatus.clientState = 3
2022/06/17 15:03:04 mqttClient.clientStatus.clientState = 3
2022/06/17 15:03:05 mqttClient.clientStatus.clientState = 3
2022/06/17 15:03:06 mqttClient.clientStatus.clientState = 3
2022/06/17 15:03:08 mqttClient.clientStatus.clientState = 3
2022/06/17 15:03:09 mqttClient.clientStatus.clientState = 3
2022/06/17 15:03:09 mqttClient.clientStatus.clientState = 3
2022/06/17 15:03:11 mqttClient.clientStatus.clientState = 3
2022/06/17 15:03:12 mqttClient.clientStatus.clientState = 3
2022/06/17 15:03:13 mqttClient.clientStatus.clientState = 3
2022/06/17 15:03:14 mqttClient.clientStatus.clientState = 3
2022/06/17 15:03:15 mqttClient.clientStatus.clientState = 3
2022/06/17 15:03:16 mqttClient.clientStatus.clientState = 3
2022/06/17 15:03:17 mqttClient.clientStatus.clientState = 3
2022/06/17 15:03:18 mqttClient.clientStatus.clientState = 3
2022/06/17 15:03:19 mqttClient.clientStatus.clientState = 3
2022/06/17 15:03:20 mqttClient.clientStatus.clientState = 3
2022/06/17 15:03:21 mqttClient.clientStatus.clientState = 3
2022/06/17 15:03:22 mqttClient.clientStatus.clientState = 3
2022/06/17 15:03:23 mqttClient.clientStatus.clientState = 3
2022/06/17 15:03:25 mqttClient.clientStatus.clientState = 3
2022/06/17 15:03:26 mqttClient.clientStatus.clientState = 3
2022/06/17 15:03:27 mqttClient.clientStatus.clientState = 3
2022/06/17 15:03:28 mqttClient.clientStatus.clientState = 3
2022/06/17 15:03:29 mqttClient.clientStatus.clientState = 3
2022/06/17 15:03:31 mqttClient.clientStatus.clientState = 3
2022/06/17 15:03:32 mqttClient.clientStatus.clientState = 3
2022/06/17 15:03:33 mqttClient.clientStatus.clientState = 3
2022/06/17 15:03:34 mqttClient.clientStatus.clientState = 3
2022/06/17 15:03:35 mqttClient.clientStatus.clientState = 3
2022/06/17 15:03:37 mqttClient.clientStatus.clientState = 3
2022/06/17 15:03:38 mqttClient.clientStatus.clientState = 3
2022/06/17 15:03:39 mqttClient.clientStatus.clientState = 3
2022/06/17 15:03:40 mqttClient.clientStatus.clientState = 3
2022/06/17 15:03:42 mqttClient.clientStatus.clientState = 3
2022/06/17 15:03:43 mqttClient.clientStatus.clientState = 3
2022/06/17 15:03:44 mqttClient.clientStatus.clientState = 3
2022/06/17 15:03:45 mqttClient.clientStatus.clientState = 3
2022/06/17 15:03:46 mqttClient.clientStatus.clientState = 3
2022/06/17 15:03:48 mqttClient.clientStatus.clientState = 3
2022/06/17 15:03:49 mqttClient.clientStatus.clientState = 3
2022/06/17 15:03:50 mqttClient.clientStatus.clientState = 3
2022/06/17 15:03:51 mqttClient.clientStatus.clientState = 3
2022/06/17 15:03:52 mqttClient.clientStatus.clientState = 3
2022/06/17 15:03:54 mqttClient.clientStatus.clientState = 3
2022/06/17 15:03:55 mqttClient.clientStatus.clientState = 3
2022/06/17 15:03:56 mqttClient.clientStatus.clientState = 3
2022/06/17 15:03:57 mqttClient.clientStatus.clientState = 3
2022/06/17 15:03:59 mqttClient.clientStatus.clientState = 3
2022/06/17 15:04:00 mqttClient.clientStatus.clientState = 3
2022/06/17 15:04:01 mqttClient.clientStatus.clientState = 3
2022/06/17 15:04:02 mqttClient.clientStatus.clientState = 3
2022/06/17 15:04:03 mqttClient.clientStatus.clientState = 3
2022/06/17 15:04:05 mqttClient.clientStatus.clientState = 3
2022/06/17 15:04:06 mqttClient.clientStatus.clientState = 3
2022/06/17 15:04:07 mqttClient.clientStatus.clientState = 3
2022/06/17 15:04:08 mqttClient.clientStatus.clientState = 3
2022/06/17 15:04:09 mqttClient.clientStatus.clientState = 3
2022/06/17 15:04:11 mqttClient.clientStatus.clientState = 3
2022/06/17 15:04:12 mqttClient.clientStatus.clientState = 3
2022/06/17 15:04:13 mqttClient.clientStatus.clientState = 3
2022/06/17 15:04:14 mqttClient.clientStatus.clientState = 3
2022/06/17 15:04:16 mqttClient.clientStatus.clientState = 3
2022/06/17 15:04:17 mqttClient.clientStatus.clientState = 3
2022/06/17 15:04:18 mqttClient.clientStatus.clientState = 3
2022/06/17 15:04:19 mqttClient.clientStatus.clientState = 3
2022/06/17 15:04:20 mqttClient.clientStatus.clientState = 3
2022/06/17 15:04:22 mqttClient.clientStatus.clientState = 3
2022/06/17 15:04:23 mqttClient.clientStatus.clientState = 3
2022/06/17 15:04:24 mqttClient.clientStatus.clientState = 3
2022/06/17 15:04:25 mqttClient.clientStatus.clientState = 3
2022/06/17 15:04:27 mqttClient.clientStatus.clientState = 3
2022/06/17 15:04:28 mqttClient.clientStatus.clientState = 3
2022/06/17 15:04:29 mqttClient.clientStatus.clientState = 3
2022/06/17 15:04:30 mqttClient.clientStatus.clientState = 3
2022/06/17 15:04:31 mqttClient.clientStatus.clientState = 3
2022/06/17 15:04:33 mqttClient.clientStatus.clientState = 3
2022/06/17 15:04:34 mqttClient.clientStatus.clientState = 3
2022/06/17 15:04:35 mqttClient.clientStatus.clientState = 3
2022/06/17 15:04:36 mqttClient.clientStatus.clientState = 3
2022/06/17 15:04:37 mqttClient.clientStatus.clientState = 3
2022/06/17 15:04:39 mqttClient.clientStatus.clientState = 3
2022/06/17 15:04:40 mqttClient.clientStatus.clientState = 3
2022/06/17 15:04:41 mqttClient.clientStatus.clientState = 3
2022/06/17 15:04:42 mqttClient.clientStatus.clientState = 3
2022/06/17 15:04:44 mqttClient.clientStatus.clientState = 3
2022/06/17 15:04:45 mqttClient.clientStatus.clientState = 3
2022/06/17 15:04:46 mqttClient.clientStatus.clientState = 3
2022/06/17 15:04:47 mqttClient.clientStatus.clientState = 3
2022/06/17 15:04:48 mqttClient.clientStatus.clientState = 3
2022/06/17 15:04:50 mqttClient.clientStatus.clientState = 3
2022/06/17 15:04:51 mqttClient.clientStatus.clientState = 3
2022/06/17 15:04:52 mqttClient.clientStatus.clientState = 3
2022/06/17 15:04:53 mqttClient.clientStatus.clientState = 3
2022/06/17 15:04:54 mqttClient.clientStatus.clientState = 3
2022/06/17 15:04:56 mqttClient.clientStatus.clientState = 3
2022/06/17 15:04:57 mqttClient.clientStatus.clientState = 3
2022/06/17 15:04:58 mqttClient.clientStatus.clientState = 3
2022/06/17 15:04:59 mqttClient.clientStatus.clientState = 3
2022/06/17 15:05:01 mqttClient.clientStatus.clientState = 3
2022/06/17 15:05:02 mqttClient.clientStatus.clientState = 3
2022/06/17 15:05:03 mqttClient.clientStatus.clientState = 3
2022/06/17 15:05:04 mqttClient.clientStatus.clientState = 3
2022/06/17 15:05:05 mqttClient.clientStatus.clientState = 3
2022/06/17 15:05:07 mqttClient.clientStatus.clientState = 3
2022/06/17 15:05:08 mqttClient.clientStatus.clientState = 3
2022/06/17 15:05:09 mqttClient.clientStatus.clientState = 3
2022/06/17 15:05:10 mqttClient.clientStatus.clientState = 3
2022/06/17 15:05:11 mqttClient.clientStatus.clientState = 3
2022/06/17 15:05:13 mqttClient.clientStatus.clientState = 3
2022/06/17 15:05:14 mqttClient.clientStatus.clientState = 3
2022/06/17 15:05:15 mqttClient.clientStatus.clientState = 3
2022/06/17 15:05:16 mqttClient.clientStatus.clientState = 3
2022/06/17 15:05:18 mqttClient.clientStatus.clientState = 3
2022/06/17 15:05:19 mqttClient.clientStatus.clientState = 3
2022/06/17 15:05:20 mqttClient.clientStatus.clientState = 3
2022/06/17 15:05:21 mqttClient.clientStatus.clientState = 3
2022/06/17 15:05:22 mqttClient.clientStatus.clientState = 3
2022/06/17 15:05:24 mqttClient.clientStatus.clientState = 3
2022/06/17 15:05:25 mqttClient.clientStatus.clientState = 3
2022/06/17 15:05:26 mqttClient.clientStatus.clientState = 3
2022/06/17 15:05:27 mqttClient.clientStatus.clientState = 3
2022/06/17 15:05:28 mqttClient.clientStatus.clientState = 3
2022/06/17 15:05:30 mqttClient.clientStatus.clientState = 3
2022/06/17 15:05:31 mqttClient.clientStatus.clientState = 3
2022/06/17 15:05:32 mqttClient.clientStatus.clientState = 3
2022/06/17 15:05:33 mqttClient.clientStatus.clientState = 3
2022/06/17 15:05:35 mqttClient.clientStatus.clientState = 3
2022/06/17 15:05:36 mqttClient.clientStatus.clientState = 3
2022/06/17 15:05:37 mqttClient.clientStatus.clientState = 3
2022/06/17 15:05:38 mqttClient.clientStatus.clientState = 3
2022/06/17 15:05:39 mqttClient.clientStatus.clientState = 3
2022/06/17 15:05:41 mqttClient.clientStatus.clientState = 3
2022/06/17 15:05:42 mqttClient.clientStatus.clientState = 3
2022/06/17 15:05:43 mqttClient.clientStatus.clientState = 3
2022/06/17 15:05:44 mqttClient.clientStatus.clientState = 3
2022/06/17 15:05:45 mqttClient.clientStatus.clientState = 3
2022/06/17 15:05:47 mqttClient.clientStatus.clientState = 3
2022/06/17 15:05:48 mqttClient.clientStatus.clientState = 3
2022/06/17 15:05:49 mqttClient.clientStatus.clientState = 3
2022/06/17 15:05:50 mqttClient.clientStatus.clientState = 3
2022/06/17 15:05:52 mqttClient.clientStatus.clientState = 3
2022/06/17 15:05:53 mqttClient.clientStatus.clientState = 3
2022/06/17 15:05:54 mqttClient.clientStatus.clientState = 3
2022/06/17 15:05:55 mqttClient.clientStatus.clientState = 3
2022/06/17 15:05:56 mqttClient.clientStatus.clientState = 3
2022/06/17 15:05:58 mqttClient.clientStatus.clientState = 3
2022/06/17 15:05:59 mqttClient.clientStatus.clientState = 3
2022/06/17 15:06:00 mqttClient.clientStatus.clientState = 3
2022/06/17 15:06:01 mqttClient.clientStatus.clientState = 3
2022/06/17 15:06:02 mqttClient.clientStatus.clientState = 3
2022/06/17 15:06:04 mqttClient.clientStatus.clientState = 3
2022/06/17 15:06:05 mqttClient.clientStatus.clientState = 3
2022/06/17 15:06:06 mqttClient.clientStatus.clientState = 3
2022/06/17 15:06:07 mqttClient.clientStatus.clientState = 3
2022/06/17 15:06:09 mqttClient.clientStatus.clientState = 3
2022/06/17 15:06:10 mqttClient.clientStatus.clientState = 3
2022/06/17 15:06:11 mqttClient.clientStatus.clientState = 3
2022/06/17 15:06:12 mqttClient.clientStatus.clientState = 3
2022/06/17 15:06:13 mqttClient.clientStatus.clientState = 3
2022/06/17 15:06:15 mqttClient.clientStatus.clientState = 3
2022/06/17 15:06:16 mqttClient.clientStatus.clientState = 3
2022/06/17 15:06:17 mqttClient.clientStatus.clientState = 3
2022/06/17 15:06:18 mqttClient.clientStatus.clientState = 3
