2022/07/01 11:07:18 pMyThingName = Thing_cardWriterV2_1d556f0a-828c-4762-91fb-dc47119380ea
2022/07/01 11:07:19 Shadow Connect ok
2022/07/01 11:07:20 Shadow delta ok
2022/07/01 11:07:21 payload = JOB_GET_PENDING_TOPIC callback
2022/07/01 11:07:21 JOB_NOTIFY_NEXT_TOPIC / JOB_DESCRIBE_TOPIC($next) callback
2022/07/01 11:07:21 payload = {"timestamp":1656644841}ogressJobs":[],"queuedJobs":[]}
2022/07/01 11:07:23 mqttClient.clientStatus.clientState = 3
2022/07/01 11:07:24 shadow pReceivedJsonDocument 数据 = {"state":{"desired":{"sn":{"sn":"DM2A205139017","code":"476017"},"restaurantID":8757,"menuUpdateTime":1656573304000},"reported":{"menuUpdateTime":1656573304000,"romVersion":"MCT_DM2_0.0.4","sn":{"sn":"DM2A205139017","code":"476017"},"restaurantID":8757}},"metadata":{"desired":{"sn":{"sn":{"timestamp":1655447709},"code":{"timestamp":1655447709}},"restaurantID":{"timestamp":1656038544},"menuUpdateTime":{"timestamp":1656573466}},"reported":{"menuUpdateTime":{"timestamp":1656580188},"romVersion":{"timestamp":1656580184},"sn":{"sn":{"timestamp":1655447710},"code":{"timestamp":1655447710}},"restaurantID":{"timestamp":1656038562}}},"version":30,"timestamp":1656644844,"clientToken":"1d556f0a-828c-4762-91fb-dc47119380ea-0"}
2022/07/01 11:07:27 mqttClient.clientStatus.clientState = 3
2022/07/01 11:07:28 MenuUpdateTime Update Accepted !!
2022/07/01 11:07:28 romVersion Update Accepted !!
2022/07/01 11:07:28 mqttClient.clientStatus.clientState = 3
2022/07/01 11:07:29 mqttClient.clientStatus.clientState = 3
2022/07/01 11:07:30 mqttClient.clientStatus.clientState = 3
2022/07/01 11:07:32 mqttClient.clientStatus.clientState = 3
2022/07/01 11:07:33 mqttClient.clientStatus.clientState = 3
2022/07/01 11:07:34 mqttClient.clientStatus.clientState = 3
2022/07/01 11:07:35 mqttClient.clientStatus.clientState = 3
2022/07/01 11:07:37 mqttClient.clientStatus.clientState = 3
2022/07/01 11:07:38 mqttClient.clientStatus.clientState = 3
2022/07/01 11:07:39 mqttClient.clientStatus.clientState = 3
2022/07/01 11:07:40 mqttClient.clientStatus.clientState = 3
2022/07/01 11:07:41 mqttClient.clientStatus.clientState = 3
2022/07/01 11:07:43 mqttClient.clientStatus.clientState = 3
2022/07/01 11:07:44 mqttClient.clientStatus.clientState = 3
2022/07/01 11:07:45 mqttClient.clientStatus.clientState = 3
2022/07/01 11:07:46 mqttClient.clientStatus.clientState = 3
2022/07/01 11:07:47 mqttClient.clientStatus.clientState = 3
2022/07/01 11:07:49 mqttClient.clientStatus.clientState = 3
2022/07/01 11:07:50 mqttClient.clientStatus.clientState = 3
2022/07/01 11:07:51 mqttClient.clientStatus.clientState = 3
