2022/07/06 10:27:24 pMyThingName = Thing_cardWriterV2_1d556f0a-828c-4762-91fb-dc47119380ea
2022/07/06 10:27:25 Shadow Connect ok
2022/07/06 10:27:26 Shadow delta ok
2022/07/06 10:27:27 payload = JOB_GET_PENDING_TOPIC callback
2022/07/06 10:27:27 JOB_NOTIFY_NEXT_TOPIC / JOB_DESCRIBE_TOPIC($next) callback
2022/07/06 10:27:27 payload = {"timestamp":1657074447}ogressJobs":[],"queuedJobs":[]}
2022/07/06 10:27:29 mqttClient.clientStatus.clientState = 3
2022/07/06 10:27:30 shadow pReceivedJsonDocument 数据 = {"state":{"desired":{"sn":{"sn":"DM2A205139017","code":"476017"},"restaurantID":8757,"menuUpdateTime":1656658619000},"reported":{"menuUpdateTime":1656658619000,"romVersion":"MCT_DM2_0.0.9","sn":{"sn":"DM2A205139017","code":"476017"},"restaurantID":8757}},"metadata":{"desired":{"sn":{"sn":{"timestamp":1655447709},"code":{"timestamp":1655447709}},"restaurantID":{"timestamp":1656038544},"menuUpdateTime":{"timestamp":1656989981}},"reported":{"menuUpdateTime":{"timestamp":1657011737},"romVersion":{"timestamp":1657011737},"sn":{"sn":{"timestamp":1655447710},"code":{"timestamp":1655447710}},"restaurantID":{"timestamp":1656038562}}},"version":49,"timestamp":1657074450,"clientToken":"1d556f0a-828c-4762-91fb-dc47119380ea-0"}
2022/07/06 10:27:33 mqttClient.clientStatus.clientState = 3
2022/07/06 10:27:34 MenuUpdateTime Update Accepted !!
2022/07/06 10:27:34 romVersion Update Accepted !!
2022/07/06 10:27:34 mqttClient.clientStatus.clientState = 3
2022/07/06 10:27:35 mqttClient.clientStatus.clientState = 3
2022/07/06 10:27:36 mqttClient.clientStatus.clientState = 3
2022/07/06 10:27:38 mqttClient.clientStatus.clientState = 3
2022/07/06 10:27:39 mqttClient.clientStatus.clientState = 3
2022/07/06 10:27:40 mqttClient.clientStatus.clientState = 3
2022/07/06 10:27:41 mqttClient.clientStatus.clientState = 3
2022/07/06 10:27:43 mqttClient.clientStatus.clientState = 3
2022/07/06 10:27:44 mqttClient.clientStatus.clientState = 3
2022/07/06 10:27:45 mqttClient.clientStatus.clientState = 3
2022/07/06 10:27:46 mqttClient.clientStatus.clientState = 3
2022/07/06 10:27:47 mqttClient.clientStatus.clientState = 3
2022/07/06 10:27:49 mqttClient.clientStatus.clientState = 3
2022/07/06 10:27:50 mqttClient.clientStatus.clientState = 3
2022/07/06 10:27:51 mqttClient.clientStatus.clientState = 3
2022/07/06 10:27:52 mqttClient.clientStatus.clientState = 3
2022/07/06 10:27:53 mqttClient.clientStatus.clientState = 3
2022/07/06 10:27:55 mqttClient.clientStatus.clientState = 3
2022/07/06 10:27:56 mqttClient.clientStatus.clientState = 3
2022/07/06 10:27:57 mqttClient.clientStatus.clientState = 3
2022/07/06 10:27:58 mqttClient.clientStatus.clientState = 3
2022/07/06 10:28:00 mqttClient.clientStatus.clientState = 3
2022/07/06 10:28:01 mqttClient.clientStatus.clientState = 3
2022/07/06 10:28:02 mqttClient.clientStatus.clientState = 3
2022/07/06 10:28:03 mqttClient.clientStatus.clientState = 3
2022/07/06 10:28:04 mqttClient.clientStatus.clientState = 3
2022/07/06 10:28:06 mqttClient.clientStatus.clientState = 3
2022/07/06 10:28:07 mqttClient.clientStatus.clientState = 3
2022/07/06 10:28:08 mqttClient.clientStatus.clientState = 3
2022/07/06 10:28:09 mqttClient.clientStatus.clientState = 3
2022/07/06 10:28:10 mqttClient.clientStatus.clientState = 3
2022/07/06 10:28:12 mqttClient.clientStatus.clientState = 3
2022/07/06 10:28:13 mqttClient.clientStatus.clientState = 3
2022/07/06 10:28:14 mqttClient.clientStatus.clientState = 3
2022/07/06 10:28:15 mqttClient.clientStatus.clientState = 3
2022/07/06 10:28:17 mqttClient.clientStatus.clientState = 3
2022/07/06 10:28:18 mqttClient.clientStatus.clientState = 3
2022/07/06 10:28:19 mqttClient.clientStatus.clientState = 3
2022/07/06 10:28:20 mqttClient.clientStatus.clientState = 3
2022/07/06 10:28:21 mqttClient.clientStatus.clientState = 3
2022/07/06 10:28:23 mqttClient.clientStatus.clientState = 3
2022/07/06 10:28:24 mqttClient.clientStatus.clientState = 3
2022/07/06 10:28:25 mqttClient.clientStatus.clientState = 3
2022/07/06 10:28:26 mqttClient.clientStatus.clientState = 3
2022/07/06 10:28:27 mqttClient.clientStatus.clientState = 3
2022/07/06 10:28:29 mqttClient.clientStatus.clientState = 3
2022/07/06 10:28:30 mqttClient.clientStatus.clientState = 3
2022/07/06 10:28:31 mqttClient.clientStatus.clientState = 3
2022/07/06 10:28:32 mqttClient.clientStatus.clientState = 3
2022/07/06 10:28:34 mqttClient.clientStatus.clientState = 3
2022/07/06 10:28:35 mqttClient.clientStatus.clientState = 3
2022/07/06 10:28:36 mqttClient.clientStatus.clientState = 3
2022/07/06 10:28:37 mqttClient.clientStatus.clientState = 3
2022/07/06 10:28:38 mqttClient.clientStatus.clientState = 3
2022/07/06 10:28:40 mqttClient.clientStatus.clientState = 3
2022/07/06 10:28:41 mqttClient.clientStatus.clientState = 3
2022/07/06 10:28:42 mqttClient.clientStatus.clientState = 3
2022/07/06 10:28:43 mqttClient.clientStatus.clientState = 3
2022/07/06 10:28:44 mqttClient.clientStatus.clientState = 3
2022/07/06 10:28:46 mqttClient.clientStatus.clientState = 3
2022/07/06 10:28:47 mqttClient.clientStatus.clientState = 3
2022/07/06 10:28:48 mqttClient.clientStatus.clientState = 3
2022/07/06 10:28:49 mqttClient.clientStatus.clientState = 3
2022/07/06 10:28:51 mqttClient.clientStatus.clientState = 3
2022/07/06 10:28:52 mqttClient.clientStatus.clientState = 3
2022/07/06 10:28:53 mqttClient.clientStatus.clientState = 3
2022/07/06 10:28:54 mqttClient.clientStatus.clientState = 3
2022/07/06 10:28:55 mqttClient.clientStatus.clientState = 3
2022/07/06 10:28:57 mqttClient.clientStatus.clientState = 3
2022/07/06 10:28:58 mqttClient.clientStatus.clientState = 3
2022/07/06 10:28:59 mqttClient.clientStatus.clientState = 3
2022/07/06 10:29:00 mqttClient.clientStatus.clientState = 3
2022/07/06 10:29:01 mqttClient.clientStatus.clientState = 3
2022/07/06 10:29:03 mqttClient.clientStatus.clientState = 3
2022/07/06 10:29:04 mqttClient.clientStatus.clientState = 3
2022/07/06 10:29:05 mqttClient.clientStatus.clientState = 3
2022/07/06 10:29:06 mqttClient.clientStatus.clientState = 3
2022/07/06 10:29:08 mqttClient.clientStatus.clientState = 3
2022/07/06 10:29:09 mqttClient.clientStatus.clientState = 3
2022/07/06 10:29:10 mqttClient.clientStatus.clientState = 3
2022/07/06 10:29:11 mqttClient.clientStatus.clientState = 3
2022/07/06 10:29:12 mqttClient.clientStatus.clientState = 3
2022/07/06 10:29:14 mqttClient.clientStatus.clientState = 3
2022/07/06 10:29:15 mqttClient.clientStatus.clientState = 3
2022/07/06 10:29:16 mqttClient.clientStatus.clientState = 3
2022/07/06 10:29:17 mqttClient.clientStatus.clientState = 3
2022/07/06 10:29:18 mqttClient.clientStatus.clientState = 3
2022/07/06 10:29:20 mqttClient.clientStatus.clientState = 3
2022/07/06 10:29:21 mqttClient.clientStatus.clientState = 3
2022/07/06 10:29:22 mqttClient.clientStatus.clientState = 3
2022/07/06 10:29:23 mqttClient.clientStatus.clientState = 3
2022/07/06 10:29:25 mqttClient.clientStatus.clientState = 3
2022/07/06 10:29:26 mqttClient.clientStatus.clientState = 3
2022/07/06 10:29:27 mqttClient.clientStatus.clientState = 3
2022/07/06 10:29:28 mqttClient.clientStatus.clientState = 3
2022/07/06 10:29:29 mqttClient.clientStatus.clientState = 3
2022/07/06 10:29:31 mqttClient.clientStatus.clientState = 3
2022/07/06 10:29:32 mqttClient.clientStatus.clientState = 3
2022/07/06 10:29:33 mqttClient.clientStatus.clientState = 3
2022/07/06 10:29:34 mqttClient.clientStatus.clientState = 3
2022/07/06 10:29:36 mqttClient.clientStatus.clientState = 3
2022/07/06 10:29:37 mqttClient.clientStatus.clientState = 3
2022/07/06 10:29:38 mqttClient.clientStatus.clientState = 3
2022/07/06 10:29:39 mqttClient.clientStatus.clientState = 3
2022/07/06 10:29:40 mqttClient.clientStatus.clientState = 3
2022/07/06 10:29:42 mqttClient.clientStatus.clientState = 3
2022/07/06 10:29:43 mqttClient.clientStatus.clientState = 3
2022/07/06 10:29:44 mqttClient.clientStatus.clientState = 3
2022/07/06 10:29:45 mqttClient.clientStatus.clientState = 3
2022/07/06 10:29:46 mqttClient.clientStatus.clientState = 3
2022/07/06 10:29:48 mqttClient.clientStatus.clientState = 3
2022/07/06 10:29:49 mqttClient.clientStatus.clientState = 3
2022/07/06 10:29:50 mqttClient.clientStatus.clientState = 3
2022/07/06 10:29:51 mqttClient.clientStatus.clientState = 3
2022/07/06 10:29:53 mqttClient.clientStatus.clientState = 3
2022/07/06 10:29:54 mqttClient.clientStatus.clientState = 3
2022/07/06 10:29:55 mqttClient.clientStatus.clientState = 3
2022/07/06 10:29:56 mqttClient.clientStatus.clientState = 3
2022/07/06 10:29:57 mqttClient.clientStatus.clientState = 3
2022/07/06 10:29:59 mqttClient.clientStatus.clientState = 3
2022/07/06 10:30:00 mqttClient.clientStatus.clientState = 3
2022/07/06 10:30:01 mqttClient.clientStatus.clientState = 3
2022/07/06 10:30:02 mqttClient.clientStatus.clientState = 3
2022/07/06 10:30:03 mqttClient.clientStatus.clientState = 3
2022/07/06 10:30:05 mqttClient.clientStatus.clientState = 3
2022/07/06 10:30:06 mqttClient.clientStatus.clientState = 3
2022/07/06 10:30:07 mqttClient.clientStatus.clientState = 3
2022/07/06 10:30:08 mqttClient.clientStatus.clientState = 3
2022/07/06 10:30:10 mqttClient.clientStatus.clientState = 3
2022/07/06 10:30:11 mqttClient.clientStatus.clientState = 3
2022/07/06 10:30:12 mqttClient.clientStatus.clientState = 3
2022/07/06 10:30:13 mqttClient.clientStatus.clientState = 3
2022/07/06 10:30:14 mqttClient.clientStatus.clientState = 3
2022/07/06 10:30:16 mqttClient.clientStatus.clientState = 3
2022/07/06 10:30:17 mqttClient.clientStatus.clientState = 3
2022/07/06 10:30:18 mqttClient.clientStatus.clientState = 3
2022/07/06 10:30:19 mqttClient.clientStatus.clientState = 3
2022/07/06 10:30:20 mqttClient.clientStatus.clientState = 3
2022/07/06 10:30:22 mqttClient.clientStatus.clientState = 3
2022/07/06 10:30:23 mqttClient.clientStatus.clientState = 3
2022/07/06 10:30:24 mqttClient.clientStatus.clientState = 3
2022/07/06 10:30:25 mqttClient.clientStatus.clientState = 3
2022/07/06 10:30:27 mqttClient.clientStatus.clientState = 3
2022/07/06 10:30:28 mqttClient.clientStatus.clientState = 3
2022/07/06 10:30:29 mqttClient.clientStatus.clientState = 3
2022/07/06 10:30:30 mqttClient.clientStatus.clientState = 3
2022/07/06 10:30:31 mqttClient.clientStatus.clientState = 3
2022/07/06 10:30:33 mqttClient.clientStatus.clientState = 3
2022/07/06 10:30:34 mqttClient.clientStatus.clientState = 3
2022/07/06 10:30:35 mqttClient.clientStatus.clientState = 3
2022/07/06 10:30:36 mqttClient.clientStatus.clientState = 3
2022/07/06 10:30:37 mqttClient.clientStatus.clientState = 3
2022/07/06 10:30:39 mqttClient.clientStatus.clientState = 3
2022/07/06 10:30:40 mqttClient.clientStatus.clientState = 3
2022/07/06 10:30:41 mqttClient.clientStatus.clientState = 3
2022/07/06 10:30:42 mqttClient.clientStatus.clientState = 3
2022/07/06 10:30:44 mqttClient.clientStatus.clientState = 3
2022/07/06 10:30:45 mqttClient.clientStatus.clientState = 3
2022/07/06 10:30:46 mqttClient.clientStatus.clientState = 3
2022/07/06 10:30:47 mqttClient.clientStatus.clientState = 3
2022/07/06 10:30:48 mqttClient.clientStatus.clientState = 3
2022/07/06 10:30:50 mqttClient.clientStatus.clientState = 3
2022/07/06 10:30:51 mqttClient.clientStatus.clientState = 3
2022/07/06 10:30:52 mqttClient.clientStatus.clientState = 3
2022/07/06 10:30:53 mqttClient.clientStatus.clientState = 3
2022/07/06 10:30:54 mqttClient.clientStatus.clientState = 3
2022/07/06 10:30:56 mqttClient.clientStatus.clientState = 3
2022/07/06 10:30:57 mqttClient.clientStatus.clientState = 3
2022/07/06 10:30:58 mqttClient.clientStatus.clientState = 3
2022/07/06 10:30:59 mqttClient.clientStatus.clientState = 3
2022/07/06 10:31:01 mqttClient.clientStatus.clientState = 3
2022/07/06 10:31:02 mqttClient.clientStatus.clientState = 3
2022/07/06 10:31:03 mqttClient.clientStatus.clientState = 3
2022/07/06 10:31:04 mqttClient.clientStatus.clientState = 3
2022/07/06 10:31:05 mqttClient.clientStatus.clientState = 3
2022/07/06 10:31:07 mqttClient.clientStatus.clientState = 3
2022/07/06 10:31:08 mqttClient.clientStatus.clientState = 3
2022/07/06 10:31:09 mqttClient.clientStatus.clientState = 3
2022/07/06 10:31:10 mqttClient.clientStatus.clientState = 3
2022/07/06 10:31:12 mqttClient.clientStatus.clientState = 3
2022/07/06 10:31:13 mqttClient.clientStatus.clientState = 3
2022/07/06 10:31:14 mqttClient.clientStatus.clientState = 3
2022/07/06 10:31:15 mqttClient.clientStatus.clientState = 3
2022/07/06 10:31:16 mqttClient.clientStatus.clientState = 3
2022/07/06 10:31:18 mqttClient.clientStatus.clientState = 3
2022/07/06 10:31:19 mqttClient.clientStatus.clientState = 3
2022/07/06 10:31:20 mqttClient.clientStatus.clientState = 3
2022/07/06 10:31:21 mqttClient.clientStatus.clientState = 3
2022/07/06 10:31:22 mqttClient.clientStatus.clientState = 3
2022/07/06 10:31:24 mqttClient.clientStatus.clientState = 3
2022/07/06 10:31:25 mqttClient.clientStatus.clientState = 3
2022/07/06 10:31:26 mqttClient.clientStatus.clientState = 3
2022/07/06 10:31:27 mqttClient.clientStatus.clientState = 3
2022/07/06 10:31:29 mqttClient.clientStatus.clientState = 3
2022/07/06 10:31:30 mqttClient.clientStatus.clientState = 3
2022/07/06 10:31:31 mqttClient.clientStatus.clientState = 3
2022/07/06 10:31:32 mqttClient.clientStatus.clientState = 3
2022/07/06 10:31:33 mqttClient.clientStatus.clientState = 3
2022/07/06 10:31:35 mqttClient.clientStatus.clientState = 3
2022/07/06 10:31:36 mqttClient.clientStatus.clientState = 3
2022/07/06 10:31:37 mqttClient.clientStatus.clientState = 3
2022/07/06 10:31:38 mqttClient.clientStatus.clientState = 3
2022/07/06 10:31:39 mqttClient.clientStatus.clientState = 3
2022/07/06 10:31:41 mqttClient.clientStatus.clientState = 3
2022/07/06 10:31:42 mqttClient.clientStatus.clientState = 3
2022/07/06 10:31:43 mqttClient.clientStatus.clientState = 3
2022/07/06 10:31:44 mqttClient.clientStatus.clientState = 3
2022/07/06 10:31:46 mqttClient.clientStatus.clientState = 3
2022/07/06 10:31:47 mqttClient.clientStatus.clientState = 3
2022/07/06 10:31:48 mqttClient.clientStatus.clientState = 3
2022/07/06 10:31:49 mqttClient.clientStatus.clientState = 3
2022/07/06 10:31:50 mqttClient.clientStatus.clientState = 3
2022/07/06 10:31:52 mqttClient.clientStatus.clientState = 3
2022/07/06 10:31:53 mqttClient.clientStatus.clientState = 3
2022/07/06 10:31:54 mqttClient.clientStatus.clientState = 3
2022/07/06 10:31:55 mqttClient.clientStatus.clientState = 3
2022/07/06 10:31:56 mqttClient.clientStatus.clientState = 3
2022/07/06 10:31:58 mqttClient.clientStatus.clientState = 3
2022/07/06 10:31:59 mqttClient.clientStatus.clientState = 3
2022/07/06 10:32:00 mqttClient.clientStatus.clientState = 3
2022/07/06 10:32:01 mqttClient.clientStatus.clientState = 3
2022/07/06 10:32:03 mqttClient.clientStatus.clientState = 3
2022/07/06 10:32:04 mqttClient.clientStatus.clientState = 3
2022/07/06 10:32:05 mqttClient.clientStatus.clientState = 3
2022/07/06 10:32:06 mqttClient.clientStatus.clientState = 3
2022/07/06 10:32:07 mqttClient.clientStatus.clientState = 3
2022/07/06 10:32:09 mqttClient.clientStatus.clientState = 3
2022/07/06 10:32:10 mqttClient.clientStatus.clientState = 3
2022/07/06 10:32:11 mqttClient.clientStatus.clientState = 3
2022/07/06 10:32:12 mqttClient.clientStatus.clientState = 3
2022/07/06 10:32:13 mqttClient.clientStatus.clientState = 3
2022/07/06 10:32:15 mqttClient.clientStatus.clientState = 3
2022/07/06 10:32:16 mqttClient.clientStatus.clientState = 3
2022/07/06 10:32:17 mqttClient.clientStatus.clientState = 3
2022/07/06 10:32:18 mqttClient.clientStatus.clientState = 3
2022/07/06 10:32:20 mqttClient.clientStatus.clientState = 3
2022/07/06 10:32:21 mqttClient.clientStatus.clientState = 3
2022/07/06 10:32:22 mqttClient.clientStatus.clientState = 3
2022/07/06 10:32:23 mqttClient.clientStatus.clientState = 3
2022/07/06 10:32:24 mqttClient.clientStatus.clientState = 3
2022/07/06 10:32:26 mqttClient.clientStatus.clientState = 3
2022/07/06 10:32:27 mqttClient.clientStatus.clientState = 3
2022/07/06 10:32:28 mqttClient.clientStatus.clientState = 3
2022/07/06 10:32:29 mqttClient.clientStatus.clientState = 3
2022/07/06 10:32:30 mqttClient.clientStatus.clientState = 3
2022/07/06 12:09:34 pMyThingName = Thing_cardWriterV2_1d556f0a-828c-4762-91fb-dc47119380ea
2022/07/06 12:09:35 Shadow Connect ok
2022/07/06 12:09:36 Shadow delta ok
2022/07/06 12:09:37 payload = JOB_GET_PENDING_TOPIC callback
2022/07/06 12:09:37 JOB_NOTIFY_NEXT_TOPIC / JOB_DESCRIBE_TOPIC($next) callback
2022/07/06 12:09:37 payload = {"timestamp":1657080577}ogressJobs":[],"queuedJobs":[]}
2022/07/06 12:09:39 mqttClient.clientStatus.clientState = 3
2022/07/06 12:09:40 shadow pReceivedJsonDocument 数据 = {"state":{"desired":{"sn":{"sn":"DM2A205139017","code":"476017"},"restaurantID":8757,"menuUpdateTime":1656658619000},"reported":{"menuUpdateTime":1656658619000,"romVersion":"MCT_DM2_0.0.9","sn":{"sn":"DM2A205139017","code":"476017"},"restaurantID":8757}},"metadata":{"desired":{"sn":{"sn":{"timestamp":1655447709},"code":{"timestamp":1655447709}},"restaurantID":{"timestamp":1656038544},"menuUpdateTime":{"timestamp":1656989981}},"reported":{"menuUpdateTime":{"timestamp":1657074454},"romVersion":{"timestamp":1657074454},"sn":{"sn":{"timestamp":1655447710},"code":{"timestamp":1655447710}},"restaurantID":{"timestamp":1656038562}}},"version":51,"timestamp":1657080580,"clientToken":"1d556f0a-828c-4762-91fb-dc47119380ea-0"}
2022/07/06 12:09:43 mqttClient.clientStatus.clientState = 3
2022/07/06 12:09:44 MenuUpdateTime Update Accepted !!
2022/07/06 12:09:44 romVersion Update Accepted !!
2022/07/06 12:09:44 mqttClient.clientStatus.clientState = 3
2022/07/06 12:09:45 mqttClient.clientStatus.clientState = 3
2022/07/06 12:09:46 mqttClient.clientStatus.clientState = 3
2022/07/06 12:09:47 mqttClient.clientStatus.clientState = 3
2022/07/06 12:09:49 mqttClient.clientStatus.clientState = 3
2022/07/06 12:09:50 mqttClient.clientStatus.clientState = 3
2022/07/06 12:09:51 mqttClient.clientStatus.clientState = 3
2022/07/06 12:09:52 mqttClient.clientStatus.clientState = 3
2022/07/06 12:09:54 mqttClient.clientStatus.clientState = 3
2022/07/06 12:09:55 mqttClient.clientStatus.clientState = 3
2022/07/06 12:09:56 mqttClient.clientStatus.clientState = 3
2022/07/06 12:09:57 mqttClient.clientStatus.clientState = 3
2022/07/06 12:09:58 mqttClient.clientStatus.clientState = 3
2022/07/06 12:10:00 mqttClient.clientStatus.clientState = 3
2022/07/06 12:10:01 mqttClient.clientStatus.clientState = 3
2022/07/06 12:10:02 mqttClient.clientStatus.clientState = 3
2022/07/06 12:10:03 mqttClient.clientStatus.clientState = 3
2022/07/06 12:10:04 mqttClient.clientStatus.clientState = 3
2022/07/06 12:10:06 mqttClient.clientStatus.clientState = 3
2022/07/06 12:10:07 mqttClient.clientStatus.clientState = 3
2022/07/06 12:10:08 mqttClient.clientStatus.clientState = 3
2022/07/06 12:10:09 mqttClient.clientStatus.clientState = 3
2022/07/06 12:10:10 mqttClient.clientStatus.clientState = 3
2022/07/06 12:10:12 mqttClient.clientStatus.clientState = 3
2022/07/06 12:10:13 mqttClient.clientStatus.clientState = 3
2022/07/06 12:10:14 mqttClient.clientStatus.clientState = 3
2022/07/06 12:10:15 mqttClient.clientStatus.clientState = 3
2022/07/06 12:10:16 mqttClient.clientStatus.clientState = 3
2022/07/06 12:10:18 mqttClient.clientStatus.clientState = 3
2022/07/06 12:10:19 mqttClient.clientStatus.clientState = 3
2022/07/06 12:10:20 mqttClient.clientStatus.clientState = 3
2022/07/06 12:10:21 mqttClient.clientStatus.clientState = 3
2022/07/06 12:10:22 mqttClient.clientStatus.clientState = 3
2022/07/06 12:10:24 mqttClient.clientStatus.clientState = 3
2022/07/06 12:10:25 mqttClient.clientStatus.clientState = 3
2022/07/06 12:10:26 mqttClient.clientStatus.clientState = 3
2022/07/06 12:10:27 mqttClient.clientStatus.clientState = 3
2022/07/06 12:10:28 mqttClient.clientStatus.clientState = 3
2022/07/06 12:10:30 mqttClient.clientStatus.clientState = 3
2022/07/06 12:10:31 mqttClient.clientStatus.clientState = 3
2022/07/06 12:10:32 mqttClient.clientStatus.clientState = 3
2022/07/06 12:10:33 mqttClient.clientStatus.clientState = 3
2022/07/06 12:10:34 mqttClient.clientStatus.clientState = 3
2022/07/06 12:10:36 mqttClient.clientStatus.clientState = 3
2022/07/06 12:10:37 mqttClient.clientStatus.clientState = 3
2022/07/06 12:10:38 mqttClient.clientStatus.clientState = 3
2022/07/06 12:10:39 mqttClient.clientStatus.clientState = 3
2022/07/06 12:10:40 mqttClient.clientStatus.clientState = 3
2022/07/06 12:10:42 mqttClient.clientStatus.clientState = 3
2022/07/06 12:10:43 mqttClient.clientStatus.clientState = 3
2022/07/06 12:10:44 mqttClient.clientStatus.clientState = 3
2022/07/06 12:10:45 mqttClient.clientStatus.clientState = 3
2022/07/06 12:10:47 mqttClient.clientStatus.clientState = 3
2022/07/06 12:10:48 mqttClient.clientStatus.clientState = 3
2022/07/06 12:10:49 mqttClient.clientStatus.clientState = 3
2022/07/06 12:10:50 mqttClient.clientStatus.clientState = 3
2022/07/06 12:10:51 mqttClient.clientStatus.clientState = 3
2022/07/06 12:10:53 mqttClient.clientStatus.clientState = 3
2022/07/06 12:10:54 mqttClient.clientStatus.clientState = 3
2022/07/06 12:10:55 mqttClient.clientStatus.clientState = 3
2022/07/06 12:10:56 mqttClient.clientStatus.clientState = 3
2022/07/06 12:10:57 mqttClient.clientStatus.clientState = 3
2022/07/06 12:10:59 mqttClient.clientStatus.clientState = 3
2022/07/06 12:11:00 mqttClient.clientStatus.clientState = 3
2022/07/06 12:11:01 mqttClient.clientStatus.clientState = 3
2022/07/06 12:11:02 mqttClient.clientStatus.clientState = 3
2022/07/06 12:11:03 mqttClient.clientStatus.clientState = 3
2022/07/06 12:11:05 mqttClient.clientStatus.clientState = 3
2022/07/06 12:11:06 mqttClient.clientStatus.clientState = 3
2022/07/06 12:11:07 mqttClient.clientStatus.clientState = 3
2022/07/06 12:11:08 mqttClient.clientStatus.clientState = 3
2022/07/06 12:11:09 mqttClient.clientStatus.clientState = 3
2022/07/06 12:11:11 mqttClient.clientStatus.clientState = 3
2022/07/06 12:11:12 mqttClient.clientStatus.clientState = 3
2022/07/06 12:11:13 mqttClient.clientStatus.clientState = 3
2022/07/06 12:11:14 mqttClient.clientStatus.clientState = 3
2022/07/06 12:11:15 mqttClient.clientStatus.clientState = 3
2022/07/06 12:11:17 mqttClient.clientStatus.clientState = 3
2022/07/06 12:11:18 mqttClient.clientStatus.clientState = 3
2022/07/06 12:11:19 mqttClient.clientStatus.clientState = 3
2022/07/06 12:11:20 mqttClient.clientStatus.clientState = 3
2022/07/06 12:11:21 mqttClient.clientStatus.clientState = 3
2022/07/06 12:11:23 mqttClient.clientStatus.clientState = 3
2022/07/06 12:11:24 mqttClient.clientStatus.clientState = 3
2022/07/06 12:11:25 mqttClient.clientStatus.clientState = 3
2022/07/06 12:11:26 mqttClient.clientStatus.clientState = 3
2022/07/06 12:11:27 mqttClient.clientStatus.clientState = 3
2022/07/06 12:11:29 mqttClient.clientStatus.clientState = 3
2022/07/06 12:11:30 mqttClient.clientStatus.clientState = 3
2022/07/06 12:11:31 mqttClient.clientStatus.clientState = 3
2022/07/06 12:11:32 mqttClient.clientStatus.clientState = 3
2022/07/06 12:11:33 mqttClient.clientStatus.clientState = 3
2022/07/06 12:11:35 mqttClient.clientStatus.clientState = 3
2022/07/06 12:11:36 mqttClient.clientStatus.clientState = 3
2022/07/06 12:11:37 mqttClient.clientStatus.clientState = 3
2022/07/06 12:11:38 mqttClient.clientStatus.clientState = 3
2022/07/06 12:11:39 mqttClient.clientStatus.clientState = 3
2022/07/06 12:11:41 mqttClient.clientStatus.clientState = 3
2022/07/06 12:11:42 mqttClient.clientStatus.clientState = 3
2022/07/06 12:11:43 mqttClient.clientStatus.clientState = 3
2022/07/06 12:11:44 mqttClient.clientStatus.clientState = 3
2022/07/06 12:11:46 mqttClient.clientStatus.clientState = 3
2022/07/06 12:11:47 mqttClient.clientStatus.clientState = 3
2022/07/06 12:11:48 mqttClient.clientStatus.clientState = 3
2022/07/06 12:11:49 mqttClient.clientStatus.clientState = 3
2022/07/06 12:11:50 mqttClient.clientStatus.clientState = 3
2022/07/06 12:11:52 mqttClient.clientStatus.clientState = 3
2022/07/06 12:11:53 mqttClient.clientStatus.clientState = 3
2022/07/06 12:11:54 mqttClient.clientStatus.clientState = 3
2022/07/06 12:11:55 mqttClient.clientStatus.clientState = 3
2022/07/06 12:11:56 mqttClient.clientStatus.clientState = 3
2022/07/06 12:11:58 mqttClient.clientStatus.clientState = 3
2022/07/06 12:11:59 mqttClient.clientStatus.clientState = 3
2022/07/06 12:12:00 mqttClient.clientStatus.clientState = 3
2022/07/06 12:12:01 mqttClient.clientStatus.clientState = 3
2022/07/06 12:12:02 mqttClient.clientStatus.clientState = 3
2022/07/06 12:12:04 mqttClient.clientStatus.clientState = 3
2022/07/06 12:12:05 mqttClient.clientStatus.clientState = 3
2022/07/06 12:12:06 mqttClient.clientStatus.clientState = 3
2022/07/06 12:12:07 mqttClient.clientStatus.clientState = 3
2022/07/06 12:12:08 mqttClient.clientStatus.clientState = 3
2022/07/06 12:12:10 mqttClient.clientStatus.clientState = 3
2022/07/06 12:12:11 mqttClient.clientStatus.clientState = 3
2022/07/06 12:12:12 mqttClient.clientStatus.clientState = 3
2022/07/06 12:12:13 mqttClient.clientStatus.clientState = 3
2022/07/06 12:12:14 mqttClient.clientStatus.clientState = 3
2022/07/06 12:12:16 mqttClient.clientStatus.clientState = 3
2022/07/06 12:12:17 mqttClient.clientStatus.clientState = 3
2022/07/06 12:12:18 mqttClient.clientStatus.clientState = 3
2022/07/06 12:12:19 mqttClient.clientStatus.clientState = 3
2022/07/06 12:12:20 mqttClient.clientStatus.clientState = 3
2022/07/06 12:12:22 mqttClient.clientStatus.clientState = 3
2022/07/06 12:12:23 mqttClient.clientStatus.clientState = 3
2022/07/06 12:12:24 mqttClient.clientStatus.clientState = 3
2022/07/06 12:12:25 mqttClient.clientStatus.clientState = 3
2022/07/06 12:12:26 mqttClient.clientStatus.clientState = 3
2022/07/06 12:12:28 mqttClient.clientStatus.clientState = 3
2022/07/06 12:12:29 mqttClient.clientStatus.clientState = 3
2022/07/06 12:12:30 mqttClient.clientStatus.clientState = 3
2022/07/06 12:12:31 mqttClient.clientStatus.clientState = 3
2022/07/06 12:12:32 mqttClient.clientStatus.clientState = 3
2022/07/06 12:12:34 mqttClient.clientStatus.clientState = 3
2022/07/06 12:12:35 mqttClient.clientStatus.clientState = 3
2022/07/06 12:12:36 mqttClient.clientStatus.clientState = 3
2022/07/06 12:12:37 mqttClient.clientStatus.clientState = 3
2022/07/06 12:12:38 mqttClient.clientStatus.clientState = 3
2022/07/06 12:12:40 mqttClient.clientStatus.clientState = 3
2022/07/06 12:12:41 mqttClient.clientStatus.clientState = 3
2022/07/06 12:12:42 mqttClient.clientStatus.clientState = 3
2022/07/06 12:12:43 mqttClient.clientStatus.clientState = 3
2022/07/06 12:12:45 mqttClient.clientStatus.clientState = 3
2022/07/06 12:12:46 mqttClient.clientStatus.clientState = 3
2022/07/06 12:12:47 mqttClient.clientStatus.clientState = 3
2022/07/06 12:12:48 mqttClient.clientStatus.clientState = 3
2022/07/06 12:12:49 mqttClient.clientStatus.clientState = 3
2022/07/06 12:12:51 mqttClient.clientStatus.clientState = 3
2022/07/06 12:12:52 mqttClient.clientStatus.clientState = 3
2022/07/06 12:12:53 mqttClient.clientStatus.clientState = 3
2022/07/06 12:12:54 mqttClient.clientStatus.clientState = 3
2022/07/06 12:12:55 mqttClient.clientStatus.clientState = 3
2022/07/06 12:12:57 mqttClient.clientStatus.clientState = 3
2022/07/06 12:12:58 mqttClient.clientStatus.clientState = 3
2022/07/06 12:12:59 mqttClient.clientStatus.clientState = 3
2022/07/06 12:13:00 mqttClient.clientStatus.clientState = 3
2022/07/06 12:13:01 mqttClient.clientStatus.clientState = 3
2022/07/06 12:13:03 mqttClient.clientStatus.clientState = 3
2022/07/06 12:13:04 mqttClient.clientStatus.clientState = 3
2022/07/06 12:13:05 mqttClient.clientStatus.clientState = 3
2022/07/06 12:13:06 mqttClient.clientStatus.clientState = 3
2022/07/06 12:13:07 mqttClient.clientStatus.clientState = 3
2022/07/06 12:13:09 mqttClient.clientStatus.clientState = 3
2022/07/06 12:13:10 mqttClient.clientStatus.clientState = 3
2022/07/06 12:13:11 mqttClient.clientStatus.clientState = 3
2022/07/06 12:13:12 mqttClient.clientStatus.clientState = 3
2022/07/06 12:13:13 mqttClient.clientStatus.clientState = 3
2022/07/06 12:13:15 mqttClient.clientStatus.clientState = 3
2022/07/06 12:13:16 mqttClient.clientStatus.clientState = 3
2022/07/06 12:13:17 mqttClient.clientStatus.clientState = 3
2022/07/06 12:13:18 mqttClient.clientStatus.clientState = 3
2022/07/06 12:13:19 mqttClient.clientStatus.clientState = 3
2022/07/06 12:13:21 mqttClient.clientStatus.clientState = 3
2022/07/06 12:13:22 mqttClient.clientStatus.clientState = 3
2022/07/06 12:13:23 mqttClient.clientStatus.clientState = 3
2022/07/06 12:13:24 mqttClient.clientStatus.clientState = 3
2022/07/06 12:13:25 mqttClient.clientStatus.clientState = 3
2022/07/06 12:13:27 mqttClient.clientStatus.clientState = 3
2022/07/06 12:13:28 mqttClient.clientStatus.clientState = 3
2022/07/06 12:13:29 mqttClient.clientStatus.clientState = 3
2022/07/06 12:13:30 mqttClient.clientStatus.clientState = 3
2022/07/06 12:13:31 mqttClient.clientStatus.clientState = 3
2022/07/06 12:13:33 mqttClient.clientStatus.clientState = 3
2022/07/06 12:13:34 mqttClient.clientStatus.clientState = 3
2022/07/06 12:13:35 mqttClient.clientStatus.clientState = 3
2022/07/06 12:13:36 mqttClient.clientStatus.clientState = 3
2022/07/06 12:13:37 mqttClient.clientStatus.clientState = 3
2022/07/06 12:13:39 mqttClient.clientStatus.clientState = 3
2022/07/06 12:13:40 mqttClient.clientStatus.clientState = 3
2022/07/06 12:13:41 mqttClient.clientStatus.clientState = 3
2022/07/06 12:13:42 mqttClient.clientStatus.clientState = 3
2022/07/06 12:13:44 mqttClient.clientStatus.clientState = 3
2022/07/06 12:13:45 mqttClient.clientStatus.clientState = 3
2022/07/06 12:13:46 mqttClient.clientStatus.clientState = 3
2022/07/06 12:13:47 mqttClient.clientStatus.clientState = 3
2022/07/06 12:13:48 mqttClient.clientStatus.clientState = 3
2022/07/06 12:13:50 mqttClient.clientStatus.clientState = 3
2022/07/06 12:13:51 mqttClient.clientStatus.clientState = 3
2022/07/06 12:13:52 mqttClient.clientStatus.clientState = 3
2022/07/06 12:13:53 mqttClient.clientStatus.clientState = 3
2022/07/06 12:13:54 mqttClient.clientStatus.clientState = 3
2022/07/06 12:13:56 mqttClient.clientStatus.clientState = 3
