2022/07/11 10:44:09 pMyThingName = Thing_cardWriterV2_1d556f0a-828c-4762-91fb-dc47119380ea
2022/07/11 10:44:10 Shadow Connect ok
2022/07/11 10:44:11 Shadow delta ok
2022/07/11 10:44:12 payload = JOB_GET_PENDING_TOPIC callback
2022/07/11 10:44:12 JOB_NOTIFY_NEXT_TOPIC / JOB_DESCRIBE_TOPIC($next) callback
2022/07/11 10:44:12 payload = {"timestamp":1657507452}ogressJobs":[],"queuedJobs":[]}
2022/07/11 10:44:14 mqttClient.clientStatus.clientState = 3
2022/07/11 10:44:15 shadow pReceivedJsonDocument 数据 = {"state":{"desired":{"sn":{"sn":"DM2A205139017","code":"476017"},"restaurantID":8757,"menuUpdateTime":1656658619000},"reported":{"menuUpdateTime":1656658619000,"romVersion":"MCT_DM2_0.0.9","sn":{"sn":"DM2A205139017","code":"476017"},"restaurantID":8757}},"metadata":{"desired":{"sn":{"sn":{"timestamp":1655447709},"code":{"timestamp":1655447709}},"restaurantID":{"timestamp":1656038544},"menuUpdateTime":{"timestamp":1656989981}},"reported":{"menuUpdateTime":{"timestamp":1657261594},"romVersion":{"timestamp":1657261594},"sn":{"sn":{"timestamp":1655447710},"code":{"timestamp":1655447710}},"restaurantID":{"timestamp":1656038562}}},"version":65,"timestamp":1657507455,"clientToken":"1d556f0a-828c-4762-91fb-dc47119380ea-0"}
2022/07/11 10:44:17 mqttClient.clientStatus.clientState = 3
2022/07/11 10:44:18 MenuUpdateTime Update Accepted !!
2022/07/11 10:44:18 romVersion Update Accepted !!
2022/07/11 10:44:19 mqttClient.clientStatus.clientState = 3
2022/07/11 10:44:20 mqttClient.clientStatus.clientState = 3
2022/07/11 10:44:21 mqttClient.clientStatus.clientState = 3
2022/07/11 10:44:22 mqttClient.clientStatus.clientState = 3
2022/07/11 10:44:24 mqttClient.clientStatus.clientState = 3
2022/07/11 10:44:25 mqttClient.clientStatus.clientState = 3
2022/07/11 10:44:26 mqttClient.clientStatus.clientState = 3
2022/07/11 10:44:27 mqttClient.clientStatus.clientState = 3
2022/07/11 10:44:28 mqttClient.clientStatus.clientState = 3
2022/07/11 10:44:30 mqttClient.clientStatus.clientState = 3
2022/07/11 10:44:31 mqttClient.clientStatus.clientState = 3
2022/07/11 10:44:32 mqttClient.clientStatus.clientState = 3
2022/07/11 10:44:33 mqttClient.clientStatus.clientState = 3
2022/07/11 10:44:34 mqttClient.clientStatus.clientState = 3
2022/07/11 10:44:36 mqttClient.clientStatus.clientState = 3
2022/07/11 10:44:37 mqttClient.clientStatus.clientState = 3
2022/07/11 10:44:38 mqttClient.clientStatus.clientState = 3
2022/07/11 10:44:39 mqttClient.clientStatus.clientState = 3
2022/07/11 10:44:41 mqttClient.clientStatus.clientState = 3
2022/07/11 10:44:42 mqttClient.clientStatus.clientState = 3
2022/07/11 10:44:43 mqttClient.clientStatus.clientState = 3
2022/07/11 10:44:44 mqttClient.clientStatus.clientState = 3
2022/07/11 10:44:45 mqttClient.clientStatus.clientState = 3
2022/07/11 10:44:47 mqttClient.clientStatus.clientState = 3
2022/07/11 10:44:48 mqttClient.clientStatus.clientState = 3
2022/07/11 10:44:49 mqttClient.clientStatus.clientState = 3
2022/07/11 10:44:50 mqttClient.clientStatus.clientState = 3
2022/07/11 10:44:51 mqttClient.clientStatus.clientState = 3
2022/07/11 10:44:53 mqttClient.clientStatus.clientState = 3
2022/07/11 10:44:54 mqttClient.clientStatus.clientState = 3
2022/07/11 10:44:55 mqttClient.clientStatus.clientState = 3
2022/07/11 10:44:56 mqttClient.clientStatus.clientState = 3
2022/07/11 10:44:57 mqttClient.clientStatus.clientState = 3
2022/07/11 10:44:59 mqttClient.clientStatus.clientState = 3
2022/07/11 10:45:00 mqttClient.clientStatus.clientState = 3
2022/07/11 10:45:01 mqttClient.clientStatus.clientState = 3
2022/07/11 10:45:02 mqttClient.clientStatus.clientState = 3
2022/07/11 10:45:04 mqttClient.clientStatus.clientState = 3
2022/07/11 10:45:05 mqttClient.clientStatus.clientState = 3
2022/07/11 10:45:06 mqttClient.clientStatus.clientState = 3
2022/07/11 10:45:07 mqttClient.clientStatus.clientState = 3
2022/07/11 10:45:08 mqttClient.clientStatus.clientState = 3
2022/07/11 10:45:10 mqttClient.clientStatus.clientState = 3
2022/07/11 10:45:11 mqttClient.clientStatus.clientState = 3
2022/07/11 10:45:12 mqttClient.clientStatus.clientState = 3
2022/07/11 10:45:13 mqttClient.clientStatus.clientState = 3
2022/07/11 10:45:14 mqttClient.clientStatus.clientState = 3
2022/07/11 10:45:16 mqttClient.clientStatus.clientState = 3
2022/07/11 10:45:17 mqttClient.clientStatus.clientState = 3
2022/07/11 10:45:18 mqttClient.clientStatus.clientState = 3
2022/07/11 10:45:19 mqttClient.clientStatus.clientState = 3
2022/07/11 10:45:21 mqttClient.clientStatus.clientState = 3
2022/07/11 10:45:22 mqttClient.clientStatus.clientState = 3
2022/07/11 10:45:23 mqttClient.clientStatus.clientState = 3
2022/07/11 10:45:24 mqttClient.clientStatus.clientState = 3
2022/07/11 10:45:25 mqttClient.clientStatus.clientState = 3
2022/07/11 10:45:27 mqttClient.clientStatus.clientState = 3
2022/07/11 10:45:28 mqttClient.clientStatus.clientState = 3
2022/07/11 10:45:29 mqttClient.clientStatus.clientState = 3
2022/07/11 11:04:45 pMyThingName = Thing_cardWriterV2_1d556f0a-828c-4762-91fb-dc47119380ea
2022/07/11 11:04:46 Shadow Connect ok
2022/07/11 11:04:47 Shadow delta ok
2022/07/11 11:04:48 payload = JOB_GET_PENDING_TOPIC callback
2022/07/11 11:04:48 JOB_NOTIFY_NEXT_TOPIC / JOB_DESCRIBE_TOPIC($next) callback
2022/07/11 11:04:48 payload = {"timestamp":1657508688}ogressJobs":[],"queuedJobs":[]}
2022/07/11 11:04:50 mqttClient.clientStatus.clientState = 3
2022/07/11 11:04:51 shadow pReceivedJsonDocument 数据 = {"state":{"desired":{"sn":{"sn":"DM2A205139017","code":"476017"},"restaurantID":8757,"menuUpdateTime":1656658619000},"reported":{"menuUpdateTime":1656658619000,"romVersion":"MCT_DM2_0.0.9","sn":{"sn":"DM2A205139017","code":"476017"},"restaurantID":8757}},"metadata":{"desired":{"sn":{"sn":{"timestamp":1655447709},"code":{"timestamp":1655447709}},"restaurantID":{"timestamp":1656038544},"menuUpdateTime":{"timestamp":1656989981}},"reported":{"menuUpdateTime":{"timestamp":1657507458},"romVersion":{"timestamp":1657507458},"sn":{"sn":{"timestamp":1655447710},"code":{"timestamp":1655447710}},"restaurantID":{"timestamp":1656038562}}},"version":67,"timestamp":1657508691,"clientToken":"1d556f0a-828c-4762-91fb-dc47119380ea-0"}
2022/07/11 11:04:54 mqttClient.clientStatus.clientState = 3
2022/07/11 11:04:55 MenuUpdateTime Update Accepted !!
2022/07/11 11:04:55 romVersion Update Accepted !!
2022/07/11 11:04:55 mqttClient.clientStatus.clientState = 3
2022/07/11 11:04:56 mqttClient.clientStatus.clientState = 3
2022/07/11 11:04:57 mqttClient.clientStatus.clientState = 3
2022/07/11 11:04:58 mqttClient.clientStatus.clientState = 3
2022/07/11 11:05:00 mqttClient.clientStatus.clientState = 3
2022/07/11 11:05:01 mqttClient.clientStatus.clientState = 3
2022/07/11 11:05:02 mqttClient.clientStatus.clientState = 3
2022/07/11 11:05:03 mqttClient.clientStatus.clientState = 3
2022/07/11 11:05:04 mqttClient.clientStatus.clientState = 3
2022/07/11 11:05:06 mqttClient.clientStatus.clientState = 3
2022/07/11 11:05:07 mqttClient.clientStatus.clientState = 3
2022/07/11 11:05:08 mqttClient.clientStatus.clientState = 3
2022/07/11 11:05:09 mqttClient.clientStatus.clientState = 3
2022/07/11 11:05:11 mqttClient.clientStatus.clientState = 3
2022/07/11 11:05:12 mqttClient.clientStatus.clientState = 3
2022/07/11 11:05:13 mqttClient.clientStatus.clientState = 3
2022/07/11 11:05:14 mqttClient.clientStatus.clientState = 3
2022/07/11 11:05:15 mqttClient.clientStatus.clientState = 3
2022/07/11 11:05:17 mqttClient.clientStatus.clientState = 3
2022/07/11 11:05:18 mqttClient.clientStatus.clientState = 3
2022/07/11 11:05:19 mqttClient.clientStatus.clientState = 3
2022/07/11 11:05:20 mqttClient.clientStatus.clientState = 3
2022/07/11 11:05:21 mqttClient.clientStatus.clientState = 3
2022/07/11 11:05:23 mqttClient.clientStatus.clientState = 3
2022/07/11 11:05:24 mqttClient.clientStatus.clientState = 3
2022/07/11 11:05:25 mqttClient.clientStatus.clientState = 3
2022/07/11 11:05:26 mqttClient.clientStatus.clientState = 3
2022/07/11 11:05:28 mqttClient.clientStatus.clientState = 3
2022/07/11 11:05:29 mqttClient.clientStatus.clientState = 3
2022/07/11 11:05:30 mqttClient.clientStatus.clientState = 3
2022/07/11 11:05:31 mqttClient.clientStatus.clientState = 3
2022/07/11 11:05:32 mqttClient.clientStatus.clientState = 3
2022/07/11 11:05:34 mqttClient.clientStatus.clientState = 3
2022/07/11 11:05:35 mqttClient.clientStatus.clientState = 3
2022/07/11 11:05:36 mqttClient.clientStatus.clientState = 3
2022/07/11 11:05:37 mqttClient.clientStatus.clientState = 3
2022/07/11 11:05:38 mqttClient.clientStatus.clientState = 3
2022/07/11 11:05:40 mqttClient.clientStatus.clientState = 3
2022/07/11 11:05:41 mqttClient.clientStatus.clientState = 3
2022/07/11 11:05:42 mqttClient.clientStatus.clientState = 3
2022/07/11 11:05:43 mqttClient.clientStatus.clientState = 3
2022/07/11 11:05:45 mqttClient.clientStatus.clientState = 3
2022/07/11 11:05:46 mqttClient.clientStatus.clientState = 3
2022/07/11 11:05:47 mqttClient.clientStatus.clientState = 3
2022/07/11 11:05:48 mqttClient.clientStatus.clientState = 3
2022/07/11 11:05:49 mqttClient.clientStatus.clientState = 3
2022/07/11 11:05:51 mqttClient.clientStatus.clientState = 3
2022/07/11 11:05:52 mqttClient.clientStatus.clientState = 3
2022/07/11 11:05:53 mqttClient.clientStatus.clientState = 3
2022/07/11 11:05:54 mqttClient.clientStatus.clientState = 3
2022/07/11 11:05:55 mqttClient.clientStatus.clientState = 3
2022/07/11 11:05:57 mqttClient.clientStatus.clientState = 3
2022/07/11 11:05:58 mqttClient.clientStatus.clientState = 3
2022/07/11 11:05:59 mqttClient.clientStatus.clientState = 3
2022/07/11 11:06:00 mqttClient.clientStatus.clientState = 3
2022/07/11 11:06:02 mqttClient.clientStatus.clientState = 3
2022/07/11 11:06:03 mqttClient.clientStatus.clientState = 3
2022/07/11 11:06:04 mqttClient.clientStatus.clientState = 3
2022/07/11 11:06:05 mqttClient.clientStatus.clientState = 3
2022/07/11 11:06:06 mqttClient.clientStatus.clientState = 3
2022/07/11 11:06:08 mqttClient.clientStatus.clientState = 3
2022/07/11 11:06:09 mqttClient.clientStatus.clientState = 3
2022/07/11 11:06:10 mqttClient.clientStatus.clientState = 3
2022/07/11 11:06:11 mqttClient.clientStatus.clientState = 3
2022/07/11 11:06:12 mqttClient.clientStatus.clientState = 3
2022/07/11 11:06:14 mqttClient.clientStatus.clientState = 3
2022/07/11 11:06:15 mqttClient.clientStatus.clientState = 3
2022/07/11 11:06:16 mqttClient.clientStatus.clientState = 3
2022/07/11 11:06:17 mqttClient.clientStatus.clientState = 3
2022/07/11 11:06:19 mqttClient.clientStatus.clientState = 3
2022/07/11 11:06:20 mqttClient.clientStatus.clientState = 3
2022/07/11 11:06:21 mqttClient.clientStatus.clientState = 3
2022/07/11 11:06:22 mqttClient.clientStatus.clientState = 3
2022/07/11 11:06:23 mqttClient.clientStatus.clientState = 3
2022/07/11 11:06:25 mqttClient.clientStatus.clientState = 3
2022/07/11 11:06:26 mqttClient.clientStatus.clientState = 3
2022/07/11 11:06:27 mqttClient.clientStatus.clientState = 3
2022/07/11 11:06:28 mqttClient.clientStatus.clientState = 3
2022/07/11 11:06:29 mqttClient.clientStatus.clientState = 3
2022/07/11 11:06:31 mqttClient.clientStatus.clientState = 3
2022/07/11 11:06:32 mqttClient.clientStatus.clientState = 3
2022/07/11 11:06:33 mqttClient.clientStatus.clientState = 3
2022/07/11 11:06:34 mqttClient.clientStatus.clientState = 3
2022/07/11 11:06:36 mqttClient.clientStatus.clientState = 3
2022/07/11 11:06:37 mqttClient.clientStatus.clientState = 3
2022/07/11 11:06:38 mqttClient.clientStatus.clientState = 3
2022/07/11 11:06:39 mqttClient.clientStatus.clientState = 3
2022/07/11 11:06:40 mqttClient.clientStatus.clientState = 3
2022/07/11 11:06:42 mqttClient.clientStatus.clientState = 3
2022/07/11 11:06:43 mqttClient.clientStatus.clientState = 3
2022/07/11 11:07:25 pMyThingName = Thing_cardWriterV2_1d556f0a-828c-4762-91fb-dc47119380ea
2022/07/11 11:07:26 Shadow Connect ok
2022/07/11 11:07:27 Shadow delta ok
2022/07/11 11:07:28 payload = JOB_GET_PENDING_TOPIC callback
2022/07/11 11:07:28 JOB_NOTIFY_NEXT_TOPIC / JOB_DESCRIBE_TOPIC($next) callback
2022/07/11 11:07:28 payload = {"timestamp":1657508847}ogressJobs":[],"queuedJobs":[]}
2022/07/11 11:07:30 mqttClient.clientStatus.clientState = 3
2022/07/11 11:07:31 shadow pReceivedJsonDocument 数据 = {"state":{"desired":{"sn":{"sn":"DM2A205139017","code":"476017"},"restaurantID":8757,"menuUpdateTime":1656658619000},"reported":{"menuUpdateTime":1656658619000,"romVersion":"MCT_DM2_0.0.9","sn":{"sn":"DM2A205139017","code":"476017"},"restaurantID":8757}},"metadata":{"desired":{"sn":{"sn":{"timestamp":1655447709},"code":{"timestamp":1655447709}},"restaurantID":{"timestamp":1656038544},"menuUpdateTime":{"timestamp":1656989981}},"reported":{"menuUpdateTime":{"timestamp":1657508695},"romVersion":{"timestamp":1657508695},"sn":{"sn":{"timestamp":1655447710},"code":{"timestamp":1655447710}},"restaurantID":{"timestamp":1656038562}}},"version":69,"timestamp":1657508851,"clientToken":"1d556f0a-828c-4762-91fb-dc47119380ea-0"}
2022/07/11 11:07:34 mqttClient.clientStatus.clientState = 3
2022/07/11 11:07:35 MenuUpdateTime Update Accepted !!
2022/07/11 11:07:35 romVersion Update Accepted !!
2022/07/11 11:07:35 mqttClient.clientStatus.clientState = 3
2022/07/11 11:07:36 mqttClient.clientStatus.clientState = 3
2022/07/11 11:07:37 mqttClient.clientStatus.clientState = 3
2022/07/11 11:07:38 mqttClient.clientStatus.clientState = 3
2022/07/11 11:07:40 mqttClient.clientStatus.clientState = 3
2022/07/11 11:07:41 mqttClient.clientStatus.clientState = 3
2022/07/11 11:07:42 mqttClient.clientStatus.clientState = 3
2022/07/11 11:07:43 mqttClient.clientStatus.clientState = 3
2022/07/11 11:07:45 mqttClient.clientStatus.clientState = 3
2022/07/11 11:07:46 mqttClient.clientStatus.clientState = 3
2022/07/11 11:07:47 mqttClient.clientStatus.clientState = 3
2022/07/11 11:07:48 mqttClient.clientStatus.clientState = 3
2022/07/11 11:07:49 mqttClient.clientStatus.clientState = 3
2022/07/11 11:07:51 mqttClient.clientStatus.clientState = 3
2022/07/11 11:07:52 mqttClient.clientStatus.clientState = 3
2022/07/11 11:07:53 mqttClient.clientStatus.clientState = 3
2022/07/11 11:07:54 mqttClient.clientStatus.clientState = 3
2022/07/11 11:07:55 mqttClient.clientStatus.clientState = 3
2022/07/11 11:07:57 mqttClient.clientStatus.clientState = 3
2022/07/11 11:07:58 mqttClient.clientStatus.clientState = 3
2022/07/11 11:07:59 mqttClient.clientStatus.clientState = 3
2022/07/11 11:08:00 mqttClient.clientStatus.clientState = 3
2022/07/11 11:08:02 mqttClient.clientStatus.clientState = 3
2022/07/11 11:08:03 mqttClient.clientStatus.clientState = 3
2022/07/11 11:08:04 mqttClient.clientStatus.clientState = 3
2022/07/11 11:08:05 mqttClient.clientStatus.clientState = 3
2022/07/11 11:08:06 mqttClient.clientStatus.clientState = 3
2022/07/11 11:08:08 mqttClient.clientStatus.clientState = 3
2022/07/11 11:08:09 mqttClient.clientStatus.clientState = 3
2022/07/11 11:08:10 mqttClient.clientStatus.clientState = 3
2022/07/11 11:08:11 mqttClient.clientStatus.clientState = 3
2022/07/11 11:08:12 mqttClient.clientStatus.clientState = 3
2022/07/11 11:08:14 mqttClient.clientStatus.clientState = 3
2022/07/11 11:08:15 mqttClient.clientStatus.clientState = 3
2022/07/11 11:08:16 mqttClient.clientStatus.clientState = 3
2022/07/11 11:08:17 mqttClient.clientStatus.clientState = 3
2022/07/11 11:08:18 mqttClient.clientStatus.clientState = 3
2022/07/11 11:08:20 mqttClient.clientStatus.clientState = 3
2022/07/11 11:08:21 mqttClient.clientStatus.clientState = 3
2022/07/11 11:08:22 mqttClient.clientStatus.clientState = 3
2022/07/11 11:08:23 mqttClient.clientStatus.clientState = 3
2022/07/11 11:08:25 mqttClient.clientStatus.clientState = 3
2022/07/11 11:08:26 mqttClient.clientStatus.clientState = 3
2022/07/11 11:08:27 mqttClient.clientStatus.clientState = 3
2022/07/11 11:08:28 mqttClient.clientStatus.clientState = 3
2022/07/11 11:08:29 mqttClient.clientStatus.clientState = 3
2022/07/11 11:08:31 mqttClient.clientStatus.clientState = 3
2022/07/11 11:08:32 mqttClient.clientStatus.clientState = 3
2022/07/11 11:08:33 mqttClient.clientStatus.clientState = 3
2022/07/11 11:08:34 mqttClient.clientStatus.clientState = 3
2022/07/11 11:08:35 mqttClient.clientStatus.clientState = 3
2022/07/11 11:08:37 mqttClient.clientStatus.clientState = 3
2022/07/11 11:08:38 mqttClient.clientStatus.clientState = 3
2022/07/11 11:08:39 mqttClient.clientStatus.clientState = 3
2022/07/11 11:08:40 mqttClient.clientStatus.clientState = 3
2022/07/11 11:08:42 mqttClient.clientStatus.clientState = 3
2022/07/11 11:08:43 mqttClient.clientStatus.clientState = 3
2022/07/11 11:08:44 mqttClient.clientStatus.clientState = 3
2022/07/11 11:08:45 mqttClient.clientStatus.clientState = 3
2022/07/11 11:08:46 mqttClient.clientStatus.clientState = 3
2022/07/11 11:08:48 mqttClient.clientStatus.clientState = 3
2022/07/11 11:08:49 mqttClient.clientStatus.clientState = 3
2022/07/11 11:08:50 mqttClient.clientStatus.clientState = 3
2022/07/11 11:08:51 mqttClient.clientStatus.clientState = 3
2022/07/11 11:08:52 mqttClient.clientStatus.clientState = 3
2022/07/11 11:08:54 mqttClient.clientStatus.clientState = 3
2022/07/11 11:08:55 mqttClient.clientStatus.clientState = 3
2022/07/11 11:08:56 mqttClient.clientStatus.clientState = 3
2022/07/11 11:08:57 mqttClient.clientStatus.clientState = 3
2022/07/11 11:08:59 mqttClient.clientStatus.clientState = 3
2022/07/11 11:09:00 mqttClient.clientStatus.clientState = 3
2022/07/11 11:09:01 mqttClient.clientStatus.clientState = 3
2022/07/11 11:09:02 mqttClient.clientStatus.clientState = 3
2022/07/11 11:09:03 mqttClient.clientStatus.clientState = 3
2022/07/11 11:09:05 mqttClient.clientStatus.clientState = 3
2022/07/11 11:09:06 mqttClient.clientStatus.clientState = 3
2022/07/11 11:09:07 mqttClient.clientStatus.clientState = 3
2022/07/11 11:09:08 mqttClient.clientStatus.clientState = 3
2022/07/11 11:09:09 mqttClient.clientStatus.clientState = 3
2022/07/11 11:09:11 mqttClient.clientStatus.clientState = 3
2022/07/11 11:09:12 mqttClient.clientStatus.clientState = 3
2022/07/11 11:09:13 mqttClient.clientStatus.clientState = 3
2022/07/11 11:09:14 mqttClient.clientStatus.clientState = 3
2022/07/11 11:09:16 mqttClient.clientStatus.clientState = 3
2022/07/11 11:09:17 mqttClient.clientStatus.clientState = 3
2022/07/11 11:09:18 mqttClient.clientStatus.clientState = 3
2022/07/11 11:09:19 mqttClient.clientStatus.clientState = 3
2022/07/11 11:09:20 mqttClient.clientStatus.clientState = 3
2022/07/11 11:09:22 mqttClient.clientStatus.clientState = 3
2022/07/11 11:09:23 mqttClient.clientStatus.clientState = 3
2022/07/11 11:09:24 mqttClient.clientStatus.clientState = 3
2022/07/11 11:09:25 mqttClient.clientStatus.clientState = 3
2022/07/11 11:09:26 mqttClient.clientStatus.clientState = 3
2022/07/11 11:09:28 mqttClient.clientStatus.clientState = 3
2022/07/11 11:09:29 mqttClient.clientStatus.clientState = 3
2022/07/11 11:09:30 mqttClient.clientStatus.clientState = 3
2022/07/11 11:09:31 mqttClient.clientStatus.clientState = 3
2022/07/11 11:09:33 mqttClient.clientStatus.clientState = 3
2022/07/11 11:09:34 mqttClient.clientStatus.clientState = 3
2022/07/11 11:09:35 mqttClient.clientStatus.clientState = 3
2022/07/11 11:09:36 mqttClient.clientStatus.clientState = 3
2022/07/11 11:09:37 mqttClient.clientStatus.clientState = 3
2022/07/11 11:09:39 mqttClient.clientStatus.clientState = 3
2022/07/11 11:09:40 mqttClient.clientStatus.clientState = 3
2022/07/11 11:09:41 mqttClient.clientStatus.clientState = 3
2022/07/11 11:09:42 mqttClient.clientStatus.clientState = 3
2022/07/11 11:09:43 mqttClient.clientStatus.clientState = 3
2022/07/11 11:09:45 mqttClient.clientStatus.clientState = 3
2022/07/11 11:09:46 mqttClient.clientStatus.clientState = 3
2022/07/11 11:09:47 mqttClient.clientStatus.clientState = 3
2022/07/11 11:09:48 mqttClient.clientStatus.clientState = 3
2022/07/11 11:09:50 mqttClient.clientStatus.clientState = 3
2022/07/11 11:09:51 mqttClient.clientStatus.clientState = 3
2022/07/11 11:09:52 mqttClient.clientStatus.clientState = 3
2022/07/11 11:09:53 mqttClient.clientStatus.clientState = 3
2022/07/11 11:09:54 mqttClient.clientStatus.clientState = 3
2022/07/11 11:09:56 mqttClient.clientStatus.clientState = 3
2022/07/11 11:09:57 mqttClient.clientStatus.clientState = 3
2022/07/11 11:09:58 mqttClient.clientStatus.clientState = 3
2022/07/11 11:09:59 mqttClient.clientStatus.clientState = 3
2022/07/11 11:10:00 mqttClient.clientStatus.clientState = 3
2022/07/11 11:10:02 mqttClient.clientStatus.clientState = 3
2022/07/11 11:10:03 mqttClient.clientStatus.clientState = 3
2022/07/11 11:10:04 mqttClient.clientStatus.clientState = 3
2022/07/11 11:10:05 mqttClient.clientStatus.clientState = 3
2022/07/11 11:10:07 mqttClient.clientStatus.clientState = 3
2022/07/11 11:10:08 mqttClient.clientStatus.clientState = 3
2022/07/11 11:10:09 mqttClient.clientStatus.clientState = 3
2022/07/11 11:10:10 mqttClient.clientStatus.clientState = 3
2022/07/11 11:10:11 mqttClient.clientStatus.clientState = 3
2022/07/11 11:10:13 mqttClient.clientStatus.clientState = 3
2022/07/11 11:10:14 mqttClient.clientStatus.clientState = 3
2022/07/11 11:10:15 mqttClient.clientStatus.clientState = 3
2022/07/11 11:10:16 mqttClient.clientStatus.clientState = 3
2022/07/11 11:10:18 mqttClient.clientStatus.clientState = 3
2022/07/11 11:10:19 mqttClient.clientStatus.clientState = 3
2022/07/11 11:10:20 mqttClient.clientStatus.clientState = 3
2022/07/11 11:10:21 mqttClient.clientStatus.clientState = 3
2022/07/11 11:10:22 mqttClient.clientStatus.clientState = 3
2022/07/11 11:10:24 mqttClient.clientStatus.clientState = 3
2022/07/11 11:10:25 mqttClient.clientStatus.clientState = 3
2022/07/11 11:10:26 mqttClient.clientStatus.clientState = 3
2022/07/11 11:10:27 mqttClient.clientStatus.clientState = 3
2022/07/11 11:10:28 mqttClient.clientStatus.clientState = 3
2022/07/11 11:10:30 mqttClient.clientStatus.clientState = 3
2022/07/11 11:10:31 mqttClient.clientStatus.clientState = 3
2022/07/11 11:10:32 mqttClient.clientStatus.clientState = 3
2022/07/11 11:10:33 mqttClient.clientStatus.clientState = 3
2022/07/11 11:10:35 mqttClient.clientStatus.clientState = 3
2022/07/11 11:10:36 mqttClient.clientStatus.clientState = 3
2022/07/11 11:10:37 mqttClient.clientStatus.clientState = 3
2022/07/11 11:10:38 mqttClient.clientStatus.clientState = 3
2022/07/11 11:10:39 mqttClient.clientStatus.clientState = 3
2022/07/11 11:10:41 mqttClient.clientStatus.clientState = 3
2022/07/11 11:10:42 mqttClient.clientStatus.clientState = 3
2022/07/11 11:10:43 mqttClient.clientStatus.clientState = 3
2022/07/11 11:10:44 mqttClient.clientStatus.clientState = 3
2022/07/11 11:10:46 mqttClient.clientStatus.clientState = 3
2022/07/11 11:10:47 mqttClient.clientStatus.clientState = 3
2022/07/11 11:10:48 mqttClient.clientStatus.clientState = 3
2022/07/11 11:10:49 mqttClient.clientStatus.clientState = 3
2022/07/11 11:10:50 mqttClient.clientStatus.clientState = 3
2022/07/11 11:10:52 mqttClient.clientStatus.clientState = 3
2022/07/11 11:10:53 mqttClient.clientStatus.clientState = 3
2022/07/11 11:10:54 mqttClient.clientStatus.clientState = 3
2022/07/11 11:10:55 mqttClient.clientStatus.clientState = 3
2022/07/11 11:10:57 mqttClient.clientStatus.clientState = 3
2022/07/11 11:10:58 mqttClient.clientStatus.clientState = 3
2022/07/11 11:10:59 mqttClient.clientStatus.clientState = 3
2022/07/11 11:11:00 mqttClient.clientStatus.clientState = 3
2022/07/11 11:11:01 mqttClient.clientStatus.clientState = 3
2022/07/11 11:11:03 mqttClient.clientStatus.clientState = 3
2022/07/11 11:11:04 mqttClient.clientStatus.clientState = 3
2022/07/11 11:11:05 mqttClient.clientStatus.clientState = 3
2022/07/11 11:11:06 mqttClient.clientStatus.clientState = 3
2022/07/11 11:11:08 mqttClient.clientStatus.clientState = 3
2022/07/11 11:11:09 mqttClient.clientStatus.clientState = 3
2022/07/11 11:11:10 mqttClient.clientStatus.clientState = 3
2022/07/11 11:11:11 mqttClient.clientStatus.clientState = 3
2022/07/11 11:11:12 mqttClient.clientStatus.clientState = 3
2022/07/11 11:11:14 mqttClient.clientStatus.clientState = 3
2022/07/11 11:11:15 mqttClient.clientStatus.clientState = 3
2022/07/11 11:11:16 mqttClient.clientStatus.clientState = 3
2022/07/11 11:11:17 mqttClient.clientStatus.clientState = 3
2022/07/11 11:11:19 mqttClient.clientStatus.clientState = 3
2022/07/11 11:11:20 mqttClient.clientStatus.clientState = 3
2022/07/11 11:11:21 mqttClient.clientStatus.clientState = 3
2022/07/11 11:11:22 mqttClient.clientStatus.clientState = 3
2022/07/11 11:11:23 mqttClient.clientStatus.clientState = 3
2022/07/11 11:11:25 mqttClient.clientStatus.clientState = 3
2022/07/11 11:11:26 mqttClient.clientStatus.clientState = 3
2022/07/11 11:11:27 mqttClient.clientStatus.clientState = 3
2022/07/11 11:11:28 mqttClient.clientStatus.clientState = 3
2022/07/11 11:11:29 mqttClient.clientStatus.clientState = 3
2022/07/11 11:11:31 mqttClient.clientStatus.clientState = 3
2022/07/11 11:11:32 mqttClient.clientStatus.clientState = 3
2022/07/11 11:11:33 mqttClient.clientStatus.clientState = 3
2022/07/11 11:11:34 mqttClient.clientStatus.clientState = 3
2022/07/11 11:11:36 mqttClient.clientStatus.clientState = 3
2022/07/11 11:11:37 mqttClient.clientStatus.clientState = 3
2022/07/11 11:11:38 mqttClient.clientStatus.clientState = 3
2022/07/11 11:11:39 mqttClient.clientStatus.clientState = 3
2022/07/11 11:11:40 mqttClient.clientStatus.clientState = 3
2022/07/11 11:11:42 mqttClient.clientStatus.clientState = 3
2022/07/11 11:11:43 mqttClient.clientStatus.clientState = 3
2022/07/11 11:11:44 mqttClient.clientStatus.clientState = 3
2022/07/11 11:11:45 mqttClient.clientStatus.clientState = 3
2022/07/11 11:11:47 mqttClient.clientStatus.clientState = 3
2022/07/11 11:11:48 mqttClient.clientStatus.clientState = 3
2022/07/11 11:11:49 mqttClient.clientStatus.clientState = 3
2022/07/11 11:11:50 mqttClient.clientStatus.clientState = 3
2022/07/11 11:11:51 mqttClient.clientStatus.clientState = 3
2022/07/11 11:11:53 mqttClient.clientStatus.clientState = 3
2022/07/11 11:11:54 mqttClient.clientStatus.clientState = 3
2022/07/11 11:11:55 mqttClient.clientStatus.clientState = 3
2022/07/11 11:11:56 mqttClient.clientStatus.clientState = 3
2022/07/11 11:11:58 mqttClient.clientStatus.clientState = 3
2022/07/11 11:11:59 mqttClient.clientStatus.clientState = 3
2022/07/11 11:12:00 mqttClient.clientStatus.clientState = 3
2022/07/11 11:12:01 mqttClient.clientStatus.clientState = 3
2022/07/11 11:12:02 mqttClient.clientStatus.clientState = 3
2022/07/11 11:12:04 mqttClient.clientStatus.clientState = 3
2022/07/11 11:12:05 mqttClient.clientStatus.clientState = 3
2022/07/11 11:12:06 mqttClient.clientStatus.clientState = 3
2022/07/11 11:12:07 mqttClient.clientStatus.clientState = 3
2022/07/11 11:12:08 mqttClient.clientStatus.clientState = 3
2022/07/11 11:12:10 mqttClient.clientStatus.clientState = 3
2022/07/11 11:12:11 mqttClient.clientStatus.clientState = 3
2022/07/11 11:12:12 mqttClient.clientStatus.clientState = 3
2022/07/11 11:12:13 mqttClient.clientStatus.clientState = 3
2022/07/11 11:12:15 mqttClient.clientStatus.clientState = 3
2022/07/11 11:12:16 mqttClient.clientStatus.clientState = 3
2022/07/11 11:12:17 mqttClient.clientStatus.clientState = 3
2022/07/11 11:12:18 mqttClient.clientStatus.clientState = 3
2022/07/11 11:12:19 mqttClient.clientStatus.clientState = 3
2022/07/11 11:12:21 mqttClient.clientStatus.clientState = 3
2022/07/11 11:12:22 mqttClient.clientStatus.clientState = 3
2022/07/11 11:12:23 mqttClient.clientStatus.clientState = 3
2022/07/11 11:12:24 mqttClient.clientStatus.clientState = 3
2022/07/11 11:12:26 mqttClient.clientStatus.clientState = 3
2022/07/11 11:12:27 mqttClient.clientStatus.clientState = 3
2022/07/11 11:12:28 mqttClient.clientStatus.clientState = 3
2022/07/11 11:12:29 mqttClient.clientStatus.clientState = 3
2022/07/11 11:12:30 mqttClient.clientStatus.clientState = 3
2022/07/11 11:12:32 mqttClient.clientStatus.clientState = 3
2022/07/11 11:12:33 mqttClient.clientStatus.clientState = 3
2022/07/11 11:12:34 mqttClient.clientStatus.clientState = 3
2022/07/11 11:12:35 mqttClient.clientStatus.clientState = 3
2022/07/11 11:12:37 mqttClient.clientStatus.clientState = 3
2022/07/11 11:12:38 mqttClient.clientStatus.clientState = 3
2022/07/11 11:12:39 mqttClient.clientStatus.clientState = 3
2022/07/11 11:12:40 mqttClient.clientStatus.clientState = 3
2022/07/11 11:12:41 mqttClient.clientStatus.clientState = 3
2022/07/11 11:12:43 mqttClient.clientStatus.clientState = 3
2022/07/11 11:12:44 mqttClient.clientStatus.clientState = 3
2022/07/11 11:12:45 mqttClient.clientStatus.clientState = 3
2022/07/11 11:12:46 mqttClient.clientStatus.clientState = 3
2022/07/11 11:12:47 mqttClient.clientStatus.clientState = 3
2022/07/11 11:12:49 mqttClient.clientStatus.clientState = 3
2022/07/11 11:12:50 mqttClient.clientStatus.clientState = 3
2022/07/11 11:12:51 mqttClient.clientStatus.clientState = 3
2022/07/11 11:12:52 mqttClient.clientStatus.clientState = 3
2022/07/11 11:12:54 mqttClient.clientStatus.clientState = 3
2022/07/11 11:12:55 mqttClient.clientStatus.clientState = 3
2022/07/11 11:12:56 mqttClient.clientStatus.clientState = 3
2022/07/11 11:12:57 mqttClient.clientStatus.clientState = 3
2022/07/11 11:12:58 mqttClient.clientStatus.clientState = 3
2022/07/11 11:13:00 mqttClient.clientStatus.clientState = 3
2022/07/11 11:13:01 mqttClient.clientStatus.clientState = 3
2022/07/11 11:13:02 mqttClient.clientStatus.clientState = 3
2022/07/11 11:13:03 mqttClient.clientStatus.clientState = 3
2022/07/11 11:13:05 mqttClient.clientStatus.clientState = 3
2022/07/11 11:13:06 mqttClient.clientStatus.clientState = 3
2022/07/11 11:13:07 mqttClient.clientStatus.clientState = 3
2022/07/11 11:13:08 mqttClient.clientStatus.clientState = 3
2022/07/11 11:13:09 mqttClient.clientStatus.clientState = 3
2022/07/11 11:13:11 mqttClient.clientStatus.clientState = 3
2022/07/11 11:13:12 mqttClient.clientStatus.clientState = 3
2022/07/11 11:13:13 mqttClient.clientStatus.clientState = 3
2022/07/11 11:13:14 mqttClient.clientStatus.clientState = 3
2022/07/11 11:13:15 mqttClient.clientStatus.clientState = 3
2022/07/11 11:13:17 mqttClient.clientStatus.clientState = 3
2022/07/11 11:13:18 mqttClient.clientStatus.clientState = 3
2022/07/11 11:13:19 mqttClient.clientStatus.clientState = 3
2022/07/11 11:13:20 mqttClient.clientStatus.clientState = 3
2022/07/11 11:13:22 mqttClient.clientStatus.clientState = 3
2022/07/11 11:13:23 mqttClient.clientStatus.clientState = 3
2022/07/11 11:13:24 mqttClient.clientStatus.clientState = 3
2022/07/11 11:13:25 mqttClient.clientStatus.clientState = 3
2022/07/11 11:13:26 mqttClient.clientStatus.clientState = 3
2022/07/11 11:13:28 mqttClient.clientStatus.clientState = 3
2022/07/11 11:13:29 mqttClient.clientStatus.clientState = 3
2022/07/11 11:13:30 mqttClient.clientStatus.clientState = 3
2022/07/11 11:13:31 mqttClient.clientStatus.clientState = 3
2022/07/11 11:13:32 mqttClient.clientStatus.clientState = 3
2022/07/11 11:13:34 mqttClient.clientStatus.clientState = 3
2022/07/11 11:13:35 mqttClient.clientStatus.clientState = 3
2022/07/11 11:13:36 mqttClient.clientStatus.clientState = 3
2022/07/11 11:13:37 mqttClient.clientStatus.clientState = 3
2022/07/11 11:13:39 mqttClient.clientStatus.clientState = 3
2022/07/11 11:13:40 mqttClient.clientStatus.clientState = 3
2022/07/11 11:13:41 mqttClient.clientStatus.clientState = 3
2022/07/11 11:13:42 mqttClient.clientStatus.clientState = 3
2022/07/11 11:13:43 mqttClient.clientStatus.clientState = 3
2022/07/11 11:13:45 mqttClient.clientStatus.clientState = 3
2022/07/11 11:13:46 mqttClient.clientStatus.clientState = 3
2022/07/11 11:13:47 mqttClient.clientStatus.clientState = 3
2022/07/11 11:13:48 mqttClient.clientStatus.clientState = 3
2022/07/11 11:13:49 mqttClient.clientStatus.clientState = 3
2022/07/11 11:13:51 mqttClient.clientStatus.clientState = 3
2022/07/11 11:13:52 mqttClient.clientStatus.clientState = 3
2022/07/11 11:13:53 mqttClient.clientStatus.clientState = 3
2022/07/11 11:13:54 mqttClient.clientStatus.clientState = 3
2022/07/11 11:13:56 mqttClient.clientStatus.clientState = 3
2022/07/11 11:13:57 mqttClient.clientStatus.clientState = 3
2022/07/11 11:13:58 mqttClient.clientStatus.clientState = 3
2022/07/11 11:13:59 mqttClient.clientStatus.clientState = 3
2022/07/11 11:14:00 mqttClient.clientStatus.clientState = 3
2022/07/11 11:14:02 mqttClient.clientStatus.clientState = 3
2022/07/11 11:14:03 mqttClient.clientStatus.clientState = 3
2022/07/11 11:14:04 mqttClient.clientStatus.clientState = 3
2022/07/11 11:14:05 mqttClient.clientStatus.clientState = 3
2022/07/11 11:14:06 mqttClient.clientStatus.clientState = 3
2022/07/11 11:14:08 mqttClient.clientStatus.clientState = 3
2022/07/11 11:14:09 mqttClient.clientStatus.clientState = 3
2022/07/11 11:14:10 mqttClient.clientStatus.clientState = 3
2022/07/11 11:14:11 mqttClient.clientStatus.clientState = 3
2022/07/11 11:14:13 mqttClient.clientStatus.clientState = 3
2022/07/11 11:14:14 mqttClient.clientStatus.clientState = 3
2022/07/11 11:14:15 mqttClient.clientStatus.clientState = 3
2022/07/11 11:14:16 mqttClient.clientStatus.clientState = 3
2022/07/11 11:14:17 mqttClient.clientStatus.clientState = 3
2022/07/11 11:14:19 mqttClient.clientStatus.clientState = 3
2022/07/11 11:14:20 mqttClient.clientStatus.clientState = 3
2022/07/11 11:14:21 mqttClient.clientStatus.clientState = 3
2022/07/11 11:14:22 mqttClient.clientStatus.clientState = 3
2022/07/11 11:14:23 mqttClient.clientStatus.clientState = 3
2022/07/11 11:14:25 mqttClient.clientStatus.clientState = 3
2022/07/11 11:14:26 mqttClient.clientStatus.clientState = 3
2022/07/11 11:14:27 mqttClient.clientStatus.clientState = 3
2022/07/11 11:14:28 mqttClient.clientStatus.clientState = 3
2022/07/11 11:14:30 mqttClient.clientStatus.clientState = 3
2022/07/11 11:14:31 mqttClient.clientStatus.clientState = 3
2022/07/11 11:14:32 mqttClient.clientStatus.clientState = 3
2022/07/11 11:14:33 mqttClient.clientStatus.clientState = 3
2022/07/11 11:14:34 mqttClient.clientStatus.clientState = 3
2022/07/11 11:14:36 mqttClient.clientStatus.clientState = 3
2022/07/11 11:14:37 mqttClient.clientStatus.clientState = 3
2022/07/11 11:14:38 mqttClient.clientStatus.clientState = 3
2022/07/11 11:14:39 mqttClient.clientStatus.clientState = 3
2022/07/11 11:14:40 mqttClient.clientStatus.clientState = 3
2022/07/11 11:14:42 mqttClient.clientStatus.clientState = 3
2022/07/11 11:14:43 mqttClient.clientStatus.clientState = 3
2022/07/11 11:14:44 mqttClient.clientStatus.clientState = 3
2022/07/11 11:14:45 mqttClient.clientStatus.clientState = 3
2022/07/11 11:14:47 mqttClient.clientStatus.clientState = 3
2022/07/11 11:14:48 mqttClient.clientStatus.clientState = 3
2022/07/11 11:14:49 mqttClient.clientStatus.clientState = 3
2022/07/11 11:14:50 mqttClient.clientStatus.clientState = 3
2022/07/11 11:14:51 mqttClient.clientStatus.clientState = 3
2022/07/11 11:14:53 mqttClient.clientStatus.clientState = 3
2022/07/11 11:14:54 mqttClient.clientStatus.clientState = 3
2022/07/11 11:14:55 mqttClient.clientStatus.clientState = 3
2022/07/11 11:14:56 mqttClient.clientStatus.clientState = 3
2022/07/11 11:14:57 mqttClient.clientStatus.clientState = 3
2022/07/11 11:14:59 mqttClient.clientStatus.clientState = 3
2022/07/11 11:15:00 mqttClient.clientStatus.clientState = 3
2022/07/11 11:15:01 mqttClient.clientStatus.clientState = 3
2022/07/11 11:15:02 mqttClient.clientStatus.clientState = 3
2022/07/11 11:15:04 mqttClient.clientStatus.clientState = 3
2022/07/11 11:15:05 mqttClient.clientStatus.clientState = 3
2022/07/11 11:15:06 mqttClient.clientStatus.clientState = 3
2022/07/11 11:15:07 mqttClient.clientStatus.clientState = 3
2022/07/11 11:15:08 mqttClient.clientStatus.clientState = 3
2022/07/11 11:15:10 mqttClient.clientStatus.clientState = 3
2022/07/11 11:15:11 mqttClient.clientStatus.clientState = 3
2022/07/11 11:15:12 mqttClient.clientStatus.clientState = 3
2022/07/11 11:15:13 mqttClient.clientStatus.clientState = 3
2022/07/11 11:15:14 mqttClient.clientStatus.clientState = 3
2022/07/11 11:15:16 mqttClient.clientStatus.clientState = 3
2022/07/11 11:15:17 mqttClient.clientStatus.clientState = 3
2022/07/11 11:15:18 mqttClient.clientStatus.clientState = 3
2022/07/11 11:15:19 mqttClient.clientStatus.clientState = 3
2022/07/11 11:15:21 mqttClient.clientStatus.clientState = 3
2022/07/11 11:15:22 mqttClient.clientStatus.clientState = 3
2022/07/11 11:15:23 mqttClient.clientStatus.clientState = 3
2022/07/11 11:15:24 mqttClient.clientStatus.clientState = 3
2022/07/11 11:15:25 mqttClient.clientStatus.clientState = 3
2022/07/11 11:15:27 mqttClient.clientStatus.clientState = 3
2022/07/11 11:15:28 mqttClient.clientStatus.clientState = 3
2022/07/11 11:15:29 mqttClient.clientStatus.clientState = 3
2022/07/11 11:15:30 mqttClient.clientStatus.clientState = 3
2022/07/11 11:15:31 mqttClient.clientStatus.clientState = 3
2022/07/11 11:15:33 mqttClient.clientStatus.clientState = 3
2022/07/11 11:15:34 mqttClient.clientStatus.clientState = 3
2022/07/11 11:15:35 mqttClient.clientStatus.clientState = 3
2022/07/11 11:15:36 mqttClient.clientStatus.clientState = 3
2022/07/11 11:15:38 mqttClient.clientStatus.clientState = 3
2022/07/11 11:15:39 mqttClient.clientStatus.clientState = 3
2022/07/11 11:15:40 mqttClient.clientStatus.clientState = 3
2022/07/11 11:15:41 mqttClient.clientStatus.clientState = 3
2022/07/11 11:15:42 mqttClient.clientStatus.clientState = 3
2022/07/11 11:15:44 mqttClient.clientStatus.clientState = 3
2022/07/11 11:15:45 mqttClient.clientStatus.clientState = 3
2022/07/11 11:15:46 mqttClient.clientStatus.clientState = 3
2022/07/11 11:15:47 mqttClient.clientStatus.clientState = 3
2022/07/11 11:15:48 mqttClient.clientStatus.clientState = 3
2022/07/11 11:15:50 mqttClient.clientStatus.clientState = 3
2022/07/11 11:15:51 mqttClient.clientStatus.clientState = 3
2022/07/11 11:15:52 mqttClient.clientStatus.clientState = 3
2022/07/11 11:15:53 mqttClient.clientStatus.clientState = 3
2022/07/11 11:15:55 mqttClient.clientStatus.clientState = 3
2022/07/11 11:15:56 mqttClient.clientStatus.clientState = 3
2022/07/11 11:15:57 mqttClient.clientStatus.clientState = 3
2022/07/11 11:15:58 mqttClient.clientStatus.clientState = 3
2022/07/11 11:15:59 mqttClient.clientStatus.clientState = 3
2022/07/11 11:16:01 mqttClient.clientStatus.clientState = 3
2022/07/11 11:16:02 mqttClient.clientStatus.clientState = 3
2022/07/11 11:16:03 mqttClient.clientStatus.clientState = 3
2022/07/11 11:16:04 mqttClient.clientStatus.clientState = 3
2022/07/11 11:16:05 mqttClient.clientStatus.clientState = 3
2022/07/11 11:16:07 mqttClient.clientStatus.clientState = 3
2022/07/11 11:16:08 mqttClient.clientStatus.clientState = 3
2022/07/11 11:16:09 mqttClient.clientStatus.clientState = 3
2022/07/11 11:16:10 mqttClient.clientStatus.clientState = 3
2022/07/11 11:16:12 mqttClient.clientStatus.clientState = 3
2022/07/11 11:16:13 mqttClient.clientStatus.clientState = 3
2022/07/11 11:16:14 mqttClient.clientStatus.clientState = 3
2022/07/11 11:16:15 mqttClient.clientStatus.clientState = 3
2022/07/11 11:16:16 mqttClient.clientStatus.clientState = 3
2022/07/11 11:16:18 mqttClient.clientStatus.clientState = 3
2022/07/11 11:16:19 mqttClient.clientStatus.clientState = 3
2022/07/11 11:16:20 mqttClient.clientStatus.clientState = 3
2022/07/11 11:16:21 mqttClient.clientStatus.clientState = 3
2022/07/11 11:16:22 mqttClient.clientStatus.clientState = 3
2022/07/11 11:16:24 mqttClient.clientStatus.clientState = 3
2022/07/11 11:16:25 mqttClient.clientStatus.clientState = 3
2022/07/11 11:16:26 mqttClient.clientStatus.clientState = 3
2022/07/11 11:16:27 mqttClient.clientStatus.clientState = 3
2022/07/11 11:16:29 mqttClient.clientStatus.clientState = 3
2022/07/11 11:16:30 mqttClient.clientStatus.clientState = 3
2022/07/11 11:16:31 mqttClient.clientStatus.clientState = 3
2022/07/11 11:16:32 mqttClient.clientStatus.clientState = 3
2022/07/11 11:16:33 mqttClient.clientStatus.clientState = 3
2022/07/11 11:16:35 mqttClient.clientStatus.clientState = 3
2022/07/11 11:16:36 mqttClient.clientStatus.clientState = 3
2022/07/11 11:16:37 mqttClient.clientStatus.clientState = 3
2022/07/11 11:16:38 mqttClient.clientStatus.clientState = 3
2022/07/11 11:16:39 mqttClient.clientStatus.clientState = 3
2022/07/11 11:16:41 mqttClient.clientStatus.clientState = 3
2022/07/11 11:16:42 mqttClient.clientStatus.clientState = 3
2022/07/11 11:16:43 mqttClient.clientStatus.clientState = 3
2022/07/11 11:16:44 mqttClient.clientStatus.clientState = 3
2022/07/11 11:16:46 mqttClient.clientStatus.clientState = 3
2022/07/11 11:16:47 mqttClient.clientStatus.clientState = 3
2022/07/11 11:16:48 mqttClient.clientStatus.clientState = 3
2022/07/11 11:16:49 mqttClient.clientStatus.clientState = 3
2022/07/11 11:16:50 mqttClient.clientStatus.clientState = 3
2022/07/11 11:16:52 mqttClient.clientStatus.clientState = 3
2022/07/11 11:16:53 mqttClient.clientStatus.clientState = 3
2022/07/11 11:16:54 mqttClient.clientStatus.clientState = 3
2022/07/11 11:16:55 mqttClient.clientStatus.clientState = 3
2022/07/11 11:16:56 mqttClient.clientStatus.clientState = 3
2022/07/11 11:16:58 mqttClient.clientStatus.clientState = 3
2022/07/11 11:16:59 mqttClient.clientStatus.clientState = 3
2022/07/11 11:17:00 mqttClient.clientStatus.clientState = 3
2022/07/11 11:17:01 mqttClient.clientStatus.clientState = 3
2022/07/11 11:17:03 mqttClient.clientStatus.clientState = 3
2022/07/11 11:17:04 mqttClient.clientStatus.clientState = 3
2022/07/11 11:17:05 mqttClient.clientStatus.clientState = 3
2022/07/11 11:17:06 mqttClient.clientStatus.clientState = 3
2022/07/11 11:17:07 mqttClient.clientStatus.clientState = 3
2022/07/11 11:17:09 mqttClient.clientStatus.clientState = 3
2022/07/11 11:17:10 mqttClient.clientStatus.clientState = 3
2022/07/11 11:17:11 mqttClient.clientStatus.clientState = 3
2022/07/11 11:17:12 mqttClient.clientStatus.clientState = 3
2022/07/11 11:17:14 mqttClient.clientStatus.clientState = 3
2022/07/11 11:17:15 mqttClient.clientStatus.clientState = 3
2022/07/11 11:17:16 mqttClient.clientStatus.clientState = 3
2022/07/11 11:17:17 mqttClient.clientStatus.clientState = 3
2022/07/11 11:17:18 mqttClient.clientStatus.clientState = 3
2022/07/11 11:17:20 mqttClient.clientStatus.clientState = 3
2022/07/11 11:17:21 mqttClient.clientStatus.clientState = 3
2022/07/11 11:17:22 mqttClient.clientStatus.clientState = 3
2022/07/11 11:17:23 mqttClient.clientStatus.clientState = 3
2022/07/11 11:17:25 mqttClient.clientStatus.clientState = 3
2022/07/11 11:17:26 mqttClient.clientStatus.clientState = 3
2022/07/11 11:17:27 mqttClient.clientStatus.clientState = 3
2022/07/11 11:17:28 mqttClient.clientStatus.clientState = 3
2022/07/11 11:17:29 mqttClient.clientStatus.clientState = 3
2022/07/11 11:17:31 mqttClient.clientStatus.clientState = 3
2022/07/11 11:17:32 mqttClient.clientStatus.clientState = 3
2022/07/11 11:17:33 mqttClient.clientStatus.clientState = 3
2022/07/11 11:17:34 mqttClient.clientStatus.clientState = 3
2022/07/11 11:17:36 mqttClient.clientStatus.clientState = 3
2022/07/11 11:17:37 mqttClient.clientStatus.clientState = 3
2022/07/11 11:17:38 mqttClient.clientStatus.clientState = 3
2022/07/11 11:17:39 mqttClient.clientStatus.clientState = 3
2022/07/11 11:17:40 mqttClient.clientStatus.clientState = 3
2022/07/11 11:17:42 mqttClient.clientStatus.clientState = 3
2022/07/11 11:17:43 mqttClient.clientStatus.clientState = 3
2022/07/11 11:17:44 mqttClient.clientStatus.clientState = 3
2022/07/11 11:17:45 mqttClient.clientStatus.clientState = 3
2022/07/11 11:17:47 mqttClient.clientStatus.clientState = 3
2022/07/11 11:17:48 mqttClient.clientStatus.clientState = 3
2022/07/11 11:17:49 mqttClient.clientStatus.clientState = 3
2022/07/11 11:17:50 mqttClient.clientStatus.clientState = 3
2022/07/11 11:17:51 mqttClient.clientStatus.clientState = 3
2022/07/11 11:17:53 mqttClient.clientStatus.clientState = 3
2022/07/11 11:17:54 mqttClient.clientStatus.clientState = 3
2022/07/11 11:17:55 mqttClient.clientStatus.clientState = 3
2022/07/11 11:17:56 mqttClient.clientStatus.clientState = 3
2022/07/11 11:17:58 mqttClient.clientStatus.clientState = 3
2022/07/11 11:17:59 mqttClient.clientStatus.clientState = 3
2022/07/11 11:18:00 mqttClient.clientStatus.clientState = 3
2022/07/11 11:18:01 mqttClient.clientStatus.clientState = 3
2022/07/11 11:18:02 mqttClient.clientStatus.clientState = 3
2022/07/11 11:18:04 mqttClient.clientStatus.clientState = 3
2022/07/11 11:18:05 mqttClient.clientStatus.clientState = 3
2022/07/11 11:18:06 mqttClient.clientStatus.clientState = 3
2022/07/11 11:18:07 mqttClient.clientStatus.clientState = 3
2022/07/11 11:18:09 mqttClient.clientStatus.clientState = 3
2022/07/11 11:18:10 mqttClient.clientStatus.clientState = 3
2022/07/11 11:18:11 mqttClient.clientStatus.clientState = 3
2022/07/11 11:18:12 mqttClient.clientStatus.clientState = 3
2022/07/11 11:18:13 mqttClient.clientStatus.clientState = 3
2022/07/11 11:18:15 mqttClient.clientStatus.clientState = 3
2022/07/11 11:18:16 mqttClient.clientStatus.clientState = 3
2022/07/11 11:18:17 mqttClient.clientStatus.clientState = 3
2022/07/11 11:18:18 mqttClient.clientStatus.clientState = 3
2022/07/11 11:18:19 mqttClient.clientStatus.clientState = 3
2022/07/11 11:18:21 mqttClient.clientStatus.clientState = 3
2022/07/11 11:18:22 mqttClient.clientStatus.clientState = 3
2022/07/11 11:18:23 mqttClient.clientStatus.clientState = 3
2022/07/11 11:18:24 mqttClient.clientStatus.clientState = 3
2022/07/11 11:18:26 mqttClient.clientStatus.clientState = 3
2022/07/11 11:18:27 mqttClient.clientStatus.clientState = 3
2022/07/11 11:18:28 mqttClient.clientStatus.clientState = 3
2022/07/11 11:18:29 mqttClient.clientStatus.clientState = 3
2022/07/11 11:18:30 mqttClient.clientStatus.clientState = 3
2022/07/11 11:18:32 mqttClient.clientStatus.clientState = 3
2022/07/11 11:18:33 mqttClient.clientStatus.clientState = 3
2022/07/11 11:18:34 mqttClient.clientStatus.clientState = 3
2022/07/11 11:18:35 mqttClient.clientStatus.clientState = 3
2022/07/11 11:18:36 mqttClient.clientStatus.clientState = 3
2022/07/11 11:18:38 mqttClient.clientStatus.clientState = 3
2022/07/11 11:18:39 mqttClient.clientStatus.clientState = 3
2022/07/11 11:18:40 mqttClient.clientStatus.clientState = 3
2022/07/11 11:18:41 mqttClient.clientStatus.clientState = 3
2022/07/11 11:18:43 mqttClient.clientStatus.clientState = 3
2022/07/11 11:18:44 mqttClient.clientStatus.clientState = 3
2022/07/11 11:18:45 mqttClient.clientStatus.clientState = 3
2022/07/11 11:18:46 mqttClient.clientStatus.clientState = 3
2022/07/11 11:18:47 mqttClient.clientStatus.clientState = 3
2022/07/11 11:18:49 mqttClient.clientStatus.clientState = 3
2022/07/11 11:18:50 mqttClient.clientStatus.clientState = 3
2022/07/11 11:18:51 mqttClient.clientStatus.clientState = 3
2022/07/11 11:18:52 mqttClient.clientStatus.clientState = 3
2022/07/11 11:18:53 mqttClient.clientStatus.clientState = 3
2022/07/11 11:18:55 mqttClient.clientStatus.clientState = 3
2022/07/11 11:18:56 mqttClient.clientStatus.clientState = 3
2022/07/11 11:18:57 mqttClient.clientStatus.clientState = 3
2022/07/11 11:18:58 mqttClient.clientStatus.clientState = 3
2022/07/11 11:19:00 mqttClient.clientStatus.clientState = 3
2022/07/11 11:19:01 mqttClient.clientStatus.clientState = 3
2022/07/11 11:19:02 mqttClient.clientStatus.clientState = 3
2022/07/11 11:19:03 mqttClient.clientStatus.clientState = 3
2022/07/11 11:19:04 mqttClient.clientStatus.clientState = 3
2022/07/11 11:19:06 mqttClient.clientStatus.clientState = 3
2022/07/11 11:19:07 mqttClient.clientStatus.clientState = 3
2022/07/11 11:19:08 mqttClient.clientStatus.clientState = 3
2022/07/11 11:19:09 mqttClient.clientStatus.clientState = 3
2022/07/11 11:19:11 mqttClient.clientStatus.clientState = 3
2022/07/11 11:19:12 mqttClient.clientStatus.clientState = 3
2022/07/11 11:19:13 mqttClient.clientStatus.clientState = 3
2022/07/11 11:19:14 mqttClient.clientStatus.clientState = 3
2022/07/11 11:19:15 mqttClient.clientStatus.clientState = 3
2022/07/11 11:19:17 mqttClient.clientStatus.clientState = 3
2022/07/11 11:19:18 mqttClient.clientStatus.clientState = 3
2022/07/11 11:19:19 mqttClient.clientStatus.clientState = 3
2022/07/11 11:19:20 mqttClient.clientStatus.clientState = 3
2022/07/11 11:19:22 mqttClient.clientStatus.clientState = 3
2022/07/11 11:19:23 mqttClient.clientStatus.clientState = 3
2022/07/11 11:19:24 mqttClient.clientStatus.clientState = 3
2022/07/11 11:19:25 mqttClient.clientStatus.clientState = 3
2022/07/11 11:19:26 mqttClient.clientStatus.clientState = 3
2022/07/11 11:19:28 mqttClient.clientStatus.clientState = 3
2022/07/11 11:19:29 mqttClient.clientStatus.clientState = 3
2022/07/11 11:19:30 mqttClient.clientStatus.clientState = 3
2022/07/11 11:19:31 mqttClient.clientStatus.clientState = 3
2022/07/11 11:19:33 mqttClient.clientStatus.clientState = 3
2022/07/11 11:19:34 mqttClient.clientStatus.clientState = 3
2022/07/11 11:19:35 mqttClient.clientStatus.clientState = 3
2022/07/11 11:19:36 mqttClient.clientStatus.clientState = 3
2022/07/11 11:19:37 mqttClient.clientStatus.clientState = 3
2022/07/11 11:19:39 mqttClient.clientStatus.clientState = 3
2022/07/11 11:19:40 mqttClient.clientStatus.clientState = 3
2022/07/11 11:19:41 mqttClient.clientStatus.clientState = 3
2022/07/11 11:19:42 mqttClient.clientStatus.clientState = 3
2022/07/11 11:19:44 mqttClient.clientStatus.clientState = 3
2022/07/11 11:19:45 mqttClient.clientStatus.clientState = 3
2022/07/11 11:19:46 mqttClient.clientStatus.clientState = 3
2022/07/11 11:19:47 mqttClient.clientStatus.clientState = 3
2022/07/11 11:19:48 mqttClient.clientStatus.clientState = 3
2022/07/11 11:19:50 mqttClient.clientStatus.clientState = 3
2022/07/11 11:19:51 mqttClient.clientStatus.clientState = 3
2022/07/11 11:19:52 mqttClient.clientStatus.clientState = 3
2022/07/11 11:19:53 mqttClient.clientStatus.clientState = 3
2022/07/11 11:19:55 mqttClient.clientStatus.clientState = 3
2022/07/11 11:19:56 mqttClient.clientStatus.clientState = 3
2022/07/11 11:19:57 mqttClient.clientStatus.clientState = 3
2022/07/11 11:19:58 mqttClient.clientStatus.clientState = 3
2022/07/11 11:19:59 mqttClient.clientStatus.clientState = 3
2022/07/11 11:20:01 mqttClient.clientStatus.clientState = 3
2022/07/11 11:20:02 mqttClient.clientStatus.clientState = 3
2022/07/11 11:20:03 mqttClient.clientStatus.clientState = 3
2022/07/11 11:20:04 mqttClient.clientStatus.clientState = 3
2022/07/11 11:20:06 mqttClient.clientStatus.clientState = 3
2022/07/11 11:20:07 mqttClient.clientStatus.clientState = 3
2022/07/11 11:20:08 mqttClient.clientStatus.clientState = 3
2022/07/11 11:20:09 mqttClient.clientStatus.clientState = 3
2022/07/11 11:20:10 mqttClient.clientStatus.clientState = 3
2022/07/11 11:20:12 mqttClient.clientStatus.clientState = 3
2022/07/11 11:20:13 mqttClient.clientStatus.clientState = 3
2022/07/11 11:20:14 mqttClient.clientStatus.clientState = 3
2022/07/11 11:20:15 mqttClient.clientStatus.clientState = 3
2022/07/11 11:20:16 mqttClient.clientStatus.clientState = 3
2022/07/11 11:20:18 mqttClient.clientStatus.clientState = 3
2022/07/11 11:20:19 mqttClient.clientStatus.clientState = 3
2022/07/11 11:20:20 mqttClient.clientStatus.clientState = 3
2022/07/11 11:20:21 mqttClient.clientStatus.clientState = 3
2022/07/11 11:20:23 mqttClient.clientStatus.clientState = 3
2022/07/11 11:20:24 mqttClient.clientStatus.clientState = 3
2022/07/11 11:20:25 mqttClient.clientStatus.clientState = 3
2022/07/11 11:20:26 mqttClient.clientStatus.clientState = 3
2022/07/11 11:20:27 mqttClient.clientStatus.clientState = 3
2022/07/11 11:20:29 mqttClient.clientStatus.clientState = 3
2022/07/11 11:20:30 mqttClient.clientStatus.clientState = 3
2022/07/11 11:20:31 mqttClient.clientStatus.clientState = 3
2022/07/11 11:20:32 mqttClient.clientStatus.clientState = 3
2022/07/11 11:20:33 mqttClient.clientStatus.clientState = 3
2022/07/11 11:20:35 mqttClient.clientStatus.clientState = 3
2022/07/11 11:20:36 mqttClient.clientStatus.clientState = 3
2022/07/11 11:20:37 mqttClient.clientStatus.clientState = 3
2022/07/11 11:20:38 mqttClient.clientStatus.clientState = 3
2022/07/11 11:20:40 mqttClient.clientStatus.clientState = 3
2022/07/11 11:20:41 mqttClient.clientStatus.clientState = 3
2022/07/11 11:20:42 mqttClient.clientStatus.clientState = 3
2022/07/11 11:20:43 mqttClient.clientStatus.clientState = 3
2022/07/11 11:20:44 mqttClient.clientStatus.clientState = 3
2022/07/11 11:20:46 mqttClient.clientStatus.clientState = 3
2022/07/11 11:20:47 mqttClient.clientStatus.clientState = 3
2022/07/11 11:20:48 mqttClient.clientStatus.clientState = 3
2022/07/11 11:20:49 mqttClient.clientStatus.clientState = 3
2022/07/11 11:20:50 mqttClient.clientStatus.clientState = 3
2022/07/11 11:20:52 mqttClient.clientStatus.clientState = 3
2022/07/11 11:20:53 mqttClient.clientStatus.clientState = 3
2022/07/11 11:20:54 mqttClient.clientStatus.clientState = 3
2022/07/11 11:20:55 mqttClient.clientStatus.clientState = 3
2022/07/11 11:20:57 mqttClient.clientStatus.clientState = 3
2022/07/11 11:20:58 mqttClient.clientStatus.clientState = 3
2022/07/11 11:20:59 mqttClient.clientStatus.clientState = 3
2022/07/11 11:21:00 mqttClient.clientStatus.clientState = 3
2022/07/11 11:21:01 mqttClient.clientStatus.clientState = 3
2022/07/11 11:21:03 mqttClient.clientStatus.clientState = 3
2022/07/11 11:21:04 mqttClient.clientStatus.clientState = 3
2022/07/11 11:21:05 mqttClient.clientStatus.clientState = 3
2022/07/11 11:21:06 mqttClient.clientStatus.clientState = 3
2022/07/11 11:21:07 mqttClient.clientStatus.clientState = 3
2022/07/11 11:21:09 mqttClient.clientStatus.clientState = 3
2022/07/11 11:21:10 mqttClient.clientStatus.clientState = 3
2022/07/11 11:21:11 mqttClient.clientStatus.clientState = 3
2022/07/11 11:21:12 mqttClient.clientStatus.clientState = 3
2022/07/11 11:21:14 mqttClient.clientStatus.clientState = 3
2022/07/11 11:21:15 mqttClient.clientStatus.clientState = 3
2022/07/11 11:21:16 mqttClient.clientStatus.clientState = 3
2022/07/11 11:21:17 mqttClient.clientStatus.clientState = 3
2022/07/11 11:21:18 mqttClient.clientStatus.clientState = 3
2022/07/11 11:21:20 mqttClient.clientStatus.clientState = 3
2022/07/11 11:21:21 mqttClient.clientStatus.clientState = 3
2022/07/11 11:21:22 mqttClient.clientStatus.clientState = 3
2022/07/11 11:21:23 mqttClient.clientStatus.clientState = 3
2022/07/11 11:21:24 mqttClient.clientStatus.clientState = 3
2022/07/11 11:21:26 mqttClient.clientStatus.clientState = 3
2022/07/11 11:21:27 mqttClient.clientStatus.clientState = 3
2022/07/11 11:21:28 mqttClient.clientStatus.clientState = 3
2022/07/11 11:21:29 mqttClient.clientStatus.clientState = 3
2022/07/11 11:21:31 mqttClient.clientStatus.clientState = 3
2022/07/11 11:21:32 mqttClient.clientStatus.clientState = 3
2022/07/11 11:21:33 mqttClient.clientStatus.clientState = 3
2022/07/11 11:21:34 mqttClient.clientStatus.clientState = 3
2022/07/11 11:21:35 mqttClient.clientStatus.clientState = 3
2022/07/11 11:21:37 mqttClient.clientStatus.clientState = 3
2022/07/11 11:21:38 mqttClient.clientStatus.clientState = 3
2022/07/11 11:21:39 mqttClient.clientStatus.clientState = 3
2022/07/11 11:21:40 mqttClient.clientStatus.clientState = 3
2022/07/11 11:21:41 mqttClient.clientStatus.clientState = 3
2022/07/11 11:21:43 mqttClient.clientStatus.clientState = 3
2022/07/11 11:21:44 mqttClient.clientStatus.clientState = 3
2022/07/11 11:21:45 mqttClient.clientStatus.clientState = 3
2022/07/11 11:21:46 mqttClient.clientStatus.clientState = 3
2022/07/11 11:21:48 mqttClient.clientStatus.clientState = 3
2022/07/11 11:21:49 mqttClient.clientStatus.clientState = 3
2022/07/11 11:21:50 mqttClient.clientStatus.clientState = 3
2022/07/11 11:21:51 mqttClient.clientStatus.clientState = 3
2022/07/11 11:21:52 mqttClient.clientStatus.clientState = 3
2022/07/11 11:21:54 mqttClient.clientStatus.clientState = 3
2022/07/11 11:21:55 mqttClient.clientStatus.clientState = 3
2022/07/11 11:21:56 mqttClient.clientStatus.clientState = 3
2022/07/11 11:21:57 mqttClient.clientStatus.clientState = 3
2022/07/11 11:21:59 mqttClient.clientStatus.clientState = 3
2022/07/11 11:22:00 mqttClient.clientStatus.clientState = 3
2022/07/11 11:22:01 mqttClient.clientStatus.clientState = 3
2022/07/11 11:22:02 mqttClient.clientStatus.clientState = 3
2022/07/11 11:22:04 mqttClient.clientStatus.clientState = 3
2022/07/11 11:22:05 mqttClient.clientStatus.clientState = 3
2022/07/11 11:22:06 mqttClient.clientStatus.clientState = 3
2022/07/11 11:22:07 mqttClient.clientStatus.clientState = 3
2022/07/11 11:22:08 mqttClient.clientStatus.clientState = 3
2022/07/11 11:22:10 mqttClient.clientStatus.clientState = 3
2022/07/11 11:22:11 mqttClient.clientStatus.clientState = 3
2022/07/11 11:22:12 mqttClient.clientStatus.clientState = 3
2022/07/11 11:22:13 mqttClient.clientStatus.clientState = 3
2022/07/11 11:22:15 mqttClient.clientStatus.clientState = 3
2022/07/11 11:22:16 mqttClient.clientStatus.clientState = 3
2022/07/11 11:22:17 mqttClient.clientStatus.clientState = 3
2022/07/11 11:22:18 mqttClient.clientStatus.clientState = 3
2022/07/11 11:22:19 mqttClient.clientStatus.clientState = 3
2022/07/11 11:22:21 mqttClient.clientStatus.clientState = 3
2022/07/11 11:22:22 mqttClient.clientStatus.clientState = 3
2022/07/11 11:22:23 mqttClient.clientStatus.clientState = 3
2022/07/11 11:22:24 mqttClient.clientStatus.clientState = 3
2022/07/11 11:22:26 mqttClient.clientStatus.clientState = 3
2022/07/11 11:22:27 mqttClient.clientStatus.clientState = 3
2022/07/11 11:22:28 mqttClient.clientStatus.clientState = 3
2022/07/11 11:22:29 mqttClient.clientStatus.clientState = 3
2022/07/11 11:22:30 mqttClient.clientStatus.clientState = 3
2022/07/11 11:22:32 mqttClient.clientStatus.clientState = 3
2022/07/11 11:22:33 mqttClient.clientStatus.clientState = 3
2022/07/11 11:22:34 mqttClient.clientStatus.clientState = 3
2022/07/11 11:22:35 mqttClient.clientStatus.clientState = 3
2022/07/11 11:22:37 mqttClient.clientStatus.clientState = 3
2022/07/11 11:22:38 mqttClient.clientStatus.clientState = 3
2022/07/11 11:22:39 mqttClient.clientStatus.clientState = 3
2022/07/11 11:22:40 mqttClient.clientStatus.clientState = 3
2022/07/11 11:22:41 mqttClient.clientStatus.clientState = 3
2022/07/11 11:22:43 mqttClient.clientStatus.clientState = 3
2022/07/11 11:22:44 mqttClient.clientStatus.clientState = 3
2022/07/11 11:22:45 mqttClient.clientStatus.clientState = 3
2022/07/11 11:22:46 mqttClient.clientStatus.clientState = 3
2022/07/11 11:22:48 mqttClient.clientStatus.clientState = 3
2022/07/11 11:22:49 mqttClient.clientStatus.clientState = 3
2022/07/11 11:22:50 mqttClient.clientStatus.clientState = 3
2022/07/11 11:22:51 mqttClient.clientStatus.clientState = 3
2022/07/11 11:22:52 mqttClient.clientStatus.clientState = 3
2022/07/11 11:22:54 mqttClient.clientStatus.clientState = 3
2022/07/11 11:22:55 mqttClient.clientStatus.clientState = 3
2022/07/11 11:22:56 mqttClient.clientStatus.clientState = 3
2022/07/11 11:22:57 mqttClient.clientStatus.clientState = 3
2022/07/11 11:22:59 mqttClient.clientStatus.clientState = 3
2022/07/11 11:23:00 mqttClient.clientStatus.clientState = 3
2022/07/11 11:23:01 mqttClient.clientStatus.clientState = 3
2022/07/11 11:23:02 mqttClient.clientStatus.clientState = 3
2022/07/11 11:23:04 mqttClient.clientStatus.clientState = 3
2022/07/11 11:23:05 mqttClient.clientStatus.clientState = 3
2022/07/11 11:23:06 mqttClient.clientStatus.clientState = 3
2022/07/11 11:23:07 mqttClient.clientStatus.clientState = 3
2022/07/11 11:23:08 mqttClient.clientStatus.clientState = 3
2022/07/11 11:23:10 mqttClient.clientStatus.clientState = 3
2022/07/11 11:23:11 mqttClient.clientStatus.clientState = 3
2022/07/11 11:23:12 mqttClient.clientStatus.clientState = 3
2022/07/11 11:23:13 mqttClient.clientStatus.clientState = 3
2022/07/11 11:23:15 mqttClient.clientStatus.clientState = 3
2022/07/11 11:23:16 mqttClient.clientStatus.clientState = 3
2022/07/11 11:23:17 mqttClient.clientStatus.clientState = 3
2022/07/11 11:23:18 mqttClient.clientStatus.clientState = 3
2022/07/11 11:23:19 mqttClient.clientStatus.clientState = 3
2022/07/11 11:23:21 mqttClient.clientStatus.clientState = 3
2022/07/11 11:23:22 mqttClient.clientStatus.clientState = 3
2022/07/11 11:23:23 mqttClient.clientStatus.clientState = 3
2022/07/11 11:23:24 mqttClient.clientStatus.clientState = 3
2022/07/11 11:23:26 mqttClient.clientStatus.clientState = 3
2022/07/11 11:23:27 mqttClient.clientStatus.clientState = 3
2022/07/11 11:23:28 mqttClient.clientStatus.clientState = 3
2022/07/11 11:23:29 mqttClient.clientStatus.clientState = 3
2022/07/11 11:23:30 mqttClient.clientStatus.clientState = 3
2022/07/11 11:23:32 mqttClient.clientStatus.clientState = 3
2022/07/11 11:23:33 mqttClient.clientStatus.clientState = 3
2022/07/11 11:23:34 mqttClient.clientStatus.clientState = 3
2022/07/11 11:23:35 mqttClient.clientStatus.clientState = 3
2022/07/11 11:23:37 mqttClient.clientStatus.clientState = 3
2022/07/11 11:23:38 mqttClient.clientStatus.clientState = 3
2022/07/11 11:23:39 mqttClient.clientStatus.clientState = 3
2022/07/11 11:23:40 mqttClient.clientStatus.clientState = 3
2022/07/11 11:23:41 mqttClient.clientStatus.clientState = 3
2022/07/11 11:23:43 mqttClient.clientStatus.clientState = 3
2022/07/11 11:23:44 mqttClient.clientStatus.clientState = 3
2022/07/11 11:23:45 mqttClient.clientStatus.clientState = 3
2022/07/11 11:23:46 mqttClient.clientStatus.clientState = 3
2022/07/11 11:23:48 mqttClient.clientStatus.clientState = 3
2022/07/11 11:23:49 mqttClient.clientStatus.clientState = 3
2022/07/11 11:23:50 mqttClient.clientStatus.clientState = 3
2022/07/11 11:23:51 mqttClient.clientStatus.clientState = 3
2022/07/11 11:23:52 mqttClient.clientStatus.clientState = 3
2022/07/11 11:23:54 mqttClient.clientStatus.clientState = 3
2022/07/11 11:23:55 mqttClient.clientStatus.clientState = 3
2022/07/11 11:23:56 mqttClient.clientStatus.clientState = 3
2022/07/11 11:23:57 mqttClient.clientStatus.clientState = 3
2022/07/11 11:23:59 mqttClient.clientStatus.clientState = 3
2022/07/11 11:24:00 mqttClient.clientStatus.clientState = 3
2022/07/11 11:24:01 mqttClient.clientStatus.clientState = 3
2022/07/11 11:24:02 mqttClient.clientStatus.clientState = 3
2022/07/11 11:24:03 mqttClient.clientStatus.clientState = 3
2022/07/11 11:24:05 mqttClient.clientStatus.clientState = 3
2022/07/11 11:24:06 mqttClient.clientStatus.clientState = 3
2022/07/11 11:24:07 mqttClient.clientStatus.clientState = 3
2022/07/11 11:24:08 mqttClient.clientStatus.clientState = 3
2022/07/11 11:24:09 mqttClient.clientStatus.clientState = 3
2022/07/11 11:24:11 mqttClient.clientStatus.clientState = 3
2022/07/11 11:24:12 mqttClient.clientStatus.clientState = 3
2022/07/11 11:24:13 mqttClient.clientStatus.clientState = 3
2022/07/11 11:24:14 mqttClient.clientStatus.clientState = 3
2022/07/11 11:24:16 mqttClient.clientStatus.clientState = 3
2022/07/11 11:24:17 mqttClient.clientStatus.clientState = 3
2022/07/11 11:24:18 mqttClient.clientStatus.clientState = 3
2022/07/11 11:24:19 mqttClient.clientStatus.clientState = 3
2022/07/11 11:24:20 mqttClient.clientStatus.clientState = 3
2022/07/11 11:24:22 mqttClient.clientStatus.clientState = 3
2022/07/11 11:24:23 mqttClient.clientStatus.clientState = 3
2022/07/11 11:24:24 mqttClient.clientStatus.clientState = 3
2022/07/11 11:24:25 mqttClient.clientStatus.clientState = 3
2022/07/11 11:24:26 mqttClient.clientStatus.clientState = 3
2022/07/11 11:24:28 mqttClient.clientStatus.clientState = 3
2022/07/11 11:24:29 mqttClient.clientStatus.clientState = 3
2022/07/11 11:24:30 mqttClient.clientStatus.clientState = 3
2022/07/11 11:24:31 mqttClient.clientStatus.clientState = 3
2022/07/11 11:24:33 mqttClient.clientStatus.clientState = 3
2022/07/11 11:24:34 mqttClient.clientStatus.clientState = 3
2022/07/11 11:24:35 mqttClient.clientStatus.clientState = 3
2022/07/11 11:24:36 mqttClient.clientStatus.clientState = 3
2022/07/11 11:24:37 mqttClient.clientStatus.clientState = 3
2022/07/11 11:24:39 mqttClient.clientStatus.clientState = 3
2022/07/11 11:24:40 mqttClient.clientStatus.clientState = 3
2022/07/11 11:24:41 mqttClient.clientStatus.clientState = 3
2022/07/11 11:24:42 mqttClient.clientStatus.clientState = 3
2022/07/11 11:24:43 mqttClient.clientStatus.clientState = 3
2022/07/11 11:24:45 mqttClient.clientStatus.clientState = 3
2022/07/11 11:24:46 mqttClient.clientStatus.clientState = 3
2022/07/11 11:24:47 mqttClient.clientStatus.clientState = 3
2022/07/11 11:24:48 mqttClient.clientStatus.clientState = 3
2022/07/11 11:24:50 mqttClient.clientStatus.clientState = 3
2022/07/11 11:24:51 mqttClient.clientStatus.clientState = 3
2022/07/11 11:24:52 mqttClient.clientStatus.clientState = 3
2022/07/11 11:24:53 mqttClient.clientStatus.clientState = 3
2022/07/11 11:24:54 mqttClient.clientStatus.clientState = 3
2022/07/11 11:24:56 mqttClient.clientStatus.clientState = 3
2022/07/11 11:24:57 mqttClient.clientStatus.clientState = 3
2022/07/11 11:24:58 mqttClient.clientStatus.clientState = 3
2022/07/11 11:24:59 mqttClient.clientStatus.clientState = 3
2022/07/11 11:25:00 mqttClient.clientStatus.clientState = 3
2022/07/11 11:25:02 mqttClient.clientStatus.clientState = 3
2022/07/11 11:25:03 mqttClient.clientStatus.clientState = 3
2022/07/11 11:25:04 mqttClient.clientStatus.clientState = 3
2022/07/11 11:25:05 mqttClient.clientStatus.clientState = 3
2022/07/11 11:25:07 mqttClient.clientStatus.clientState = 3
2022/07/11 11:25:08 mqttClient.clientStatus.clientState = 3
2022/07/11 11:25:09 mqttClient.clientStatus.clientState = 3
2022/07/11 11:25:10 mqttClient.clientStatus.clientState = 3
2022/07/11 11:25:11 mqttClient.clientStatus.clientState = 3
2022/07/11 11:25:13 mqttClient.clientStatus.clientState = 3
2022/07/11 11:25:14 mqttClient.clientStatus.clientState = 3
2022/07/11 11:25:15 mqttClient.clientStatus.clientState = 3
2022/07/11 11:25:16 mqttClient.clientStatus.clientState = 3
2022/07/11 11:25:17 mqttClient.clientStatus.clientState = 3
2022/07/11 11:25:19 mqttClient.clientStatus.clientState = 3
2022/07/11 11:25:20 mqttClient.clientStatus.clientState = 3
2022/07/11 11:25:21 mqttClient.clientStatus.clientState = 3
2022/07/11 11:25:22 mqttClient.clientStatus.clientState = 3
2022/07/11 11:25:24 mqttClient.clientStatus.clientState = 3
2022/07/11 11:25:25 mqttClient.clientStatus.clientState = 3
2022/07/11 11:25:26 mqttClient.clientStatus.clientState = 3
2022/07/11 11:25:27 mqttClient.clientStatus.clientState = 3
2022/07/11 11:25:28 mqttClient.clientStatus.clientState = 3
2022/07/11 11:25:30 mqttClient.clientStatus.clientState = 3
2022/07/11 11:25:31 mqttClient.clientStatus.clientState = 3
2022/07/11 11:25:32 mqttClient.clientStatus.clientState = 3
2022/07/11 11:25:33 mqttClient.clientStatus.clientState = 3
2022/07/11 11:25:34 mqttClient.clientStatus.clientState = 3
2022/07/11 11:25:36 mqttClient.clientStatus.clientState = 3
2022/07/11 11:25:37 mqttClient.clientStatus.clientState = 3
2022/07/11 11:25:38 mqttClient.clientStatus.clientState = 3
2022/07/11 11:25:39 mqttClient.clientStatus.clientState = 3
2022/07/11 11:25:41 mqttClient.clientStatus.clientState = 3
2022/07/11 11:25:42 mqttClient.clientStatus.clientState = 3
2022/07/11 11:25:43 mqttClient.clientStatus.clientState = 3
2022/07/11 11:25:44 mqttClient.clientStatus.clientState = 3
2022/07/11 11:25:45 mqttClient.clientStatus.clientState = 3
2022/07/11 11:25:47 mqttClient.clientStatus.clientState = 3
2022/07/11 11:25:48 mqttClient.clientStatus.clientState = 3
2022/07/11 11:25:49 mqttClient.clientStatus.clientState = 3
2022/07/11 11:25:50 mqttClient.clientStatus.clientState = 3
2022/07/11 11:25:51 mqttClient.clientStatus.clientState = 3
2022/07/11 11:25:53 mqttClient.clientStatus.clientState = 3
2022/07/11 11:25:54 mqttClient.clientStatus.clientState = 3
2022/07/11 11:25:55 mqttClient.clientStatus.clientState = 3
2022/07/11 11:25:56 mqttClient.clientStatus.clientState = 3
2022/07/11 11:25:58 mqttClient.clientStatus.clientState = 3
2022/07/11 11:25:59 mqttClient.clientStatus.clientState = 3
2022/07/11 11:26:00 mqttClient.clientStatus.clientState = 3
2022/07/11 11:26:01 mqttClient.clientStatus.clientState = 3
2022/07/11 11:26:02 mqttClient.clientStatus.clientState = 3
2022/07/11 11:26:04 mqttClient.clientStatus.clientState = 3
2022/07/11 11:26:05 mqttClient.clientStatus.clientState = 3
2022/07/11 11:26:06 mqttClient.clientStatus.clientState = 3
2022/07/11 11:26:07 mqttClient.clientStatus.clientState = 3
2022/07/11 11:26:08 mqttClient.clientStatus.clientState = 3
2022/07/11 11:26:10 mqttClient.clientStatus.clientState = 3
2022/07/11 11:26:11 mqttClient.clientStatus.clientState = 3
2022/07/11 11:26:12 mqttClient.clientStatus.clientState = 3
2022/07/11 11:26:13 mqttClient.clientStatus.clientState = 3
2022/07/11 11:26:15 mqttClient.clientStatus.clientState = 3
2022/07/11 11:26:16 mqttClient.clientStatus.clientState = 3
2022/07/11 11:26:17 mqttClient.clientStatus.clientState = 3
2022/07/11 11:26:18 mqttClient.clientStatus.clientState = 3
2022/07/11 11:26:19 mqttClient.clientStatus.clientState = 3
2022/07/11 11:26:21 mqttClient.clientStatus.clientState = 3
2022/07/11 11:26:22 mqttClient.clientStatus.clientState = 3
2022/07/11 11:26:23 mqttClient.clientStatus.clientState = 3
2022/07/11 11:26:24 mqttClient.clientStatus.clientState = 3
2022/07/11 11:26:26 mqttClient.clientStatus.clientState = 3
2022/07/11 11:26:27 mqttClient.clientStatus.clientState = 3
2022/07/11 11:26:28 mqttClient.clientStatus.clientState = 3
2022/07/11 11:26:29 mqttClient.clientStatus.clientState = 3
2022/07/11 11:26:30 mqttClient.clientStatus.clientState = 3
2022/07/11 11:26:32 mqttClient.clientStatus.clientState = 3
2022/07/11 11:26:33 mqttClient.clientStatus.clientState = 3
2022/07/11 11:26:34 mqttClient.clientStatus.clientState = 3
2022/07/11 11:26:35 mqttClient.clientStatus.clientState = 3
2022/07/11 11:26:36 mqttClient.clientStatus.clientState = 3
2022/07/11 11:26:38 mqttClient.clientStatus.clientState = 3
2022/07/11 11:26:39 mqttClient.clientStatus.clientState = 3
2022/07/11 11:26:40 mqttClient.clientStatus.clientState = 3
2022/07/11 11:26:41 mqttClient.clientStatus.clientState = 3
2022/07/11 11:26:43 mqttClient.clientStatus.clientState = 3
2022/07/11 11:26:44 mqttClient.clientStatus.clientState = 3
2022/07/11 11:26:45 mqttClient.clientStatus.clientState = 3
2022/07/11 11:26:46 mqttClient.clientStatus.clientState = 3
2022/07/11 11:26:47 mqttClient.clientStatus.clientState = 3
2022/07/11 11:26:49 mqttClient.clientStatus.clientState = 3
2022/07/11 11:26:50 mqttClient.clientStatus.clientState = 3
2022/07/11 11:26:51 mqttClient.clientStatus.clientState = 3
2022/07/11 11:26:52 mqttClient.clientStatus.clientState = 3
2022/07/11 11:26:54 mqttClient.clientStatus.clientState = 3
2022/07/11 11:26:55 mqttClient.clientStatus.clientState = 3
2022/07/11 11:26:56 mqttClient.clientStatus.clientState = 3
2022/07/11 11:26:57 mqttClient.clientStatus.clientState = 3
2022/07/11 11:26:58 mqttClient.clientStatus.clientState = 3
2022/07/11 11:27:00 mqttClient.clientStatus.clientState = 3
2022/07/11 11:27:01 mqttClient.clientStatus.clientState = 3
2022/07/11 11:27:02 mqttClient.clientStatus.clientState = 3
2022/07/11 11:27:03 mqttClient.clientStatus.clientState = 3
2022/07/11 11:27:05 mqttClient.clientStatus.clientState = 3
2022/07/11 11:27:06 mqttClient.clientStatus.clientState = 3
2022/07/11 11:27:07 mqttClient.clientStatus.clientState = 3
2022/07/11 11:27:08 mqttClient.clientStatus.clientState = 3
2022/07/11 11:27:09 mqttClient.clientStatus.clientState = 3
2022/07/11 11:27:11 mqttClient.clientStatus.clientState = 3
2022/07/11 11:27:12 mqttClient.clientStatus.clientState = 3
2022/07/11 11:27:13 mqttClient.clientStatus.clientState = 3
2022/07/11 11:27:14 mqttClient.clientStatus.clientState = 3
2022/07/11 11:27:16 mqttClient.clientStatus.clientState = 3
2022/07/11 11:27:17 mqttClient.clientStatus.clientState = 3
2022/07/11 11:27:18 mqttClient.clientStatus.clientState = 3
2022/07/11 11:27:19 mqttClient.clientStatus.clientState = 3
2022/07/11 11:27:20 mqttClient.clientStatus.clientState = 3
2022/07/11 11:27:22 mqttClient.clientStatus.clientState = 3
2022/07/11 11:27:23 mqttClient.clientStatus.clientState = 3
2022/07/11 11:27:24 mqttClient.clientStatus.clientState = 3
2022/07/11 11:27:25 mqttClient.clientStatus.clientState = 3
2022/07/11 11:27:27 mqttClient.clientStatus.clientState = 3
2022/07/11 11:27:28 mqttClient.clientStatus.clientState = 3
2022/07/11 11:27:29 mqttClient.clientStatus.clientState = 3
2022/07/11 11:27:30 mqttClient.clientStatus.clientState = 3
2022/07/11 11:27:31 mqttClient.clientStatus.clientState = 3
2022/07/11 11:27:33 mqttClient.clientStatus.clientState = 3
2022/07/11 11:27:34 mqttClient.clientStatus.clientState = 3
2022/07/11 11:27:35 mqttClient.clientStatus.clientState = 3
2022/07/11 11:27:36 mqttClient.clientStatus.clientState = 3
2022/07/11 11:27:38 mqttClient.clientStatus.clientState = 3
2022/07/11 11:27:39 mqttClient.clientStatus.clientState = 3
2022/07/11 11:27:40 mqttClient.clientStatus.clientState = 3
2022/07/11 11:27:41 mqttClient.clientStatus.clientState = 3
2022/07/11 11:27:42 mqttClient.clientStatus.clientState = 3
2022/07/11 11:27:44 mqttClient.clientStatus.clientState = 3
2022/07/11 11:27:45 mqttClient.clientStatus.clientState = 3
2022/07/11 11:27:46 mqttClient.clientStatus.clientState = 3
2022/07/11 11:27:47 mqttClient.clientStatus.clientState = 3
2022/07/11 11:27:48 mqttClient.clientStatus.clientState = 3
2022/07/11 11:27:50 mqttClient.clientStatus.clientState = 3
2022/07/11 11:27:51 mqttClient.clientStatus.clientState = 3
2022/07/11 11:27:52 mqttClient.clientStatus.clientState = 3
2022/07/11 11:27:53 mqttClient.clientStatus.clientState = 3
2022/07/11 11:27:55 mqttClient.clientStatus.clientState = 3
2022/07/11 11:27:56 mqttClient.clientStatus.clientState = 3
2022/07/11 11:27:57 mqttClient.clientStatus.clientState = 3
2022/07/11 11:27:58 mqttClient.clientStatus.clientState = 3
2022/07/11 11:27:59 mqttClient.clientStatus.clientState = 3
2022/07/11 11:28:01 mqttClient.clientStatus.clientState = 3
2022/07/11 11:28:02 mqttClient.clientStatus.clientState = 3
2022/07/11 11:28:03 mqttClient.clientStatus.clientState = 3
2022/07/11 11:28:04 mqttClient.clientStatus.clientState = 3
2022/07/11 11:28:05 mqttClient.clientStatus.clientState = 3
2022/07/11 11:28:07 mqttClient.clientStatus.clientState = 3
2022/07/11 11:28:08 mqttClient.clientStatus.clientState = 3
2022/07/11 11:28:09 mqttClient.clientStatus.clientState = 3
2022/07/11 11:28:10 mqttClient.clientStatus.clientState = 3
2022/07/11 11:28:12 mqttClient.clientStatus.clientState = 3
2022/07/11 11:28:13 mqttClient.clientStatus.clientState = 3
2022/07/11 11:28:14 mqttClient.clientStatus.clientState = 3
2022/07/11 11:28:15 mqttClient.clientStatus.clientState = 3
2022/07/11 11:28:16 mqttClient.clientStatus.clientState = 3
