2022/07/26 17:05:05 rfid total tag number = 1
2022/07/26 17:05:05 tag uid = F1508D96500104E0
2022/07/26 17:05:05 read block2 data = D700414094
2022/07/26 17:05:05 write block ok , write data = d7  0 42 40
2022/07/26 17:05:07 rfid total tag number = 1
2022/07/26 17:05:07 tag uid = F1508D96500104E0
2022/07/26 17:05:07 read block2 data = D7004240FC
2022/07/26 17:05:07 write block ok , write data = d7  0 42 40
2022/07/26 17:05:09 rfid total tag number = 1
2022/07/26 17:05:09 tag uid = F1508D96500104E0
2022/07/26 17:05:09 read block2 data = D7004240FC
2022/07/26 17:05:09 write block ok , write data = d7  0 42 40
2022/07/26 17:05:11 rfid total tag number = 1
2022/07/26 17:05:11 tag uid = 7965CF72500104E0
2022/07/26 17:05:11 read block2 data = D700414094
2022/07/26 17:05:11 write block ok , write data = d7  0 42 40
2022/07/26 17:05:13 rfid total tag number = 1
2022/07/26 17:05:13 tag uid = 4A820D9E500104E0
2022/07/26 17:05:13 read block2 data = 505A3233F2
2022/07/26 17:05:13 非美餐餐盘
2022/07/26 17:05:17 rfid total tag number = 1
2022/07/26 17:05:17 tag uid = 4A820D9E500104E0
2022/07/26 17:05:17 read block2 data = 505A3233F2
2022/07/26 17:05:17 非美餐餐盘
2022/07/26 17:05:19 rfid total tag number = 1
2022/07/26 17:05:19 tag uid = 4A820D9E500104E0
2022/07/26 17:05:19 read block2 data = 505A3233F2
2022/07/26 17:05:19 非美餐餐盘
2022/07/26 17:05:21 rfid total tag number = 1
2022/07/26 17:05:21 tag uid = 4A820D9E500104E0
2022/07/26 17:05:21 read block2 data = 505A3233F2
2022/07/26 17:05:21 非美餐餐盘
2022/07/26 17:05:23 rfid total tag number = 1
2022/07/26 17:05:23 tag uid = 4A820D9E500104E0
2022/07/26 17:05:23 read block2 data = 
2022/07/26 17:05:23 非美餐餐盘
2022/07/26 17:05:25 rfid total tag number = 1
2022/07/26 17:05:25 tag uid = 4A820D9E500104E0
2022/07/26 17:05:25 read block2 data = 505A3233F2
2022/07/26 17:05:25 非美餐餐盘
2022/07/26 17:05:29 rfid total tag number = 3
2022/07/26 17:05:29 multiple tags exist
2022/07/26 17:05:33 rfid total tag number = 3
2022/07/26 17:05:33 multiple tags exist
2022/07/26 17:05:35 rfid total tag number = 3
2022/07/26 17:05:35 multiple tags exist
2022/07/26 17:05:38 rfid total tag number = 1
2022/07/26 17:05:38 tag uid = F1508D96500104E0
2022/07/26 17:05:38 read block2 data = D7004240FC
2022/07/26 17:05:38 write block ok , write data = d7  0 42 40
2022/07/26 17:05:40 rfid total tag number = 2
2022/07/26 17:05:40 multiple tags exist
2022/07/26 17:05:46 rfid total tag number = 2
2022/07/26 17:05:46 multiple tags exist
2022/07/26 17:05:52 rfid total tag number = 2
2022/07/26 17:05:52 multiple tags exist
2022/07/26 17:05:57 rfid total tag number = 1
2022/07/26 17:05:57 tag uid = F1508D96500104E0
2022/07/26 17:05:57 read block2 data = D7004240FC
2022/07/26 17:05:57 write block ok , write data = d7  0 42 40
2022/07/26 17:05:58 rfid total tag number = 1
2022/07/26 17:05:58 tag uid = 7965CF72500104E0
2022/07/26 17:05:58 read block2 data = 
2022/07/26 17:05:58 非美餐餐盘
2022/07/26 17:06:01 rfid total tag number = 1
2022/07/26 17:06:01 tag uid = 7965CF72500104E0
2022/07/26 17:06:01 read block2 data = D7004240FC
2022/07/26 17:06:01 write block ok , write data = d7  0 42 40
2022/07/26 17:06:03 rfid total tag number = 1
2022/07/26 17:06:03 tag uid = 4A820D9E500104E0
2022/07/26 17:06:03 read block2 data = 505A3233F2
2022/07/26 17:06:03 非美餐餐盘
2022/07/26 17:06:04 rfid total tag number = 1
2022/07/26 17:06:04 tag uid = 7965CF72500104E0
2022/07/26 17:06:04 read block2 data = D7004240FC
2022/07/26 17:06:05 write block ok , write data = d7  0 42 40
2022/07/26 17:06:08 rfid total tag number = 1
2022/07/26 17:06:08 tag uid = F1508D96500104E0
2022/07/26 17:06:08 read block2 data = D7004240FC
2022/07/26 17:06:08 write block ok , write data = d7  0 42 40
2022/07/26 17:06:10 rfid total tag number = 1
2022/07/26 17:06:10 tag uid = F1508D96500104E0
2022/07/26 17:06:10 read block2 data = D7004240FC
2022/07/26 17:06:10 write block ok , write data = d7  0 42 40
2022/07/26 17:06:12 rfid total tag number = 1
2022/07/26 17:06:12 tag uid = F1508D96500104E0
2022/07/26 17:06:12 read block2 data = D7004240FC
2022/07/26 17:06:12 write block ok , write data = d7  0 42 40
2022/07/26 17:06:13 rfid total tag number = 1
2022/07/26 17:06:13 tag uid = F1508D96500104E0
2022/07/26 17:06:13 read block2 data = D7004240FC
2022/07/26 17:06:13 write block ok , write data = d7  0 42 40
2022/07/26 17:06:15 rfid total tag number = 1
2022/07/26 17:06:15 tag uid = F1508D96500104E0
2022/07/26 17:06:15 read block2 data = D7004240FC
2022/07/26 17:06:15 write block ok , write data = d7  0 42 40
2022/07/26 17:06:24 rfid total tag number = 1
2022/07/26 17:06:24 tag uid = F1508D96500104E0
2022/07/26 17:06:24 read block2 data = D7004240FC
2022/07/26 17:06:24 write block ok , write data = d7  0 42 40
2022/07/26 17:06:27 rfid total tag number = 1
2022/07/26 17:06:27 tag uid = 7965CF72500104E0
2022/07/26 17:06:27 read block2 data = D7004240FC
2022/07/26 17:06:27 write block ok , write data = d7  0 42 40
2022/07/26 17:06:32 rfid total tag number = 1
2022/07/26 17:06:32 tag uid = 7965CF72500104E0
2022/07/26 17:06:32 read block2 data = D7004240FC
2022/07/26 17:06:32 write block ok , write data = d7  0 42 40
2022/07/26 17:06:36 rfid total tag number = 1
2022/07/26 17:06:36 tag uid = 7965CF72500104E0
2022/07/26 17:06:36 read block2 data = D7004240FC
2022/07/26 17:06:36 write block ok , write data = d7  0 42 40
2022/07/26 17:06:38 rfid total tag number = 1
2022/07/26 17:06:38 tag uid = 7965CF72500104E0
2022/07/26 17:06:38 read block2 data = D7004240FC
2022/07/26 17:06:38 write block ok , write data = d7  0 42 40
2022/07/26 17:06:42 rfid total tag number = 1
2022/07/26 17:06:42 tag uid = 7965CF72500104E0
2022/07/26 17:06:42 read block2 data = D7004240FC
2022/07/26 17:06:42 write block ok , write data = d7  0 42 40
2022/07/26 17:06:53 rfid total tag number = 1
2022/07/26 17:06:53 tag uid = 7965CF72500104E0
2022/07/26 17:06:53 read block2 data = D7004240FC
2022/07/26 17:06:53 write block ok , write data = d7  0 42 40
2022/07/26 17:06:56 rfid total tag number = 1
2022/07/26 17:06:56 tag uid = 7965CF72500104E0
2022/07/26 17:06:56 read block2 data = D7004240FC
2022/07/26 17:06:56 write block ok , write data = d7  0 42 40
2022/07/26 17:06:59 rfid total tag number = 1
2022/07/26 17:06:59 tag uid = 7965CF72500104E0
2022/07/26 17:06:59 read block2 data = D7004240FC
2022/07/26 17:06:59 write block ok , write data = d7  0 42 40
2022/07/26 17:07:11 rfid total tag number = 1
2022/07/26 17:07:11 tag uid = 7965CF72500104E0
2022/07/26 17:07:11 read block2 data = D7004240FC
2022/07/26 17:07:11 write block ok , write data = d7  0 43 c0
2022/07/26 17:07:13 rfid total tag number = 1
2022/07/26 17:07:13 tag uid = 7965CF72500104E0
2022/07/26 17:07:13 read block2 data = D70043C02C
2022/07/26 17:07:13 write block ok , write data = d7  0 43 c0
2022/07/26 17:07:15 rfid total tag number = 1
2022/07/26 17:07:15 tag uid = 7965CF72500104E0
2022/07/26 17:07:15 read block2 data = D70043C02C
2022/07/26 17:07:15 write block ok , write data = d7  0 43 c0
2022/07/26 17:07:17 rfid total tag number = 1
2022/07/26 17:07:17 tag uid = 7965CF72500104E0
2022/07/26 17:07:17 read block2 data = D70043C02C
2022/07/26 17:07:17 write block ok , write data = d7  0 43 c0
2022/07/26 17:07:42 rfid total tag number = 1
2022/07/26 17:07:42 tag uid = 7965CF72500104E0
2022/07/26 17:07:42 read block2 data = D70043C02C
2022/07/26 17:07:42 write block ok , write data = d7  0 41 40
2022/07/26 17:07:43 rfid total tag number = 1
2022/07/26 17:07:43 tag uid = 7965CF72500104E0
2022/07/26 17:07:43 read block2 data = D700414094
2022/07/26 17:07:43 write block fail
