2022/07/22 11:45:10 rfid total tag number = 1
2022/07/22 11:45:10 tag uid = 6C1A8D96500104E0
2022/07/22 11:45:10 read block2 data = D7000100
2022/07/22 11:45:10 write block ok , write data = d7  0 41 40
2022/07/22 11:45:12 rfid total tag number = 1
2022/07/22 11:45:12 tag uid = 6C1A8D96500104E0
2022/07/22 11:45:12 read block2 data = 
2022/07/22 11:45:12 非美餐餐盘
2022/07/22 11:45:15 rfid total tag number = 1
2022/07/22 11:45:15 tag uid = 6C1A8D96500104E0
2022/07/22 11:45:15 read block2 data = D7004140
2022/07/22 11:45:15 write block ok , write data = d7  0 41 40
2022/07/22 11:45:19 rfid total tag number = 1
2022/07/22 11:45:19 tag uid = 6C1A8D96500104E0
2022/07/22 11:45:19 read block2 data = D7004140
2022/07/22 11:45:19 write block ok , write data = d7  0 41 40
2022/07/22 11:45:22 rfid total tag number = 1
2022/07/22 11:45:22 tag uid = 6C1A8D96500104E0
2022/07/22 11:45:22 read block2 data = D7004140
2022/07/22 11:45:22 write block ok , write data = d7  0 41 40
2022/07/22 11:45:26 rfid total tag number = 1
2022/07/22 11:45:26 tag uid = 6C1A8D96500104E0
2022/07/22 11:45:26 read block2 data = D7004140
2022/07/22 11:45:26 write block ok , write data = d7  0 41 40
2022/07/22 11:45:29 rfid total tag number = 1
2022/07/22 11:45:29 tag uid = 6C1A8D96500104E0
2022/07/22 11:45:29 read block2 data = D7004140
2022/07/22 11:45:30 write block ok , write data = d7  0 41 40
2022/07/22 11:45:32 rfid total tag number = 1
2022/07/22 11:45:32 tag uid = 6C1A8D96500104E0
2022/07/22 11:45:32 read block2 data = D7004140
2022/07/22 11:45:33 write block ok , write data = d7  0 41 40
2022/07/22 11:45:43 rfid total tag number = 1
2022/07/22 11:45:43 tag uid = 6C1A8D96500104E0
2022/07/22 11:45:43 read block2 data = D7004140
2022/07/22 11:45:43 write block ok , write data = d7  0 41 40
2022/07/22 11:45:47 rfid total tag number = 1
2022/07/22 11:45:47 tag uid = 6C1A8D96500104E0
2022/07/22 11:45:47 read block2 data = D7004140
2022/07/22 11:45:47 write block ok , write data = d7  0 41 40
2022/07/22 11:45:51 rfid total tag number = 1
2022/07/22 11:45:51 tag uid = 6C1A8D96500104E0
2022/07/22 11:45:51 read block2 data = D7004140
2022/07/22 11:45:51 write block ok , write data = d7  0 41 40
2022/07/22 11:45:54 rfid total tag number = 1
2022/07/22 11:45:54 tag uid = 6C1A8D96500104E0
2022/07/22 11:45:54 read block2 data = D7004140
2022/07/22 11:45:54 write block ok , write data = d7  0 41 40
2022/07/22 11:46:21 rfid total tag number = 1
2022/07/22 11:46:21 tag uid = F1508D96500104E0
2022/07/22 11:46:21 read block2 data = D7000100
2022/07/22 11:46:21 write block ok , write data = d7  0 41 40
2022/07/22 11:46:24 rfid total tag number = 1
2022/07/22 11:46:24 tag uid = F1508D96500104E0
2022/07/22 11:46:24 read block2 data = D7004140
2022/07/22 11:46:24 write block ok , write data = d7  0 41 40
2022/07/22 11:46:26 rfid total tag number = 1
2022/07/22 11:46:26 tag uid = F1508D96500104E0
2022/07/22 11:46:26 read block2 data = D7004140
2022/07/22 11:46:26 write block ok , write data = d7  0 41 40
2022/07/22 11:46:29 rfid total tag number = 1
2022/07/22 11:46:29 tag uid = F1508D96500104E0
2022/07/22 11:46:29 read block2 data = D7004140
2022/07/22 11:46:29 write block ok , write data = d7  0 41 40
2022/07/22 11:46:32 rfid total tag number = 1
2022/07/22 11:46:32 tag uid = F1508D96500104E0
2022/07/22 11:46:33 read block2 data = D7004140
2022/07/22 11:46:33 write block ok , write data = d7  0 41 40
2022/07/22 11:46:36 rfid total tag number = 1
2022/07/22 11:46:36 tag uid = F1508D96500104E0
2022/07/22 11:46:36 read block2 data = D7004140
2022/07/22 11:46:36 write block ok , write data = d7  0 41 40
2022/07/22 11:46:38 rfid total tag number = 1
2022/07/22 11:46:38 tag uid = F1508D96500104E0
2022/07/22 11:46:38 read block2 data = D7004140
2022/07/22 11:46:38 write block ok , write data = d7  0 41 40
2022/07/22 11:46:41 rfid total tag number = 1
2022/07/22 11:46:41 tag uid = F1508D96500104E0
2022/07/22 11:46:41 read block2 data = D7004140
2022/07/22 11:46:41 write block ok , write data = d7  0 41 40
2022/07/22 11:52:41 rfid total tag number = 1
2022/07/22 11:52:41 tag uid = F1508D96500104E0
2022/07/22 11:52:41 read block2 data = D7000100
2022/07/22 11:52:41 write block ok , write data = d7  0 41 40
2022/07/22 11:52:43 rfid total tag number = 1
2022/07/22 11:52:43 tag uid = F1508D96500104E0
2022/07/22 11:52:43 read block2 data = D7004140
2022/07/22 11:52:43 write block ok , write data = d7  0 41 40
2022/07/22 11:52:45 rfid total tag number = 1
2022/07/22 11:52:45 tag uid = F1508D96500104E0
2022/07/22 11:52:45 read block2 data = D7004140
2022/07/22 11:52:45 write block ok , write data = d7  0 41 40
2022/07/22 11:52:47 rfid total tag number = 1
2022/07/22 11:52:47 tag uid = F1508D96500104E0
2022/07/22 11:52:47 read block2 data = D7004140
2022/07/22 11:52:47 write block ok , write data = d7  0 41 40
2022/07/22 11:52:49 rfid total tag number = 1
2022/07/22 11:52:49 tag uid = F1508D96500104E0
2022/07/22 11:52:49 read block2 data = D7004140
2022/07/22 11:52:49 write block ok , write data = d7  0 41 40
2022/07/22 11:52:52 rfid total tag number = 1
2022/07/22 11:52:52 rfid total tag number = 1
2022/07/22 11:52:52 tag uid = F1508D96500104E0
2022/07/22 11:52:52 read block2 data = D7004140
2022/07/22 11:52:52 write block ok , write data = d7  0 41 40
2022/07/22 11:52:56 rfid total tag number = 1
2022/07/22 11:52:56 tag uid = F1508D96500104E0
2022/07/22 11:52:56 read block2 data = D7004140
2022/07/22 11:52:56 write block fail
2022/07/22 11:53:00 rfid total tag number = 1
2022/07/22 11:53:00 tag uid = F1508D96500104E0
2022/07/22 11:53:00 read block2 data = 
2022/07/22 11:53:00 非美餐餐盘
2022/07/22 11:53:03 rfid total tag number = 1
2022/07/22 11:53:03 rfid total tag number = 1
2022/07/22 11:53:04 rfid total tag number = 1
2022/07/22 11:53:04 tag uid = F1508D96500104E0
2022/07/22 11:53:04 read block2 data = D7004140
2022/07/22 11:53:04 write block ok , write data = d7  0 41 40
2022/07/22 11:53:06 rfid total tag number = 1
2022/07/22 11:53:06 tag uid = F1508D96500104E0
2022/07/22 11:53:06 read block2 data = D7004140
2022/07/22 11:53:06 write block ok , write data = d7  0 41 40
2022/07/22 11:53:07 rfid total tag number = 1
2022/07/22 11:53:07 tag uid = F1508D96500104E0
2022/07/22 11:53:07 read block2 data = 
2022/07/22 11:53:07 非美餐餐盘
2022/07/22 11:53:08 rfid total tag number = 1
2022/07/22 11:53:08 tag uid = F1508D96500104E0
2022/07/22 11:53:08 read block2 data = D7004140
2022/07/22 11:53:08 write block ok , write data = d7  0 41 40
2022/07/22 11:53:10 rfid total tag number = 1
2022/07/22 11:53:10 tag uid = F1508D96500104E0
2022/07/22 11:53:10 read block2 data = D7004140
2022/07/22 11:53:10 write block ok , write data = d7  0 41 40
2022/07/22 11:53:14 rfid total tag number = 1
2022/07/22 11:53:14 tag uid = F1508D96500104E0
2022/07/22 11:53:14 read block2 data = D7004140
2022/07/22 11:53:14 write block ok , write data = d7  0 41 40
2022/07/22 11:53:17 rfid total tag number = 1
2022/07/22 11:53:17 tag uid = F1508D96500104E0
2022/07/22 11:53:17 read block2 data = D7004140
2022/07/22 11:53:17 write block ok , write data = d7  0 41 40
2022/07/22 11:53:19 rfid total tag number = 1
2022/07/22 11:53:19 tag uid = F1508D96500104E0
2022/07/22 11:53:19 read block2 data = D7004140
2022/07/22 11:53:19 write block ok , write data = d7  0 41 40
2022/07/22 11:53:38 rfid total tag number = 1
2022/07/22 11:53:38 tag uid = F1508D96500104E0
2022/07/22 11:53:38 read block2 data = D7004140
2022/07/22 11:53:39 write block ok , write data = d7  0 41 40
2022/07/22 11:54:08 rfid total tag number = 1
2022/07/22 11:54:08 tag uid = F1508D96500104E0
2022/07/22 11:54:08 read block2 data = D7004140
2022/07/22 11:54:08 write block ok , write data = d7  0 41 40
2022/07/22 11:54:11 rfid total tag number = 1
2022/07/22 11:54:11 tag uid = F1508D96500104E0
2022/07/22 11:54:11 read block2 data = D7004140
2022/07/22 11:54:11 write block ok , write data = d7  0 41 40
2022/07/22 11:54:14 rfid total tag number = 1
2022/07/22 11:54:14 tag uid = F1508D96500104E0
2022/07/22 11:54:14 read block2 data = D7004140
2022/07/22 11:54:14 write block ok , write data = d7  0 41 40
2022/07/22 11:54:18 rfid total tag number = 1
2022/07/22 11:54:18 tag uid = F1508D96500104E0
2022/07/22 11:54:18 read block2 data = D7004140
2022/07/22 11:54:18 write block ok , write data = d7  0 41 40
2022/07/22 11:54:21 rfid total tag number = 1
2022/07/22 11:54:21 tag uid = F1508D96500104E0
2022/07/22 11:54:21 read block2 data = D7004140
2022/07/22 11:54:21 write block ok , write data = d7  0 41 40
2022/07/22 11:54:26 rfid total tag number = 1
2022/07/22 11:54:26 tag uid = F1508D96500104E0
2022/07/22 11:54:26 read block2 data = D7004140
2022/07/22 11:54:26 write block ok , write data = d7  0 41 40
2022/07/22 11:54:31 rfid total tag number = 1
2022/07/22 11:54:31 tag uid = F1508D96500104E0
2022/07/22 11:54:31 read block2 data = D7004140
2022/07/22 11:54:31 write block ok , write data = d7  0 41 40
2022/07/22 11:54:47 rfid total tag number = 1
2022/07/22 11:54:47 tag uid = F1508D96500104E0
2022/07/22 11:54:47 read block2 data = D7004140
2022/07/22 11:54:47 write block ok , write data = d7  0 41 40
2022/07/22 11:54:56 rfid total tag number = 1
2022/07/22 11:54:56 tag uid = F1508D96500104E0
2022/07/22 11:54:56 read block2 data = D7004140
2022/07/22 11:54:56 write block ok , write data = d7  0 41 40
2022/07/22 11:55:03 rfid total tag number = 1
2022/07/22 11:55:03 tag uid = F1508D96500104E0
2022/07/22 11:55:03 read block2 data = D7004140
2022/07/22 11:55:03 write block ok , write data = d7  0 41 40
2022/07/22 11:55:15 rfid total tag number = 1
2022/07/22 11:55:15 tag uid = F1508D96500104E0
2022/07/22 11:55:15 read block2 data = 
2022/07/22 11:55:15 非美餐餐盘
2022/07/22 11:55:17 rfid total tag number = 1
2022/07/22 11:55:17 tag uid = F1508D96500104E0
2022/07/22 11:55:17 read block2 data = 
2022/07/22 11:55:17 非美餐餐盘
2022/07/22 11:57:50 rfid total tag number = 1
2022/07/22 11:57:50 tag uid = F1508D96500104E0
2022/07/22 11:57:50 read block2 data = D7004140
2022/07/22 11:57:50 write block ok , write data = d7  0 41 40
2022/07/22 11:57:57 rfid total tag number = 1
2022/07/22 11:57:57 tag uid = F1508D96500104E0
2022/07/22 11:57:57 read block2 data = D7004140
2022/07/22 11:57:57 write block ok , write data = d7  0 41 40
2022/07/22 11:58:01 rfid total tag number = 1
2022/07/22 11:58:01 tag uid = F1508D96500104E0
2022/07/22 11:58:01 read block2 data = D7004140
2022/07/22 11:58:01 write block ok , write data = d7  0 41 40
2022/07/22 12:00:59 rfid total tag number = 1
2022/07/22 12:01:00 tag uid = F1508D96500104E0
2022/07/22 12:01:00 read block2 data = D7004140
2022/07/22 12:01:00 write block ok , write data = d7  0 41 40
2022/07/22 12:01:02 rfid total tag number = 1
2022/07/22 12:01:02 tag uid = F1508D96500104E0
2022/07/22 12:01:02 read block2 data = D7004140
2022/07/22 12:01:02 write block ok , write data = d7  0 41 40
2022/07/22 12:01:04 rfid total tag number = 1
2022/07/22 12:01:04 tag uid = F1508D96500104E0
2022/07/22 12:01:04 read block2 data = D7004140
2022/07/22 12:01:04 write block ok , write data = d7  0 41 40
2022/07/22 12:01:05 rfid total tag number = 1
2022/07/22 12:01:05 tag uid = F1508D96500104E0
2022/07/22 12:01:05 read block2 data = D7004140
2022/07/22 12:01:05 write block ok , write data = d7  0 41 40
2022/07/22 12:01:07 rfid total tag number = 1
2022/07/22 12:01:07 tag uid = F1508D96500104E0
2022/07/22 12:01:07 read block2 data = D7004140
2022/07/22 12:01:07 write block ok , write data = d7  0 41 40
2022/07/22 12:01:20 rfid total tag number = 1
2022/07/22 12:01:20 tag uid = F1508D96500104E0
2022/07/22 12:01:20 read block2 data = D7004140
2022/07/22 12:01:20 write block ok , write data = d7  0 41 40
2022/07/22 12:01:22 rfid total tag number = 1
2022/07/22 12:01:22 tag uid = F1508D96500104E0
2022/07/22 12:01:22 read block2 data = D7004140
2022/07/22 12:01:22 write block ok , write data = d7  0 41 40
2022/07/22 12:01:24 rfid total tag number = 1
2022/07/22 12:01:24 tag uid = F1508D96500104E0
2022/07/22 12:01:24 read block2 data = D7004140
2022/07/22 12:01:24 write block ok , write data = d7  0 41 40
2022/07/22 12:01:26 rfid total tag number = 1
2022/07/22 12:01:26 tag uid = F1508D96500104E0
2022/07/22 12:01:26 read block2 data = D7004140
2022/07/22 12:01:27 write block ok , write data = d7  0 41 40
2022/07/22 12:01:29 rfid total tag number = 1
2022/07/22 12:01:29 tag uid = F1508D96500104E0
2022/07/22 12:01:29 read block2 data = D7004140
2022/07/22 12:01:29 write block ok , write data = d7  0 41 40
2022/07/22 12:04:01 rfid total tag number = 1
2022/07/22 12:04:01 tag uid = F1508D96500104E0
2022/07/22 12:04:02 read block2 data = D7004140
2022/07/22 12:04:02 write block ok , write data = d7  0 42  0
2022/07/22 12:04:03 rfid total tag number = 1
2022/07/22 12:04:03 tag uid = F1508D96500104E0
2022/07/22 12:04:03 read block2 data = D7004200
2022/07/22 12:04:03 write block ok , write data = d7  0 42  0
2022/07/22 12:04:04 rfid total tag number = 1
2022/07/22 12:04:05 tag uid = F1508D96500104E0
2022/07/22 12:04:05 read block2 data = D7004200
2022/07/22 12:04:05 write block ok , write data = d7  0 42  0
2022/07/22 12:04:37 rfid total tag number = 1
2022/07/22 12:04:37 tag uid = F1508D96500104E0
2022/07/22 12:04:37 read block2 data = D7004200
2022/07/22 12:04:37 write block ok , write data = d7  0 43 80
2022/07/22 12:04:39 rfid total tag number = 1
2022/07/22 12:04:39 tag uid = F1508D96500104E0
2022/07/22 12:04:39 read block2 data = D7004380
2022/07/22 12:04:40 write block ok , write data = d7  0 43 80
2022/07/22 13:16:59 rfid total tag number = 1
2022/07/22 13:16:59 tag uid = F1508D96500104E0
2022/07/22 13:16:59 read block2 data = D7004380
2022/07/22 13:16:59 write block ok , write data = d7  0 41 40
2022/07/22 13:17:02 rfid total tag number = 1
2022/07/22 13:17:02 tag uid = F1508D96500104E0
2022/07/22 13:17:02 read block2 data = D7004140
2022/07/22 13:17:02 write block ok , write data = d7  0 41 40
2022/07/22 13:17:04 rfid total tag number = 1
2022/07/22 13:17:04 tag uid = F1508D96500104E0
2022/07/22 13:17:04 read block2 data = D7004140
2022/07/22 13:17:04 write block ok , write data = d7  0 41 40
2022/07/22 13:17:07 rfid total tag number = 1
2022/07/22 13:17:07 tag uid = F1508D96500104E0
2022/07/22 13:17:07 read block2 data = D7004140
2022/07/22 13:17:07 write block ok , write data = d7  0 41 40
2022/07/22 13:17:13 rfid total tag number = 1
2022/07/22 13:17:13 tag uid = F1508D96500104E0
2022/07/22 13:17:13 read block2 data = D7004140
2022/07/22 13:17:13 write block ok , write data = d7  0 41 40
2022/07/22 13:17:15 rfid total tag number = 1
2022/07/22 13:17:15 tag uid = F1508D96500104E0
2022/07/22 13:17:15 read block2 data = D7004140
2022/07/22 13:17:15 write block ok , write data = d7  0 41 40
2022/07/22 13:17:17 rfid total tag number = 1
2022/07/22 13:17:17 tag uid = F1508D96500104E0
2022/07/22 13:17:17 read block2 data = D7004140
2022/07/22 13:17:17 write block ok , write data = d7  0 41 40
2022/07/22 13:17:18 rfid total tag number = 1
2022/07/22 13:17:18 tag uid = F1508D96500104E0
2022/07/22 13:17:18 read block2 data = D7004140
2022/07/22 13:17:18 write block ok , write data = d7  0 41 40
2022/07/22 13:17:34 rfid total tag number = 1
2022/07/22 13:17:34 tag uid = 6C1A8D96500104E0
2022/07/22 13:17:34 read block2 data = D7004140
2022/07/22 13:17:34 write block ok , write data = d7  0 41 40
2022/07/22 13:17:38 rfid total tag number = 1
2022/07/22 13:17:38 tag uid = 7965CF72500104E0
2022/07/22 13:17:38 read block2 data = D7000100
2022/07/22 13:17:38 write block ok , write data = d7  0 41 40
2022/07/22 13:17:42 rfid total tag number = 1
2022/07/22 13:17:42 tag uid = 4A820D9E500104E0
2022/07/22 13:17:42 read block2 data = 505A3233
2022/07/22 13:17:42 非美餐餐盘
2022/07/22 13:17:45 rfid total tag number = 1
2022/07/22 13:17:45 tag uid = 4A820D9E500104E0
2022/07/22 13:17:45 read block2 data = 505A3233
2022/07/22 13:17:45 非美餐餐盘
2022/07/22 13:17:47 rfid total tag number = 1
2022/07/22 13:17:47 tag uid = 4A820D9E500104E0
2022/07/22 13:17:47 read block2 data = 505A3233
2022/07/22 13:17:47 非美餐餐盘
2022/07/22 13:17:50 rfid total tag number = 1
2022/07/22 13:17:50 tag uid = 4A820D9E500104E0
2022/07/22 13:17:50 read block2 data = 505A3233
2022/07/22 13:17:50 非美餐餐盘
2022/07/22 13:17:52 rfid total tag number = 1
2022/07/22 13:17:52 tag uid = 6C1A8D96500104E0
2022/07/22 13:17:52 read block2 data = D7004140
2022/07/22 13:17:52 write block ok , write data = d7  0 41 40
2022/07/22 13:17:53 rfid total tag number = 1
2022/07/22 13:17:53 tag uid = 6C1A8D96500104E0
2022/07/22 13:17:53 read block2 data = D7004140
2022/07/22 13:17:53 write block ok , write data = d7  0 41 40
2022/07/22 13:17:54 rfid total tag number = 1
2022/07/22 13:17:54 tag uid = 6C1A8D96500104E0
2022/07/22 13:17:54 read block2 data = D7004140
2022/07/22 13:17:54 write block ok , write data = d7  0 41 40
2022/07/22 13:17:56 rfid total tag number = 1
2022/07/22 13:17:56 rfid total tag number = 1
2022/07/22 13:17:56 tag uid = 6C1A8D96500104E0
2022/07/22 13:17:56 read block2 data = D7004140
2022/07/22 13:17:56 write block ok , write data = d7  0 41 40
2022/07/22 13:17:58 rfid total tag number = 1
2022/07/22 13:17:58 tag uid = 6C1A8D96500104E0
2022/07/22 13:17:58 read block2 data = D7004140
2022/07/22 13:17:58 write block ok , write data = d7  0 41 40
2022/07/22 13:18:11 rfid total tag number = 1
2022/07/22 13:18:11 tag uid = 4A820D9E500104E0
2022/07/22 13:18:11 read block2 data = 505A3233
2022/07/22 13:18:12 非美餐餐盘
2022/07/22 13:18:25 rfid total tag number = 1
2022/07/22 13:18:25 tag uid = 4A820D9E500104E0
2022/07/22 13:18:25 read block2 data = 505A3233
2022/07/22 13:18:25 非美餐餐盘
2022/07/22 13:18:26 rfid total tag number = 1
2022/07/22 13:18:26 tag uid = 4A820D9E500104E0
2022/07/22 13:18:26 read block2 data = 505A3233
2022/07/22 13:18:26 非美餐餐盘
2022/07/22 13:18:28 rfid total tag number = 1
2022/07/22 13:18:28 tag uid = 4A820D9E500104E0
2022/07/22 13:18:28 read block2 data = 505A3233
2022/07/22 13:18:28 非美餐餐盘
2022/07/22 13:18:33 rfid total tag number = 1
2022/07/22 13:18:33 tag uid = 4A820D9E500104E0
2022/07/22 13:18:33 read block2 data = 505A3233
2022/07/22 13:18:33 非美餐餐盘
2022/07/22 14:55:39 rfid total tag number = 1
2022/07/22 14:55:39 tag uid = 6C1A8D96500104E0
2022/07/22 14:55:39 read block2 data = D7004140
2022/07/22 14:55:39 write block ok , write data = d7  0 41 40
2022/07/22 14:55:41 rfid total tag number = 1
2022/07/22 14:55:41 tag uid = 6C1A8D96500104E0
2022/07/22 14:55:41 read block2 data = D7004140
2022/07/22 14:55:41 write block ok , write data = d7  0 41 40
2022/07/22 14:55:43 rfid total tag number = 1
2022/07/22 14:55:43 tag uid = 6C1A8D96500104E0
2022/07/22 14:55:43 read block2 data = D7004140
2022/07/22 14:55:43 write block ok , write data = d7  0 41 40
2022/07/22 14:55:45 rfid total tag number = 1
2022/07/22 14:55:45 tag uid = 6C1A8D96500104E0
2022/07/22 14:55:45 read block2 data = D7004140
2022/07/22 14:55:45 write block ok , write data = d7  0 41 40
2022/07/22 14:55:57 rfid total tag number = 1
2022/07/22 14:55:57 tag uid = 4A820D9E500104E0
2022/07/22 14:55:57 read block2 data = 505A3233
2022/07/22 14:55:57 非美餐餐盘
2022/07/22 14:56:00 rfid total tag number = 1
2022/07/22 14:56:00 tag uid = 4A820D9E500104E0
2022/07/22 14:56:00 read block2 data = 505A3233
2022/07/22 14:56:00 非美餐餐盘
2022/07/22 14:56:03 rfid total tag number = 1
2022/07/22 14:56:03 tag uid = 4A820D9E500104E0
2022/07/22 14:56:03 read block2 data = 505A3233
2022/07/22 14:56:03 非美餐餐盘
2022/07/22 14:56:06 rfid total tag number = 1
2022/07/22 14:56:06 tag uid = 4A820D9E500104E0
2022/07/22 14:56:06 read block2 data = 505A3233
2022/07/22 14:56:06 非美餐餐盘
2022/07/22 14:56:09 rfid total tag number = 1
2022/07/22 14:56:09 tag uid = 4A820D9E500104E0
2022/07/22 14:56:09 read block2 data = 505A3233
2022/07/22 14:56:09 非美餐餐盘
2022/07/22 14:56:09 rfid total tag number = 1
2022/07/22 14:56:09 tag uid = 4A820D9E500104E0
2022/07/22 14:56:09 read block2 data = 505A3233
2022/07/22 14:56:09 非美餐餐盘
2022/07/22 14:56:11 rfid total tag number = 1
2022/07/22 14:56:11 tag uid = 4A820D9E500104E0
2022/07/22 14:56:11 read block2 data = 505A3233
2022/07/22 14:56:11 非美餐餐盘
2022/07/22 14:56:13 rfid total tag number = 1
2022/07/22 14:56:13 tag uid = 4A820D9E500104E0
2022/07/22 14:56:13 read block2 data = 505A3233
2022/07/22 14:56:13 非美餐餐盘
2022/07/22 14:56:16 rfid total tag number = 1
2022/07/22 14:56:16 tag uid = 4A820D9E500104E0
2022/07/22 14:56:16 read block2 data = 505A3233
2022/07/22 14:56:16 非美餐餐盘
2022/07/22 14:56:18 rfid total tag number = 1
2022/07/22 14:56:18 tag uid = 4A820D9E500104E0
2022/07/22 14:56:18 read block2 data = 505A3233
2022/07/22 14:56:18 非美餐餐盘
2022/07/22 14:56:20 rfid total tag number = 1
2022/07/22 14:56:20 tag uid = 4A820D9E500104E0
2022/07/22 14:56:20 read block2 data = 505A3233
2022/07/22 14:56:20 非美餐餐盘
2022/07/22 14:56:22 rfid total tag number = 1
2022/07/22 14:56:22 tag uid = 4A820D9E500104E0
2022/07/22 14:56:22 read block2 data = 505A3233
2022/07/22 14:56:22 非美餐餐盘
2022/07/22 14:56:24 rfid total tag number = 1
2022/07/22 14:56:24 tag uid = 4A820D9E500104E0
2022/07/22 14:56:24 read block2 data = 505A3233
2022/07/22 14:56:24 非美餐餐盘
2022/07/22 14:56:27 rfid total tag number = 1
2022/07/22 14:56:27 rfid total tag number = 1
2022/07/22 14:56:27 tag uid = 4A820D9E500104E0
2022/07/22 14:56:27 read block2 data = 505A00
2022/07/22 14:56:27 非美餐餐盘
2022/07/22 14:56:28 rfid total tag number = 1
2022/07/22 14:56:28 tag uid = 4A820D9E500104E0
2022/07/22 14:56:28 read block2 data = 505A3233
2022/07/22 14:56:28 非美餐餐盘
2022/07/22 14:56:29 rfid total tag number = 1
2022/07/22 14:56:29 tag uid = 4A820D9E500104E0
2022/07/22 14:56:29 read block2 data = 505A3233
2022/07/22 14:56:29 非美餐餐盘
2022/07/22 14:56:30 rfid total tag number = 1
2022/07/22 14:56:30 rfid total tag number = 1
2022/07/22 14:56:31 rfid total tag number = 1
2022/07/22 14:56:31 tag uid = 4A820D9E500104E0
2022/07/22 14:56:31 read block2 data = 
2022/07/22 14:56:31 非美餐餐盘
2022/07/22 14:56:32 rfid total tag number = 1
2022/07/22 14:56:34 rfid total tag number = 1
2022/07/22 14:56:34 rfid total tag number = 1
2022/07/22 14:56:34 tag uid = 4A820D9E500104E0
2022/07/22 14:56:34 read block2 data = 505A3233
2022/07/22 14:56:34 非美餐餐盘
2022/07/22 14:56:39 rfid total tag number = 1
2022/07/22 14:56:39 tag uid = 4A820D9E500104E0
2022/07/22 14:56:39 read block2 data = 505A3233
2022/07/22 14:56:39 非美餐餐盘
2022/07/22 14:56:40 rfid total tag number = 1
2022/07/22 14:56:40 tag uid = 4A820D9E500104E0
2022/07/22 14:56:40 read block2 data = 505A3233
2022/07/22 14:56:40 非美餐餐盘
2022/07/22 14:56:43 rfid total tag number = 1
2022/07/22 14:56:43 tag uid = 4A820D9E500104E0
2022/07/22 14:56:43 read block2 data = 505A3233
2022/07/22 14:56:43 非美餐餐盘
2022/07/22 14:56:45 rfid total tag number = 1
2022/07/22 14:56:45 tag uid = 4A820D9E500104E0
2022/07/22 14:56:45 read block2 data = 505A3233
2022/07/22 14:56:45 非美餐餐盘
2022/07/22 14:56:47 rfid total tag number = 1
2022/07/22 14:56:47 tag uid = 4A820D9E500104E0
2022/07/22 14:56:47 read block2 data = 505A3233
2022/07/22 14:56:47 非美餐餐盘
2022/07/22 14:56:56 rfid total tag number = 1
2022/07/22 14:56:56 tag uid = 4A820D9E500104E0
2022/07/22 14:56:56 read block2 data = 505A3233
2022/07/22 14:56:56 非美餐餐盘
2022/07/22 14:57:30 rfid total tag number = 1
2022/07/22 14:57:30 tag uid = 4A820D9E500104E0
2022/07/22 14:57:30 read block2 data = 505A3233
2022/07/22 14:57:30 非美餐餐盘
2022/07/22 14:57:31 rfid total tag number = 1
2022/07/22 14:57:31 tag uid = 4A820D9E500104E0
2022/07/22 14:57:31 read block2 data = 505A3233
2022/07/22 14:57:31 非美餐餐盘
2022/07/22 14:57:32 rfid total tag number = 1
2022/07/22 14:57:32 tag uid = 4A820D9E500104E0
2022/07/22 14:57:32 read block2 data = 505A3233
2022/07/22 14:57:32 非美餐餐盘
2022/07/22 14:57:38 rfid total tag number = 1
2022/07/22 14:57:38 tag uid = 4A820D9E500104E0
2022/07/22 14:57:38 read block2 data = 505A3233
2022/07/22 14:57:38 非美餐餐盘
2022/07/22 14:57:38 rfid total tag number = 1
2022/07/22 14:57:38 tag uid = 4A820D9E500104E0
2022/07/22 14:57:38 read block2 data = 505A3233
2022/07/22 14:57:38 非美餐餐盘
2022/07/22 14:57:48 rfid total tag number = 1
2022/07/22 14:57:49 tag uid = 4A820D9E500104E0
2022/07/22 14:57:49 read block2 data = 505A3233
2022/07/22 14:57:49 非美餐餐盘
2022/07/22 14:57:51 rfid total tag number = 1
2022/07/22 14:57:51 tag uid = 4A820D9E500104E0
2022/07/22 14:57:51 read block2 data = 505A3233
2022/07/22 14:57:51 非美餐餐盘
2022/07/22 14:57:55 rfid total tag number = 1
2022/07/22 14:57:55 tag uid = 4A820D9E500104E0
2022/07/22 14:57:55 read block2 data = 505A3233
2022/07/22 14:57:55 非美餐餐盘
2022/07/22 14:57:56 rfid total tag number = 1
2022/07/22 14:57:56 tag uid = 4A820D9E500104E0
2022/07/22 14:57:56 read block2 data = 505A3233
2022/07/22 14:57:56 非美餐餐盘
2022/07/22 14:57:57 rfid total tag number = 1
2022/07/22 14:57:57 tag uid = 4A820D9E500104E0
2022/07/22 14:57:57 read block2 data = 505A3233
2022/07/22 14:57:57 非美餐餐盘
2022/07/22 14:57:59 rfid total tag number = 1
2022/07/22 14:57:59 tag uid = 4A820D9E500104E0
2022/07/22 14:57:59 read block2 data = 505A3233
2022/07/22 14:57:59 非美餐餐盘
2022/07/22 14:57:59 rfid total tag number = 1
2022/07/22 14:57:59 tag uid = 4A820D9E500104E0
2022/07/22 14:57:59 read block2 data = 505A3233
2022/07/22 14:57:59 非美餐餐盘
2022/07/22 14:58:15 rfid total tag number = 1
2022/07/22 14:58:15 tag uid = 4A820D9E500104E0
2022/07/22 14:58:15 read block2 data = 505A3233
2022/07/22 14:58:15 非美餐餐盘
2022/07/22 14:58:16 rfid total tag number = 1
2022/07/22 14:58:16 tag uid = 4A820D9E500104E0
2022/07/22 14:58:16 read block2 data = 505A3233
2022/07/22 14:58:16 非美餐餐盘
2022/07/22 14:58:18 rfid total tag number = 1
2022/07/22 14:58:18 tag uid = 4A820D9E500104E0
2022/07/22 14:58:18 read block2 data = 505A3233
2022/07/22 14:58:18 非美餐餐盘
2022/07/22 14:58:20 rfid total tag number = 1
2022/07/22 14:58:20 tag uid = 4A820D9E500104E0
2022/07/22 14:58:20 read block2 data = 505A3233
2022/07/22 14:58:20 非美餐餐盘
2022/07/22 14:58:25 rfid total tag number = 1
2022/07/22 14:58:25 tag uid = 4A820D9E500104E0
2022/07/22 14:58:25 read block2 data = 505A3233
2022/07/22 14:58:25 非美餐餐盘
2022/07/22 14:58:27 rfid total tag number = 1
2022/07/22 14:58:27 tag uid = 4A820D9E500104E0
2022/07/22 14:58:27 read block2 data = 505A3233
2022/07/22 14:58:27 非美餐餐盘
2022/07/22 14:58:28 rfid total tag number = 1
2022/07/22 14:58:28 tag uid = 4A820D9E500104E0
2022/07/22 14:58:28 read block2 data = 505A3233
2022/07/22 14:58:28 非美餐餐盘
2022/07/22 14:58:29 rfid total tag number = 1
2022/07/22 14:58:29 tag uid = 4A820D9E500104E0
2022/07/22 14:58:29 read block2 data = 505A3233
2022/07/22 14:58:29 非美餐餐盘
2022/07/22 14:58:30 rfid total tag number = 1
2022/07/22 14:58:30 tag uid = 4A820D9E500104E0
2022/07/22 14:58:30 read block2 data = 505A3233
2022/07/22 14:58:30 非美餐餐盘
2022/07/22 14:58:31 rfid total tag number = 1
2022/07/22 14:58:31 tag uid = 4A820D9E500104E0
2022/07/22 14:58:31 read block2 data = 505A3233
2022/07/22 14:58:31 非美餐餐盘
2022/07/22 14:58:32 rfid total tag number = 1
2022/07/22 14:58:32 tag uid = 4A820D9E500104E0
2022/07/22 14:58:32 read block2 data = 505A3233
2022/07/22 14:58:32 非美餐餐盘
2022/07/22 14:58:33 rfid total tag number = 1
2022/07/22 14:58:34 tag uid = 4A820D9E500104E0
2022/07/22 14:58:34 read block2 data = 505A3233
2022/07/22 14:58:34 非美餐餐盘
2022/07/22 14:58:34 rfid total tag number = 1
2022/07/22 14:58:34 tag uid = 4A820D9E500104E0
2022/07/22 14:58:34 read block2 data = 505A3233
2022/07/22 14:58:34 非美餐餐盘
2022/07/22 15:03:23 rfid total tag number = 1
2022/07/22 15:03:24 tag uid = 7965CF72500104E0
2022/07/22 15:03:24 read block2 data = D700414094
2022/07/22 15:03:24 write block ok , write data = d7  0 41 40
2022/07/22 15:03:25 rfid total tag number = 1
2022/07/22 15:03:25 tag uid = 7965CF72500104E0
2022/07/22 15:03:26 read block2 data = D700414094
2022/07/22 15:03:26 write block ok , write data = d7  0 41 40
2022/07/22 15:03:27 rfid total tag number = 1
2022/07/22 15:03:27 tag uid = 7965CF72500104E0
2022/07/22 15:03:27 read block2 data = D700414094
2022/07/22 15:03:27 write block ok , write data = d7  0 41 40
2022/07/22 15:03:33 rfid total tag number = 1
2022/07/22 15:03:33 tag uid = 7965CF72500104E0
2022/07/22 15:03:33 read block2 data = D700414094
2022/07/22 15:03:33 write block ok , write data = d7  0 41 40
2022/07/22 15:03:35 rfid total tag number = 1
2022/07/22 15:03:36 tag uid = 7965CF72500104E0
2022/07/22 15:03:36 read block2 data = D700414094
2022/07/22 15:03:36 write block ok , write data = d7  0 41 40
2022/07/22 15:03:38 rfid total tag number = 1
2022/07/22 15:03:38 tag uid = 7965CF72500104E0
2022/07/22 15:03:38 read block2 data = D700414094
2022/07/22 15:03:38 write block ok , write data = d7  0 41 40
2022/07/22 15:03:39 rfid total tag number = 1
2022/07/22 15:03:39 tag uid = 7965CF72500104E0
2022/07/22 15:03:40 read block2 data = D700414094
2022/07/22 15:03:40 write block ok , write data = d7  0 41 40
2022/07/22 15:03:42 rfid total tag number = 1
2022/07/22 15:03:42 tag uid = 7965CF72500104E0
2022/07/22 15:03:42 read block2 data = D700414094
2022/07/22 15:03:42 write block ok , write data = d7  0 41 40
2022/07/22 15:03:44 rfid total tag number = 1
2022/07/22 15:03:44 tag uid = 7965CF72500104E0
2022/07/22 15:03:44 read block2 data = D700414094
2022/07/22 15:03:44 write block ok , write data = d7  0 41 40
2022/07/22 15:03:47 rfid total tag number = 1
2022/07/22 15:03:47 tag uid = 7965CF72500104E0
2022/07/22 15:03:47 read block2 data = D700414094
2022/07/22 15:03:47 write block ok , write data = d7  0 41 40
2022/07/22 15:03:49 rfid total tag number = 1
2022/07/22 15:03:49 tag uid = 7965CF72500104E0
2022/07/22 15:03:49 read block2 data = D700414094
2022/07/22 15:03:49 write block ok , write data = d7  0 41 40
2022/07/22 15:03:52 rfid total tag number = 1
2022/07/22 15:03:52 tag uid = 4A820D9E500104E0
2022/07/22 15:03:52 read block2 data = 505A3233F2
2022/07/22 15:03:52 非美餐餐盘
2022/07/22 15:03:54 rfid total tag number = 1
2022/07/22 15:03:54 tag uid = 4A820D9E500104E0
2022/07/22 15:03:55 read block2 data = 505A3233F2
2022/07/22 15:03:55 非美餐餐盘
2022/07/22 15:03:57 rfid total tag number = 1
2022/07/22 15:03:57 tag uid = 4A820D9E500104E0
2022/07/22 15:03:57 read block2 data = 505A3233F2
2022/07/22 15:03:57 非美餐餐盘
2022/07/22 15:03:59 rfid total tag number = 1
2022/07/22 15:03:59 tag uid = 4A820D9E500104E0
2022/07/22 15:03:59 read block2 data = 505A3233F2
2022/07/22 15:03:59 非美餐餐盘
2022/07/22 15:04:02 rfid total tag number = 1
2022/07/22 15:04:02 tag uid = 4A820D9E500104E0
2022/07/22 15:04:02 read block2 data = 505A3233F2
2022/07/22 15:04:02 非美餐餐盘
2022/07/22 15:04:04 rfid total tag number = 1
2022/07/22 15:04:04 tag uid = 4A820D9E500104E0
2022/07/22 15:04:04 read block2 data = 505A3233F2
2022/07/22 15:04:04 非美餐餐盘
2022/07/22 15:04:06 rfid total tag number = 1
2022/07/22 15:04:06 tag uid = 4A820D9E500104E0
2022/07/22 15:04:06 read block2 data = 505A3233F2
2022/07/22 15:04:06 非美餐餐盘
2022/07/22 15:04:08 rfid total tag number = 1
2022/07/22 15:04:08 tag uid = 4A820D9E500104E0
2022/07/22 15:04:08 read block2 data = 505A3233F2
2022/07/22 15:04:09 非美餐餐盘
2022/07/22 15:04:11 rfid total tag number = 1
2022/07/22 15:04:11 tag uid = 4A820D9E500104E0
2022/07/22 15:04:11 read block2 data = 505A3233F2
2022/07/22 15:04:11 非美餐餐盘
2022/07/22 15:04:13 rfid total tag number = 1
2022/07/22 15:04:13 tag uid = 4A820D9E500104E0
2022/07/22 15:04:13 read block2 data = 505A3233F2
2022/07/22 15:04:13 非美餐餐盘
2022/07/22 15:04:15 rfid total tag number = 1
2022/07/22 15:04:15 tag uid = 4A820D9E500104E0
2022/07/22 15:04:15 read block2 data = 505A3233F2
2022/07/22 15:04:15 非美餐餐盘
2022/07/22 15:04:17 rfid total tag number = 1
2022/07/22 15:04:17 tag uid = 4A820D9E500104E0
2022/07/22 15:04:17 read block2 data = 505A3233F2
2022/07/22 15:04:17 非美餐餐盘
2022/07/22 15:04:19 rfid total tag number = 1
2022/07/22 15:04:19 tag uid = 4A820D9E500104E0
2022/07/22 15:04:19 read block2 data = 505A3233F2
2022/07/22 15:04:19 非美餐餐盘
2022/07/22 15:04:21 rfid total tag number = 1
2022/07/22 15:04:21 tag uid = 4A820D9E500104E0
2022/07/22 15:04:21 read block2 data = 505A3233F2
2022/07/22 15:04:22 非美餐餐盘
2022/07/22 17:26:08 rfid total tag number = 1
2022/07/22 17:26:08 tag uid = 6C1A8D96500104E0
2022/07/22 17:26:08 read block2 data = D700414094
2022/07/22 17:26:08 write block ok , write data = d7  0 41 40
2022/07/22 17:26:11 rfid total tag number = 1
2022/07/22 17:26:11 tag uid = 6C1A8D96500104E0
2022/07/22 17:26:11 read block2 data = D700414094
2022/07/22 17:26:11 write block ok , write data = d7  0 41 40
2022/07/22 17:26:13 rfid total tag number = 1
2022/07/22 17:26:13 tag uid = 6C1A8D96500104E0
2022/07/22 17:26:13 read block2 data = D700414094
2022/07/22 17:26:13 write block ok , write data = d7  0 41 40
2022/07/22 17:26:15 rfid total tag number = 1
2022/07/22 17:26:16 tag uid = 6C1A8D96500104E0
2022/07/22 17:26:16 read block2 data = D700414094
2022/07/22 17:26:16 write block ok , write data = d7  0 41 40
2022/07/22 17:26:18 rfid total tag number = 1
2022/07/22 17:26:18 tag uid = 6C1A8D96500104E0
2022/07/22 17:26:18 read block2 data = D700414094
2022/07/22 17:26:18 write block ok , write data = d7  0 41 40
2022/07/22 17:26:19 rfid total tag number = 1
2022/07/22 17:26:19 tag uid = 6C1A8D96500104E0
2022/07/22 17:26:19 read block2 data = D700414094
2022/07/22 17:26:19 write block ok , write data = d7  0 41 40
2022/07/22 17:26:21 rfid total tag number = 1
2022/07/22 17:26:21 tag uid = 6C1A8D96500104E0
2022/07/22 17:26:21 read block2 data = D700414094
2022/07/22 17:26:22 write block ok , write data = d7  0 41 40
2022/07/22 17:26:24 rfid total tag number = 1
2022/07/22 17:26:24 tag uid = 6C1A8D96500104E0
2022/07/22 17:26:24 read block2 data = D700414094
2022/07/22 17:26:24 write block ok , write data = d7  0 41 40
2022/07/22 17:26:26 rfid total tag number = 1
2022/07/22 17:26:26 tag uid = 6C1A8D96500104E0
2022/07/22 17:26:26 read block2 data = D700414094
2022/07/22 17:26:26 write block ok , write data = d7  0 41 40
2022/07/22 17:26:28 rfid total tag number = 1
2022/07/22 17:26:28 tag uid = 6C1A8D96500104E0
2022/07/22 17:26:28 read block2 data = D700414094
2022/07/22 17:26:28 write block ok , write data = d7  0 41 40
2022/07/22 17:26:30 rfid total tag number = 1
2022/07/22 17:26:30 tag uid = 6C1A8D96500104E0
2022/07/22 17:26:31 read block2 data = D700414094
2022/07/22 17:26:31 write block ok , write data = d7  0 41 40
2022/07/22 17:26:33 rfid total tag number = 1
2022/07/22 17:26:33 tag uid = 6C1A8D96500104E0
2022/07/22 17:26:33 read block2 data = D700414094
2022/07/22 17:26:33 write block ok , write data = d7  0 41 40
2022/07/22 17:26:35 rfid total tag number = 1
2022/07/22 17:26:35 tag uid = 6C1A8D96500104E0
2022/07/22 17:26:35 read block2 data = D700414094
2022/07/22 17:26:35 write block ok , write data = d7  0 41 40
2022/07/22 17:26:37 rfid total tag number = 1
2022/07/22 17:26:37 tag uid = 6C1A8D96500104E0
2022/07/22 17:26:37 read block2 data = D700414094
2022/07/22 17:26:38 write block ok , write data = d7  0 41 40
2022/07/22 17:26:40 rfid total tag number = 1
2022/07/22 17:26:40 tag uid = 6C1A8D96500104E0
2022/07/22 17:26:40 read block2 data = D700414094
2022/07/22 17:26:40 write block ok , write data = d7  0 41 40
2022/07/22 17:26:42 rfid total tag number = 1
2022/07/22 17:26:42 tag uid = 6C1A8D96500104E0
2022/07/22 17:26:42 read block2 data = D700414094
2022/07/22 17:26:42 write block ok , write data = d7  0 41 40
2022/07/22 17:26:44 rfid total tag number = 1
2022/07/22 17:26:44 tag uid = 6C1A8D96500104E0
2022/07/22 17:26:44 read block2 data = D700414094
2022/07/22 17:26:45 write block ok , write data = d7  0 41 40
2022/07/22 17:26:47 rfid total tag number = 1
2022/07/22 17:26:47 tag uid = 6C1A8D96500104E0
2022/07/22 17:26:47 read block2 data = D700414094
2022/07/22 17:26:47 write block ok , write data = d7  0 41 40
2022/07/22 17:26:49 rfid total tag number = 1
2022/07/22 17:26:49 tag uid = 6C1A8D96500104E0
2022/07/22 17:26:49 read block2 data = D700414094
2022/07/22 17:26:49 write block ok , write data = d7  0 41 40
2022/07/22 17:27:08 rfid total tag number = 1
2022/07/22 17:27:08 tag uid = 6C1A8D96500104E0
2022/07/22 17:27:08 read block2 data = D700414094
2022/07/22 17:27:08 write block ok , write data = d7  0 42 c0
2022/07/22 17:27:10 rfid total tag number = 1
2022/07/22 17:27:10 tag uid = 6C1A8D96500104E0
2022/07/22 17:27:10 read block2 data = D70042C0F4
2022/07/22 17:27:10 write block ok , write data = d7  0 42 c0
2022/07/22 17:27:12 rfid total tag number = 1
2022/07/22 17:27:12 tag uid = 6C1A8D96500104E0
2022/07/22 17:27:12 read block2 data = D70042C0F4
2022/07/22 17:27:12 write block ok , write data = d7  0 42 c0
2022/07/22 17:27:14 rfid total tag number = 1
2022/07/22 17:27:14 tag uid = 6C1A8D96500104E0
2022/07/22 17:27:14 read block2 data = D70042C0F4
2022/07/22 17:27:14 write block ok , write data = d7  0 42 c0
2022/07/22 17:27:15 rfid total tag number = 1
2022/07/22 17:27:16 tag uid = 6C1A8D96500104E0
2022/07/22 17:27:16 read block2 data = D70042C0F4
2022/07/22 17:27:16 write block ok , write data = d7  0 42 c0
2022/07/22 17:27:17 rfid total tag number = 1
2022/07/22 17:27:17 tag uid = 6C1A8D96500104E0
2022/07/22 17:27:17 read block2 data = D70042C0F4
2022/07/22 17:27:17 write block ok , write data = d7  0 42 c0
2022/07/22 17:27:19 rfid total tag number = 1
2022/07/22 17:27:19 tag uid = 6C1A8D96500104E0
2022/07/22 17:27:19 read block2 data = D70042C0F4
2022/07/22 17:27:19 write block ok , write data = d7  0 42 c0
2022/07/22 17:27:21 rfid total tag number = 1
2022/07/22 17:27:21 tag uid = 6C1A8D96500104E0
2022/07/22 17:27:21 read block2 data = D70042C0F4
2022/07/22 17:27:21 write block ok , write data = d7  0 42 c0
2022/07/22 17:27:23 rfid total tag number = 1
2022/07/22 17:27:23 tag uid = 6C1A8D96500104E0
2022/07/22 17:27:23 read block2 data = D70042C0F4
2022/07/22 17:27:23 write block ok , write data = d7  0 42 c0
2022/07/22 17:27:25 rfid total tag number = 1
2022/07/22 17:27:25 tag uid = 6C1A8D96500104E0
2022/07/22 17:27:25 read block2 data = D70042C0F4
2022/07/22 17:27:25 write block ok , write data = d7  0 42 c0
2022/07/22 17:27:27 rfid total tag number = 1
2022/07/22 17:27:27 tag uid = 6C1A8D96500104E0
2022/07/22 17:27:27 read block2 data = D70042C0F4
2022/07/22 17:27:27 write block ok , write data = d7  0 42 c0
2022/07/22 17:27:29 rfid total tag number = 1
2022/07/22 17:27:29 tag uid = 6C1A8D96500104E0
2022/07/22 17:27:29 read block2 data = D70042C0F4
2022/07/22 17:27:29 write block ok , write data = d7  0 42 c0
2022/07/22 17:27:54 rfid total tag number = 1
2022/07/22 17:27:54 tag uid = 6C1A8D96500104E0
2022/07/22 17:27:54 read block2 data = D70042C0F4
2022/07/22 17:27:54 write block ok , write data = d7  0 42 c0
2022/07/22 17:27:55 rfid total tag number = 1
2022/07/22 17:27:55 tag uid = 6C1A8D96500104E0
2022/07/22 17:27:55 read block2 data = D70042C0F4
2022/07/22 17:27:56 write block ok , write data = d7  0 42 c0
2022/07/22 17:27:57 rfid total tag number = 1
2022/07/22 17:27:57 tag uid = 6C1A8D96500104E0
2022/07/22 17:27:57 read block2 data = D70042C0F4
2022/07/22 17:27:57 write block ok , write data = d7  0 42 c0
2022/07/22 17:27:59 rfid total tag number = 1
2022/07/22 17:27:59 tag uid = 6C1A8D96500104E0
2022/07/22 17:27:59 read block2 data = D70042C0F4
2022/07/22 17:27:59 write block ok , write data = d7  0 42 c0
2022/07/22 17:28:00 rfid total tag number = 1
2022/07/22 17:28:00 tag uid = 6C1A8D96500104E0
2022/07/22 17:28:00 read block2 data = D70042C0F4
2022/07/22 17:28:00 write block ok , write data = d7  0 42 c0
2022/07/22 17:28:02 rfid total tag number = 1
2022/07/22 17:28:02 tag uid = 6C1A8D96500104E0
2022/07/22 17:28:02 read block2 data = D70042C0F4
2022/07/22 17:28:02 write block ok , write data = d7  0 42 c0
2022/07/22 17:28:03 rfid total tag number = 1
2022/07/22 17:28:03 tag uid = 6C1A8D96500104E0
2022/07/22 17:28:04 read block2 data = D70042C0F4
2022/07/22 17:28:04 write block ok , write data = d7  0 42 c0
2022/07/22 17:28:05 rfid total tag number = 1
2022/07/22 17:28:05 tag uid = 6C1A8D96500104E0
2022/07/22 17:28:05 read block2 data = D70042C0F4
2022/07/22 17:28:05 write block ok , write data = d7  0 42 c0
2022/07/22 17:28:07 rfid total tag number = 1
2022/07/22 17:28:07 tag uid = 6C1A8D96500104E0
2022/07/22 17:28:07 read block2 data = D70042C0F4
2022/07/22 17:28:07 write block ok , write data = d7  0 42 c0
2022/07/22 17:28:19 rfid total tag number = 1
2022/07/22 17:28:19 tag uid = 6C1A8D96500104E0
2022/07/22 17:28:19 read block2 data = D70042C0F4
2022/07/22 17:28:19 write block ok , write data = d7  0 42 c0
2022/07/22 17:28:21 rfid total tag number = 1
2022/07/22 17:28:21 tag uid = 6C1A8D96500104E0
2022/07/22 17:28:21 read block2 data = D70042C0F4
2022/07/22 17:28:21 write block ok , write data = d7  0 42 c0
2022/07/22 17:28:40 rfid total tag number = 1
2022/07/22 17:28:40 tag uid = 6C1A8D96500104E0
2022/07/22 17:28:40 read block2 data = D70042C0F4
2022/07/22 17:28:40 write block ok , write data = d7  0 42 c0
2022/07/22 17:30:25 rfid total tag number = 1
2022/07/22 17:30:25 tag uid = 6C1A8D96500104E0
2022/07/22 17:30:25 read block2 data = D70042C0F4
2022/07/22 17:30:25 write block ok , write data = d7  0 41 40
2022/07/22 17:30:27 rfid total tag number = 1
2022/07/22 17:30:27 tag uid = 6C1A8D96500104E0
2022/07/22 17:30:27 read block2 data = D700414094
2022/07/22 17:30:27 write block ok , write data = d7  0 41 40
2022/07/22 17:30:28 rfid total tag number = 1
2022/07/22 17:30:28 tag uid = 6C1A8D96500104E0
2022/07/22 17:30:29 read block2 data = D700414094
2022/07/22 17:30:29 write block ok , write data = d7  0 41 40
2022/07/22 17:30:30 rfid total tag number = 1
2022/07/22 17:30:30 tag uid = 6C1A8D96500104E0
2022/07/22 17:30:30 read block2 data = D700414094
2022/07/22 17:30:30 write block ok , write data = d7  0 41 40
2022/07/22 17:30:32 rfid total tag number = 1
2022/07/22 17:30:32 tag uid = 6C1A8D96500104E0
2022/07/22 17:30:32 read block2 data = D700414094
2022/07/22 17:30:32 write block ok , write data = d7  0 41 40
2022/07/22 17:30:33 rfid total tag number = 1
2022/07/22 17:30:33 tag uid = 6C1A8D96500104E0
2022/07/22 17:30:33 read block2 data = D700414094
2022/07/22 17:30:34 write block ok , write data = d7  0 41 40
2022/07/22 17:30:35 rfid total tag number = 1
2022/07/22 17:30:35 tag uid = 6C1A8D96500104E0
2022/07/22 17:30:35 read block2 data = D700414094
2022/07/22 17:30:35 write block ok , write data = d7  0 41 40
2022/07/22 17:30:37 rfid total tag number = 1
2022/07/22 17:30:37 tag uid = 6C1A8D96500104E0
2022/07/22 17:30:37 read block2 data = D700414094
2022/07/22 17:30:37 write block ok , write data = d7  0 41 40
2022/07/22 17:30:40 rfid total tag number = 1
2022/07/22 17:30:40 tag uid = 6C1A8D96500104E0
2022/07/22 17:30:40 read block2 data = D700414094
2022/07/22 17:30:40 write block ok , write data = d7  0 41 40
2022/07/22 17:41:31 rfid total tag number = 1
2022/07/22 17:41:31 tag uid = 6C1A8D96500104E0
2022/07/22 17:41:31 read block2 data = D700414094
2022/07/22 17:41:31 write block ok , write data = d7  0 41 40
2022/07/22 17:41:32 rfid total tag number = 1
2022/07/22 17:41:32 tag uid = 6C1A8D96500104E0
2022/07/22 17:41:32 read block2 data = D700414094
2022/07/22 17:41:32 write block ok , write data = d7  0 41 40
