2022/08/05 12:22:08 rfid total tag number = 1
2022/08/05 12:22:08 tag uid = 6C1A8D96500104E0
2022/08/05 12:22:08 read block2 data = D7004200
2022/08/05 12:22:08 write block ok , write data = d7  0 42  0
2022/08/05 12:22:10 rfid total tag number = 1
2022/08/05 12:22:10 tag uid = 6C1A8D96500104E0
2022/08/05 12:22:10 read block2 data = D7004200
2022/08/05 12:22:10 write block ok , write data = d7  0 42  0
2022/08/05 12:22:13 rfid total tag number = 1
2022/08/05 12:22:13 tag uid = 6C1A8D96500104E0
2022/08/05 12:22:13 read block2 data = D7004200
2022/08/05 12:22:13 write block ok , write data = d7  0 42  0
2022/08/05 12:22:19 rfid total tag number = 1
2022/08/05 12:22:19 tag uid = 6C1A8D96500104E0
2022/08/05 12:22:19 read block2 data = D7004200
2022/08/05 12:22:19 write block ok , write data = d7  0 42  0
2022/08/05 12:22:21 rfid total tag number = 1
2022/08/05 12:22:21 tag uid = 6C1A8D96500104E0
2022/08/05 12:22:21 read block2 data = D7004200
2022/08/05 12:22:21 write block ok , write data = d7  0 42  0
2022/08/05 12:22:23 rfid total tag number = 1
2022/08/05 12:22:23 tag uid = 6C1A8D96500104E0
2022/08/05 12:22:23 read block2 data = D7004200
2022/08/05 12:22:23 write block ok , write data = d7  0 42  0
2022/08/05 12:22:45 rfid total tag number = 1
2022/08/05 12:22:45 tag uid = 6C1A8D96500104E0
2022/08/05 12:22:45 read block2 data = D7004200
2022/08/05 12:22:45 write block ok , write data = d7  0 43  0
2022/08/05 12:22:47 rfid total tag number = 1
2022/08/05 12:22:47 tag uid = 6C1A8D96500104E0
2022/08/05 12:22:47 read block2 data = D7004300
2022/08/05 12:22:47 write block ok , write data = d7  0 43  0
2022/08/05 13:50:46 rfid total tag number = 1
2022/08/05 13:50:46 tag uid = 6C1A8D96500104E0
2022/08/05 13:50:46 read block2 data = D7004300
2022/08/05 13:50:46 write block ok , write data = d7  0 43  0
2022/08/05 17:09:47 rfid total tag number = 1
2022/08/05 17:09:47 tag uid = 6C1A8D96500104E0
2022/08/05 17:09:47 read block2 data = D7004300
2022/08/05 17:09:47 write block ok , write data = d7  0 42 c0
2022/08/05 17:09:48 rfid total tag number = 1
2022/08/05 17:09:48 tag uid = 6C1A8D96500104E0
2022/08/05 17:09:48 read block2 data = D70042C0
2022/08/05 17:09:49 write block ok , write data = d7  0 42 c0
2022/08/05 17:09:50 rfid total tag number = 1
2022/08/05 17:09:50 tag uid = 6C1A8D96500104E0
2022/08/05 17:09:50 read block2 data = D70042C0
2022/08/05 17:09:50 write block ok , write data = d7  0 42 c0
2022/08/05 17:09:52 rfid total tag number = 1
2022/08/05 17:09:52 tag uid = 6C1A8D96500104E0
2022/08/05 17:09:52 read block2 data = D70042C0
2022/08/05 17:09:52 write block ok , write data = d7  0 42 c0
2022/08/05 17:09:55 rfid total tag number = 1
2022/08/05 17:09:55 tag uid = 6C1A8D96500104E0
2022/08/05 17:09:55 read block2 data = D70042C0
2022/08/05 17:09:55 write block ok , write data = d7  0 42 c0
2022/08/05 17:10:04 rfid total tag number = 1
2022/08/05 17:10:04 tag uid = 6C1A8D96500104E0
2022/08/05 17:10:04 read block2 data = D70042C0
2022/08/05 17:10:04 write block ok , write data = d7  0 42 c0
2022/08/05 17:10:08 rfid total tag number = 1
2022/08/05 17:10:08 tag uid = 6C1A8D96500104E0
2022/08/05 17:10:09 read block2 data = D70042C0
2022/08/05 17:10:09 write block ok , write data = d7  0 42 c0
2022/08/05 17:10:28 rfid total tag number = 1
2022/08/05 17:10:28 tag uid = 6C1A8D96500104E0
2022/08/05 17:10:28 read block2 data = D70042C0
2022/08/05 17:10:28 write block ok , write data = d7  0 42 c0
2022/08/05 17:10:55 rfid total tag number = 1
2022/08/05 17:10:55 tag uid = 6C1A8D96500104E0
2022/08/05 17:10:55 read block2 data = D70042C0
2022/08/05 17:10:55 write block ok , write data = d7  0 42 c0
2022/08/05 17:10:57 rfid total tag number = 1
2022/08/05 17:10:57 tag uid = 6C1A8D96500104E0
2022/08/05 17:10:57 read block2 data = D70042C0
2022/08/05 17:10:58 write block ok , write data = d7  0 42 c0
2022/08/05 17:10:59 rfid total tag number = 1
2022/08/05 17:10:59 tag uid = 6C1A8D96500104E0
2022/08/05 17:10:59 read block2 data = D70042C0
2022/08/05 17:10:59 write block ok , write data = d7  0 42 c0
2022/08/05 17:11:01 rfid total tag number = 1
2022/08/05 17:11:01 tag uid = 6C1A8D96500104E0
2022/08/05 17:11:01 read block2 data = D70042C0
2022/08/05 17:11:01 write block ok , write data = d7  0 42 c0
2022/08/05 17:11:03 rfid total tag number = 1
2022/08/05 17:11:03 tag uid = 6C1A8D96500104E0
2022/08/05 17:11:03 read block2 data = D70042C0
2022/08/05 17:11:03 write block ok , write data = d7  0 42 c0
2022/08/05 17:15:19 rfid total tag number = 1
2022/08/05 17:15:19 tag uid = 6C1A8D96500104E0
2022/08/05 17:15:19 read block2 data = D70042C0
2022/08/05 17:15:19 write block ok , write data = d7  0 42 c0
